[INFO ] Trying to read from database file...
[INFO ] Writing database to file...
	Command being timed: "raxtax --only-db --database-path ../../data/train_nt_raxtax.fasta --prefix raxtax_40 --threads 40 --redo"
	User time (seconds): 0.75
	System time (seconds): 9.23
	Percent of CPU this job got: 1203%
	Elapsed (wall clock) time (h:mm:ss or m:ss): 0:00.83
	Average shared text size (kbytes): 0
	Average unshared data size (kbytes): 0
	Average stack size (kbytes): 0
	Average total size (kbytes): 0
	Maximum resident set size (kbytes): 73888
	Average resident set size (kbytes): 0
	Major (requiring I/O) page faults: 8
	Minor (reclaiming a frame) page faults: 16521
	Voluntary context switches: 128621
	Involuntary context switches: 68
	Swaps: 0
	File system inputs: 19904
	File system outputs: 55792
	Socket messages sent: 0
	Socket messages received: 0
	Signals delivered: 0
	Page size (bytes): 4096
	Exit status: 0
[INFO ] Trying to read from database file...
	Command being timed: "raxtax --database-path raxtax_40/train_nt_raxtax.bin --query-file ../../data/test_nt.fasta --prefix raxtax_40/test_nt --threads 40 --redo --pin"
	User time (seconds): 93.55
	System time (seconds): 5.61
	Percent of CPU this job got: 1382%
	Elapsed (wall clock) time (h:mm:ss or m:ss): 0:07.17
	Average shared text size (kbytes): 0
	Average unshared data size (kbytes): 0
	Average stack size (kbytes): 0
	Average total size (kbytes): 0
	Maximum resident set size (kbytes): 206700
	Average resident set size (kbytes): 0
	Major (requiring I/O) page faults: 0
	Minor (reclaiming a frame) page faults: 48934
	Voluntary context switches: 11246
	Involuntary context switches: 1105
	Swaps: 0
	File system inputs: 18328
	File system outputs: 134712
	Socket messages sent: 0
	Socket messages received: 0
	Signals delivered: 0
	Page size (bytes): 4096
	Exit status: 0
[INFO ] Trying to read from database file...
	Command being timed: "raxtax --database-path raxtax_40/train_nt_raxtax.bin --query-file ../../data/testshort_nt.fasta --prefix raxtax_40/testshort_nt --threads 40 --redo --pin"
	User time (seconds): 12.32
	System time (seconds): 4.43
	Percent of CPU this job got: 305%
	Elapsed (wall clock) time (h:mm:ss or m:ss): 0:05.47
	Average shared text size (kbytes): 0
	Average unshared data size (kbytes): 0
	Average stack size (kbytes): 0
	Average total size (kbytes): 0
	Maximum resident set size (kbytes): 132492
	Average resident set size (kbytes): 0
	Major (requiring I/O) page faults: 0
	Minor (reclaiming a frame) page faults: 31879
	Voluntary context switches: 3003
	Involuntary context switches: 168
	Swaps: 0
	File system inputs: 6640
	File system outputs: 139928
	Socket messages sent: 0
	Socket messages received: 0
	Signals delivered: 0
	Page size (bytes): 4096
	Exit status: 0
