[INFO ] Trying to read from database file...
[INFO ] Writing database to file...
	Command being timed: "raxtax --only-db --database-path ../../data/train_nt_raxtax.fasta --prefix raxtax_1 --threads 1 --redo"
	User time (seconds): 0.53
	System time (seconds): 0.08
	Percent of CPU this job got: 98%
	Elapsed (wall clock) time (h:mm:ss or m:ss): 0:00.62
	Average shared text size (kbytes): 0
	Average unshared data size (kbytes): 0
	Average stack size (kbytes): 0
	Average total size (kbytes): 0
	Maximum resident set size (kbytes): 63920
	Average resident set size (kbytes): 0
	Major (requiring I/O) page faults: 0
	Minor (reclaiming a frame) page faults: 15091
	Voluntary context switches: 31
	Involuntary context switches: 3
	Swaps: 0
	File system inputs: 13128
	File system outputs: 55792
	Socket messages sent: 0
	Socket messages received: 0
	Signals delivered: 0
	Page size (bytes): 4096
	Exit status: 0
[INFO ] Trying to read from database file...
	Command being timed: "raxtax --database-path raxtax_1/train_nt_raxtax.bin --query-file ../../data/test_nt.fasta --prefix raxtax_1/test_nt --threads 1 --redo --pin"
	User time (seconds): 89.75
	System time (seconds): 0.19
	Percent of CPU this job got: 99%
	Elapsed (wall clock) time (h:mm:ss or m:ss): 1:30.24
	Average shared text size (kbytes): 0
	Average unshared data size (kbytes): 0
	Average stack size (kbytes): 0
	Average total size (kbytes): 0
	Maximum resident set size (kbytes): 196972
	Average resident set size (kbytes): 0
	Major (requiring I/O) page faults: 0
	Minor (reclaiming a frame) page faults: 33247
	Voluntary context switches: 917
	Involuntary context switches: 1201
	Swaps: 0
	File system inputs: 18328
	File system outputs: 87304
	Socket messages sent: 0
	Socket messages received: 0
	Signals delivered: 0
	Page size (bytes): 4096
	Exit status: 0
[INFO ] Trying to read from database file...
	Command being timed: "raxtax --database-path raxtax_1/train_nt_raxtax.bin --query-file ../../data/testshort_nt.fasta --prefix raxtax_1/testshort_nt --threads 1 --redo --pin"
	User time (seconds): 11.78
	System time (seconds): 0.18
	Percent of CPU this job got: 99%
	Elapsed (wall clock) time (h:mm:ss or m:ss): 0:12.03
	Average shared text size (kbytes): 0
	Average unshared data size (kbytes): 0
	Average stack size (kbytes): 0
	Average total size (kbytes): 0
	Maximum resident set size (kbytes): 193892
	Average resident set size (kbytes): 0
	Major (requiring I/O) page faults: 0
	Minor (reclaiming a frame) page faults: 33959
	Voluntary context switches: 145
	Involuntary context switches: 166
	Swaps: 0
	File system inputs: 6640
	File system outputs: 92680
	Socket messages sent: 0
	Socket messages received: 0
	Signals delivered: 0
	Page size (bytes): 4096
	Exit status: 0
