[INFO ] Trying to read from database file...
[INFO ] Writing database to file...
	Command being timed: "raxtax --only-db --database-path ../../data/train_nt_raxtax.fasta --prefix raxtax_4 --threads 4 --redo"
	User time (seconds): 0.62
	System time (seconds): 0.17
	Percent of CPU this job got: 157%
	Elapsed (wall clock) time (h:mm:ss or m:ss): 0:00.50
	Average shared text size (kbytes): 0
	Average unshared data size (kbytes): 0
	Average stack size (kbytes): 0
	Average total size (kbytes): 0
	Maximum resident set size (kbytes): 64700
	Average resident set size (kbytes): 0
	Major (requiring I/O) page faults: 1
	Minor (reclaiming a frame) page faults: 14752
	Voluntary context switches: 32126
	Involuntary context switches: 3
	Swaps: 0
	File system inputs: 19088
	File system outputs: 55792
	Socket messages sent: 0
	Socket messages received: 0
	Signals delivered: 0
	Page size (bytes): 4096
	Exit status: 0
[INFO ] Trying to read from database file...
	Command being timed: "raxtax --database-path raxtax_4/train_nt_raxtax.bin --query-file ../../data/test_nt.fasta --prefix raxtax_4/test_nt --threads 4 --redo --pin"
	User time (seconds): 93.72
	System time (seconds): 1.43
	Percent of CPU this job got: 380%
	Elapsed (wall clock) time (h:mm:ss or m:ss): 0:24.98
	Average shared text size (kbytes): 0
	Average unshared data size (kbytes): 0
	Average stack size (kbytes): 0
	Average total size (kbytes): 0
	Maximum resident set size (kbytes): 79724
	Average resident set size (kbytes): 0
	Major (requiring I/O) page faults: 0
	Minor (reclaiming a frame) page faults: 17695
	Voluntary context switches: 564
	Involuntary context switches: 866
	Swaps: 0
	File system inputs: 18328
	File system outputs: 98032
	Socket messages sent: 0
	Socket messages received: 0
	Signals delivered: 0
	Page size (bytes): 4096
	Exit status: 0
[INFO ] Trying to read from database file...
	Command being timed: "raxtax --database-path raxtax_4/train_nt_raxtax.bin --query-file ../../data/testshort_nt.fasta --prefix raxtax_4/testshort_nt --threads 4 --redo --pin"
	User time (seconds): 12.34
	System time (seconds): 1.43
	Percent of CPU this job got: 345%
	Elapsed (wall clock) time (h:mm:ss or m:ss): 0:03.98
	Average shared text size (kbytes): 0
	Average unshared data size (kbytes): 0
	Average stack size (kbytes): 0
	Average total size (kbytes): 0
	Maximum resident set size (kbytes): 73684
	Average resident set size (kbytes): 0
	Major (requiring I/O) page faults: 0
	Minor (reclaiming a frame) page faults: 17717
	Voluntary context switches: 285
	Involuntary context switches: 399
	Swaps: 0
	File system inputs: 6640
	File system outputs: 103440
	Socket messages sent: 0
	Socket messages received: 0
	Signals delivered: 0
	Page size (bytes): 4096
	Exit status: 0
