EMBOSS  6.5.7  environment loaded 
BLAST  2.15.0  environment loaded 
('train_nt_16.tre', 'train_nt_16.map', 'train_nt_16.names')
Success.
	Command being timed: "python3 ../crest4_utils/make_new_crest_db.py train_nt_16.tsv"
	User time (seconds): 3.24
	System time (seconds): 0.10
	Percent of CPU this job got: 29%
	Elapsed (wall clock) time (h:mm:ss or m:ss): 0:11.17
	Average shared text size (kbytes): 0
	Average unshared data size (kbytes): 0
	Average stack size (kbytes): 0
	Average total size (kbytes): 0
	Maximum resident set size (kbytes): 56816
	Average resident set size (kbytes): 0
	Major (requiring I/O) page faults: 789
	Minor (reclaiming a frame) page faults: 11555
	Voluntary context switches: 1942
	Involuntary context switches: 7
	Swaps: 0
	File system inputs: 16680
	File system outputs: 2400
	Socket messages sent: 0
	Socket messages received: 0
	Signals delivered: 0
	Page size (bytes): 4096
	Exit status: 0


Building a new DB, current time: 10/02/2025 22:43:20
New DB name:   /scratch/project_2003104/brendan/taxclass/coi/models/crest4/train_nt_16/train_nt_16
New DB title:  train_nt_16.fasta
Sequence type: Nucleotide
Keep MBits: T
Maximum file size: 3000000000B
Adding sequences from FASTA; added 35556 sequences in 0.560905 seconds.


	Command being timed: "makeblastdb -in train_nt_16.fasta -out train_nt_16 -dbtype nucl"
	User time (seconds): 0.54
	System time (seconds): 0.04
	Percent of CPU this job got: 26%
	Elapsed (wall clock) time (h:mm:ss or m:ss): 0:02.22
	Average shared text size (kbytes): 0
	Average unshared data size (kbytes): 0
	Average stack size (kbytes): 0
	Average total size (kbytes): 0
	Maximum resident set size (kbytes): 12396
	Average resident set size (kbytes): 0
	Major (requiring I/O) page faults: 33
	Minor (reclaiming a frame) page faults: 2837
	Voluntary context switches: 330
	Involuntary context switches: 1
	Swaps: 0
	File system inputs: 45048
	File system outputs: 18712
	Socket messages sent: 0
	Socket messages received: 0
	Signals delivered: 0
	Page size (bytes): 4096
	Exit status: 0
	Command being timed: "blastn -query ../../data/test_nt.fasta -db train_nt_16/train_nt_16 -num_alignments 100 -outfmt 7 qseqid sseqid bitscore length nident -out crest4_test_nt_16/search.hits -strand plus -num_threads 16"
	User time (seconds): 10316.80
	System time (seconds): 8.39
	Percent of CPU this job got: 449%
	Elapsed (wall clock) time (h:mm:ss or m:ss): 38:19.44
	Average shared text size (kbytes): 0
	Average unshared data size (kbytes): 0
	Average stack size (kbytes): 0
	Average total size (kbytes): 0
	Maximum resident set size (kbytes): 338056
	Average resident set size (kbytes): 0
	Major (requiring I/O) page faults: 10
	Minor (reclaiming a frame) page faults: 3458451
	Voluntary context switches: 24616
	Involuntary context switches: 11109
	Swaps: 0
	File system inputs: 99072
	File system outputs: 200728
	Socket messages sent: 0
	Socket messages received: 0
	Signals delivered: 0
	Page size (bytes): 4096
	Exit status: 0
Running crest4 v.4.3.7
Calling `makeblastdb` on '/scratch/project_2003104/brendan/taxclass/coi/models/crest4/train_nt_16/train_nt_16.fasta'...
Classification ran successfully. Results are placed in 'crest4_test_nt_16/assignments.txt'.
crest4_test_nt_16/assignments.txt
Command exited with non-zero status 1
	Command being timed: "crest4 --fasta ../../data/test_nt.fasta --search_db train_nt_16/ --search_hits crest4_test_nt_16/search.hits --num_threads 16 --output_dir crest4_test_nt_16"
	User time (seconds): 552.76
	System time (seconds): 2.00
	Percent of CPU this job got: 99%
	Elapsed (wall clock) time (h:mm:ss or m:ss): 9:18.83
	Average shared text size (kbytes): 0
	Average unshared data size (kbytes): 0
	Average stack size (kbytes): 0
	Average total size (kbytes): 0
	Maximum resident set size (kbytes): 4130740
	Average resident set size (kbytes): 0
	Major (requiring I/O) page faults: 28
	Minor (reclaiming a frame) page faults: 1037740
	Voluntary context switches: 2323
	Involuntary context switches: 785
	Swaps: 0
	File system inputs: 7392
	File system outputs: 23424
	Socket messages sent: 0
	Socket messages received: 0
	Signals delivered: 0
	Page size (bytes): 4096
	Exit status: 1
	Command being timed: "blastn -query ../../data/testshort_nt.fasta -db train_nt_16/train_nt_16 -num_alignments 100 -outfmt 7 qseqid sseqid bitscore length nident -out crest4_testshort_nt_16/search.hits -strand plus -num_threads 16"
	User time (seconds): 4090.50
	System time (seconds): 6.82
	Percent of CPU this job got: 321%
	Elapsed (wall clock) time (h:mm:ss or m:ss): 21:13.22
	Average shared text size (kbytes): 0
	Average unshared data size (kbytes): 0
	Average stack size (kbytes): 0
	Average total size (kbytes): 0
	Maximum resident set size (kbytes): 372748
	Average resident set size (kbytes): 0
	Major (requiring I/O) page faults: 0
	Minor (reclaiming a frame) page faults: 3315467
	Voluntary context switches: 18676
	Involuntary context switches: 4147
	Swaps: 0
	File system inputs: 22560
	File system outputs: 199416
	Socket messages sent: 0
	Socket messages received: 0
	Signals delivered: 0
	Page size (bytes): 4096
	Exit status: 0
Running crest4 v.4.3.7
Classification ran successfully. Results are placed in 'crest4_testshort_nt_16/assignments.txt'.
crest4_testshort_nt_16/assignments.txt
Command exited with non-zero status 1
	Command being timed: "crest4 --fasta ../../data/testshort_nt.fasta --search_db train_nt_16/ --search_hits crest4_testshort_nt_16/search.hits --num_threads 16 --output_dir crest4_testshort_nt_16"
	User time (seconds): 558.32
	System time (seconds): 2.08
	Percent of CPU this job got: 99%
	Elapsed (wall clock) time (h:mm:ss or m:ss): 9:23.06
	Average shared text size (kbytes): 0
	Average unshared data size (kbytes): 0
	Average stack size (kbytes): 0
	Average total size (kbytes): 0
	Maximum resident set size (kbytes): 4110784
	Average resident set size (kbytes): 0
	Major (requiring I/O) page faults: 390
	Minor (reclaiming a frame) page faults: 1022378
	Voluntary context switches: 1493
	Involuntary context switches: 761
	Swaps: 0
	File system inputs: 4976
	File system outputs: 4672
	Socket messages sent: 0
	Socket messages received: 0
	Signals delivered: 0
	Page size (bytes): 4096
	Exit status: 1
('train_aa_16.tre', 'train_aa_16.map', 'train_aa_16.names')
Success.
	Command being timed: "python3 ../crest4_utils/make_new_crest_db.py train_aa_16.tsv"
	User time (seconds): 3.15
	System time (seconds): 0.05
	Percent of CPU this job got: 233%
	Elapsed (wall clock) time (h:mm:ss or m:ss): 0:01.37
	Average shared text size (kbytes): 0
	Average unshared data size (kbytes): 0
	Average stack size (kbytes): 0
	Average total size (kbytes): 0
	Maximum resident set size (kbytes): 57256
	Average resident set size (kbytes): 0
	Major (requiring I/O) page faults: 0
	Minor (reclaiming a frame) page faults: 12327
	Voluntary context switches: 424
	Involuntary context switches: 164
	Swaps: 0
	File system inputs: 24
	File system outputs: 2392
	Socket messages sent: 0
	Socket messages received: 0
	Signals delivered: 0
	Page size (bytes): 4096
	Exit status: 0


Building a new DB, current time: 10/03/2025 00:01:45
New DB name:   /scratch/project_2003104/brendan/taxclass/coi/models/crest4/train_aa_16/train_aa_16
New DB title:  train_aa_16.fasta
Sequence type: Protein
Keep MBits: T
Maximum file size: 3000000000B
Adding sequences from FASTA; added 35556 sequences in 0.519013 seconds.


	Command being timed: "makeblastdb -in train_aa_16.fasta -out train_aa_16 -dbtype prot"
	User time (seconds): 0.50
	System time (seconds): 0.02
	Percent of CPU this job got: 44%
	Elapsed (wall clock) time (h:mm:ss or m:ss): 0:01.20
	Average shared text size (kbytes): 0
	Average unshared data size (kbytes): 0
	Average stack size (kbytes): 0
	Average total size (kbytes): 0
	Maximum resident set size (kbytes): 13068
	Average resident set size (kbytes): 0
	Major (requiring I/O) page faults: 2
	Minor (reclaiming a frame) page faults: 2756
	Voluntary context switches: 288
	Involuntary context switches: 1
	Swaps: 0
	File system inputs: 32
	File system outputs: 22232
	Socket messages sent: 0
	Socket messages received: 0
	Signals delivered: 0
	Page size (bytes): 4096
	Exit status: 0
	Command being timed: "blastp -query ../../data/test_aa.fasta -db train_aa_16/train_aa_16 -num_alignments 100 -outfmt 7 qseqid sseqid bitscore length nident -out crest4_test_aa_16/search.hits -num_threads 16"
	User time (seconds): 46377.38
	System time (seconds): 25.37
	Percent of CPU this job got: 1562%
	Elapsed (wall clock) time (h:mm:ss or m:ss): 49:29.42
	Average shared text size (kbytes): 0
	Average unshared data size (kbytes): 0
	Average stack size (kbytes): 0
	Average total size (kbytes): 0
	Maximum resident set size (kbytes): 908484
	Average resident set size (kbytes): 0
	Major (requiring I/O) page faults: 11
	Minor (reclaiming a frame) page faults: 7402744
	Voluntary context switches: 390728
	Involuntary context switches: 145371
	Swaps: 0
	File system inputs: 76120
	File system outputs: 201832
	Socket messages sent: 0
	Socket messages received: 0
	Signals delivered: 0
	Page size (bytes): 4096
	Exit status: 0
Running crest4 v.4.3.7
Calling `makeblastdb` on '/scratch/project_2003104/brendan/taxclass/coi/models/crest4/train_aa_16/train_aa_16.fasta'...
Classification ran successfully. Results are placed in 'crest4_test_aa_16/assignments.txt'.
crest4_test_aa_16/assignments.txt
Command exited with non-zero status 1
	Command being timed: "crest4 --fasta ../../data/test_aa.fasta --search_db train_aa_16/ --search_hits crest4_test_aa_16/search.hits --num_threads 16 --output_dir crest4_test_aa_16"
	User time (seconds): 427.11
	System time (seconds): 2.21
	Percent of CPU this job got: 99%
	Elapsed (wall clock) time (h:mm:ss or m:ss): 7:10.65
	Average shared text size (kbytes): 0
	Average unshared data size (kbytes): 0
	Average stack size (kbytes): 0
	Average total size (kbytes): 0
	Maximum resident set size (kbytes): 3985312
	Average resident set size (kbytes): 0
	Major (requiring I/O) page faults: 15
	Minor (reclaiming a frame) page faults: 1000941
	Voluntary context switches: 37174
	Involuntary context switches: 599
	Swaps: 0
	File system inputs: 3688
	File system outputs: 33960
	Socket messages sent: 0
	Socket messages received: 0
	Signals delivered: 0
	Page size (bytes): 4096
	Exit status: 1
	Command being timed: "blastp -query ../../data/testshort_aa.fasta -db train_aa_16/train_aa_16 -num_alignments 100 -outfmt 7 qseqid sseqid bitscore length nident -out crest4_testshort_aa_16/search.hits -num_threads 16"
	User time (seconds): 34370.21
	System time (seconds): 33.77
	Percent of CPU this job got: 1569%
	Elapsed (wall clock) time (h:mm:ss or m:ss): 36:32.69
	Average shared text size (kbytes): 0
	Average unshared data size (kbytes): 0
	Average stack size (kbytes): 0
	Average total size (kbytes): 0
	Maximum resident set size (kbytes): 1444192
	Average resident set size (kbytes): 0
	Major (requiring I/O) page faults: 2
	Minor (reclaiming a frame) page faults: 7868987
	Voluntary context switches: 1130040
	Involuntary context switches: 103167
	Swaps: 0
	File system inputs: 8000
	File system outputs: 201104
	Socket messages sent: 0
	Socket messages received: 0
	Signals delivered: 0
	Page size (bytes): 4096
	Exit status: 0
Running crest4 v.4.3.7
Classification ran successfully. Results are placed in 'crest4_testshort_aa_16/assignments.txt'.
crest4_testshort_aa_16/assignments.txt
Command exited with non-zero status 1
	Command being timed: "crest4 --fasta ../../data/testshort_aa.fasta --search_db train_aa_16/ --search_hits crest4_testshort_aa_16/search.hits --num_threads 16 --output_dir crest4_testshort_aa_16"
	User time (seconds): 450.58
	System time (seconds): 2.07
	Percent of CPU this job got: 99%
	Elapsed (wall clock) time (h:mm:ss or m:ss): 7:34.69
	Average shared text size (kbytes): 0
	Average unshared data size (kbytes): 0
	Average stack size (kbytes): 0
	Average total size (kbytes): 0
	Maximum resident set size (kbytes): 3970100
	Average resident set size (kbytes): 0
	Major (requiring I/O) page faults: 166
	Minor (reclaiming a frame) page faults: 987706
	Voluntary context switches: 1444
	Involuntary context switches: 639
	Swaps: 0
	File system inputs: 4200
	File system outputs: 4232
	Socket messages sent: 0
	Socket messages received: 0
	Signals delivered: 0
	Page size (bytes): 4096
	Exit status: 1
