EMBOSS  6.5.7  environment loaded 
BLAST  2.15.0  environment loaded 
('train_nt_40.tre', 'train_nt_40.map', 'train_nt_40.names')
Success.
	Command being timed: "python3 ../crest4_utils/make_new_crest_db.py train_nt_40.tsv"
	User time (seconds): 5.94
	System time (seconds): 0.12
	Percent of CPU this job got: 66%
	Elapsed (wall clock) time (h:mm:ss or m:ss): 0:09.06
	Average shared text size (kbytes): 0
	Average unshared data size (kbytes): 0
	Average stack size (kbytes): 0
	Average total size (kbytes): 0
	Maximum resident set size (kbytes): 58624
	Average resident set size (kbytes): 0
	Major (requiring I/O) page faults: 820
	Minor (reclaiming a frame) page faults: 11188
	Voluntary context switches: 2094
	Involuntary context switches: 66
	Swaps: 0
	File system inputs: 17496
	File system outputs: 2376
	Socket messages sent: 0
	Socket messages received: 0
	Signals delivered: 0
	Page size (bytes): 4096
	Exit status: 0


Building a new DB, current time: 10/28/2025 21:08:36
New DB name:   /scratch/project_2003104/brendan/taxclass/coi/models/crest4/train_nt_40/train_nt_40
New DB title:  train_nt_40.fasta
Sequence type: Nucleotide
Keep MBits: T
Maximum file size: 3000000000B
Adding sequences from FASTA; added 35556 sequences in 0.498231 seconds.


	Command being timed: "makeblastdb -in train_nt_40.fasta -out train_nt_40 -dbtype nucl"
	User time (seconds): 0.47
	System time (seconds): 0.04
	Percent of CPU this job got: 30%
	Elapsed (wall clock) time (h:mm:ss or m:ss): 0:01.70
	Average shared text size (kbytes): 0
	Average unshared data size (kbytes): 0
	Average stack size (kbytes): 0
	Average total size (kbytes): 0
	Maximum resident set size (kbytes): 12292
	Average resident set size (kbytes): 0
	Major (requiring I/O) page faults: 33
	Minor (reclaiming a frame) page faults: 2837
	Voluntary context switches: 347
	Involuntary context switches: 0
	Swaps: 0
	File system inputs: 45048
	File system outputs: 18712
	Socket messages sent: 0
	Socket messages received: 0
	Signals delivered: 0
	Page size (bytes): 4096
	Exit status: 0
	Command being timed: "blastn -query ../../data/test_nt.fasta -db train_nt_40/train_nt_40 -num_alignments 100 -outfmt 7 qseqid sseqid bitscore length nident -out crest4_test_nt_40/search.hits -strand plus -num_threads 40"
	User time (seconds): 8356.56
	System time (seconds): 7.68
	Percent of CPU this job got: 446%
	Elapsed (wall clock) time (h:mm:ss or m:ss): 31:14.10
	Average shared text size (kbytes): 0
	Average unshared data size (kbytes): 0
	Average stack size (kbytes): 0
	Average total size (kbytes): 0
	Maximum resident set size (kbytes): 393936
	Average resident set size (kbytes): 0
	Major (requiring I/O) page faults: 10
	Minor (reclaiming a frame) page faults: 3427371
	Voluntary context switches: 31482
	Involuntary context switches: 7710
	Swaps: 0
	File system inputs: 99072
	File system outputs: 200720
	Socket messages sent: 0
	Socket messages received: 0
	Signals delivered: 0
	Page size (bytes): 4096
	Exit status: 0
Running crest4 v.4.3.7
Calling `makeblastdb` on '/scratch/project_2003104/brendan/taxclass/coi/models/crest4/train_nt_40/train_nt_40.fasta'...
Classification ran successfully. Results are placed in 'crest4_test_nt_40/assignments.txt'.
crest4_test_nt_40/assignments.txt
Command exited with non-zero status 1
	Command being timed: "crest4 --fasta ../../data/test_nt.fasta --search_db train_nt_40/ --search_hits crest4_test_nt_40/search.hits --num_threads 40 --output_dir crest4_test_nt_40"
	User time (seconds): 457.31
	System time (seconds): 1.88
	Percent of CPU this job got: 99%
	Elapsed (wall clock) time (h:mm:ss or m:ss): 7:41.17
	Average shared text size (kbytes): 0
	Average unshared data size (kbytes): 0
	Average stack size (kbytes): 0
	Average total size (kbytes): 0
	Maximum resident set size (kbytes): 4131872
	Average resident set size (kbytes): 0
	Major (requiring I/O) page faults: 28
	Minor (reclaiming a frame) page faults: 1037055
	Voluntary context switches: 2457
	Involuntary context switches: 711
	Swaps: 0
	File system inputs: 7392
	File system outputs: 23288
	Socket messages sent: 0
	Socket messages received: 0
	Signals delivered: 0
	Page size (bytes): 4096
	Exit status: 1
	Command being timed: "blastn -query ../../data/testshort_nt.fasta -db train_nt_40/train_nt_40 -num_alignments 100 -outfmt 7 qseqid sseqid bitscore length nident -out crest4_testshort_nt_40/search.hits -strand plus -num_threads 40"
	User time (seconds): 3495.04
	System time (seconds): 6.51
	Percent of CPU this job got: 319%
	Elapsed (wall clock) time (h:mm:ss or m:ss): 18:15.48
	Average shared text size (kbytes): 0
	Average unshared data size (kbytes): 0
	Average stack size (kbytes): 0
	Average total size (kbytes): 0
	Maximum resident set size (kbytes): 411564
	Average resident set size (kbytes): 0
	Major (requiring I/O) page faults: 0
	Minor (reclaiming a frame) page faults: 3298392
	Voluntary context switches: 50408
	Involuntary context switches: 3566
	Swaps: 0
	File system inputs: 22560
	File system outputs: 199416
	Socket messages sent: 0
	Socket messages received: 0
	Signals delivered: 0
	Page size (bytes): 4096
	Exit status: 0
Running crest4 v.4.3.7
Classification ran successfully. Results are placed in 'crest4_testshort_nt_40/assignments.txt'.
crest4_testshort_nt_40/assignments.txt
Command exited with non-zero status 1
	Command being timed: "crest4 --fasta ../../data/testshort_nt.fasta --search_db train_nt_40/ --search_hits crest4_testshort_nt_40/search.hits --num_threads 40 --output_dir crest4_testshort_nt_40"
	User time (seconds): 451.97
	System time (seconds): 1.71
	Percent of CPU this job got: 100%
	Elapsed (wall clock) time (h:mm:ss or m:ss): 7:29.64
	Average shared text size (kbytes): 0
	Average unshared data size (kbytes): 0
	Average stack size (kbytes): 0
	Average total size (kbytes): 0
	Maximum resident set size (kbytes): 4112980
	Average resident set size (kbytes): 0
	Major (requiring I/O) page faults: 0
	Minor (reclaiming a frame) page faults: 1022400
	Voluntary context switches: 1082
	Involuntary context switches: 643
	Swaps: 0
	File system inputs: 0
	File system outputs: 4528
	Socket messages sent: 0
	Socket messages received: 0
	Signals delivered: 0
	Page size (bytes): 4096
	Exit status: 1
('train_aa_40.tre', 'train_aa_40.map', 'train_aa_40.names')
Success.
	Command being timed: "python3 ../crest4_utils/make_new_crest_db.py train_aa_40.tsv"
	User time (seconds): 5.93
	System time (seconds): 0.08
	Percent of CPU this job got: 208%
	Elapsed (wall clock) time (h:mm:ss or m:ss): 0:02.89
	Average shared text size (kbytes): 0
	Average unshared data size (kbytes): 0
	Average stack size (kbytes): 0
	Average total size (kbytes): 0
	Maximum resident set size (kbytes): 61444
	Average resident set size (kbytes): 0
	Major (requiring I/O) page faults: 165
	Minor (reclaiming a frame) page faults: 12215
	Voluntary context switches: 684
	Involuntary context switches: 86
	Swaps: 0
	File system inputs: 2528
	File system outputs: 2376
	Socket messages sent: 0
	Socket messages received: 0
	Signals delivered: 0
	Page size (bytes): 4096
	Exit status: 0


Building a new DB, current time: 10/28/2025 22:13:28
New DB name:   /scratch/project_2003104/brendan/taxclass/coi/models/crest4/train_aa_40/train_aa_40
New DB title:  train_aa_40.fasta
Sequence type: Protein
Keep MBits: T
Maximum file size: 3000000000B
Adding sequences from FASTA; added 35556 sequences in 0.447423 seconds.


	Command being timed: "makeblastdb -in train_aa_40.fasta -out train_aa_40 -dbtype prot"
	User time (seconds): 0.41
	System time (seconds): 0.04
	Percent of CPU this job got: 31%
	Elapsed (wall clock) time (h:mm:ss or m:ss): 0:01.47
	Average shared text size (kbytes): 0
	Average unshared data size (kbytes): 0
	Average stack size (kbytes): 0
	Average total size (kbytes): 0
	Maximum resident set size (kbytes): 12288
	Average resident set size (kbytes): 0
	Major (requiring I/O) page faults: 33
	Minor (reclaiming a frame) page faults: 2740
	Voluntary context switches: 320
	Involuntary context switches: 1
	Swaps: 0
	File system inputs: 45048
	File system outputs: 22232
	Socket messages sent: 0
	Socket messages received: 0
	Signals delivered: 0
	Page size (bytes): 4096
	Exit status: 0
	Command being timed: "blastp -query ../../data/test_aa.fasta -db train_aa_40/train_aa_40 -num_alignments 100 -outfmt 7 qseqid sseqid bitscore length nident -out crest4_test_aa_40/search.hits -num_threads 40"
	User time (seconds): 46090.96
	System time (seconds): 55.53
	Percent of CPU this job got: 3847%
	Elapsed (wall clock) time (h:mm:ss or m:ss): 19:59.23
	Average shared text size (kbytes): 0
	Average unshared data size (kbytes): 0
	Average stack size (kbytes): 0
	Average total size (kbytes): 0
	Maximum resident set size (kbytes): 2238240
	Average resident set size (kbytes): 0
	Major (requiring I/O) page faults: 8
	Minor (reclaiming a frame) page faults: 7917003
	Voluntary context switches: 2060103
	Involuntary context switches: 106088
	Swaps: 0
	File system inputs: 76152
	File system outputs: 201056
	Socket messages sent: 0
	Socket messages received: 0
	Signals delivered: 0
	Page size (bytes): 4096
	Exit status: 0
Running crest4 v.4.3.7
Calling `makeblastdb` on '/scratch/project_2003104/brendan/taxclass/coi/models/crest4/train_aa_40/train_aa_40.fasta'...
Classification ran successfully. Results are placed in 'crest4_test_aa_40/assignments.txt'.
crest4_test_aa_40/assignments.txt
Command exited with non-zero status 1
	Command being timed: "crest4 --fasta ../../data/test_aa.fasta --search_db train_aa_40/ --search_hits crest4_test_aa_40/search.hits --num_threads 40 --output_dir crest4_test_aa_40"
	User time (seconds): 357.16
	System time (seconds): 1.95
	Percent of CPU this job got: 100%
	Elapsed (wall clock) time (h:mm:ss or m:ss): 5:57.16
	Average shared text size (kbytes): 0
	Average unshared data size (kbytes): 0
	Average stack size (kbytes): 0
	Average total size (kbytes): 0
	Maximum resident set size (kbytes): 3975060
	Average resident set size (kbytes): 0
	Major (requiring I/O) page faults: 8
	Minor (reclaiming a frame) page faults: 1000164
	Voluntary context switches: 37056
	Involuntary context switches: 2182
	Swaps: 0
	File system inputs: 1840
	File system outputs: 33840
	Socket messages sent: 0
	Socket messages received: 0
	Signals delivered: 0
	Page size (bytes): 4096
	Exit status: 1
	Command being timed: "blastp -query ../../data/testshort_aa.fasta -db train_aa_40/train_aa_40 -num_alignments 100 -outfmt 7 qseqid sseqid bitscore length nident -out crest4_testshort_aa_40/search.hits -num_threads 40"
	User time (seconds): 34226.41
	System time (seconds): 106.96
	Percent of CPU this job got: 3679%
	Elapsed (wall clock) time (h:mm:ss or m:ss): 15:33.00
	Average shared text size (kbytes): 0
	Average unshared data size (kbytes): 0
	Average stack size (kbytes): 0
	Average total size (kbytes): 0
	Maximum resident set size (kbytes): 3451644
	Average resident set size (kbytes): 0
	Major (requiring I/O) page faults: 1547
	Minor (reclaiming a frame) page faults: 8146501
	Voluntary context switches: 4304678
	Involuntary context switches: 71839
	Swaps: 0
	File system inputs: 57864
	File system outputs: 200648
	Socket messages sent: 0
	Socket messages received: 0
	Signals delivered: 0
	Page size (bytes): 4096
	Exit status: 0
Running crest4 v.4.3.7
Classification ran successfully. Results are placed in 'crest4_testshort_aa_40/assignments.txt'.
crest4_testshort_aa_40/assignments.txt
Command exited with non-zero status 1
	Command being timed: "crest4 --fasta ../../data/testshort_aa.fasta --search_db train_aa_40/ --search_hits crest4_testshort_aa_40/search.hits --num_threads 40 --output_dir crest4_testshort_aa_40"
	User time (seconds): 362.62
	System time (seconds): 1.77
	Percent of CPU this job got: 100%
	Elapsed (wall clock) time (h:mm:ss or m:ss): 6:00.87
	Average shared text size (kbytes): 0
	Average unshared data size (kbytes): 0
	Average stack size (kbytes): 0
	Average total size (kbytes): 0
	Maximum resident set size (kbytes): 3972556
	Average resident set size (kbytes): 0
	Major (requiring I/O) page faults: 0
	Minor (reclaiming a frame) page faults: 987732
	Voluntary context switches: 1226
	Involuntary context switches: 505
	Swaps: 0
	File system inputs: 824
	File system outputs: 4120
	Socket messages sent: 0
	Socket messages received: 0
	Signals delivered: 0
	Page size (bytes): 4096
	Exit status: 1
