[INFO ] Trying to read from database file...
[INFO ] Writing database to file...
	Command being timed: "raxtax --only-db --database-path ../../data/train_nt_raxtax.fasta --prefix raxtax_40 --threads 40 --redo"
	User time (seconds): 2.02
	System time (seconds): 7.06
	Percent of CPU this job got: 606%
	Elapsed (wall clock) time (h:mm:ss or m:ss): 0:01.49
	Average shared text size (kbytes): 0
	Average unshared data size (kbytes): 0
	Average stack size (kbytes): 0
	Average total size (kbytes): 0
	Maximum resident set size (kbytes): 258404
	Average resident set size (kbytes): 0
	Major (requiring I/O) page faults: 9
	Minor (reclaiming a frame) page faults: 56895
	Voluntary context switches: 134869
	Involuntary context switches: 3
	Swaps: 0
	File system inputs: 59928
	File system outputs: 219536
	Socket messages sent: 0
	Socket messages received: 0
	Signals delivered: 0
	Page size (bytes): 4096
	Exit status: 0
[INFO ] Trying to read from database file...
	Command being timed: "raxtax --database-path raxtax_40/train_nt_raxtax.bin --query-file ../../data/test_nt.fasta --prefix raxtax_40/test_nt --threads 40 --redo --pin"
	User time (seconds): 287.42
	System time (seconds): 12.45
	Percent of CPU this job got: 1684%
	Elapsed (wall clock) time (h:mm:ss or m:ss): 0:17.79
	Average shared text size (kbytes): 0
	Average unshared data size (kbytes): 0
	Average stack size (kbytes): 0
	Average total size (kbytes): 0
	Maximum resident set size (kbytes): 346068
	Average resident set size (kbytes): 0
	Major (requiring I/O) page faults: 0
	Minor (reclaiming a frame) page faults: 86451
	Voluntary context switches: 19763
	Involuntary context switches: 3537
	Swaps: 0
	File system inputs: 35048
	File system outputs: 265600
	Socket messages sent: 0
	Socket messages received: 0
	Signals delivered: 0
	Page size (bytes): 4096
	Exit status: 0
[INFO ] Trying to read from database file...
	Command being timed: "raxtax --database-path raxtax_40/train_nt_raxtax.bin --query-file ../../data/testshort_nt.fasta --prefix raxtax_40/testshort_nt --threads 40 --redo --pin"
	User time (seconds): 141.26
	System time (seconds): 11.04
	Percent of CPU this job got: 1022%
	Elapsed (wall clock) time (h:mm:ss or m:ss): 0:14.89
	Average shared text size (kbytes): 0
	Average unshared data size (kbytes): 0
	Average stack size (kbytes): 0
	Average total size (kbytes): 0
	Maximum resident set size (kbytes): 283168
	Average resident set size (kbytes): 0
	Major (requiring I/O) page faults: 0
	Minor (reclaiming a frame) page faults: 70663
	Voluntary context switches: 10475
	Involuntary context switches: 1626
	Swaps: 0
	File system inputs: 22560
	File system outputs: 276312
	Socket messages sent: 0
	Socket messages received: 0
	Signals delivered: 0
	Page size (bytes): 4096
	Exit status: 0
