[INFO ] Trying to read from database file...
[INFO ] Writing database to file...
	Command being timed: "raxtax --only-db --database-path ../../data/train_nt_raxtax.fasta --prefix raxtax_1 --threads 1 --redo"
	User time (seconds): 1.85
	System time (seconds): 0.29
	Percent of CPU this job got: 98%
	Elapsed (wall clock) time (h:mm:ss or m:ss): 0:02.18
	Average shared text size (kbytes): 0
	Average unshared data size (kbytes): 0
	Average stack size (kbytes): 0
	Average total size (kbytes): 0
	Maximum resident set size (kbytes): 241592
	Average resident set size (kbytes): 0
	Major (requiring I/O) page faults: 2
	Minor (reclaiming a frame) page faults: 53767
	Voluntary context switches: 55
	Involuntary context switches: 11
	Swaps: 0
	File system inputs: 59112
	File system outputs: 219536
	Socket messages sent: 0
	Socket messages received: 0
	Signals delivered: 0
	Page size (bytes): 4096
	Exit status: 0
[INFO ] Trying to read from database file...
	Command being timed: "raxtax --database-path raxtax_1/train_nt_raxtax.bin --query-file ../../data/test_nt.fasta --prefix raxtax_1/test_nt --threads 1 --redo --pin"
	User time (seconds): 259.72
	System time (seconds): 0.35
	Percent of CPU this job got: 99%
	Elapsed (wall clock) time (h:mm:ss or m:ss): 4:20.98
	Average shared text size (kbytes): 0
	Average unshared data size (kbytes): 0
	Average stack size (kbytes): 0
	Average total size (kbytes): 0
	Maximum resident set size (kbytes): 348316
	Average resident set size (kbytes): 0
	Major (requiring I/O) page faults: 0
	Minor (reclaiming a frame) page faults: 69301
	Voluntary context switches: 2610
	Involuntary context switches: 3470
	Swaps: 0
	File system inputs: 35048
	File system outputs: 127704
	Socket messages sent: 0
	Socket messages received: 0
	Signals delivered: 0
	Page size (bytes): 4096
	Exit status: 0
[INFO ] Trying to read from database file...
	Command being timed: "raxtax --database-path raxtax_1/train_nt_raxtax.bin --query-file ../../data/testshort_nt.fasta --prefix raxtax_1/testshort_nt --threads 1 --redo --pin"
	User time (seconds): 129.40
	System time (seconds): 0.31
	Percent of CPU this job got: 99%
	Elapsed (wall clock) time (h:mm:ss or m:ss): 2:10.20
	Average shared text size (kbytes): 0
	Average unshared data size (kbytes): 0
	Average stack size (kbytes): 0
	Average total size (kbytes): 0
	Maximum resident set size (kbytes): 347888
	Average resident set size (kbytes): 0
	Major (requiring I/O) page faults: 0
	Minor (reclaiming a frame) page faults: 70025
	Voluntary context switches: 1320
	Involuntary context switches: 1746
	Swaps: 0
	File system inputs: 22560
	File system outputs: 138648
	Socket messages sent: 0
	Socket messages received: 0
	Signals delivered: 0
	Page size (bytes): 4096
	Exit status: 0
