[INFO ] Trying to read from database file...
[INFO ] Writing database to file...
	Command being timed: "raxtax --only-db --database-path ../../data/train_nt_raxtax.fasta --prefix raxtax_4 --threads 4 --redo"
	User time (seconds): 1.92
	System time (seconds): 0.34
	Percent of CPU this job got: 150%
	Elapsed (wall clock) time (h:mm:ss or m:ss): 0:01.49
	Average shared text size (kbytes): 0
	Average unshared data size (kbytes): 0
	Average stack size (kbytes): 0
	Average total size (kbytes): 0
	Maximum resident set size (kbytes): 241992
	Average resident set size (kbytes): 0
	Major (requiring I/O) page faults: 2
	Minor (reclaiming a frame) page faults: 53349
	Voluntary context switches: 10093
	Involuntary context switches: 0
	Swaps: 0
	File system inputs: 59112
	File system outputs: 219536
	Socket messages sent: 0
	Socket messages received: 0
	Signals delivered: 0
	Page size (bytes): 4096
	Exit status: 0
[INFO ] Trying to read from database file...
	Command being timed: "raxtax --database-path raxtax_4/train_nt_raxtax.bin --query-file ../../data/test_nt.fasta --prefix raxtax_4/test_nt --threads 4 --redo --pin"
	User time (seconds): 281.22
	System time (seconds): 2.40
	Percent of CPU this job got: 389%
	Elapsed (wall clock) time (h:mm:ss or m:ss): 1:12.91
	Average shared text size (kbytes): 0
	Average unshared data size (kbytes): 0
	Average stack size (kbytes): 0
	Average total size (kbytes): 0
	Maximum resident set size (kbytes): 230200
	Average resident set size (kbytes): 0
	Major (requiring I/O) page faults: 0
	Minor (reclaiming a frame) page faults: 44315
	Voluntary context switches: 1165
	Involuntary context switches: 1940
	Swaps: 0
	File system inputs: 35048
	File system outputs: 147680
	Socket messages sent: 0
	Socket messages received: 0
	Signals delivered: 0
	Page size (bytes): 4096
	Exit status: 0
[INFO ] Trying to read from database file...
	Command being timed: "raxtax --database-path raxtax_4/train_nt_raxtax.bin --query-file ../../data/testshort_nt.fasta --prefix raxtax_4/testshort_nt --threads 4 --redo --pin"
	User time (seconds): 139.96
	System time (seconds): 2.27
	Percent of CPU this job got: 379%
	Elapsed (wall clock) time (h:mm:ss or m:ss): 0:37.48
	Average shared text size (kbytes): 0
	Average unshared data size (kbytes): 0
	Average stack size (kbytes): 0
	Average total size (kbytes): 0
	Maximum resident set size (kbytes): 230204
	Average resident set size (kbytes): 0
	Major (requiring I/O) page faults: 0
	Minor (reclaiming a frame) page faults: 42465
	Voluntary context switches: 697
	Involuntary context switches: 1160
	Swaps: 0
	File system inputs: 22560
	File system outputs: 158632
	Socket messages sent: 0
	Socket messages received: 0
	Signals delivered: 0
	Page size (bytes): 4096
	Exit status: 0
