+ export OMP_NUM_THREADS=40
+ OMP_NUM_THREADS=40
+ export OPENBLAS_NUM_THREADS=40
+ OPENBLAS_NUM_THREADS=40
+ export MKL_NUM_THREADS=40
+ MKL_NUM_THREADS=40
+ export VECLIB_MAXIMUM_THREADS=40
+ VECLIB_MAXIMUM_THREADS=40
+ export NUMEXPR_NUM_THREADS=40
+ NUMEXPR_NUM_THREADS=40
+ export PATH=/appl/opt/time/1.9/bin:/appl/spack/v018/install-tree/gcc-8.5.0/git-lfs-3.1.2-u4tplj/bin:/appl/opt/csc-cli-utils/bin:/appl/spack/v018/install-tree/gcc-11.3.0/openmpi-4.1.4-w2aekq/bin:/appl/spack/v018/install-tree/gcc-11.3.0/intel-oneapi-mkl-2022.1.0-p2wpb4/mkl/2022.1.0/bin/intel64:/appl/spack/v018/install-tree/gcc-8.5.0/gcc-11.3.0-i44hho/bin:/usr/local/bin:/usr/bin:/usr/local/sbin:/usr/sbin:/appl/bin:/users/brfurnea/.local/bin:/users/brfurnea/bin
+ PATH=/appl/opt/time/1.9/bin:/appl/spack/v018/install-tree/gcc-8.5.0/git-lfs-3.1.2-u4tplj/bin:/appl/opt/csc-cli-utils/bin:/appl/spack/v018/install-tree/gcc-11.3.0/openmpi-4.1.4-w2aekq/bin:/appl/spack/v018/install-tree/gcc-11.3.0/intel-oneapi-mkl-2022.1.0-p2wpb4/mkl/2022.1.0/bin/intel64:/appl/spack/v018/install-tree/gcc-8.5.0/gcc-11.3.0-i44hho/bin:/usr/local/bin:/usr/bin:/usr/local/sbin:/usr/sbin:/appl/bin:/users/brfurnea/.local/bin:/users/brfurnea/bin
++ which time
++ alias
++ eval declare -f
+++ declare -f
++ /usr/bin/which --tty-only --read-alias --read-functions --show-tilde --show-dot time
+ TIME='/appl/opt/time/1.9/bin/time --verbose'
+ export PATH=/projappl/project_2005718/bin:/appl/opt/time/1.9/bin:/appl/spack/v018/install-tree/gcc-8.5.0/git-lfs-3.1.2-u4tplj/bin:/appl/opt/csc-cli-utils/bin:/appl/spack/v018/install-tree/gcc-11.3.0/openmpi-4.1.4-w2aekq/bin:/appl/spack/v018/install-tree/gcc-11.3.0/intel-oneapi-mkl-2022.1.0-p2wpb4/mkl/2022.1.0/bin/intel64:/appl/spack/v018/install-tree/gcc-8.5.0/gcc-11.3.0-i44hho/bin:/usr/local/bin:/usr/bin:/usr/local/sbin:/usr/sbin:/appl/bin:/users/brfurnea/.local/bin:/users/brfurnea/bin
+ PATH=/projappl/project_2005718/bin:/appl/opt/time/1.9/bin:/appl/spack/v018/install-tree/gcc-8.5.0/git-lfs-3.1.2-u4tplj/bin:/appl/opt/csc-cli-utils/bin:/appl/spack/v018/install-tree/gcc-11.3.0/openmpi-4.1.4-w2aekq/bin:/appl/spack/v018/install-tree/gcc-11.3.0/intel-oneapi-mkl-2022.1.0-p2wpb4/mkl/2022.1.0/bin/intel64:/appl/spack/v018/install-tree/gcc-8.5.0/gcc-11.3.0-i44hho/bin:/usr/local/bin:/usr/bin:/usr/local/sbin:/usr/sbin:/appl/bin:/users/brfurnea/.local/bin:/users/brfurnea/bin
+ MODEL=epang-phyltree
+ DATA=../../data
+ RESULTS=../../results/epang-phyltree
+ mkdir -p ../../results/epang-phyltree
+ TRAIN_TAXONOMY_FILE=../../data/train_gappa.tax
+ awk '-F\t' '/Arachnida/{print $1}' ../../data/train_gappa.tax
+ for ALPHABET in aa nt
+ INSTANCE=train_aa
+ MODEL_DIR=train_aa_40
+ TRAIN_FILE=../../data/train_aa_aln.fasta
+ CONSTRAINT_FILE=../../data/phylogenetic_constraints.tre
+ rm -fr train_aa_40
+ mkdir -p train_aa_40
+ '[' aa = nt ']'
+ SUBSTITUTION_MODEL=mtART+G4
+ /appl/opt/time/1.9/bin/time --verbose iqtree2 -s ../../data/train_aa_aln.fasta -T 40 -fast -keep-ident --redo -m mtART+G4 -g ../../data/phylogenetic_constraints.tre -pre train_aa_40/train_aa
IQ-TREE multicore version 2.4.0 for Linux x86 64-bit built Mar  4 2025
Developed by Bui Quang Minh, Nguyen Lam Tung, Olga Chernomor, Heiko Schmidt,
Dominik Schrempf, Michael Woodhams, Ly Trong Nhan, Thomas Wong

Host:    r17c12.bullx (AVX512, FMA3, 187 GB RAM)
Command: iqtree2 -s ../../data/train_aa_aln.fasta -T 40 -fast -keep-ident --redo -m mtART+G4 -g ../../data/phylogenetic_constraints.tre -pre train_aa_40/train_aa
Seed:    860505 (Using SPRNG - Scalable Parallel Random Number Generator)
Time:    Tue Oct 28 21:06:22 2025
Kernel:  AVX+FMA - 40 threads (40 CPU cores detected)

Reading alignment file ../../data/train_aa_aln.fasta ... Fasta format detected
Reading fasta file: done in 0.169098 secs using 52.53% CPU
Alignment most likely contains protein sequences
Alignment has 35556 sequences with 219 columns, 219 distinct patterns
212 parsimony-informative, 7 singleton sites, 0 constant sites
Analyzing sequences: done in 0.00153299 secs using 2770% CPU
Reading constraint tree ../../data/phylogenetic_constraints.tre...
Creating fast initial parsimony tree by random order stepwise addition...
79.43 seconds, parsimony score: 44001 (based on 219 sites)
WARNING: 40 threads for alignment length 219 will slow down analysis

NOTE: 5273 MB RAM (5 GB) is required!
WARNING: Number of threads seems too high for short alignments. Use -T AUTO to determine best number of threads.
Estimate model parameters (epsilon = 0.50)
1. Initial log-likelihood: -254056.09
2. Current log-likelihood: -248051.82
3. Current log-likelihood: -247739.80
4. Current log-likelihood: -247734.83
5. Current log-likelihood: -247733.42
6. Current log-likelihood: -247731.96
Optimal log-likelihood: -247731.90
Gamma shape alpha: 0.59
Parameters optimization took 6 rounds (573.37 sec)
Wrote distance file to... 
--------------------------------------------------------------------
|             INITIALIZING CANDIDATE TREE SET                      |
--------------------------------------------------------------------
Generating 1 parsimony trees... 844.37 second
Computing log-likelihood of 1 initial trees ... 65.63 seconds
Current best score: -247731.90

Do NNI search on 2 best initial trees
Estimate model parameters (epsilon = 0.50)
BETTER TREE FOUND at iteration 1: -245276.14
Finish initializing candidate tree set (4)
Current best tree score: -245276.14 / CPU time: 36458.96
Number of iterations: 2
TREE SEARCH COMPLETED AFTER 2 ITERATIONS / Time: 10h:31m:45s

--------------------------------------------------------------------
|                    FINALIZING TREE SEARCH                        |
--------------------------------------------------------------------
Performs final model parameters optimization
Estimate model parameters (epsilon = 0.05)
1. Initial log-likelihood: -245276.14
Optimal log-likelihood: -245276.14
Gamma shape alpha: 0.59
Parameters optimization took 1 rounds (29.38 sec)
BEST SCORE FOUND : -245276.14
Total tree length: 409.66

Total number of iterations: 2
CPU time used for tree search: 177429.00 sec (49h:17m:8s)
Wall-clock time used for tree search: 36459.13 sec (10h:7m:39s)
Total CPU time used: 196755.49 sec (54h:39m:15s)
Total wall-clock time used: 37935.18 sec (10h:32m:15s)

Analysis results written to: 
  IQ-TREE report:                train_aa_40/train_aa.iqtree
  Maximum-likelihood tree:       train_aa_40/train_aa.treefile
  Screen log file:               train_aa_40/train_aa.log

Date and Time: Wed Oct 29 07:38:44 2025
	Command being timed: "iqtree2 -s ../../data/train_aa_aln.fasta -T 40 -fast -keep-ident --redo -m mtART+G4 -g ../../data/phylogenetic_constraints.tre -pre train_aa_40/train_aa"
	User time (seconds): 196761.52
	System time (seconds): 542.73
	Percent of CPU this job got: 519%
	Elapsed (wall clock) time (h:mm:ss or m:ss): 10:32:23
	Average shared text size (kbytes): 0
	Average unshared data size (kbytes): 0
	Average stack size (kbytes): 0
	Average total size (kbytes): 0
	Maximum resident set size (kbytes): 16500224
	Average resident set size (kbytes): 0
	Major (requiring I/O) page faults: 3051
	Minor (reclaiming a frame) page faults: 2404236
	Voluntary context switches: 25266934
	Involuntary context switches: 60245
	Swaps: 0
	File system inputs: 47912
	File system outputs: 51608
	Socket messages sent: 0
	Socket messages received: 0
	Signals delivered: 0
	Page size (bytes): 4096
	Exit status: 0
+ '[' aa = nt ']'
++ sed -nr '/FINALIZING TREE SEARCH/,$ s|Gamma shape alpha: +([0-9.]+)|\1|p' train_aa_40/train_aa.log
+ alpha=0.59
+ echo 'Detected alpha: 0.59'
Detected alpha: 0.59
+ SUBSTITUTION_PARAMS='mtART+G4{0.59}'
+ for TESTSET in test testshort
+ TEST_FILE=../../data/test_aa_aln.fasta
+ RAW_DIR=train_aa_40/test
+ SUFFIX=test_aa_40
+ mkdir -p train_aa_40/test
+ /appl/opt/time/1.9/bin/time --verbose epa-ng --tree train_aa_40/train_aa.treefile --ref-msa ../../data/train_aa_aln.fasta --query ../../data/test_aa_aln.fasta --out-dir train_aa_40/test --model 'mtART+G4{0.59}' --threads 40 --redo
INFO Selected: Output dir: train_aa_40/test/
INFO Selected: Query file: ../../data/test_aa_aln.fasta
INFO Selected: Tree file: train_aa_40/train_aa.treefile
INFO Selected: Reference MSA: ../../data/train_aa_aln.fasta
INFO Selected: Automatic switching of use of per rate scalers
INFO Selected: Preserving the root of the input tree
INFO Selected: Specified model: mtART+G4{0.59}
INFO Selected: Using threads: 40
INFO     ______ ____   ___           _   __ ______
        / ____// __ \ /   |         / | / // ____/
       / __/  / /_/ // /| | ______ /  |/ // / __  
      / /___ / ____// ___ |/_____// /|  // /_/ /  
     /_____//_/    /_/  |_|      /_/ |_/ \____/ (v0.3.8)
INFO Using model parameters:
INFO    Rate heterogeneity: GAMMA (4 cats, mean),  alpha: 0.59 (user),  weights&rates: (0.25,0.0510523) (0.25,0.306668) (0.25,0.87613) (0.25,2.76615) 
        Base frequencies (model): 0.054116 0.018227 0.039903 0.02016 0.009709 0.018781 0.024289 0.068183 0.024518 0.092638 0.148658 0.021718 0.061453 0.088668 0.041826 0.09103 0.049194 0.029786 0.039443 0.057701 
        Substitution rates (model): 0.2 0.2 1 254 0.2 0.2 200 0.2 26 4 0.2 121 13 49 673 244 0.2 1 340 0.2 4 36 154 0.2 0.2 41 2 2 209 5 5 0.2 3 0.2 0.2 4 0.2 500 98 262 183 121 180 21 13 467 79 20 17 398 166 8 251 23 11 0.2 862 12 0.2 7 1 2 0.2 0.2 0.2 44 0.2 0.2 0.2 0.2 0.2 0.2 81 12 63 79 0.2 312 184 0.2 664 183 22 72 350 262 3 314 11 16 349 67 0.2 39 52 44 7 87 0.2 44 15 7 2 106 0.2 0.2 8 31 43 11 8 14 0.2 3 1 0.2 56 1 0.2 226 0.2 2 9 3 0.2 6 0.2 0.2 14 1 11 19 0.2 191 0.2 515 3 515 118 0.2 7 204 0.2 12 1855 4 885 263 12 8 48 21 20 85 106 11 17 144 70 16 117 26 322 5 112 289 71 71 281 15 36 14 54 792 52 87 47 0.2 18 32 660 2 30 61 0.2 46 544 38 0.2 2
INFO Output file: train_aa_40/test/epa_result.jplace
INFO 5000 Sequences done!
INFO 10000 Sequences done!
INFO 15000 Sequences done!
INFO 20000 Sequences done!
INFO 25000 Sequences done!
INFO 26901 Sequences done!
INFO Time spent placing: 5314s
INFO Elapsed Time: 5365s
	Command being timed: "epa-ng --tree train_aa_40/train_aa.treefile --ref-msa ../../data/train_aa_aln.fasta --query ../../data/test_aa_aln.fasta --out-dir train_aa_40/test --model mtART+G4{0.59} --threads 40 --redo"
	User time (seconds): 210561.28
	System time (seconds): 14.23
	Percent of CPU this job got: 3922%
	Elapsed (wall clock) time (h:mm:ss or m:ss): 1:29:28
	Average shared text size (kbytes): 0
	Average unshared data size (kbytes): 0
	Average stack size (kbytes): 0
	Average total size (kbytes): 0
	Maximum resident set size (kbytes): 39671800
	Average resident set size (kbytes): 0
	Major (requiring I/O) page faults: 990
	Minor (reclaiming a frame) page faults: 8546666
	Voluntary context switches: 11997
	Involuntary context switches: 403318
	Swaps: 0
	File system inputs: 40960
	File system outputs: 24784
	Socket messages sent: 0
	Socket messages received: 0
	Signals delivered: 0
	Page size (bytes): 4096
	Exit status: 0
+ /appl/opt/time/1.9/bin/time --verbose gappa examine assign --jplace-path train_aa_40/test/epa_result.jplace --taxon-file ../../data/train_gappa.tax --root-outgroup outgroup.txt --ranks-string 'class|order|family|subfamily|tribe|genus|species' --out-dir train_aa_40/test --file-suffix _test_aa_40 --per-query-results --threads 40 --allow-file-overwriting
                                              ....      ....  
                                             '' '||.   .||'   
                                                  ||  ||      
                                                  '|.|'       
     ...'   ....   ... ...  ... ...   ....        .|'|.       
    |  ||  '' .||   ||'  ||  ||'  || '' .||      .|'  ||      
     |''   .|' ||   ||    |  ||    | .|' ||     .|'|.  ||     
    '....  '|..'|'. ||...'   ||...'  '|..'|.    '||'    ||:.  
    '....'          ||       ||                               
                   ''''     ''''   v0.8.5 (c) 2017-2024
                                   by Lucas Czech and Pierre Barbera

Invocation:                        gappa examine assign --jplace-path train_aa_40/test/epa_result.jplace --taxon-file ../../data/train_gappa.tax --root-outgroup outgroup.txt --ranks-string class|order|family|subfamily|tribe|genus|species --out-dir train_aa_40/test --file-suffix _test_aa_40 --per-query-results --threads 40 --allow-file-overwriting
Command:                           gappa examine assign

Input:
  --jplace-path                    train_aa_40/test/epa_result.jplace
  --taxon-file                     ../../data/train_gappa.tax
  --root-outgroup                  outgroup.txt
  --taxonomy                       
  --ranks-string                   class|order|family|subfamily|tribe|genus|species

Settings:
  --sub-taxopath                   
  --max-level                      0
  --distribution-ratio             -1
  --consensus-thresh               1
  --resolve-missing-paths          false
  --distant-label                  false

Output:
  --out-dir                        train_aa_40/test
  --file-prefix                    
  --file-suffix                    _test_aa_40
  --cami                           false
  --sample-id                      
  --krona                          false
  --sativa                         false
  --per-query-results              true
  --best-hit                       false

Global Options:
  --allow-file-overwriting         true
  --verbose                        false
  --threads                        40
  --log-file

Run the following command to get the references that need to be cited:
`gappa tools citation Czech2020-genesis-and-gappa`

Started 2025-10-29 09:08:13

Found 1 jplace file
Running the assignment

Finished 2025-10-29 09:08:49
	Command being timed: "gappa examine assign --jplace-path train_aa_40/test/epa_result.jplace --taxon-file ../../data/train_gappa.tax --root-outgroup outgroup.txt --ranks-string class|order|family|subfamily|tribe|genus|species --out-dir train_aa_40/test --file-suffix _test_aa_40 --per-query-results --threads 40 --allow-file-overwriting"
	User time (seconds): 35.32
	System time (seconds): 0.23
	Percent of CPU this job got: 99%
	Elapsed (wall clock) time (h:mm:ss or m:ss): 0:35.72
	Average shared text size (kbytes): 0
	Average unshared data size (kbytes): 0
	Average stack size (kbytes): 0
	Average total size (kbytes): 0
	Maximum resident set size (kbytes): 379872
	Average resident set size (kbytes): 0
	Major (requiring I/O) page faults: 177
	Minor (reclaiming a frame) page faults: 101621
	Voluntary context switches: 372
	Involuntary context switches: 20
	Swaps: 0
	File system inputs: 20056
	File system outputs: 52192
	Socket messages sent: 0
	Socket messages received: 0
	Signals delivered: 0
	Page size (bytes): 4096
	Exit status: 0
+ RESULT_FILE=../../results/epang-phyltree/epang-phyltree_test_aa_40.tsv
+ echo 'ID	class	Prob_class	order	Prob_order	family	Prob_family	subfamily	Prob_subfamily	tribe	Prob_tribe	genus	Prob_genus	species	Prob_species'
+ awk '-F ' '
      function write_record(best_prob, best_taxon, new_prob, is_new, new_rank, rank) {
        printf "%s", prev_id
          is_new=0
          new_rank=8
          for (rank = 1; rank <= 7; rank++) {
            if (is_new) {
              printf "\tunk\t%.6f", new_prob[new_rank]
            } else if (new_prob[rank] > best_prob[rank]) {
              is_new = 1
              new_rank = rank
              printf "\tunk\t%.6f", new_prob[rank]
            } else {
              printf "\t%s\t%.6f", best_taxon[rank], best_prob[rank]
            }
          }
          printf "\n"
      }
      BEGIN { prev_id="NA" }
      $1 == "name" { next }
      $1 != prev_id {
        if (prev_id != "NA") {
          write_record(best_prob, best_taxon, new_prob)
        }
        for (rank = 1; rank <= 7; rank++) {
          best_prob[rank] = 0
          new_prob[rank] = 1
          best_taxon[rank] = "NA"
        }
        prev_id = $1
      }
      {
        rank = split($6, a, ";")
        if (rank > 1 && a[rank-1] !~ best_taxon[rank - 1]) next
        new_prob[rank] -= $5
        if ($5 > best_prob[rank]) {
          best_prob[rank] = $5
          best_taxon[rank] = a[rank]
          if (rank < 7) new_prob[rank + 1] = $5
          for (rank2 = rank + 1; rank2 <= 7; rank2++) {
            best_prob[rank2] = 0
            best_taxon[rank2] = "NA"
            new_prob[rank2] = $5
          }
        }
      }
      END{
        write_record(best_prob, best_taxon, new_prob)
      }' train_aa_40/test/per_query_test_aa_40.tsv
+ for TESTSET in test testshort
+ TEST_FILE=../../data/testshort_aa_aln.fasta
+ RAW_DIR=train_aa_40/testshort
+ SUFFIX=testshort_aa_40
+ mkdir -p train_aa_40/testshort
+ /appl/opt/time/1.9/bin/time --verbose epa-ng --tree train_aa_40/train_aa.treefile --ref-msa ../../data/train_aa_aln.fasta --query ../../data/testshort_aa_aln.fasta --out-dir train_aa_40/testshort --model 'mtART+G4{0.59}' --threads 40 --redo
INFO Selected: Output dir: train_aa_40/testshort/
INFO Selected: Query file: ../../data/testshort_aa_aln.fasta
INFO Selected: Tree file: train_aa_40/train_aa.treefile
INFO Selected: Reference MSA: ../../data/train_aa_aln.fasta
INFO Selected: Automatic switching of use of per rate scalers
INFO Selected: Preserving the root of the input tree
INFO Selected: Specified model: mtART+G4{0.59}
INFO Selected: Using threads: 40
INFO     ______ ____   ___           _   __ ______
        / ____// __ \ /   |         / | / // ____/
       / __/  / /_/ // /| | ______ /  |/ // / __  
      / /___ / ____// ___ |/_____// /|  // /_/ /  
     /_____//_/    /_/  |_|      /_/ |_/ \____/ (v0.3.8)
INFO Using model parameters:
INFO    Rate heterogeneity: GAMMA (4 cats, mean),  alpha: 0.59 (user),  weights&rates: (0.25,0.0510523) (0.25,0.306668) (0.25,0.87613) (0.25,2.76615) 
        Base frequencies (model): 0.054116 0.018227 0.039903 0.02016 0.009709 0.018781 0.024289 0.068183 0.024518 0.092638 0.148658 0.021718 0.061453 0.088668 0.041826 0.09103 0.049194 0.029786 0.039443 0.057701 
        Substitution rates (model): 0.2 0.2 1 254 0.2 0.2 200 0.2 26 4 0.2 121 13 49 673 244 0.2 1 340 0.2 4 36 154 0.2 0.2 41 2 2 209 5 5 0.2 3 0.2 0.2 4 0.2 500 98 262 183 121 180 21 13 467 79 20 17 398 166 8 251 23 11 0.2 862 12 0.2 7 1 2 0.2 0.2 0.2 44 0.2 0.2 0.2 0.2 0.2 0.2 81 12 63 79 0.2 312 184 0.2 664 183 22 72 350 262 3 314 11 16 349 67 0.2 39 52 44 7 87 0.2 44 15 7 2 106 0.2 0.2 8 31 43 11 8 14 0.2 3 1 0.2 56 1 0.2 226 0.2 2 9 3 0.2 6 0.2 0.2 14 1 11 19 0.2 191 0.2 515 3 515 118 0.2 7 204 0.2 12 1855 4 885 263 12 8 48 21 20 85 106 11 17 144 70 16 117 26 322 5 112 289 71 71 281 15 36 14 54 792 52 87 47 0.2 18 32 660 2 30 61 0.2 46 544 38 0.2 2
INFO Output file: train_aa_40/testshort/epa_result.jplace
INFO 5000 Sequences done!
INFO 10000 Sequences done!
INFO 15000 Sequences done!
INFO 20000 Sequences done!
INFO 25000 Sequences done!
INFO 26901 Sequences done!
INFO Time spent placing: 4878s
INFO Elapsed Time: 4916s
	Command being timed: "epa-ng --tree train_aa_40/train_aa.treefile --ref-msa ../../data/train_aa_aln.fasta --query ../../data/testshort_aa_aln.fasta --out-dir train_aa_40/testshort --model mtART+G4{0.59} --threads 40 --redo"
	User time (seconds): 193106.89
	System time (seconds): 11.88
	Percent of CPU this job got: 3926%
	Elapsed (wall clock) time (h:mm:ss or m:ss): 1:21:58
	Average shared text size (kbytes): 0
	Average unshared data size (kbytes): 0
	Average stack size (kbytes): 0
	Average total size (kbytes): 0
	Maximum resident set size (kbytes): 33182440
	Average resident set size (kbytes): 0
	Major (requiring I/O) page faults: 403
	Minor (reclaiming a frame) page faults: 6934186
	Voluntary context switches: 10360
	Involuntary context switches: 373375
	Swaps: 0
	File system inputs: 34144
	File system outputs: 26312
	Socket messages sent: 0
	Socket messages received: 0
	Signals delivered: 0
	Page size (bytes): 4096
	Exit status: 0
+ /appl/opt/time/1.9/bin/time --verbose gappa examine assign --jplace-path train_aa_40/testshort/epa_result.jplace --taxon-file ../../data/train_gappa.tax --root-outgroup outgroup.txt --ranks-string 'class|order|family|subfamily|tribe|genus|species' --out-dir train_aa_40/testshort --file-suffix _testshort_aa_40 --per-query-results --threads 40 --allow-file-overwriting
                                              ....      ....  
                                             '' '||.   .||'   
                                                  ||  ||      
                                                  '|.|'       
     ...'   ....   ... ...  ... ...   ....        .|'|.       
    |  ||  '' .||   ||'  ||  ||'  || '' .||      .|'  ||      
     |''   .|' ||   ||    |  ||    | .|' ||     .|'|.  ||     
    '....  '|..'|'. ||...'   ||...'  '|..'|.    '||'    ||:.  
    '....'          ||       ||                               
                   ''''     ''''   v0.8.5 (c) 2017-2024
                                   by Lucas Czech and Pierre Barbera

Invocation:                        gappa examine assign --jplace-path train_aa_40/testshort/epa_result.jplace --taxon-file ../../data/train_gappa.tax --root-outgroup outgroup.txt --ranks-string class|order|family|subfamily|tribe|genus|species --out-dir train_aa_40/testshort --file-suffix _testshort_aa_40 --per-query-results --threads 40 --allow-file-overwriting
Command:                           gappa examine assign

Input:
  --jplace-path                    train_aa_40/testshort/epa_result.jplace
  --taxon-file                     ../../data/train_gappa.tax
  --root-outgroup                  outgroup.txt
  --taxonomy                       
  --ranks-string                   class|order|family|subfamily|tribe|genus|species

Settings:
  --sub-taxopath                   
  --max-level                      0
  --distribution-ratio             -1
  --consensus-thresh               1
  --resolve-missing-paths          false
  --distant-label                  false

Output:
  --out-dir                        train_aa_40/testshort
  --file-prefix                    
  --file-suffix                    _testshort_aa_40
  --cami                           false
  --sample-id                      
  --krona                          false
  --sativa                         false
  --per-query-results              true
  --best-hit                       false

Global Options:
  --allow-file-overwriting         true
  --verbose                        false
  --threads                        40
  --log-file

Run the following command to get the references that need to be cited:
`gappa tools citation Czech2020-genesis-and-gappa`

Started 2025-10-29 10:30:50

Found 1 jplace file
Running the assignment

Finished 2025-10-29 10:31:43
	Command being timed: "gappa examine assign --jplace-path train_aa_40/testshort/epa_result.jplace --taxon-file ../../data/train_gappa.tax --root-outgroup outgroup.txt --ranks-string class|order|family|subfamily|tribe|genus|species --out-dir train_aa_40/testshort --file-suffix _testshort_aa_40 --per-query-results --threads 40 --allow-file-overwriting"
	User time (seconds): 35.39
	System time (seconds): 0.24
	Percent of CPU this job got: 66%
	Elapsed (wall clock) time (h:mm:ss or m:ss): 0:53.36
	Average shared text size (kbytes): 0
	Average unshared data size (kbytes): 0
	Average stack size (kbytes): 0
	Average total size (kbytes): 0
	Maximum resident set size (kbytes): 381828
	Average resident set size (kbytes): 0
	Major (requiring I/O) page faults: 152
	Minor (reclaiming a frame) page faults: 100748
	Voluntary context switches: 357
	Involuntary context switches: 40
	Swaps: 0
	File system inputs: 19752
	File system outputs: 56760
	Socket messages sent: 0
	Socket messages received: 0
	Signals delivered: 0
	Page size (bytes): 4096
	Exit status: 0
+ RESULT_FILE=../../results/epang-phyltree/epang-phyltree_testshort_aa_40.tsv
+ echo 'ID	class	Prob_class	order	Prob_order	family	Prob_family	subfamily	Prob_subfamily	tribe	Prob_tribe	genus	Prob_genus	species	Prob_species'
+ awk '-F ' '
      function write_record(best_prob, best_taxon, new_prob, is_new, new_rank, rank) {
        printf "%s", prev_id
          is_new=0
          new_rank=8
          for (rank = 1; rank <= 7; rank++) {
            if (is_new) {
              printf "\tunk\t%.6f", new_prob[new_rank]
            } else if (new_prob[rank] > best_prob[rank]) {
              is_new = 1
              new_rank = rank
              printf "\tunk\t%.6f", new_prob[rank]
            } else {
              printf "\t%s\t%.6f", best_taxon[rank], best_prob[rank]
            }
          }
          printf "\n"
      }
      BEGIN { prev_id="NA" }
      $1 == "name" { next }
      $1 != prev_id {
        if (prev_id != "NA") {
          write_record(best_prob, best_taxon, new_prob)
        }
        for (rank = 1; rank <= 7; rank++) {
          best_prob[rank] = 0
          new_prob[rank] = 1
          best_taxon[rank] = "NA"
        }
        prev_id = $1
      }
      {
        rank = split($6, a, ";")
        if (rank > 1 && a[rank-1] !~ best_taxon[rank - 1]) next
        new_prob[rank] -= $5
        if ($5 > best_prob[rank]) {
          best_prob[rank] = $5
          best_taxon[rank] = a[rank]
          if (rank < 7) new_prob[rank + 1] = $5
          for (rank2 = rank + 1; rank2 <= 7; rank2++) {
            best_prob[rank2] = 0
            best_taxon[rank2] = "NA"
            new_prob[rank2] = $5
          }
        }
      }
      END{
        write_record(best_prob, best_taxon, new_prob)
      }' train_aa_40/testshort/per_query_testshort_aa_40.tsv
+ for ALPHABET in aa nt
+ INSTANCE=train_nt
+ MODEL_DIR=train_nt_40
+ TRAIN_FILE=../../data/train_nt_aln.fasta
+ CONSTRAINT_FILE=../../data/phylogenetic_constraints.tre
+ rm -fr train_nt_40
+ mkdir -p train_nt_40
+ '[' nt = nt ']'
+ SUBSTITUTION_MODEL=GTR+G4
+ /appl/opt/time/1.9/bin/time --verbose iqtree2 -s ../../data/train_nt_aln.fasta -T 40 -fast -keep-ident --redo -m GTR+G4 -g ../../data/phylogenetic_constraints.tre -pre train_nt_40/train_nt
IQ-TREE multicore version 2.4.0 for Linux x86 64-bit built Mar  4 2025
Developed by Bui Quang Minh, Nguyen Lam Tung, Olga Chernomor, Heiko Schmidt,
Dominik Schrempf, Michael Woodhams, Ly Trong Nhan, Thomas Wong

Host:    r17c12.bullx (AVX512, FMA3, 187 GB RAM)
Command: iqtree2 -s ../../data/train_nt_aln.fasta -T 40 -fast -keep-ident --redo -m GTR+G4 -g ../../data/phylogenetic_constraints.tre -pre train_nt_40/train_nt
Seed:    938120 (Using SPRNG - Scalable Parallel Random Number Generator)
Time:    Wed Oct 29 10:33:14 2025
Kernel:  AVX+FMA - 40 threads (40 CPU cores detected)

Reading alignment file ../../data/train_nt_aln.fasta ... Fasta format detected
Reading fasta file: done in 0.37328 secs using 69.11% CPU
Alignment most likely contains DNA/RNA sequences
Alignment has 35556 sequences with 658 columns, 655 distinct patterns
623 parsimony-informative, 22 singleton sites, 13 constant sites
Analyzing sequences: done in 0.00250966 secs using 4578% CPU
Reading constraint tree ../../data/phylogenetic_constraints.tre...
Creating fast initial parsimony tree by random order stepwise addition...
78.08 seconds, parsimony score: 521649 (based on 645 sites)

NOTE: 3043 MB RAM (2 GB) is required!
WARNING: Number of threads seems too high for short alignments. Use -T AUTO to determine best number of threads.
Estimate model parameters (epsilon = 0.50)
1. Initial log-likelihood: -2281631.82
2. Current log-likelihood: -2091732.04
3. Current log-likelihood: -2082902.51
4. Current log-likelihood: -2081166.88
5. Current log-likelihood: -2080968.73
6. Current log-likelihood: -2080717.28
7. Current log-likelihood: -2080691.56
8. Current log-likelihood: -2080679.21
9. Current log-likelihood: -2080678.32
Optimal log-likelihood: -2080678.01
Rate parameters:  A-C: 1.38331  A-G: 7.71105  A-T: 5.38699  C-G: 1.52610  C-T: 24.16108  G-T: 1.00000
Base frequencies:  A: 0.303  C: 0.162  G: 0.152  T: 0.383
Gamma shape alpha: 0.413
Parameters optimization took 9 rounds (3700.211 sec)
Wrote distance file to... 
--------------------------------------------------------------------
|             INITIALIZING CANDIDATE TREE SET                      |
--------------------------------------------------------------------
Generating 1 parsimony trees... 838.697 second
Computing log-likelihood of 1 initial trees ... 194.915 seconds
Current best score: -2080678.012

Do NNI search on 2 best initial trees
Estimate model parameters (epsilon = 0.500)
BETTER TREE FOUND at iteration 1: -2068861.877
Finish initializing candidate tree set (4)
Current best tree score: -2068861.877 / CPU time: 34339.702
Number of iterations: 2
TREE SEARCH COMPLETED AFTER 2 ITERATIONS / Time: 10h:48m:34s

--------------------------------------------------------------------
|                    FINALIZING TREE SEARCH                        |
--------------------------------------------------------------------
Performs final model parameters optimization
Estimate model parameters (epsilon = 0.050)
1. Initial log-likelihood: -2068861.877
Optimal log-likelihood: -2068861.833
Rate parameters:  A-C: 1.44318  A-G: 8.22888  A-T: 5.76158  C-G: 1.60737  C-T: 26.13179  G-T: 1.00000
Base frequencies:  A: 0.303  C: 0.162  G: 0.152  T: 0.383
Gamma shape alpha: 0.413
Parameters optimization took 1 rounds (193.926 sec)
BEST SCORE FOUND : -2068861.833
Total tree length: 1761.794

Total number of iterations: 2
CPU time used for tree search: 340567.059 sec (94h:36m:7s)
Wall-clock time used for tree search: 34339.877 sec (9h:32m:19s)
Total CPU time used: 497776.123 sec (138h:16m:16s)
Total wall-clock time used: 39108.900 sec (10h:51m:48s)

Analysis results written to: 
  IQ-TREE report:                train_nt_40/train_nt.iqtree
  Maximum-likelihood tree:       train_nt_40/train_nt.treefile
  Screen log file:               train_nt_40/train_nt.log

Date and Time: Wed Oct 29 21:25:10 2025
	Command being timed: "iqtree2 -s ../../data/train_nt_aln.fasta -T 40 -fast -keep-ident --redo -m GTR+G4 -g ../../data/phylogenetic_constraints.tre -pre train_nt_40/train_nt"
	User time (seconds): 497782.75
	System time (seconds): 671.98
	Percent of CPU this job got: 1274%
	Elapsed (wall clock) time (h:mm:ss or m:ss): 10:51:58
	Average shared text size (kbytes): 0
	Average unshared data size (kbytes): 0
	Average stack size (kbytes): 0
	Average total size (kbytes): 0
	Maximum resident set size (kbytes): 12965244
	Average resident set size (kbytes): 0
	Major (requiring I/O) page faults: 4603
	Minor (reclaiming a frame) page faults: 2477582
	Voluntary context switches: 28964778
	Involuntary context switches: 562661
	Swaps: 0
	File system inputs: 78944
	File system outputs: 51096
	Socket messages sent: 0
	Socket messages received: 0
	Signals delivered: 0
	Page size (bytes): 4096
	Exit status: 0
+ '[' nt = nt ']'
++ sed -nr '/FINALIZING TREE SEARCH/,$ s|Rate parameters:  A-C: ([0-9.]+) +A-G: ([0-9.]+)  A-T: ([0-9.]+)  C-G: ([0-9.]+)  C-T: ([0-9.]+)  G-T: ([0-9.]+)|\1/\2/\3/\4/\5/\6|p' train_nt_40/train_nt.log
+ rates=1.44318/8.22888/5.76158/1.60737/26.13179/1.00000
+ echo 'Detected rates: 1.44318/8.22888/5.76158/1.60737/26.13179/1.00000'
Detected rates: 1.44318/8.22888/5.76158/1.60737/26.13179/1.00000
++ sed -nr '/FINALIZING TREE SEARCH/,$ s|Base frequencies:  A: ([0-9.]+) +C: ([0-9.]+) +G: ([0-9.]+) +T: ([0-9.]+)|\1/\2/\3/\4|p' train_nt_40/train_nt.log
+ frequencies=0.303/0.162/0.152/0.383
+ echo 'Detected base frequencies: 0.303/0.162/0.152/0.383'
Detected base frequencies: 0.303/0.162/0.152/0.383
++ sed -nr '/FINALIZING TREE SEARCH/,$ s|Gamma shape alpha: +([0-9.]+)|\1|p' train_nt_40/train_nt.log
+ alpha=0.413
+ echo 'Detected alpha: 0.413'
Detected alpha: 0.413
+ SUBSTITUTION_PARAMS='GTR{1.44318/8.22888/5.76158/1.60737/26.13179/1.00000}+FU{0.303/0.162/0.152/0.383}+G4{0.413}'
+ for TESTSET in test testshort
+ TEST_FILE=../../data/test_nt_aln.fasta
+ RAW_DIR=train_nt_40/test
+ SUFFIX=test_nt_40
+ mkdir -p train_nt_40/test
+ /appl/opt/time/1.9/bin/time --verbose epa-ng --tree train_nt_40/train_nt.treefile --ref-msa ../../data/train_nt_aln.fasta --query ../../data/test_nt_aln.fasta --out-dir train_nt_40/test --model 'GTR{1.44318/8.22888/5.76158/1.60737/26.13179/1.00000}+FU{0.303/0.162/0.152/0.383}+G4{0.413}' --threads 40 --redo
INFO Selected: Output dir: train_nt_40/test/
INFO Selected: Query file: ../../data/test_nt_aln.fasta
INFO Selected: Tree file: train_nt_40/train_nt.treefile
INFO Selected: Reference MSA: ../../data/train_nt_aln.fasta
INFO Selected: Automatic switching of use of per rate scalers
INFO Selected: Preserving the root of the input tree
INFO Selected: Specified model: GTR{1.44318/8.22888/5.76158/1.60737/26.13179/1.00000}+FU{0.303/0.162/0.152/0.383}+G4{0.413}
INFO Selected: Using threads: 40
INFO     ______ ____   ___           _   __ ______
        / ____// __ \ /   |         / | / // ____/
       / __/  / /_/ // /| | ______ /  |/ // / __  
      / /___ / ____// ___ |/_____// /|  // /_/ /  
     /_____//_/    /_/  |_|      /_/ |_/ \____/ (v0.3.8)
INFO Using model parameters:
INFO    Rate heterogeneity: GAMMA (4 cats, mean),  alpha: 0.413 (user),  weights&rates: (0.25,0.0186337) (0.25,0.191399) (0.25,0.744973) (0.25,3.04499) 
        Base frequencies (user): 0.303 0.162 0.152 0.383 
        Substitution rates (user): 1.44318 8.22888 5.76158 1.60737 26.1318 1
INFO Output file: train_nt_40/test/epa_result.jplace
INFO 5000 Sequences done!
INFO 10000 Sequences done!
INFO 15000 Sequences done!
INFO 20000 Sequences done!
INFO 25000 Sequences done!
INFO 26901 Sequences done!
INFO Time spent placing: 102s
INFO Elapsed Time: 111s
	Command being timed: "epa-ng --tree train_nt_40/train_nt.treefile --ref-msa ../../data/train_nt_aln.fasta --query ../../data/test_nt_aln.fasta --out-dir train_nt_40/test --model GTR{1.44318/8.22888/5.76158/1.60737/26.13179/1.00000}+FU{0.303/0.162/0.152/0.383}+G4{0.413} --threads 40 --redo"
	User time (seconds): 2978.62
	System time (seconds): 13.46
	Percent of CPU this job got: 2607%
	Elapsed (wall clock) time (h:mm:ss or m:ss): 1:54.76
	Average shared text size (kbytes): 0
	Average unshared data size (kbytes): 0
	Average stack size (kbytes): 0
	Average total size (kbytes): 0
	Maximum resident set size (kbytes): 36657072
	Average resident set size (kbytes): 0
	Major (requiring I/O) page faults: 382
	Minor (reclaiming a frame) page faults: 8012776
	Voluntary context switches: 32635
	Involuntary context switches: 5129
	Swaps: 0
	File system inputs: 93392
	File system outputs: 18312
	Socket messages sent: 0
	Socket messages received: 0
	Signals delivered: 0
	Page size (bytes): 4096
	Exit status: 0
+ /appl/opt/time/1.9/bin/time --verbose gappa examine assign --jplace-path train_nt_40/test/epa_result.jplace --taxon-file ../../data/train_gappa.tax --root-outgroup outgroup.txt --ranks-string 'class|order|family|subfamily|tribe|genus|species' --out-dir train_nt_40/test --file-suffix _test_nt_40 --per-query-results --threads 40 --allow-file-overwriting
                                              ....      ....  
                                             '' '||.   .||'   
                                                  ||  ||      
                                                  '|.|'       
     ...'   ....   ... ...  ... ...   ....        .|'|.       
    |  ||  '' .||   ||'  ||  ||'  || '' .||      .|'  ||      
     |''   .|' ||   ||    |  ||    | .|' ||     .|'|.  ||     
    '....  '|..'|'. ||...'   ||...'  '|..'|.    '||'    ||:.  
    '....'          ||       ||                               
                   ''''     ''''   v0.8.5 (c) 2017-2024
                                   by Lucas Czech and Pierre Barbera

Invocation:                        gappa examine assign --jplace-path train_nt_40/test/epa_result.jplace --taxon-file ../../data/train_gappa.tax --root-outgroup outgroup.txt --ranks-string class|order|family|subfamily|tribe|genus|species --out-dir train_nt_40/test --file-suffix _test_nt_40 --per-query-results --threads 40 --allow-file-overwriting
Command:                           gappa examine assign

Input:
  --jplace-path                    train_nt_40/test/epa_result.jplace
  --taxon-file                     ../../data/train_gappa.tax
  --root-outgroup                  outgroup.txt
  --taxonomy                       
  --ranks-string                   class|order|family|subfamily|tribe|genus|species

Settings:
  --sub-taxopath                   
  --max-level                      0
  --distribution-ratio             -1
  --consensus-thresh               1
  --resolve-missing-paths          false
  --distant-label                  false

Output:
  --out-dir                        train_nt_40/test
  --file-prefix                    
  --file-suffix                    _test_nt_40
  --cami                           false
  --sample-id                      
  --krona                          false
  --sativa                         false
  --per-query-results              true
  --best-hit                       false

Global Options:
  --allow-file-overwriting         true
  --verbose                        false
  --threads                        40
  --log-file

Run the following command to get the references that need to be cited:
`gappa tools citation Czech2020-genesis-and-gappa`

Started 2025-10-29 21:27:06

Found 1 jplace file
Running the assignment

Finished 2025-10-29 21:27:42
	Command being timed: "gappa examine assign --jplace-path train_nt_40/test/epa_result.jplace --taxon-file ../../data/train_gappa.tax --root-outgroup outgroup.txt --ranks-string class|order|family|subfamily|tribe|genus|species --out-dir train_nt_40/test --file-suffix _test_nt_40 --per-query-results --threads 40 --allow-file-overwriting"
	User time (seconds): 36.13
	System time (seconds): 0.24
	Percent of CPU this job got: 99%
	Elapsed (wall clock) time (h:mm:ss or m:ss): 0:36.54
	Average shared text size (kbytes): 0
	Average unshared data size (kbytes): 0
	Average stack size (kbytes): 0
	Average total size (kbytes): 0
	Maximum resident set size (kbytes): 372444
	Average resident set size (kbytes): 0
	Major (requiring I/O) page faults: 18
	Minor (reclaiming a frame) page faults: 99985
	Voluntary context switches: 168
	Involuntary context switches: 39
	Swaps: 0
	File system inputs: 17880
	File system outputs: 45768
	Socket messages sent: 0
	Socket messages received: 0
	Signals delivered: 0
	Page size (bytes): 4096
	Exit status: 0
+ RESULT_FILE=../../results/epang-phyltree/epang-phyltree_test_nt_40.tsv
+ echo 'ID	class	Prob_class	order	Prob_order	family	Prob_family	subfamily	Prob_subfamily	tribe	Prob_tribe	genus	Prob_genus	species	Prob_species'
+ awk '-F ' '
      function write_record(best_prob, best_taxon, new_prob, is_new, new_rank, rank) {
        printf "%s", prev_id
          is_new=0
          new_rank=8
          for (rank = 1; rank <= 7; rank++) {
            if (is_new) {
              printf "\tunk\t%.6f", new_prob[new_rank]
            } else if (new_prob[rank] > best_prob[rank]) {
              is_new = 1
              new_rank = rank
              printf "\tunk\t%.6f", new_prob[rank]
            } else {
              printf "\t%s\t%.6f", best_taxon[rank], best_prob[rank]
            }
          }
          printf "\n"
      }
      BEGIN { prev_id="NA" }
      $1 == "name" { next }
      $1 != prev_id {
        if (prev_id != "NA") {
          write_record(best_prob, best_taxon, new_prob)
        }
        for (rank = 1; rank <= 7; rank++) {
          best_prob[rank] = 0
          new_prob[rank] = 1
          best_taxon[rank] = "NA"
        }
        prev_id = $1
      }
      {
        rank = split($6, a, ";")
        if (rank > 1 && a[rank-1] !~ best_taxon[rank - 1]) next
        new_prob[rank] -= $5
        if ($5 > best_prob[rank]) {
          best_prob[rank] = $5
          best_taxon[rank] = a[rank]
          if (rank < 7) new_prob[rank + 1] = $5
          for (rank2 = rank + 1; rank2 <= 7; rank2++) {
            best_prob[rank2] = 0
            best_taxon[rank2] = "NA"
            new_prob[rank2] = $5
          }
        }
      }
      END{
        write_record(best_prob, best_taxon, new_prob)
      }' train_nt_40/test/per_query_test_nt_40.tsv
+ for TESTSET in test testshort
+ TEST_FILE=../../data/testshort_nt_aln.fasta
+ RAW_DIR=train_nt_40/testshort
+ SUFFIX=testshort_nt_40
+ mkdir -p train_nt_40/testshort
+ /appl/opt/time/1.9/bin/time --verbose epa-ng --tree train_nt_40/train_nt.treefile --ref-msa ../../data/train_nt_aln.fasta --query ../../data/testshort_nt_aln.fasta --out-dir train_nt_40/testshort --model 'GTR{1.44318/8.22888/5.76158/1.60737/26.13179/1.00000}+FU{0.303/0.162/0.152/0.383}+G4{0.413}' --threads 40 --redo
INFO Selected: Output dir: train_nt_40/testshort/
INFO Selected: Query file: ../../data/testshort_nt_aln.fasta
INFO Selected: Tree file: train_nt_40/train_nt.treefile
INFO Selected: Reference MSA: ../../data/train_nt_aln.fasta
INFO Selected: Automatic switching of use of per rate scalers
INFO Selected: Preserving the root of the input tree
INFO Selected: Specified model: GTR{1.44318/8.22888/5.76158/1.60737/26.13179/1.00000}+FU{0.303/0.162/0.152/0.383}+G4{0.413}
INFO Selected: Using threads: 40
INFO     ______ ____   ___           _   __ ______
        / ____// __ \ /   |         / | / // ____/
       / __/  / /_/ // /| | ______ /  |/ // / __  
      / /___ / ____// ___ |/_____// /|  // /_/ /  
     /_____//_/    /_/  |_|      /_/ |_/ \____/ (v0.3.8)
INFO Using model parameters:
INFO    Rate heterogeneity: GAMMA (4 cats, mean),  alpha: 0.413 (user),  weights&rates: (0.25,0.0186337) (0.25,0.191399) (0.25,0.744973) (0.25,3.04499) 
        Base frequencies (user): 0.303 0.162 0.152 0.383 
        Substitution rates (user): 1.44318 8.22888 5.76158 1.60737 26.1318 1
INFO Output file: train_nt_40/testshort/epa_result.jplace
INFO 5000 Sequences done!
INFO 10000 Sequences done!
INFO 15000 Sequences done!
INFO 20000 Sequences done!
INFO 25000 Sequences done!
INFO 26901 Sequences done!
INFO Time spent placing: 86s
INFO Elapsed Time: 92s
	Command being timed: "epa-ng --tree train_nt_40/train_nt.treefile --ref-msa ../../data/train_nt_aln.fasta --query ../../data/testshort_nt_aln.fasta --out-dir train_nt_40/testshort --model GTR{1.44318/8.22888/5.76158/1.60737/26.13179/1.00000}+FU{0.303/0.162/0.152/0.383}+G4{0.413} --threads 40 --redo"
	User time (seconds): 2338.18
	System time (seconds): 10.88
	Percent of CPU this job got: 2523%
	Elapsed (wall clock) time (h:mm:ss or m:ss): 1:33.08
	Average shared text size (kbytes): 0
	Average unshared data size (kbytes): 0
	Average stack size (kbytes): 0
	Average total size (kbytes): 0
	Maximum resident set size (kbytes): 30784000
	Average resident set size (kbytes): 0
	Major (requiring I/O) page faults: 23
	Minor (reclaiming a frame) page faults: 6539401
	Voluntary context switches: 33314
	Involuntary context switches: 3737
	Swaps: 0
	File system inputs: 35328
	File system outputs: 21128
	Socket messages sent: 0
	Socket messages received: 0
	Signals delivered: 0
	Page size (bytes): 4096
	Exit status: 0
+ /appl/opt/time/1.9/bin/time --verbose gappa examine assign --jplace-path train_nt_40/testshort/epa_result.jplace --taxon-file ../../data/train_gappa.tax --root-outgroup outgroup.txt --ranks-string 'class|order|family|subfamily|tribe|genus|species' --out-dir train_nt_40/testshort --file-suffix _testshort_nt_40 --per-query-results --threads 40 --allow-file-overwriting
                                              ....      ....  
                                             '' '||.   .||'   
                                                  ||  ||      
                                                  '|.|'       
     ...'   ....   ... ...  ... ...   ....        .|'|.       
    |  ||  '' .||   ||'  ||  ||'  || '' .||      .|'  ||      
     |''   .|' ||   ||    |  ||    | .|' ||     .|'|.  ||     
    '....  '|..'|'. ||...'   ||...'  '|..'|.    '||'    ||:.  
    '....'          ||       ||                               
                   ''''     ''''   v0.8.5 (c) 2017-2024
                                   by Lucas Czech and Pierre Barbera

Invocation:                        gappa examine assign --jplace-path train_nt_40/testshort/epa_result.jplace --taxon-file ../../data/train_gappa.tax --root-outgroup outgroup.txt --ranks-string class|order|family|subfamily|tribe|genus|species --out-dir train_nt_40/testshort --file-suffix _testshort_nt_40 --per-query-results --threads 40 --allow-file-overwriting
Command:                           gappa examine assign

Input:
  --jplace-path                    train_nt_40/testshort/epa_result.jplace
  --taxon-file                     ../../data/train_gappa.tax
  --root-outgroup                  outgroup.txt
  --taxonomy                       
  --ranks-string                   class|order|family|subfamily|tribe|genus|species

Settings:
  --sub-taxopath                   
  --max-level                      0
  --distribution-ratio             -1
  --consensus-thresh               1
  --resolve-missing-paths          false
  --distant-label                  false

Output:
  --out-dir                        train_nt_40/testshort
  --file-prefix                    
  --file-suffix                    _testshort_nt_40
  --cami                           false
  --sample-id                      
  --krona                          false
  --sativa                         false
  --per-query-results              true
  --best-hit                       false

Global Options:
  --allow-file-overwriting         true
  --verbose                        false
  --threads                        40
  --log-file

Run the following command to get the references that need to be cited:
`gappa tools citation Czech2020-genesis-and-gappa`

Started 2025-10-29 21:29:18

Found 1 jplace file
Running the assignment

Finished 2025-10-29 21:29:53
	Command being timed: "gappa examine assign --jplace-path train_nt_40/testshort/epa_result.jplace --taxon-file ../../data/train_gappa.tax --root-outgroup outgroup.txt --ranks-string class|order|family|subfamily|tribe|genus|species --out-dir train_nt_40/testshort --file-suffix _testshort_nt_40 --per-query-results --threads 40 --allow-file-overwriting"
	User time (seconds): 35.66
	System time (seconds): 0.23
	Percent of CPU this job got: 100%
	Elapsed (wall clock) time (h:mm:ss or m:ss): 0:35.55
	Average shared text size (kbytes): 0
	Average unshared data size (kbytes): 0
	Average stack size (kbytes): 0
	Average total size (kbytes): 0
	Maximum resident set size (kbytes): 375908
	Average resident set size (kbytes): 0
	Major (requiring I/O) page faults: 17
	Minor (reclaiming a frame) page faults: 101337
	Voluntary context switches: 166
	Involuntary context switches: 22
	Swaps: 0
	File system inputs: 0
	File system outputs: 49336
	Socket messages sent: 0
	Socket messages received: 0
	Signals delivered: 0
	Page size (bytes): 4096
	Exit status: 0
+ RESULT_FILE=../../results/epang-phyltree/epang-phyltree_testshort_nt_40.tsv
+ echo 'ID	class	Prob_class	order	Prob_order	family	Prob_family	subfamily	Prob_subfamily	tribe	Prob_tribe	genus	Prob_genus	species	Prob_species'
+ awk '-F ' '
      function write_record(best_prob, best_taxon, new_prob, is_new, new_rank, rank) {
        printf "%s", prev_id
          is_new=0
          new_rank=8
          for (rank = 1; rank <= 7; rank++) {
            if (is_new) {
              printf "\tunk\t%.6f", new_prob[new_rank]
            } else if (new_prob[rank] > best_prob[rank]) {
              is_new = 1
              new_rank = rank
              printf "\tunk\t%.6f", new_prob[rank]
            } else {
              printf "\t%s\t%.6f", best_taxon[rank], best_prob[rank]
            }
          }
          printf "\n"
      }
      BEGIN { prev_id="NA" }
      $1 == "name" { next }
      $1 != prev_id {
        if (prev_id != "NA") {
          write_record(best_prob, best_taxon, new_prob)
        }
        for (rank = 1; rank <= 7; rank++) {
          best_prob[rank] = 0
          new_prob[rank] = 1
          best_taxon[rank] = "NA"
        }
        prev_id = $1
      }
      {
        rank = split($6, a, ";")
        if (rank > 1 && a[rank-1] !~ best_taxon[rank - 1]) next
        new_prob[rank] -= $5
        if ($5 > best_prob[rank]) {
          best_prob[rank] = $5
          best_taxon[rank] = a[rank]
          if (rank < 7) new_prob[rank + 1] = $5
          for (rank2 = rank + 1; rank2 <= 7; rank2++) {
            best_prob[rank2] = 0
            best_taxon[rank2] = "NA"
            new_prob[rank2] = $5
          }
        }
      }
      END{
        write_record(best_prob, best_taxon, new_prob)
      }' train_nt_40/testshort/per_query_testshort_nt_40.tsv
