+ export OMP_NUM_THREADS=16
+ OMP_NUM_THREADS=16
+ export OPENBLAS_NUM_THREADS=16
+ OPENBLAS_NUM_THREADS=16
+ export MKL_NUM_THREADS=16
+ MKL_NUM_THREADS=16
+ export VECLIB_MAXIMUM_THREADS=16
+ VECLIB_MAXIMUM_THREADS=16
+ export NUMEXPR_NUM_THREADS=16
+ NUMEXPR_NUM_THREADS=16
+ export PATH=/appl/opt/time/1.9/bin:/appl/spack/v018/install-tree/gcc-8.5.0/git-lfs-3.1.2-u4tplj/bin:/appl/opt/csc-cli-utils/bin:/appl/spack/v018/install-tree/gcc-11.3.0/openmpi-4.1.4-w2aekq/bin:/appl/spack/v018/install-tree/gcc-11.3.0/intel-oneapi-mkl-2022.1.0-p2wpb4/mkl/2022.1.0/bin/intel64:/appl/spack/v018/install-tree/gcc-8.5.0/gcc-11.3.0-i44hho/bin:/usr/local/bin:/usr/bin:/usr/local/sbin:/usr/sbin:/appl/bin:/users/brfurnea/.local/bin:/users/brfurnea/bin
+ PATH=/appl/opt/time/1.9/bin:/appl/spack/v018/install-tree/gcc-8.5.0/git-lfs-3.1.2-u4tplj/bin:/appl/opt/csc-cli-utils/bin:/appl/spack/v018/install-tree/gcc-11.3.0/openmpi-4.1.4-w2aekq/bin:/appl/spack/v018/install-tree/gcc-11.3.0/intel-oneapi-mkl-2022.1.0-p2wpb4/mkl/2022.1.0/bin/intel64:/appl/spack/v018/install-tree/gcc-8.5.0/gcc-11.3.0-i44hho/bin:/usr/local/bin:/usr/bin:/usr/local/sbin:/usr/sbin:/appl/bin:/users/brfurnea/.local/bin:/users/brfurnea/bin
++ which time
++ alias
++ eval declare -f
+++ declare -f
++ /usr/bin/which --tty-only --read-alias --read-functions --show-tilde --show-dot time
+ TIME='/appl/opt/time/1.9/bin/time --verbose'
+ export PATH=/projappl/project_2005718/bin:/appl/opt/time/1.9/bin:/appl/spack/v018/install-tree/gcc-8.5.0/git-lfs-3.1.2-u4tplj/bin:/appl/opt/csc-cli-utils/bin:/appl/spack/v018/install-tree/gcc-11.3.0/openmpi-4.1.4-w2aekq/bin:/appl/spack/v018/install-tree/gcc-11.3.0/intel-oneapi-mkl-2022.1.0-p2wpb4/mkl/2022.1.0/bin/intel64:/appl/spack/v018/install-tree/gcc-8.5.0/gcc-11.3.0-i44hho/bin:/usr/local/bin:/usr/bin:/usr/local/sbin:/usr/sbin:/appl/bin:/users/brfurnea/.local/bin:/users/brfurnea/bin
+ PATH=/projappl/project_2005718/bin:/appl/opt/time/1.9/bin:/appl/spack/v018/install-tree/gcc-8.5.0/git-lfs-3.1.2-u4tplj/bin:/appl/opt/csc-cli-utils/bin:/appl/spack/v018/install-tree/gcc-11.3.0/openmpi-4.1.4-w2aekq/bin:/appl/spack/v018/install-tree/gcc-11.3.0/intel-oneapi-mkl-2022.1.0-p2wpb4/mkl/2022.1.0/bin/intel64:/appl/spack/v018/install-tree/gcc-8.5.0/gcc-11.3.0-i44hho/bin:/usr/local/bin:/usr/bin:/usr/local/sbin:/usr/sbin:/appl/bin:/users/brfurnea/.local/bin:/users/brfurnea/bin
+ MODEL=epang-phyltree
+ DATA=../../data
+ RESULTS=../../results/epang-phyltree
+ mkdir -p ../../results/epang-phyltree
+ TRAIN_TAXONOMY_FILE=../../data/train_gappa.tax
+ awk '-F\t' '/Arachnida/{print $1}' ../../data/train_gappa.tax
+ for ALPHABET in aa nt
+ INSTANCE=train_aa
+ MODEL_DIR=train_aa_16
+ TRAIN_FILE=../../data/train_aa_aln.fasta
+ CONSTRAINT_FILE=../../data/phylogenetic_constraints.tre
+ rm -fr train_aa_16
+ mkdir -p train_aa_16
+ '[' aa = nt ']'
+ SUBSTITUTION_MODEL=mtART+G4
+ /appl/opt/time/1.9/bin/time --verbose iqtree2 -s ../../data/train_aa_aln.fasta -T 16 -fast -keep-ident --redo -m mtART+G4 -g ../../data/phylogenetic_constraints.tre -pre train_aa_16/train_aa
IQ-TREE multicore version 2.4.0 for Linux x86 64-bit built Mar  4 2025
Developed by Bui Quang Minh, Nguyen Lam Tung, Olga Chernomor, Heiko Schmidt,
Dominik Schrempf, Michael Woodhams, Ly Trong Nhan, Thomas Wong

Host:    r06c58.bullx (AVX512, FMA3, 376 GB RAM)
Command: iqtree2 -s ../../data/train_aa_aln.fasta -T 16 -fast -keep-ident --redo -m mtART+G4 -g ../../data/phylogenetic_constraints.tre -pre train_aa_16/train_aa
Seed:    738804 (Using SPRNG - Scalable Parallel Random Number Generator)
Time:    Tue Oct 28 21:00:10 2025
Kernel:  AVX+FMA - 16 threads (16 CPU cores detected)

Reading alignment file ../../data/train_aa_aln.fasta ... Fasta format detected
Reading fasta file: done in 0.176146 secs using 58.43% CPU
Alignment most likely contains protein sequences
Alignment has 35556 sequences with 219 columns, 219 distinct patterns
212 parsimony-informative, 7 singleton sites, 0 constant sites
Analyzing sequences: done in 0.0129049 secs using 1327% CPU
Reading constraint tree ../../data/phylogenetic_constraints.tre...
Creating fast initial parsimony tree by random order stepwise addition...
78.31 seconds, parsimony score: 44020 (based on 219 sites)

NOTE: 5273 MB RAM (5 GB) is required!
WARNING: Number of threads seems too high for short alignments. Use -T AUTO to determine best number of threads.
Estimate model parameters (epsilon = 0.50)
1. Initial log-likelihood: -254253.81
2. Current log-likelihood: -248180.67
3. Current log-likelihood: -247856.63
4. Current log-likelihood: -247850.28
Optimal log-likelihood: -247848.55
Gamma shape alpha: 0.59
Parameters optimization took 4 rounds (898.35 sec)
Wrote distance file to... 
--------------------------------------------------------------------
|             INITIALIZING CANDIDATE TREE SET                      |
--------------------------------------------------------------------
Generating 1 parsimony trees... 1188.79 second
Computing log-likelihood of 1 initial trees ... 180.99 seconds
Current best score: -247848.55

Do NNI search on 2 best initial trees
Estimate model parameters (epsilon = 0.50)
BETTER TREE FOUND at iteration 1: -245350.30
Finish initializing candidate tree set (4)
Current best tree score: -245350.30 / CPU time: 48398.22
Number of iterations: 2
TREE SEARCH COMPLETED AFTER 2 ITERATIONS / Time: 14h:1m:6s

--------------------------------------------------------------------
|                    FINALIZING TREE SEARCH                        |
--------------------------------------------------------------------
Performs final model parameters optimization
Estimate model parameters (epsilon = 0.05)
1. Initial log-likelihood: -245350.30
Optimal log-likelihood: -245350.30
Gamma shape alpha: 0.59
Parameters optimization took 1 rounds (54.34 sec)
BEST SCORE FOUND : -245350.30
Total tree length: 409.49

Total number of iterations: 2
CPU time used for tree search: 130012.47 sec (36h:6m:52s)
Wall-clock time used for tree search: 48398.59 sec (13h:26m:38s)
Total CPU time used: 143822.46 sec (39h:57m:2s)
Total wall-clock time used: 50521.96 sec (14h:2m:1s)

Analysis results written to: 
  IQ-TREE report:                train_aa_16/train_aa.iqtree
  Maximum-likelihood tree:       train_aa_16/train_aa.treefile
  Screen log file:               train_aa_16/train_aa.log

Date and Time: Wed Oct 29 11:02:21 2025
	Command being timed: "iqtree2 -s ../../data/train_aa_aln.fasta -T 16 -fast -keep-ident --redo -m mtART+G4 -g ../../data/phylogenetic_constraints.tre -pre train_aa_16/train_aa"
	User time (seconds): 143829.85
	System time (seconds): 200.14
	Percent of CPU this job got: 285%
	Elapsed (wall clock) time (h:mm:ss or m:ss): 14:02:13
	Average shared text size (kbytes): 0
	Average unshared data size (kbytes): 0
	Average stack size (kbytes): 0
	Average total size (kbytes): 0
	Maximum resident set size (kbytes): 10670080
	Average resident set size (kbytes): 0
	Major (requiring I/O) page faults: 69562
	Minor (reclaiming a frame) page faults: 2809805
	Voluntary context switches: 15490151
	Involuntary context switches: 76971
	Swaps: 0
	File system inputs: 179648
	File system outputs: 51088
	Socket messages sent: 0
	Socket messages received: 0
	Signals delivered: 0
	Page size (bytes): 4096
	Exit status: 0
+ '[' aa = nt ']'
++ sed -nr '/FINALIZING TREE SEARCH/,$ s|Gamma shape alpha: +([0-9.]+)|\1|p' train_aa_16/train_aa.log
+ alpha=0.59
+ echo 'Detected alpha: 0.59'
Detected alpha: 0.59
+ SUBSTITUTION_PARAMS='mtART+G4{0.59}'
+ for TESTSET in test testshort
+ TEST_FILE=../../data/test_aa_aln.fasta
+ RAW_DIR=train_aa_16/test
+ SUFFIX=test_aa_16
+ mkdir -p train_aa_16/test
+ /appl/opt/time/1.9/bin/time --verbose epa-ng --tree train_aa_16/train_aa.treefile --ref-msa ../../data/train_aa_aln.fasta --query ../../data/test_aa_aln.fasta --out-dir train_aa_16/test --model 'mtART+G4{0.59}' --threads 16 --redo
INFO Selected: Output dir: train_aa_16/test/
INFO Selected: Query file: ../../data/test_aa_aln.fasta
INFO Selected: Tree file: train_aa_16/train_aa.treefile
INFO Selected: Reference MSA: ../../data/train_aa_aln.fasta
INFO Selected: Automatic switching of use of per rate scalers
INFO Selected: Preserving the root of the input tree
INFO Selected: Specified model: mtART+G4{0.59}
INFO Selected: Using threads: 16
INFO     ______ ____   ___           _   __ ______
        / ____// __ \ /   |         / | / // ____/
       / __/  / /_/ // /| | ______ /  |/ // / __  
      / /___ / ____// ___ |/_____// /|  // /_/ /  
     /_____//_/    /_/  |_|      /_/ |_/ \____/ (v0.3.8)
INFO Using model parameters:
INFO    Rate heterogeneity: GAMMA (4 cats, mean),  alpha: 0.59 (user),  weights&rates: (0.25,0.0510523) (0.25,0.306668) (0.25,0.87613) (0.25,2.76615) 
        Base frequencies (model): 0.054116 0.018227 0.039903 0.02016 0.009709 0.018781 0.024289 0.068183 0.024518 0.092638 0.148658 0.021718 0.061453 0.088668 0.041826 0.09103 0.049194 0.029786 0.039443 0.057701 
        Substitution rates (model): 0.2 0.2 1 254 0.2 0.2 200 0.2 26 4 0.2 121 13 49 673 244 0.2 1 340 0.2 4 36 154 0.2 0.2 41 2 2 209 5 5 0.2 3 0.2 0.2 4 0.2 500 98 262 183 121 180 21 13 467 79 20 17 398 166 8 251 23 11 0.2 862 12 0.2 7 1 2 0.2 0.2 0.2 44 0.2 0.2 0.2 0.2 0.2 0.2 81 12 63 79 0.2 312 184 0.2 664 183 22 72 350 262 3 314 11 16 349 67 0.2 39 52 44 7 87 0.2 44 15 7 2 106 0.2 0.2 8 31 43 11 8 14 0.2 3 1 0.2 56 1 0.2 226 0.2 2 9 3 0.2 6 0.2 0.2 14 1 11 19 0.2 191 0.2 515 3 515 118 0.2 7 204 0.2 12 1855 4 885 263 12 8 48 21 20 85 106 11 17 144 70 16 117 26 322 5 112 289 71 71 281 15 36 14 54 792 52 87 47 0.2 18 32 660 2 30 61 0.2 46 544 38 0.2 2
INFO Output file: train_aa_16/test/epa_result.jplace
INFO 5000 Sequences done!
INFO 10000 Sequences done!
INFO 15000 Sequences done!
INFO 20000 Sequences done!
INFO 25000 Sequences done!
INFO 26901 Sequences done!
INFO Time spent placing: 11659s
INFO Elapsed Time: 11720s
	Command being timed: "epa-ng --tree train_aa_16/train_aa.treefile --ref-msa ../../data/train_aa_aln.fasta --query ../../data/test_aa_aln.fasta --out-dir train_aa_16/test --model mtART+G4{0.59} --threads 16 --redo"
	User time (seconds): 184480.76
	System time (seconds): 20.52
	Percent of CPU this job got: 1573%
	Elapsed (wall clock) time (h:mm:ss or m:ss): 3:15:23
	Average shared text size (kbytes): 0
	Average unshared data size (kbytes): 0
	Average stack size (kbytes): 0
	Average total size (kbytes): 0
	Maximum resident set size (kbytes): 39576340
	Average resident set size (kbytes): 0
	Major (requiring I/O) page faults: 21880
	Minor (reclaiming a frame) page faults: 9855848
	Voluntary context switches: 38459
	Involuntary context switches: 154214
	Swaps: 0
	File system inputs: 70584
	File system outputs: 24600
	Socket messages sent: 0
	Socket messages received: 0
	Signals delivered: 0
	Page size (bytes): 4096
	Exit status: 0
+ /appl/opt/time/1.9/bin/time --verbose gappa examine assign --jplace-path train_aa_16/test/epa_result.jplace --taxon-file ../../data/train_gappa.tax --root-outgroup outgroup.txt --ranks-string 'class|order|family|subfamily|tribe|genus|species' --out-dir train_aa_16/test --file-suffix _test_aa_16 --per-query-results --threads 16 --allow-file-overwriting
                                              ....      ....  
                                             '' '||.   .||'   
                                                  ||  ||      
                                                  '|.|'       
     ...'   ....   ... ...  ... ...   ....        .|'|.       
    |  ||  '' .||   ||'  ||  ||'  || '' .||      .|'  ||      
     |''   .|' ||   ||    |  ||    | .|' ||     .|'|.  ||     
    '....  '|..'|'. ||...'   ||...'  '|..'|.    '||'    ||:.  
    '....'          ||       ||                               
                   ''''     ''''   v0.8.5 (c) 2017-2024
                                   by Lucas Czech and Pierre Barbera

Invocation:                        gappa examine assign --jplace-path train_aa_16/test/epa_result.jplace --taxon-file ../../data/train_gappa.tax --root-outgroup outgroup.txt --ranks-string class|order|family|subfamily|tribe|genus|species --out-dir train_aa_16/test --file-suffix _test_aa_16 --per-query-results --threads 16 --allow-file-overwriting
Command:                           gappa examine assign

Input:
  --jplace-path                    train_aa_16/test/epa_result.jplace
  --taxon-file                     ../../data/train_gappa.tax
  --root-outgroup                  outgroup.txt
  --taxonomy                       
  --ranks-string                   class|order|family|subfamily|tribe|genus|species

Settings:
  --sub-taxopath                   
  --max-level                      0
  --distribution-ratio             -1
  --consensus-thresh               1
  --resolve-missing-paths          false
  --distant-label                  false

Output:
  --out-dir                        train_aa_16/test
  --file-prefix                    
  --file-suffix                    _test_aa_16
  --cami                           false
  --sample-id                      
  --krona                          false
  --sativa                         false
  --per-query-results              true
  --best-hit                       false

Global Options:
  --allow-file-overwriting         true
  --verbose                        false
  --threads                        16
  --log-file

Run the following command to get the references that need to be cited:
`gappa tools citation Czech2020-genesis-and-gappa`

Started 2025-10-29 14:17:46

Found 1 jplace file
Running the assignment

Finished 2025-10-29 14:18:52
	Command being timed: "gappa examine assign --jplace-path train_aa_16/test/epa_result.jplace --taxon-file ../../data/train_gappa.tax --root-outgroup outgroup.txt --ranks-string class|order|family|subfamily|tribe|genus|species --out-dir train_aa_16/test --file-suffix _test_aa_16 --per-query-results --threads 16 --allow-file-overwriting"
	User time (seconds): 65.32
	System time (seconds): 0.27
	Percent of CPU this job got: 98%
	Elapsed (wall clock) time (h:mm:ss or m:ss): 1:06.42
	Average shared text size (kbytes): 0
	Average unshared data size (kbytes): 0
	Average stack size (kbytes): 0
	Average total size (kbytes): 0
	Maximum resident set size (kbytes): 379724
	Average resident set size (kbytes): 0
	Major (requiring I/O) page faults: 161
	Minor (reclaiming a frame) page faults: 101639
	Voluntary context switches: 272
	Involuntary context switches: 31
	Swaps: 0
	File system inputs: 42256
	File system outputs: 51904
	Socket messages sent: 0
	Socket messages received: 0
	Signals delivered: 0
	Page size (bytes): 4096
	Exit status: 0
+ RESULT_FILE=../../results/epang-phyltree/epang-phyltree_test_aa_16.tsv
+ echo 'ID	class	Prob_class	order	Prob_order	family	Prob_family	subfamily	Prob_subfamily	tribe	Prob_tribe	genus	Prob_genus	species	Prob_species'
+ awk '-F ' '
      function write_record(best_prob, best_taxon, new_prob, is_new, new_rank, rank) {
        printf "%s", prev_id
          is_new=0
          new_rank=8
          for (rank = 1; rank <= 7; rank++) {
            if (is_new) {
              printf "\tunk\t%.6f", new_prob[new_rank]
            } else if (new_prob[rank] > best_prob[rank]) {
              is_new = 1
              new_rank = rank
              printf "\tunk\t%.6f", new_prob[rank]
            } else {
              printf "\t%s\t%.6f", best_taxon[rank], best_prob[rank]
            }
          }
          printf "\n"
      }
      BEGIN { prev_id="NA" }
      $1 == "name" { next }
      $1 != prev_id {
        if (prev_id != "NA") {
          write_record(best_prob, best_taxon, new_prob)
        }
        for (rank = 1; rank <= 7; rank++) {
          best_prob[rank] = 0
          new_prob[rank] = 1
          best_taxon[rank] = "NA"
        }
        prev_id = $1
      }
      {
        rank = split($6, a, ";")
        if (rank > 1 && a[rank-1] !~ best_taxon[rank - 1]) next
        new_prob[rank] -= $5
        if ($5 > best_prob[rank]) {
          best_prob[rank] = $5
          best_taxon[rank] = a[rank]
          if (rank < 7) new_prob[rank + 1] = $5
          for (rank2 = rank + 1; rank2 <= 7; rank2++) {
            best_prob[rank2] = 0
            best_taxon[rank2] = "NA"
            new_prob[rank2] = $5
          }
        }
      }
      END{
        write_record(best_prob, best_taxon, new_prob)
      }' train_aa_16/test/per_query_test_aa_16.tsv
+ for TESTSET in test testshort
+ TEST_FILE=../../data/testshort_aa_aln.fasta
+ RAW_DIR=train_aa_16/testshort
+ SUFFIX=testshort_aa_16
+ mkdir -p train_aa_16/testshort
+ /appl/opt/time/1.9/bin/time --verbose epa-ng --tree train_aa_16/train_aa.treefile --ref-msa ../../data/train_aa_aln.fasta --query ../../data/testshort_aa_aln.fasta --out-dir train_aa_16/testshort --model 'mtART+G4{0.59}' --threads 16 --redo
INFO Selected: Output dir: train_aa_16/testshort/
INFO Selected: Query file: ../../data/testshort_aa_aln.fasta
INFO Selected: Tree file: train_aa_16/train_aa.treefile
INFO Selected: Reference MSA: ../../data/train_aa_aln.fasta
INFO Selected: Automatic switching of use of per rate scalers
INFO Selected: Preserving the root of the input tree
INFO Selected: Specified model: mtART+G4{0.59}
INFO Selected: Using threads: 16
INFO     ______ ____   ___           _   __ ______
        / ____// __ \ /   |         / | / // ____/
       / __/  / /_/ // /| | ______ /  |/ // / __  
      / /___ / ____// ___ |/_____// /|  // /_/ /  
     /_____//_/    /_/  |_|      /_/ |_/ \____/ (v0.3.8)
INFO Using model parameters:
INFO    Rate heterogeneity: GAMMA (4 cats, mean),  alpha: 0.59 (user),  weights&rates: (0.25,0.0510523) (0.25,0.306668) (0.25,0.87613) (0.25,2.76615) 
        Base frequencies (model): 0.054116 0.018227 0.039903 0.02016 0.009709 0.018781 0.024289 0.068183 0.024518 0.092638 0.148658 0.021718 0.061453 0.088668 0.041826 0.09103 0.049194 0.029786 0.039443 0.057701 
        Substitution rates (model): 0.2 0.2 1 254 0.2 0.2 200 0.2 26 4 0.2 121 13 49 673 244 0.2 1 340 0.2 4 36 154 0.2 0.2 41 2 2 209 5 5 0.2 3 0.2 0.2 4 0.2 500 98 262 183 121 180 21 13 467 79 20 17 398 166 8 251 23 11 0.2 862 12 0.2 7 1 2 0.2 0.2 0.2 44 0.2 0.2 0.2 0.2 0.2 0.2 81 12 63 79 0.2 312 184 0.2 664 183 22 72 350 262 3 314 11 16 349 67 0.2 39 52 44 7 87 0.2 44 15 7 2 106 0.2 0.2 8 31 43 11 8 14 0.2 3 1 0.2 56 1 0.2 226 0.2 2 9 3 0.2 6 0.2 0.2 14 1 11 19 0.2 191 0.2 515 3 515 118 0.2 7 204 0.2 12 1855 4 885 263 12 8 48 21 20 85 106 11 17 144 70 16 117 26 322 5 112 289 71 71 281 15 36 14 54 792 52 87 47 0.2 18 32 660 2 30 61 0.2 46 544 38 0.2 2
INFO Output file: train_aa_16/testshort/epa_result.jplace
INFO 5000 Sequences done!
INFO 10000 Sequences done!
INFO 15000 Sequences done!
INFO 20000 Sequences done!
INFO 25000 Sequences done!
INFO 26901 Sequences done!
INFO Time spent placing: 12084s
INFO Elapsed Time: 12135s
	Command being timed: "epa-ng --tree train_aa_16/train_aa.treefile --ref-msa ../../data/train_aa_aln.fasta --query ../../data/testshort_aa_aln.fasta --out-dir train_aa_16/testshort --model mtART+G4{0.59} --threads 16 --redo"
	User time (seconds): 191616.97
	System time (seconds): 22.76
	Percent of CPU this job got: 1578%
	Elapsed (wall clock) time (h:mm:ss or m:ss): 3:22:18
	Average shared text size (kbytes): 0
	Average unshared data size (kbytes): 0
	Average stack size (kbytes): 0
	Average total size (kbytes): 0
	Maximum resident set size (kbytes): 33134068
	Average resident set size (kbytes): 0
	Major (requiring I/O) page faults: 69975
	Minor (reclaiming a frame) page faults: 8299606
	Voluntary context switches: 78424
	Involuntary context switches: 204520
	Swaps: 0
	File system inputs: 120112
	File system outputs: 26392
	Socket messages sent: 0
	Socket messages received: 0
	Signals delivered: 0
	Page size (bytes): 4096
	Exit status: 0
+ /appl/opt/time/1.9/bin/time --verbose gappa examine assign --jplace-path train_aa_16/testshort/epa_result.jplace --taxon-file ../../data/train_gappa.tax --root-outgroup outgroup.txt --ranks-string 'class|order|family|subfamily|tribe|genus|species' --out-dir train_aa_16/testshort --file-suffix _testshort_aa_16 --per-query-results --threads 16 --allow-file-overwriting
                                              ....      ....  
                                             '' '||.   .||'   
                                                  ||  ||      
                                                  '|.|'       
     ...'   ....   ... ...  ... ...   ....        .|'|.       
    |  ||  '' .||   ||'  ||  ||'  || '' .||      .|'  ||      
     |''   .|' ||   ||    |  ||    | .|' ||     .|'|.  ||     
    '....  '|..'|'. ||...'   ||...'  '|..'|.    '||'    ||:.  
    '....'          ||       ||                               
                   ''''     ''''   v0.8.5 (c) 2017-2024
                                   by Lucas Czech and Pierre Barbera

Invocation:                        gappa examine assign --jplace-path train_aa_16/testshort/epa_result.jplace --taxon-file ../../data/train_gappa.tax --root-outgroup outgroup.txt --ranks-string class|order|family|subfamily|tribe|genus|species --out-dir train_aa_16/testshort --file-suffix _testshort_aa_16 --per-query-results --threads 16 --allow-file-overwriting
Command:                           gappa examine assign

Input:
  --jplace-path                    train_aa_16/testshort/epa_result.jplace
  --taxon-file                     ../../data/train_gappa.tax
  --root-outgroup                  outgroup.txt
  --taxonomy                       
  --ranks-string                   class|order|family|subfamily|tribe|genus|species

Settings:
  --sub-taxopath                   
  --max-level                      0
  --distribution-ratio             -1
  --consensus-thresh               1
  --resolve-missing-paths          false
  --distant-label                  false

Output:
  --out-dir                        train_aa_16/testshort
  --file-prefix                    
  --file-suffix                    _testshort_aa_16
  --cami                           false
  --sample-id                      
  --krona                          false
  --sativa                         false
  --per-query-results              true
  --best-hit                       false

Global Options:
  --allow-file-overwriting         true
  --verbose                        false
  --threads                        16
  --log-file

Run the following command to get the references that need to be cited:
`gappa tools citation Czech2020-genesis-and-gappa`

Started 2025-10-29 17:41:14

Found 1 jplace file
Running the assignment

Finished 2025-10-29 17:42:12
	Command being timed: "gappa examine assign --jplace-path train_aa_16/testshort/epa_result.jplace --taxon-file ../../data/train_gappa.tax --root-outgroup outgroup.txt --ranks-string class|order|family|subfamily|tribe|genus|species --out-dir train_aa_16/testshort --file-suffix _testshort_aa_16 --per-query-results --threads 16 --allow-file-overwriting"
	User time (seconds): 57.57
	System time (seconds): 0.26
	Percent of CPU this job got: 98%
	Elapsed (wall clock) time (h:mm:ss or m:ss): 0:58.46
	Average shared text size (kbytes): 0
	Average unshared data size (kbytes): 0
	Average stack size (kbytes): 0
	Average total size (kbytes): 0
	Maximum resident set size (kbytes): 381584
	Average resident set size (kbytes): 0
	Major (requiring I/O) page faults: 161
	Minor (reclaiming a frame) page faults: 102331
	Voluntary context switches: 271
	Involuntary context switches: 25
	Swaps: 0
	File system inputs: 39816
	File system outputs: 56912
	Socket messages sent: 0
	Socket messages received: 0
	Signals delivered: 0
	Page size (bytes): 4096
	Exit status: 0
+ RESULT_FILE=../../results/epang-phyltree/epang-phyltree_testshort_aa_16.tsv
+ echo 'ID	class	Prob_class	order	Prob_order	family	Prob_family	subfamily	Prob_subfamily	tribe	Prob_tribe	genus	Prob_genus	species	Prob_species'
+ awk '-F ' '
      function write_record(best_prob, best_taxon, new_prob, is_new, new_rank, rank) {
        printf "%s", prev_id
          is_new=0
          new_rank=8
          for (rank = 1; rank <= 7; rank++) {
            if (is_new) {
              printf "\tunk\t%.6f", new_prob[new_rank]
            } else if (new_prob[rank] > best_prob[rank]) {
              is_new = 1
              new_rank = rank
              printf "\tunk\t%.6f", new_prob[rank]
            } else {
              printf "\t%s\t%.6f", best_taxon[rank], best_prob[rank]
            }
          }
          printf "\n"
      }
      BEGIN { prev_id="NA" }
      $1 == "name" { next }
      $1 != prev_id {
        if (prev_id != "NA") {
          write_record(best_prob, best_taxon, new_prob)
        }
        for (rank = 1; rank <= 7; rank++) {
          best_prob[rank] = 0
          new_prob[rank] = 1
          best_taxon[rank] = "NA"
        }
        prev_id = $1
      }
      {
        rank = split($6, a, ";")
        if (rank > 1 && a[rank-1] !~ best_taxon[rank - 1]) next
        new_prob[rank] -= $5
        if ($5 > best_prob[rank]) {
          best_prob[rank] = $5
          best_taxon[rank] = a[rank]
          if (rank < 7) new_prob[rank + 1] = $5
          for (rank2 = rank + 1; rank2 <= 7; rank2++) {
            best_prob[rank2] = 0
            best_taxon[rank2] = "NA"
            new_prob[rank2] = $5
          }
        }
      }
      END{
        write_record(best_prob, best_taxon, new_prob)
      }' train_aa_16/testshort/per_query_testshort_aa_16.tsv
+ for ALPHABET in aa nt
+ INSTANCE=train_nt
+ MODEL_DIR=train_nt_16
+ TRAIN_FILE=../../data/train_nt_aln.fasta
+ CONSTRAINT_FILE=../../data/phylogenetic_constraints.tre
+ rm -fr train_nt_16
+ mkdir -p train_nt_16
+ '[' nt = nt ']'
+ SUBSTITUTION_MODEL=GTR+G4
+ /appl/opt/time/1.9/bin/time --verbose iqtree2 -s ../../data/train_nt_aln.fasta -T 16 -fast -keep-ident --redo -m GTR+G4 -g ../../data/phylogenetic_constraints.tre -pre train_nt_16/train_nt
IQ-TREE multicore version 2.4.0 for Linux x86 64-bit built Mar  4 2025
Developed by Bui Quang Minh, Nguyen Lam Tung, Olga Chernomor, Heiko Schmidt,
Dominik Schrempf, Michael Woodhams, Ly Trong Nhan, Thomas Wong

Host:    r06c58.bullx (AVX512, FMA3, 376 GB RAM)
Command: iqtree2 -s ../../data/train_nt_aln.fasta -T 16 -fast -keep-ident --redo -m GTR+G4 -g ../../data/phylogenetic_constraints.tre -pre train_nt_16/train_nt
Seed:    347718 (Using SPRNG - Scalable Parallel Random Number Generator)
Time:    Wed Oct 29 17:42:16 2025
Kernel:  AVX+FMA - 16 threads (16 CPU cores detected)

Reading alignment file ../../data/train_nt_aln.fasta ... Fasta format detected
Reading fasta file: done in 0.404417 secs using 67.72% CPU
Alignment most likely contains DNA/RNA sequences
Alignment has 35556 sequences with 658 columns, 655 distinct patterns
623 parsimony-informative, 22 singleton sites, 13 constant sites
Analyzing sequences: done in 0.00607776 secs using 1627% CPU
Reading constraint tree ../../data/phylogenetic_constraints.tre...
Creating fast initial parsimony tree by random order stepwise addition...
96.17 seconds, parsimony score: 521592 (based on 645 sites)

NOTE: 3043 MB RAM (2 GB) is required!
WARNING: Number of threads seems too high for short alignments. Use -T AUTO to determine best number of threads.
Estimate model parameters (epsilon = 0.50)
1. Initial log-likelihood: -2281901.50
2. Current log-likelihood: -2091587.66
3. Current log-likelihood: -2082858.68
4. Current log-likelihood: -2081187.79
5. Current log-likelihood: -2080976.68
6. Current log-likelihood: -2080718.04
7. Current log-likelihood: -2080671.77
8. Current log-likelihood: -2080665.81
9. Current log-likelihood: -2080664.62
Optimal log-likelihood: -2080663.98
Rate parameters:  A-C: 1.40072  A-G: 7.77273  A-T: 5.44921  C-G: 1.55524  C-T: 24.47654  G-T: 1.00000
Base frequencies:  A: 0.303  C: 0.162  G: 0.152  T: 0.383
Gamma shape alpha: 0.415
Parameters optimization took 9 rounds (11071.537 sec)
Wrote distance file to... 
--------------------------------------------------------------------
|             INITIALIZING CANDIDATE TREE SET                      |
--------------------------------------------------------------------
Generating 1 parsimony trees... 72.740 second
Computing log-likelihood of 1 initial trees ... 508.119 seconds
Current best score: -2080663.981

Do NNI search on 2 best initial trees
Estimate model parameters (epsilon = 0.500)
BETTER TREE FOUND at iteration 1: -2069008.849
Estimate model parameters (epsilon = 0.500)
BETTER TREE FOUND at iteration 2: -2068875.230
Finish initializing candidate tree set (4)
Current best tree score: -2068875.230 / CPU time: 56291.395
Number of iterations: 2
TREE SEARCH COMPLETED AFTER 2 ITERATIONS / Time: 19h:6m:48s

--------------------------------------------------------------------
|                    FINALIZING TREE SEARCH                        |
--------------------------------------------------------------------
Performs final model parameters optimization
Estimate model parameters (epsilon = 0.050)
1. Initial log-likelihood: -2068875.230
Optimal log-likelihood: -2068875.191
Rate parameters:  A-C: 1.41704  A-G: 8.13030  A-T: 5.68939  C-G: 1.57329  C-T: 25.74778  G-T: 1.00000
Base frequencies:  A: 0.303  C: 0.162  G: 0.152  T: 0.383
Gamma shape alpha: 0.411
Parameters optimization took 1 rounds (395.061 sec)
BEST SCORE FOUND : -2068875.191
Total tree length: 1761.072

Total number of iterations: 2
CPU time used for tree search: 178589.437 sec (49h:36m:29s)
Wall-clock time used for tree search: 56292.316 sec (15h:38m:12s)
Total CPU time used: 255528.597 sec (70h:58m:48s)
Total wall-clock time used: 69206.739 sec (19h:13m:26s)

Analysis results written to: 
  IQ-TREE report:                train_nt_16/train_nt.iqtree
  Maximum-likelihood tree:       train_nt_16/train_nt.treefile
  Screen log file:               train_nt_16/train_nt.log

Date and Time: Thu Oct 30 12:55:51 2025
	Command being timed: "iqtree2 -s ../../data/train_nt_aln.fasta -T 16 -fast -keep-ident --redo -m GTR+G4 -g ../../data/phylogenetic_constraints.tre -pre train_nt_16/train_nt"
	User time (seconds): 255535.78
	System time (seconds): 419.65
	Percent of CPU this job got: 369%
	Elapsed (wall clock) time (h:mm:ss or m:ss): 19:13:36
	Average shared text size (kbytes): 0
	Average unshared data size (kbytes): 0
	Average stack size (kbytes): 0
	Average total size (kbytes): 0
	Maximum resident set size (kbytes): 7477204
	Average resident set size (kbytes): 0
	Major (requiring I/O) page faults: 44491
	Minor (reclaiming a frame) page faults: 2206742
	Voluntary context switches: 34276512
	Involuntary context switches: 213706
	Swaps: 0
	File system inputs: 162336
	File system outputs: 51072
	Socket messages sent: 0
	Socket messages received: 0
	Signals delivered: 0
	Page size (bytes): 4096
	Exit status: 0
+ '[' nt = nt ']'
++ sed -nr '/FINALIZING TREE SEARCH/,$ s|Rate parameters:  A-C: ([0-9.]+) +A-G: ([0-9.]+)  A-T: ([0-9.]+)  C-G: ([0-9.]+)  C-T: ([0-9.]+)  G-T: ([0-9.]+)|\1/\2/\3/\4/\5/\6|p' train_nt_16/train_nt.log
+ rates=1.41704/8.13030/5.68939/1.57329/25.74778/1.00000
+ echo 'Detected rates: 1.41704/8.13030/5.68939/1.57329/25.74778/1.00000'
Detected rates: 1.41704/8.13030/5.68939/1.57329/25.74778/1.00000
++ sed -nr '/FINALIZING TREE SEARCH/,$ s|Base frequencies:  A: ([0-9.]+) +C: ([0-9.]+) +G: ([0-9.]+) +T: ([0-9.]+)|\1/\2/\3/\4|p' train_nt_16/train_nt.log
+ frequencies=0.303/0.162/0.152/0.383
+ echo 'Detected base frequencies: 0.303/0.162/0.152/0.383'
Detected base frequencies: 0.303/0.162/0.152/0.383
++ sed -nr '/FINALIZING TREE SEARCH/,$ s|Gamma shape alpha: +([0-9.]+)|\1|p' train_nt_16/train_nt.log
+ alpha=0.411
+ echo 'Detected alpha: 0.411'
Detected alpha: 0.411
+ SUBSTITUTION_PARAMS='GTR{1.41704/8.13030/5.68939/1.57329/25.74778/1.00000}+FU{0.303/0.162/0.152/0.383}+G4{0.411}'
+ for TESTSET in test testshort
+ TEST_FILE=../../data/test_nt_aln.fasta
+ RAW_DIR=train_nt_16/test
+ SUFFIX=test_nt_16
+ mkdir -p train_nt_16/test
+ /appl/opt/time/1.9/bin/time --verbose epa-ng --tree train_nt_16/train_nt.treefile --ref-msa ../../data/train_nt_aln.fasta --query ../../data/test_nt_aln.fasta --out-dir train_nt_16/test --model 'GTR{1.41704/8.13030/5.68939/1.57329/25.74778/1.00000}+FU{0.303/0.162/0.152/0.383}+G4{0.411}' --threads 16 --redo
INFO Selected: Output dir: train_nt_16/test/
INFO Selected: Query file: ../../data/test_nt_aln.fasta
INFO Selected: Tree file: train_nt_16/train_nt.treefile
INFO Selected: Reference MSA: ../../data/train_nt_aln.fasta
INFO Selected: Automatic switching of use of per rate scalers
INFO Selected: Preserving the root of the input tree
INFO Selected: Specified model: GTR{1.41704/8.13030/5.68939/1.57329/25.74778/1.00000}+FU{0.303/0.162/0.152/0.383}+G4{0.411}
INFO Selected: Using threads: 16
INFO     ______ ____   ___           _   __ ______
        / ____// __ \ /   |         / | / // ____/
       / __/  / /_/ // /| | ______ /  |/ // / __  
      / /___ / ____// ___ |/_____// /|  // /_/ /  
     /_____//_/    /_/  |_|      /_/ |_/ \____/ (v0.3.8)
INFO Using model parameters:
INFO    Rate heterogeneity: GAMMA (4 cats, mean),  alpha: 0.411 (user),  weights&rates: (0.25,0.0183328) (0.25,0.189924) (0.25,0.742915) (0.25,3.04883) 
        Base frequencies (user): 0.303 0.162 0.152 0.383 
        Substitution rates (user): 1.41704 8.1303 5.68939 1.57329 25.7478 1
INFO Output file: train_nt_16/test/epa_result.jplace
INFO 5000 Sequences done!
INFO 10000 Sequences done!
INFO 15000 Sequences done!
INFO 20000 Sequences done!
INFO 25000 Sequences done!
INFO 26901 Sequences done!
INFO Time spent placing: 232s
INFO Elapsed Time: 244s
	Command being timed: "epa-ng --tree train_nt_16/train_nt.treefile --ref-msa ../../data/train_nt_aln.fasta --query ../../data/test_nt_aln.fasta --out-dir train_nt_16/test --model GTR{1.41704/8.13030/5.68939/1.57329/25.74778/1.00000}+FU{0.303/0.162/0.152/0.383}+G4{0.411} --threads 16 --redo"
	User time (seconds): 2908.71
	System time (seconds): 16.32
	Percent of CPU this job got: 1172%
	Elapsed (wall clock) time (h:mm:ss or m:ss): 4:09.46
	Average shared text size (kbytes): 0
	Average unshared data size (kbytes): 0
	Average stack size (kbytes): 0
	Average total size (kbytes): 0
	Maximum resident set size (kbytes): 36649392
	Average resident set size (kbytes): 0
	Major (requiring I/O) page faults: 3762
	Minor (reclaiming a frame) page faults: 8698206
	Voluntary context switches: 19118
	Involuntary context switches: 2721
	Swaps: 0
	File system inputs: 101672
	File system outputs: 18264
	Socket messages sent: 0
	Socket messages received: 0
	Signals delivered: 0
	Page size (bytes): 4096
	Exit status: 0
+ /appl/opt/time/1.9/bin/time --verbose gappa examine assign --jplace-path train_nt_16/test/epa_result.jplace --taxon-file ../../data/train_gappa.tax --root-outgroup outgroup.txt --ranks-string 'class|order|family|subfamily|tribe|genus|species' --out-dir train_nt_16/test --file-suffix _test_nt_16 --per-query-results --threads 16 --allow-file-overwriting
                                              ....      ....  
                                             '' '||.   .||'   
                                                  ||  ||      
                                                  '|.|'       
     ...'   ....   ... ...  ... ...   ....        .|'|.       
    |  ||  '' .||   ||'  ||  ||'  || '' .||      .|'  ||      
     |''   .|' ||   ||    |  ||    | .|' ||     .|'|.  ||     
    '....  '|..'|'. ||...'   ||...'  '|..'|.    '||'    ||:.  
    '....'          ||       ||                               
                   ''''     ''''   v0.8.5 (c) 2017-2024
                                   by Lucas Czech and Pierre Barbera

Invocation:                        gappa examine assign --jplace-path train_nt_16/test/epa_result.jplace --taxon-file ../../data/train_gappa.tax --root-outgroup outgroup.txt --ranks-string class|order|family|subfamily|tribe|genus|species --out-dir train_nt_16/test --file-suffix _test_nt_16 --per-query-results --threads 16 --allow-file-overwriting
Command:                           gappa examine assign

Input:
  --jplace-path                    train_nt_16/test/epa_result.jplace
  --taxon-file                     ../../data/train_gappa.tax
  --root-outgroup                  outgroup.txt
  --taxonomy                       
  --ranks-string                   class|order|family|subfamily|tribe|genus|species

Settings:
  --sub-taxopath                   
  --max-level                      0
  --distribution-ratio             -1
  --consensus-thresh               1
  --resolve-missing-paths          false
  --distant-label                  false

Output:
  --out-dir                        train_nt_16/test
  --file-prefix                    
  --file-suffix                    _test_nt_16
  --cami                           false
  --sample-id                      
  --krona                          false
  --sativa                         false
  --per-query-results              true
  --best-hit                       false

Global Options:
  --allow-file-overwriting         true
  --verbose                        false
  --threads                        16
  --log-file

Run the following command to get the references that need to be cited:
`gappa tools citation Czech2020-genesis-and-gappa`

Started 2025-10-30 13:00:07

Found 1 jplace file
Running the assignment

Finished 2025-10-30 13:01:19
	Command being timed: "gappa examine assign --jplace-path train_nt_16/test/epa_result.jplace --taxon-file ../../data/train_gappa.tax --root-outgroup outgroup.txt --ranks-string class|order|family|subfamily|tribe|genus|species --out-dir train_nt_16/test --file-suffix _test_nt_16 --per-query-results --threads 16 --allow-file-overwriting"
	User time (seconds): 72.09
	System time (seconds): 0.23
	Percent of CPU this job got: 93%
	Elapsed (wall clock) time (h:mm:ss or m:ss): 1:17.58
	Average shared text size (kbytes): 0
	Average unshared data size (kbytes): 0
	Average stack size (kbytes): 0
	Average total size (kbytes): 0
	Maximum resident set size (kbytes): 372292
	Average resident set size (kbytes): 0
	Major (requiring I/O) page faults: 148
	Minor (reclaiming a frame) page faults: 99679
	Voluntary context switches: 227
	Involuntary context switches: 33
	Swaps: 0
	File system inputs: 36256
	File system outputs: 45680
	Socket messages sent: 0
	Socket messages received: 0
	Signals delivered: 0
	Page size (bytes): 4096
	Exit status: 0
+ RESULT_FILE=../../results/epang-phyltree/epang-phyltree_test_nt_16.tsv
+ echo 'ID	class	Prob_class	order	Prob_order	family	Prob_family	subfamily	Prob_subfamily	tribe	Prob_tribe	genus	Prob_genus	species	Prob_species'
+ awk '-F ' '
      function write_record(best_prob, best_taxon, new_prob, is_new, new_rank, rank) {
        printf "%s", prev_id
          is_new=0
          new_rank=8
          for (rank = 1; rank <= 7; rank++) {
            if (is_new) {
              printf "\tunk\t%.6f", new_prob[new_rank]
            } else if (new_prob[rank] > best_prob[rank]) {
              is_new = 1
              new_rank = rank
              printf "\tunk\t%.6f", new_prob[rank]
            } else {
              printf "\t%s\t%.6f", best_taxon[rank], best_prob[rank]
            }
          }
          printf "\n"
      }
      BEGIN { prev_id="NA" }
      $1 == "name" { next }
      $1 != prev_id {
        if (prev_id != "NA") {
          write_record(best_prob, best_taxon, new_prob)
        }
        for (rank = 1; rank <= 7; rank++) {
          best_prob[rank] = 0
          new_prob[rank] = 1
          best_taxon[rank] = "NA"
        }
        prev_id = $1
      }
      {
        rank = split($6, a, ";")
        if (rank > 1 && a[rank-1] !~ best_taxon[rank - 1]) next
        new_prob[rank] -= $5
        if ($5 > best_prob[rank]) {
          best_prob[rank] = $5
          best_taxon[rank] = a[rank]
          if (rank < 7) new_prob[rank + 1] = $5
          for (rank2 = rank + 1; rank2 <= 7; rank2++) {
            best_prob[rank2] = 0
            best_taxon[rank2] = "NA"
            new_prob[rank2] = $5
          }
        }
      }
      END{
        write_record(best_prob, best_taxon, new_prob)
      }' train_nt_16/test/per_query_test_nt_16.tsv
+ for TESTSET in test testshort
+ TEST_FILE=../../data/testshort_nt_aln.fasta
+ RAW_DIR=train_nt_16/testshort
+ SUFFIX=testshort_nt_16
+ mkdir -p train_nt_16/testshort
+ /appl/opt/time/1.9/bin/time --verbose epa-ng --tree train_nt_16/train_nt.treefile --ref-msa ../../data/train_nt_aln.fasta --query ../../data/testshort_nt_aln.fasta --out-dir train_nt_16/testshort --model 'GTR{1.41704/8.13030/5.68939/1.57329/25.74778/1.00000}+FU{0.303/0.162/0.152/0.383}+G4{0.411}' --threads 16 --redo
INFO Selected: Output dir: train_nt_16/testshort/
INFO Selected: Query file: ../../data/testshort_nt_aln.fasta
INFO Selected: Tree file: train_nt_16/train_nt.treefile
INFO Selected: Reference MSA: ../../data/train_nt_aln.fasta
INFO Selected: Automatic switching of use of per rate scalers
INFO Selected: Preserving the root of the input tree
INFO Selected: Specified model: GTR{1.41704/8.13030/5.68939/1.57329/25.74778/1.00000}+FU{0.303/0.162/0.152/0.383}+G4{0.411}
INFO Selected: Using threads: 16
INFO     ______ ____   ___           _   __ ______
        / ____// __ \ /   |         / | / // ____/
       / __/  / /_/ // /| | ______ /  |/ // / __  
      / /___ / ____// ___ |/_____// /|  // /_/ /  
     /_____//_/    /_/  |_|      /_/ |_/ \____/ (v0.3.8)
INFO Using model parameters:
INFO    Rate heterogeneity: GAMMA (4 cats, mean),  alpha: 0.411 (user),  weights&rates: (0.25,0.0183328) (0.25,0.189924) (0.25,0.742915) (0.25,3.04883) 
        Base frequencies (user): 0.303 0.162 0.152 0.383 
        Substitution rates (user): 1.41704 8.1303 5.68939 1.57329 25.7478 1
INFO Output file: train_nt_16/testshort/epa_result.jplace
INFO 5000 Sequences done!
INFO 10000 Sequences done!
INFO 15000 Sequences done!
INFO 20000 Sequences done!
INFO 25000 Sequences done!
INFO 26901 Sequences done!
INFO Time spent placing: 192s
INFO Elapsed Time: 200s
	Command being timed: "epa-ng --tree train_nt_16/train_nt.treefile --ref-msa ../../data/train_nt_aln.fasta --query ../../data/testshort_nt_aln.fasta --out-dir train_nt_16/testshort --model GTR{1.41704/8.13030/5.68939/1.57329/25.74778/1.00000}+FU{0.303/0.162/0.152/0.383}+G4{0.411} --threads 16 --redo"
	User time (seconds): 2337.43
	System time (seconds): 12.85
	Percent of CPU this job got: 1147%
	Elapsed (wall clock) time (h:mm:ss or m:ss): 3:24.88
	Average shared text size (kbytes): 0
	Average unshared data size (kbytes): 0
	Average stack size (kbytes): 0
	Average total size (kbytes): 0
	Maximum resident set size (kbytes): 30790020
	Average resident set size (kbytes): 0
	Major (requiring I/O) page faults: 4749
	Minor (reclaiming a frame) page faults: 6853504
	Voluntary context switches: 15781
	Involuntary context switches: 2207
	Swaps: 0
	File system inputs: 54504
	File system outputs: 21072
	Socket messages sent: 0
	Socket messages received: 0
	Signals delivered: 0
	Page size (bytes): 4096
	Exit status: 0
+ /appl/opt/time/1.9/bin/time --verbose gappa examine assign --jplace-path train_nt_16/testshort/epa_result.jplace --taxon-file ../../data/train_gappa.tax --root-outgroup outgroup.txt --ranks-string 'class|order|family|subfamily|tribe|genus|species' --out-dir train_nt_16/testshort --file-suffix _testshort_nt_16 --per-query-results --threads 16 --allow-file-overwriting
                                              ....      ....  
                                             '' '||.   .||'   
                                                  ||  ||      
                                                  '|.|'       
     ...'   ....   ... ...  ... ...   ....        .|'|.       
    |  ||  '' .||   ||'  ||  ||'  || '' .||      .|'  ||      
     |''   .|' ||   ||    |  ||    | .|' ||     .|'|.  ||     
    '....  '|..'|'. ||...'   ||...'  '|..'|.    '||'    ||:.  
    '....'          ||       ||                               
                   ''''     ''''   v0.8.5 (c) 2017-2024
                                   by Lucas Czech and Pierre Barbera

Invocation:                        gappa examine assign --jplace-path train_nt_16/testshort/epa_result.jplace --taxon-file ../../data/train_gappa.tax --root-outgroup outgroup.txt --ranks-string class|order|family|subfamily|tribe|genus|species --out-dir train_nt_16/testshort --file-suffix _testshort_nt_16 --per-query-results --threads 16 --allow-file-overwriting
Command:                           gappa examine assign

Input:
  --jplace-path                    train_nt_16/testshort/epa_result.jplace
  --taxon-file                     ../../data/train_gappa.tax
  --root-outgroup                  outgroup.txt
  --taxonomy                       
  --ranks-string                   class|order|family|subfamily|tribe|genus|species

Settings:
  --sub-taxopath                   
  --max-level                      0
  --distribution-ratio             -1
  --consensus-thresh               1
  --resolve-missing-paths          false
  --distant-label                  false

Output:
  --out-dir                        train_nt_16/testshort
  --file-prefix                    
  --file-suffix                    _testshort_nt_16
  --cami                           false
  --sample-id                      
  --krona                          false
  --sativa                         false
  --per-query-results              true
  --best-hit                       false

Global Options:
  --allow-file-overwriting         true
  --verbose                        false
  --threads                        16
  --log-file

Run the following command to get the references that need to be cited:
`gappa tools citation Czech2020-genesis-and-gappa`

Started 2025-10-30 13:04:47

Found 1 jplace file
Running the assignment

Finished 2025-10-30 13:05:28
	Command being timed: "gappa examine assign --jplace-path train_nt_16/testshort/epa_result.jplace --taxon-file ../../data/train_gappa.tax --root-outgroup outgroup.txt --ranks-string class|order|family|subfamily|tribe|genus|species --out-dir train_nt_16/testshort --file-suffix _testshort_nt_16 --per-query-results --threads 16 --allow-file-overwriting"
	User time (seconds): 40.70
	System time (seconds): 0.23
	Percent of CPU this job got: 98%
	Elapsed (wall clock) time (h:mm:ss or m:ss): 0:41.47
	Average shared text size (kbytes): 0
	Average unshared data size (kbytes): 0
	Average stack size (kbytes): 0
	Average total size (kbytes): 0
	Maximum resident set size (kbytes): 375708
	Average resident set size (kbytes): 0
	Major (requiring I/O) page faults: 157
	Minor (reclaiming a frame) page faults: 100276
	Voluntary context switches: 228
	Involuntary context switches: 25
	Swaps: 0
	File system inputs: 2144
	File system outputs: 49448
	Socket messages sent: 0
	Socket messages received: 0
	Signals delivered: 0
	Page size (bytes): 4096
	Exit status: 0
+ RESULT_FILE=../../results/epang-phyltree/epang-phyltree_testshort_nt_16.tsv
+ echo 'ID	class	Prob_class	order	Prob_order	family	Prob_family	subfamily	Prob_subfamily	tribe	Prob_tribe	genus	Prob_genus	species	Prob_species'
+ awk '-F ' '
      function write_record(best_prob, best_taxon, new_prob, is_new, new_rank, rank) {
        printf "%s", prev_id
          is_new=0
          new_rank=8
          for (rank = 1; rank <= 7; rank++) {
            if (is_new) {
              printf "\tunk\t%.6f", new_prob[new_rank]
            } else if (new_prob[rank] > best_prob[rank]) {
              is_new = 1
              new_rank = rank
              printf "\tunk\t%.6f", new_prob[rank]
            } else {
              printf "\t%s\t%.6f", best_taxon[rank], best_prob[rank]
            }
          }
          printf "\n"
      }
      BEGIN { prev_id="NA" }
      $1 == "name" { next }
      $1 != prev_id {
        if (prev_id != "NA") {
          write_record(best_prob, best_taxon, new_prob)
        }
        for (rank = 1; rank <= 7; rank++) {
          best_prob[rank] = 0
          new_prob[rank] = 1
          best_taxon[rank] = "NA"
        }
        prev_id = $1
      }
      {
        rank = split($6, a, ";")
        if (rank > 1 && a[rank-1] !~ best_taxon[rank - 1]) next
        new_prob[rank] -= $5
        if ($5 > best_prob[rank]) {
          best_prob[rank] = $5
          best_taxon[rank] = a[rank]
          if (rank < 7) new_prob[rank + 1] = $5
          for (rank2 = rank + 1; rank2 <= 7; rank2++) {
            best_prob[rank2] = 0
            best_taxon[rank2] = "NA"
            new_prob[rank2] = $5
          }
        }
      }
      END{
        write_record(best_prob, best_taxon, new_prob)
      }' train_nt_16/testshort/per_query_testshort_nt_16.tsv
