+ export OMP_NUM_THREADS=4
+ OMP_NUM_THREADS=4
+ export OPENBLAS_NUM_THREADS=4
+ OPENBLAS_NUM_THREADS=4
+ export MKL_NUM_THREADS=4
+ MKL_NUM_THREADS=4
+ export VECLIB_MAXIMUM_THREADS=4
+ VECLIB_MAXIMUM_THREADS=4
+ export NUMEXPR_NUM_THREADS=4
+ NUMEXPR_NUM_THREADS=4
+ export PATH=/appl/opt/time/1.9/bin:/appl/spack/v018/install-tree/gcc-8.5.0/git-lfs-3.1.2-u4tplj/bin:/appl/opt/csc-cli-utils/bin:/appl/spack/v018/install-tree/gcc-11.3.0/openmpi-4.1.4-w2aekq/bin:/appl/spack/v018/install-tree/gcc-11.3.0/intel-oneapi-mkl-2022.1.0-p2wpb4/mkl/2022.1.0/bin/intel64:/appl/spack/v018/install-tree/gcc-8.5.0/gcc-11.3.0-i44hho/bin:/usr/local/bin:/usr/bin:/usr/local/sbin:/usr/sbin:/appl/bin:/users/brfurnea/.local/bin:/users/brfurnea/bin
+ PATH=/appl/opt/time/1.9/bin:/appl/spack/v018/install-tree/gcc-8.5.0/git-lfs-3.1.2-u4tplj/bin:/appl/opt/csc-cli-utils/bin:/appl/spack/v018/install-tree/gcc-11.3.0/openmpi-4.1.4-w2aekq/bin:/appl/spack/v018/install-tree/gcc-11.3.0/intel-oneapi-mkl-2022.1.0-p2wpb4/mkl/2022.1.0/bin/intel64:/appl/spack/v018/install-tree/gcc-8.5.0/gcc-11.3.0-i44hho/bin:/usr/local/bin:/usr/bin:/usr/local/sbin:/usr/sbin:/appl/bin:/users/brfurnea/.local/bin:/users/brfurnea/bin
++ which time
++ alias
++ eval declare -f
++ /usr/bin/which --tty-only --read-alias --read-functions --show-tilde --show-dot time
+++ declare -f
+ TIME='/appl/opt/time/1.9/bin/time --verbose'
+ export PATH=/projappl/project_2005718/bin:/appl/opt/time/1.9/bin:/appl/spack/v018/install-tree/gcc-8.5.0/git-lfs-3.1.2-u4tplj/bin:/appl/opt/csc-cli-utils/bin:/appl/spack/v018/install-tree/gcc-11.3.0/openmpi-4.1.4-w2aekq/bin:/appl/spack/v018/install-tree/gcc-11.3.0/intel-oneapi-mkl-2022.1.0-p2wpb4/mkl/2022.1.0/bin/intel64:/appl/spack/v018/install-tree/gcc-8.5.0/gcc-11.3.0-i44hho/bin:/usr/local/bin:/usr/bin:/usr/local/sbin:/usr/sbin:/appl/bin:/users/brfurnea/.local/bin:/users/brfurnea/bin
+ PATH=/projappl/project_2005718/bin:/appl/opt/time/1.9/bin:/appl/spack/v018/install-tree/gcc-8.5.0/git-lfs-3.1.2-u4tplj/bin:/appl/opt/csc-cli-utils/bin:/appl/spack/v018/install-tree/gcc-11.3.0/openmpi-4.1.4-w2aekq/bin:/appl/spack/v018/install-tree/gcc-11.3.0/intel-oneapi-mkl-2022.1.0-p2wpb4/mkl/2022.1.0/bin/intel64:/appl/spack/v018/install-tree/gcc-8.5.0/gcc-11.3.0-i44hho/bin:/usr/local/bin:/usr/bin:/usr/local/sbin:/usr/sbin:/appl/bin:/users/brfurnea/.local/bin:/users/brfurnea/bin
+ MODEL=epang-phyltree
+ DATA=../../data
+ RESULTS=../../results/epang-phyltree
+ mkdir -p ../../results/epang-phyltree
+ TRAIN_TAXONOMY_FILE=../../data/train_gappa.tax
+ awk '-F\t' '/Arachnida/{print $1}' ../../data/train_gappa.tax
+ for ALPHABET in aa nt
+ INSTANCE=train_aa
+ MODEL_DIR=train_aa_4
+ TRAIN_FILE=../../data/train_aa_aln.fasta
+ CONSTRAINT_FILE=../../data/phylogenetic_constraints.tre
+ rm -fr train_aa_4
+ mkdir -p train_aa_4
+ '[' aa = nt ']'
+ SUBSTITUTION_MODEL=mtART+G4
+ /appl/opt/time/1.9/bin/time --verbose iqtree2 -s ../../data/train_aa_aln.fasta -T 4 -fast -keep-ident --redo -m mtART+G4 -g ../../data/phylogenetic_constraints.tre -pre train_aa_4/train_aa
IQ-TREE multicore version 2.4.0 for Linux x86 64-bit built Mar  4 2025
Developed by Bui Quang Minh, Nguyen Lam Tung, Olga Chernomor, Heiko Schmidt,
Dominik Schrempf, Michael Woodhams, Ly Trong Nhan, Thomas Wong

Host:    r16c34.bullx (AVX512, FMA3, 187 GB RAM)
Command: iqtree2 -s ../../data/train_aa_aln.fasta -T 4 -fast -keep-ident --redo -m mtART+G4 -g ../../data/phylogenetic_constraints.tre -pre train_aa_4/train_aa
Seed:    944397 (Using SPRNG - Scalable Parallel Random Number Generator)
Time:    Tue Sep 30 14:26:44 2025
Kernel:  AVX+FMA - 4 threads (4 CPU cores detected)

Reading alignment file ../../data/train_aa_aln.fasta ... Fasta format detected
Reading fasta file: done in 0.209934 secs using 52.46% CPU
Alignment most likely contains protein sequences
Alignment has 35556 sequences with 219 columns, 219 distinct patterns
212 parsimony-informative, 7 singleton sites, 0 constant sites
Analyzing sequences: done in 0.0060666 secs using 315.3% CPU
Reading constraint tree ../../data/phylogenetic_constraints.tre...
Creating fast initial parsimony tree by random order stepwise addition...
47.40 seconds, parsimony score: 44021 (based on 219 sites)

NOTE: 5273 MB RAM (5 GB) is required!
Estimate model parameters (epsilon = 0.50)
1. Initial log-likelihood: -254169.28
2. Current log-likelihood: -248077.29
3. Current log-likelihood: -247759.39
4. Current log-likelihood: -247755.95
Optimal log-likelihood: -247754.25
Gamma shape alpha: 0.59
Parameters optimization took 4 rounds (758.44 sec)
Wrote distance file to... 
--------------------------------------------------------------------
|             INITIALIZING CANDIDATE TREE SET                      |
--------------------------------------------------------------------
Generating 1 parsimony trees... 1117.86 second
Computing log-likelihood of 1 initial trees ... 123.31 seconds
Current best score: -247754.25

Do NNI search on 2 best initial trees
Estimate model parameters (epsilon = 0.50)
BETTER TREE FOUND at iteration 1: -245338.81
Estimate model parameters (epsilon = 0.50)
BETTER TREE FOUND at iteration 2: -245209.49
Finish initializing candidate tree set (4)
Current best tree score: -245209.49 / CPU time: 33797.85
Number of iterations: 2
TREE SEARCH COMPLETED AFTER 2 ITERATIONS / Time: 9h:53m:47s

--------------------------------------------------------------------
|                    FINALIZING TREE SEARCH                        |
--------------------------------------------------------------------
Performs final model parameters optimization
Estimate model parameters (epsilon = 0.05)
1. Initial log-likelihood: -245209.49
Optimal log-likelihood: -245209.49
Gamma shape alpha: 0.59
Parameters optimization took 1 rounds (46.76 sec)
BEST SCORE FOUND : -245209.49
Total tree length: 410.35

Total number of iterations: 2
CPU time used for tree search: 49001.52 sec (13h:36m:41s)
Wall-clock time used for tree search: 33798.11 sec (9h:23m:18s)
Total CPU time used: 53367.23 sec (14h:49m:27s)
Total wall-clock time used: 35675.10 sec (9h:54m:35s)

Analysis results written to: 
  IQ-TREE report:                train_aa_4/train_aa.iqtree
  Maximum-likelihood tree:       train_aa_4/train_aa.treefile
  Screen log file:               train_aa_4/train_aa.log

Date and Time: Wed Oct  1 00:21:28 2025
	Command being timed: "iqtree2 -s ../../data/train_aa_aln.fasta -T 4 -fast -keep-ident --redo -m mtART+G4 -g ../../data/phylogenetic_constraints.tre -pre train_aa_4/train_aa"
	User time (seconds): 53373.92
	System time (seconds): 30.73
	Percent of CPU this job got: 149%
	Elapsed (wall clock) time (h:mm:ss or m:ss): 9:54:45
	Average shared text size (kbytes): 0
	Average unshared data size (kbytes): 0
	Average stack size (kbytes): 0
	Average total size (kbytes): 0
	Maximum resident set size (kbytes): 7912072
	Average resident set size (kbytes): 0
	Major (requiring I/O) page faults: 1598
	Minor (reclaiming a frame) page faults: 2000728
	Voluntary context switches: 2179106
	Involuntary context switches: 84185
	Swaps: 0
	File system inputs: 48752
	File system outputs: 51232
	Socket messages sent: 0
	Socket messages received: 0
	Signals delivered: 0
	Page size (bytes): 4096
	Exit status: 0
+ '[' aa = nt ']'
++ sed -nr '/FINALIZING TREE SEARCH/,$ s|Gamma shape alpha: +([0-9.]+)|\1|p' train_aa_4/train_aa.log
+ alpha=0.59
+ echo 'Detected alpha: 0.59'
Detected alpha: 0.59
+ SUBSTITUTION_PARAMS='mtART+G4{0.59}'
+ for TESTSET in test testshort
+ TEST_FILE=../../data/test_aa_aln.fasta
+ RAW_DIR=train_aa_4/test
+ SUFFIX=test_aa_4
+ mkdir -p train_aa_4/test
+ /appl/opt/time/1.9/bin/time --verbose epa-ng --tree train_aa_4/train_aa.treefile --ref-msa ../../data/train_aa_aln.fasta --query ../../data/test_aa_aln.fasta --out-dir train_aa_4/test --model 'mtART+G4{0.59}' --threads 4 --redo
INFO Selected: Output dir: train_aa_4/test/
INFO Selected: Query file: ../../data/test_aa_aln.fasta
INFO Selected: Tree file: train_aa_4/train_aa.treefile
INFO Selected: Reference MSA: ../../data/train_aa_aln.fasta
INFO Selected: Automatic switching of use of per rate scalers
INFO Selected: Preserving the root of the input tree
INFO Selected: Specified model: mtART+G4{0.59}
INFO Selected: Using threads: 4
INFO     ______ ____   ___           _   __ ______
        / ____// __ \ /   |         / | / // ____/
       / __/  / /_/ // /| | ______ /  |/ // / __  
      / /___ / ____// ___ |/_____// /|  // /_/ /  
     /_____//_/    /_/  |_|      /_/ |_/ \____/ (v0.3.8)
INFO Using model parameters:
INFO    Rate heterogeneity: GAMMA (4 cats, mean),  alpha: 0.59 (user),  weights&rates: (0.25,0.0510523) (0.25,0.306668) (0.25,0.87613) (0.25,2.76615) 
        Base frequencies (model): 0.054116 0.018227 0.039903 0.02016 0.009709 0.018781 0.024289 0.068183 0.024518 0.092638 0.148658 0.021718 0.061453 0.088668 0.041826 0.09103 0.049194 0.029786 0.039443 0.057701 
        Substitution rates (model): 0.2 0.2 1 254 0.2 0.2 200 0.2 26 4 0.2 121 13 49 673 244 0.2 1 340 0.2 4 36 154 0.2 0.2 41 2 2 209 5 5 0.2 3 0.2 0.2 4 0.2 500 98 262 183 121 180 21 13 467 79 20 17 398 166 8 251 23 11 0.2 862 12 0.2 7 1 2 0.2 0.2 0.2 44 0.2 0.2 0.2 0.2 0.2 0.2 81 12 63 79 0.2 312 184 0.2 664 183 22 72 350 262 3 314 11 16 349 67 0.2 39 52 44 7 87 0.2 44 15 7 2 106 0.2 0.2 8 31 43 11 8 14 0.2 3 1 0.2 56 1 0.2 226 0.2 2 9 3 0.2 6 0.2 0.2 14 1 11 19 0.2 191 0.2 515 3 515 118 0.2 7 204 0.2 12 1855 4 885 263 12 8 48 21 20 85 106 11 17 144 70 16 117 26 322 5 112 289 71 71 281 15 36 14 54 792 52 87 47 0.2 18 32 660 2 30 61 0.2 46 544 38 0.2 2
INFO Output file: train_aa_4/test/epa_result.jplace
INFO 5000 Sequences done!
INFO 10000 Sequences done!
INFO 15000 Sequences done!
INFO 20000 Sequences done!
INFO 25000 Sequences done!
INFO 26901 Sequences done!
INFO Time spent placing: 45736s
INFO Elapsed Time: 45806s
	Command being timed: "epa-ng --tree train_aa_4/train_aa.treefile --ref-msa ../../data/train_aa_aln.fasta --query ../../data/test_aa_aln.fasta --out-dir train_aa_4/test --model mtART+G4{0.59} --threads 4 --redo"
	User time (seconds): 182019.41
	System time (seconds): 17.35
	Percent of CPU this job got: 397%
	Elapsed (wall clock) time (h:mm:ss or m:ss): 12:43:28
	Average shared text size (kbytes): 0
	Average unshared data size (kbytes): 0
	Average stack size (kbytes): 0
	Average total size (kbytes): 0
	Maximum resident set size (kbytes): 39542936
	Average resident set size (kbytes): 0
	Major (requiring I/O) page faults: 2156
	Minor (reclaiming a frame) page faults: 10091104
	Voluntary context switches: 2881
	Involuntary context switches: 175457
	Swaps: 0
	File system inputs: 47184
	File system outputs: 24824
	Socket messages sent: 0
	Socket messages received: 0
	Signals delivered: 0
	Page size (bytes): 4096
	Exit status: 0
+ /appl/opt/time/1.9/bin/time --verbose gappa examine assign --jplace-path train_aa_4/test/epa_result.jplace --taxon-file ../../data/train_gappa.tax --root-outgroup outgroup.txt --ranks-string 'class|order|family|subfamily|tribe|genus|species' --out-dir train_aa_4/test --file-suffix _test_aa_4 --per-query-results --threads 4 --allow-file-overwriting
                                              ....      ....  
                                             '' '||.   .||'   
                                                  ||  ||      
                                                  '|.|'       
     ...'   ....   ... ...  ... ...   ....        .|'|.       
    |  ||  '' .||   ||'  ||  ||'  || '' .||      .|'  ||      
     |''   .|' ||   ||    |  ||    | .|' ||     .|'|.  ||     
    '....  '|..'|'. ||...'   ||...'  '|..'|.    '||'    ||:.  
    '....'          ||       ||                               
                   ''''     ''''   v0.8.5 (c) 2017-2024
                                   by Lucas Czech and Pierre Barbera

Invocation:                        gappa examine assign --jplace-path train_aa_4/test/epa_result.jplace --taxon-file ../../data/train_gappa.tax --root-outgroup outgroup.txt --ranks-string class|order|family|subfamily|tribe|genus|species --out-dir train_aa_4/test --file-suffix _test_aa_4 --per-query-results --threads 4 --allow-file-overwriting
Command:                           gappa examine assign

Input:
  --jplace-path                    train_aa_4/test/epa_result.jplace
  --taxon-file                     ../../data/train_gappa.tax
  --root-outgroup                  outgroup.txt
  --taxonomy                       
  --ranks-string                   class|order|family|subfamily|tribe|genus|species

Settings:
  --sub-taxopath                   
  --max-level                      0
  --distribution-ratio             -1
  --consensus-thresh               1
  --resolve-missing-paths          false
  --distant-label                  false

Output:
  --out-dir                        train_aa_4/test
  --file-prefix                    
  --file-suffix                    _test_aa_4
  --cami                           false
  --sample-id                      
  --krona                          false
  --sativa                         false
  --per-query-results              true
  --best-hit                       false

Global Options:
  --allow-file-overwriting         true
  --verbose                        false
  --threads                        4
  --log-file

Run the following command to get the references that need to be cited:
`gappa tools citation Czech2020-genesis-and-gappa`

Started 2025-10-01 13:04:59

Found 1 jplace file
Running the assignment

Finished 2025-10-01 13:05:48
	Command being timed: "gappa examine assign --jplace-path train_aa_4/test/epa_result.jplace --taxon-file ../../data/train_gappa.tax --root-outgroup outgroup.txt --ranks-string class|order|family|subfamily|tribe|genus|species --out-dir train_aa_4/test --file-suffix _test_aa_4 --per-query-results --threads 4 --allow-file-overwriting"
	User time (seconds): 48.44
	System time (seconds): 0.23
	Percent of CPU this job got: 96%
	Elapsed (wall clock) time (h:mm:ss or m:ss): 0:50.68
	Average shared text size (kbytes): 0
	Average unshared data size (kbytes): 0
	Average stack size (kbytes): 0
	Average total size (kbytes): 0
	Maximum resident set size (kbytes): 372904
	Average resident set size (kbytes): 0
	Major (requiring I/O) page faults: 160
	Minor (reclaiming a frame) page faults: 98125
	Voluntary context switches: 230
	Involuntary context switches: 26
	Swaps: 0
	File system inputs: 42872
	File system outputs: 54200
	Socket messages sent: 0
	Socket messages received: 0
	Signals delivered: 0
	Page size (bytes): 4096
	Exit status: 0
+ RESULT_FILE=../../results/epang-phyltree/epang-phyltree_test_aa_4.tsv
+ echo 'ID	class	Prob_class	order	Prob_order	family	Prob_family	subfamily	Prob_subfamily	tribe	Prob_tribe	genus	Prob_genus	species	Prob_species'
+ awk '-F ' '
      function write_record(best_prob, best_taxon, new_prob, is_new, new_rank, rank) {
        printf "%s", prev_id
          is_new=0
          new_rank=8
          for (rank = 1; rank <= 7; rank++) {
            if (is_new) {
              printf "\tunk\t%.6f", new_prob[new_rank]
            } else if (new_prob[rank] > best_prob[rank]) {
              is_new = 1
              new_rank = rank
              printf "\tunk\t%.6f", new_prob[rank]
            } else {
              printf "\t%s\t%.6f", best_taxon[rank], best_prob[rank]
            }
          }
          printf "\n"
      }
      BEGIN { prev_id="NA" }
      $1 == "name" { next }
      $1 != prev_id {
        if (prev_id != "NA") {
          write_record(best_prob, best_taxon, new_prob)
        }
        for (rank = 1; rank <= 7; rank++) {
          best_prob[rank] = 0
          new_prob[rank] = 1
          best_taxon[rank] = "NA"
        }
        prev_id = $1
      }
      {
        rank = split($6, a, ";")
        if (rank > 1 && a[rank-1] !~ best_taxon[rank - 1]) next
        new_prob[rank] -= $5
        if ($5 > best_prob[rank]) {
          best_prob[rank] = $5
          best_taxon[rank] = a[rank]
          if (rank < 7) new_prob[rank + 1] = $5
          for (rank2 = rank + 1; rank2 <= 7; rank2++) {
            best_prob[rank2] = 0
            best_taxon[rank2] = "NA"
            new_prob[rank2] = $5
          }
        }
      }
      END{
        write_record(best_prob, best_taxon, new_prob)
      }' train_aa_4/test/per_query_test_aa_4.tsv
+ for TESTSET in test testshort
+ TEST_FILE=../../data/testshort_aa_aln.fasta
+ RAW_DIR=train_aa_4/testshort
+ SUFFIX=testshort_aa_4
+ mkdir -p train_aa_4/testshort
+ /appl/opt/time/1.9/bin/time --verbose epa-ng --tree train_aa_4/train_aa.treefile --ref-msa ../../data/train_aa_aln.fasta --query ../../data/testshort_aa_aln.fasta --out-dir train_aa_4/testshort --model 'mtART+G4{0.59}' --threads 4 --redo
INFO Selected: Output dir: train_aa_4/testshort/
INFO Selected: Query file: ../../data/testshort_aa_aln.fasta
INFO Selected: Tree file: train_aa_4/train_aa.treefile
INFO Selected: Reference MSA: ../../data/train_aa_aln.fasta
INFO Selected: Automatic switching of use of per rate scalers
INFO Selected: Preserving the root of the input tree
INFO Selected: Specified model: mtART+G4{0.59}
INFO Selected: Using threads: 4
INFO     ______ ____   ___           _   __ ______
        / ____// __ \ /   |         / | / // ____/
       / __/  / /_/ // /| | ______ /  |/ // / __  
      / /___ / ____// ___ |/_____// /|  // /_/ /  
     /_____//_/    /_/  |_|      /_/ |_/ \____/ (v0.3.8)
INFO Using model parameters:
INFO    Rate heterogeneity: GAMMA (4 cats, mean),  alpha: 0.59 (user),  weights&rates: (0.25,0.0510523) (0.25,0.306668) (0.25,0.87613) (0.25,2.76615) 
        Base frequencies (model): 0.054116 0.018227 0.039903 0.02016 0.009709 0.018781 0.024289 0.068183 0.024518 0.092638 0.148658 0.021718 0.061453 0.088668 0.041826 0.09103 0.049194 0.029786 0.039443 0.057701 
        Substitution rates (model): 0.2 0.2 1 254 0.2 0.2 200 0.2 26 4 0.2 121 13 49 673 244 0.2 1 340 0.2 4 36 154 0.2 0.2 41 2 2 209 5 5 0.2 3 0.2 0.2 4 0.2 500 98 262 183 121 180 21 13 467 79 20 17 398 166 8 251 23 11 0.2 862 12 0.2 7 1 2 0.2 0.2 0.2 44 0.2 0.2 0.2 0.2 0.2 0.2 81 12 63 79 0.2 312 184 0.2 664 183 22 72 350 262 3 314 11 16 349 67 0.2 39 52 44 7 87 0.2 44 15 7 2 106 0.2 0.2 8 31 43 11 8 14 0.2 3 1 0.2 56 1 0.2 226 0.2 2 9 3 0.2 6 0.2 0.2 14 1 11 19 0.2 191 0.2 515 3 515 118 0.2 7 204 0.2 12 1855 4 885 263 12 8 48 21 20 85 106 11 17 144 70 16 117 26 322 5 112 289 71 71 281 15 36 14 54 792 52 87 47 0.2 18 32 660 2 30 61 0.2 46 544 38 0.2 2
INFO Output file: train_aa_4/testshort/epa_result.jplace
INFO 5000 Sequences done!
INFO 10000 Sequences done!
INFO 15000 Sequences done!
INFO 20000 Sequences done!
INFO 25000 Sequences done!
INFO 26901 Sequences done!
INFO Time spent placing: 46633s
INFO Elapsed Time: 46689s
	Command being timed: "epa-ng --tree train_aa_4/train_aa.treefile --ref-msa ../../data/train_aa_aln.fasta --query ../../data/testshort_aa_aln.fasta --out-dir train_aa_4/testshort --model mtART+G4{0.59} --threads 4 --redo"
	User time (seconds): 185507.19
	System time (seconds): 15.08
	Percent of CPU this job got: 397%
	Elapsed (wall clock) time (h:mm:ss or m:ss): 12:58:11
	Average shared text size (kbytes): 0
	Average unshared data size (kbytes): 0
	Average stack size (kbytes): 0
	Average total size (kbytes): 0
	Maximum resident set size (kbytes): 33028508
	Average resident set size (kbytes): 0
	Major (requiring I/O) page faults: 814
	Minor (reclaiming a frame) page faults: 8529965
	Voluntary context switches: 1443
	Involuntary context switches: 191248
	Swaps: 0
	File system inputs: 43552
	File system outputs: 26440
	Socket messages sent: 0
	Socket messages received: 0
	Signals delivered: 0
	Page size (bytes): 4096
	Exit status: 0
+ /appl/opt/time/1.9/bin/time --verbose gappa examine assign --jplace-path train_aa_4/testshort/epa_result.jplace --taxon-file ../../data/train_gappa.tax --root-outgroup outgroup.txt --ranks-string 'class|order|family|subfamily|tribe|genus|species' --out-dir train_aa_4/testshort --file-suffix _testshort_aa_4 --per-query-results --threads 4 --allow-file-overwriting
                                              ....      ....  
                                             '' '||.   .||'   
                                                  ||  ||      
                                                  '|.|'       
     ...'   ....   ... ...  ... ...   ....        .|'|.       
    |  ||  '' .||   ||'  ||  ||'  || '' .||      .|'  ||      
     |''   .|' ||   ||    |  ||    | .|' ||     .|'|.  ||     
    '....  '|..'|'. ||...'   ||...'  '|..'|.    '||'    ||:.  
    '....'          ||       ||                               
                   ''''     ''''   v0.8.5 (c) 2017-2024
                                   by Lucas Czech and Pierre Barbera

Invocation:                        gappa examine assign --jplace-path train_aa_4/testshort/epa_result.jplace --taxon-file ../../data/train_gappa.tax --root-outgroup outgroup.txt --ranks-string class|order|family|subfamily|tribe|genus|species --out-dir train_aa_4/testshort --file-suffix _testshort_aa_4 --per-query-results --threads 4 --allow-file-overwriting
Command:                           gappa examine assign

Input:
  --jplace-path                    train_aa_4/testshort/epa_result.jplace
  --taxon-file                     ../../data/train_gappa.tax
  --root-outgroup                  outgroup.txt
  --taxonomy                       
  --ranks-string                   class|order|family|subfamily|tribe|genus|species

Settings:
  --sub-taxopath                   
  --max-level                      0
  --distribution-ratio             -1
  --consensus-thresh               1
  --resolve-missing-paths          false
  --distant-label                  false

Output:
  --out-dir                        train_aa_4/testshort
  --file-prefix                    
  --file-suffix                    _testshort_aa_4
  --cami                           false
  --sample-id                      
  --krona                          false
  --sativa                         false
  --per-query-results              true
  --best-hit                       false

Global Options:
  --allow-file-overwriting         true
  --verbose                        false
  --threads                        4
  --log-file

Run the following command to get the references that need to be cited:
`gappa tools citation Czech2020-genesis-and-gappa`

Started 2025-10-02 02:04:05

Found 1 jplace file
Running the assignment

Finished 2025-10-02 02:04:53
	Command being timed: "gappa examine assign --jplace-path train_aa_4/testshort/epa_result.jplace --taxon-file ../../data/train_gappa.tax --root-outgroup outgroup.txt --ranks-string class|order|family|subfamily|tribe|genus|species --out-dir train_aa_4/testshort --file-suffix _testshort_aa_4 --per-query-results --threads 4 --allow-file-overwriting"
	User time (seconds): 48.33
	System time (seconds): 0.25
	Percent of CPU this job got: 98%
	Elapsed (wall clock) time (h:mm:ss or m:ss): 0:49.38
	Average shared text size (kbytes): 0
	Average unshared data size (kbytes): 0
	Average stack size (kbytes): 0
	Average total size (kbytes): 0
	Maximum resident set size (kbytes): 374456
	Average resident set size (kbytes): 0
	Major (requiring I/O) page faults: 159
	Minor (reclaiming a frame) page faults: 98232
	Voluntary context switches: 228
	Involuntary context switches: 26
	Swaps: 0
	File system inputs: 40248
	File system outputs: 58552
	Socket messages sent: 0
	Socket messages received: 0
	Signals delivered: 0
	Page size (bytes): 4096
	Exit status: 0
+ RESULT_FILE=../../results/epang-phyltree/epang-phyltree_testshort_aa_4.tsv
+ echo 'ID	class	Prob_class	order	Prob_order	family	Prob_family	subfamily	Prob_subfamily	tribe	Prob_tribe	genus	Prob_genus	species	Prob_species'
+ awk '-F ' '
      function write_record(best_prob, best_taxon, new_prob, is_new, new_rank, rank) {
        printf "%s", prev_id
          is_new=0
          new_rank=8
          for (rank = 1; rank <= 7; rank++) {
            if (is_new) {
              printf "\tunk\t%.6f", new_prob[new_rank]
            } else if (new_prob[rank] > best_prob[rank]) {
              is_new = 1
              new_rank = rank
              printf "\tunk\t%.6f", new_prob[rank]
            } else {
              printf "\t%s\t%.6f", best_taxon[rank], best_prob[rank]
            }
          }
          printf "\n"
      }
      BEGIN { prev_id="NA" }
      $1 == "name" { next }
      $1 != prev_id {
        if (prev_id != "NA") {
          write_record(best_prob, best_taxon, new_prob)
        }
        for (rank = 1; rank <= 7; rank++) {
          best_prob[rank] = 0
          new_prob[rank] = 1
          best_taxon[rank] = "NA"
        }
        prev_id = $1
      }
      {
        rank = split($6, a, ";")
        if (rank > 1 && a[rank-1] !~ best_taxon[rank - 1]) next
        new_prob[rank] -= $5
        if ($5 > best_prob[rank]) {
          best_prob[rank] = $5
          best_taxon[rank] = a[rank]
          if (rank < 7) new_prob[rank + 1] = $5
          for (rank2 = rank + 1; rank2 <= 7; rank2++) {
            best_prob[rank2] = 0
            best_taxon[rank2] = "NA"
            new_prob[rank2] = $5
          }
        }
      }
      END{
        write_record(best_prob, best_taxon, new_prob)
      }' train_aa_4/testshort/per_query_testshort_aa_4.tsv
+ for ALPHABET in aa nt
+ INSTANCE=train_nt
+ MODEL_DIR=train_nt_4
+ TRAIN_FILE=../../data/train_nt_aln.fasta
+ CONSTRAINT_FILE=../../data/phylogenetic_constraints.tre
+ rm -fr train_nt_4
+ mkdir -p train_nt_4
+ '[' nt = nt ']'
+ SUBSTITUTION_MODEL=GTR+G4
+ /appl/opt/time/1.9/bin/time --verbose iqtree2 -s ../../data/train_nt_aln.fasta -T 4 -fast -keep-ident --redo -m GTR+G4 -g ../../data/phylogenetic_constraints.tre -pre train_nt_4/train_nt
IQ-TREE multicore version 2.4.0 for Linux x86 64-bit built Mar  4 2025
Developed by Bui Quang Minh, Nguyen Lam Tung, Olga Chernomor, Heiko Schmidt,
Dominik Schrempf, Michael Woodhams, Ly Trong Nhan, Thomas Wong

Host:    r16c34.bullx (AVX512, FMA3, 187 GB RAM)
Command: iqtree2 -s ../../data/train_nt_aln.fasta -T 4 -fast -keep-ident --redo -m GTR+G4 -g ../../data/phylogenetic_constraints.tre -pre train_nt_4/train_nt
Seed:    620459 (Using SPRNG - Scalable Parallel Random Number Generator)
Time:    Thu Oct  2 02:04:59 2025
Kernel:  AVX+FMA - 4 threads (4 CPU cores detected)

Reading alignment file ../../data/train_nt_aln.fasta ... Fasta format detected
Reading fasta file: done in 0.45303 secs using 74.87% CPU
Alignment most likely contains DNA/RNA sequences
Alignment has 35556 sequences with 658 columns, 655 distinct patterns
623 parsimony-informative, 22 singleton sites, 13 constant sites
Analyzing sequences: done in 0.0200468 secs using 395% CPU
Reading constraint tree ../../data/phylogenetic_constraints.tre...
Creating fast initial parsimony tree by random order stepwise addition...
60.91 seconds, parsimony score: 521628 (based on 645 sites)

NOTE: 3043 MB RAM (2 GB) is required!
Estimate model parameters (epsilon = 0.50)
1. Initial log-likelihood: -2281425.32
2. Current log-likelihood: -2091370.79
3. Current log-likelihood: -2082490.62
4. Current log-likelihood: -2080915.18
5. Current log-likelihood: -2080697.58
6. Current log-likelihood: -2080457.02
7. Current log-likelihood: -2080410.64
8. Current log-likelihood: -2080404.65
9. Current log-likelihood: -2080403.55
Optimal log-likelihood: -2080403.19
Rate parameters:  A-C: 1.38996  A-G: 7.77616  A-T: 5.44578  C-G: 1.54462  C-T: 24.46428  G-T: 1.00000
Base frequencies:  A: 0.303  C: 0.162  G: 0.152  T: 0.383
Gamma shape alpha: 0.416
Parameters optimization took 9 rounds (5163.248 sec)
Wrote distance file to... 
--------------------------------------------------------------------
|             INITIALIZING CANDIDATE TREE SET                      |
--------------------------------------------------------------------
Generating 1 parsimony trees... 1179.484 second
Computing log-likelihood of 1 initial trees ... 266.666 seconds
Current best score: -2080403.194

Do NNI search on 2 best initial trees
Estimate model parameters (epsilon = 0.500)
BETTER TREE FOUND at iteration 1: -2069063.363
NOTE: 27.672 seconds to dump checkpoint file, increase to 554.000
Finish initializing candidate tree set (4)
Current best tree score: -2069063.363 / CPU time: 29493.722
Number of iterations: 2
TREE SEARCH COMPLETED AFTER 2 ITERATIONS / Time: 9h:57m:3s

--------------------------------------------------------------------
|                    FINALIZING TREE SEARCH                        |
--------------------------------------------------------------------
Performs final model parameters optimization
Estimate model parameters (epsilon = 0.050)
1. Initial log-likelihood: -2069063.363
2. Current log-likelihood: -2069063.292
Optimal log-likelihood: -2069063.229
Rate parameters:  A-C: 1.39877  A-G: 8.02903  A-T: 5.63036  C-G: 1.55150  C-T: 25.47399  G-T: 1.00000
Base frequencies:  A: 0.303  C: 0.162  G: 0.152  T: 0.383
Gamma shape alpha: 0.414
Parameters optimization took 2 rounds (366.341 sec)
BEST SCORE FOUND : -2069063.229
Total tree length: 1761.511

Total number of iterations: 2
CPU time used for tree search: 46996.874 sec (13h:3m:16s)
Wall-clock time used for tree search: 29494.117 sec (8h:11m:34s)
Total CPU time used: 66539.391 sec (18h:28m:59s)
Total wall-clock time used: 36190.708 sec (10h:3m:10s)

Analysis results written to: 
  IQ-TREE report:                train_nt_4/train_nt.iqtree
  Maximum-likelihood tree:       train_nt_4/train_nt.treefile
  Screen log file:               train_nt_4/train_nt.log

Date and Time: Thu Oct  2 12:08:19 2025
	Command being timed: "iqtree2 -s ../../data/train_nt_aln.fasta -T 4 -fast -keep-ident --redo -m GTR+G4 -g ../../data/phylogenetic_constraints.tre -pre train_nt_4/train_nt"
	User time (seconds): 66547.15
	System time (seconds): 44.84
	Percent of CPU this job got: 183%
	Elapsed (wall clock) time (h:mm:ss or m:ss): 10:03:21
	Average shared text size (kbytes): 0
	Average unshared data size (kbytes): 0
	Average stack size (kbytes): 0
	Average total size (kbytes): 0
	Maximum resident set size (kbytes): 4732444
	Average resident set size (kbytes): 0
	Major (requiring I/O) page faults: 2128
	Minor (reclaiming a frame) page faults: 1309956
	Voluntary context switches: 3930258
	Involuntary context switches: 53841
	Swaps: 0
	File system inputs: 81480
	File system outputs: 51992
	Socket messages sent: 0
	Socket messages received: 0
	Signals delivered: 0
	Page size (bytes): 4096
	Exit status: 0
+ '[' nt = nt ']'
++ sed -nr '/FINALIZING TREE SEARCH/,$ s|Rate parameters:  A-C: ([0-9.]+) +A-G: ([0-9.]+)  A-T: ([0-9.]+)  C-G: ([0-9.]+)  C-T: ([0-9.]+)  G-T: ([0-9.]+)|\1/\2/\3/\4/\5/\6|p' train_nt_4/train_nt.log
+ rates=1.39877/8.02903/5.63036/1.55150/25.47399/1.00000
+ echo 'Detected rates: 1.39877/8.02903/5.63036/1.55150/25.47399/1.00000'
Detected rates: 1.39877/8.02903/5.63036/1.55150/25.47399/1.00000
++ sed -nr '/FINALIZING TREE SEARCH/,$ s|Base frequencies:  A: ([0-9.]+) +C: ([0-9.]+) +G: ([0-9.]+) +T: ([0-9.]+)|\1/\2/\3/\4|p' train_nt_4/train_nt.log
+ frequencies=0.303/0.162/0.152/0.383
+ echo 'Detected base frequencies: 0.303/0.162/0.152/0.383'
Detected base frequencies: 0.303/0.162/0.152/0.383
++ sed -nr '/FINALIZING TREE SEARCH/,$ s|Gamma shape alpha: +([0-9.]+)|\1|p' train_nt_4/train_nt.log
+ alpha=0.414
+ echo 'Detected alpha: 0.414'
Detected alpha: 0.414
+ SUBSTITUTION_PARAMS='GTR{1.39877/8.02903/5.63036/1.55150/25.47399/1.00000}+FU{0.303/0.162/0.152/0.383}+G4{0.414}'
+ for TESTSET in test testshort
+ TEST_FILE=../../data/test_nt_aln.fasta
+ RAW_DIR=train_nt_4/test
+ SUFFIX=test_nt_4
+ mkdir -p train_nt_4/test
+ /appl/opt/time/1.9/bin/time --verbose epa-ng --tree train_nt_4/train_nt.treefile --ref-msa ../../data/train_nt_aln.fasta --query ../../data/test_nt_aln.fasta --out-dir train_nt_4/test --model 'GTR{1.39877/8.02903/5.63036/1.55150/25.47399/1.00000}+FU{0.303/0.162/0.152/0.383}+G4{0.414}' --threads 4 --redo
INFO Selected: Output dir: train_nt_4/test/
INFO Selected: Query file: ../../data/test_nt_aln.fasta
INFO Selected: Tree file: train_nt_4/train_nt.treefile
INFO Selected: Reference MSA: ../../data/train_nt_aln.fasta
INFO Selected: Automatic switching of use of per rate scalers
INFO Selected: Preserving the root of the input tree
INFO Selected: Specified model: GTR{1.39877/8.02903/5.63036/1.55150/25.47399/1.00000}+FU{0.303/0.162/0.152/0.383}+G4{0.414}
INFO Selected: Using threads: 4
INFO     ______ ____   ___           _   __ ______
        / ____// __ \ /   |         / | / // ____/
       / __/  / /_/ // /| | ______ /  |/ // / __  
      / /___ / ____// ___ |/_____// /|  // /_/ /  
     /_____//_/    /_/  |_|      /_/ |_/ \____/ (v0.3.8)
INFO Using model parameters:
INFO    Rate heterogeneity: GAMMA (4 cats, mean),  alpha: 0.414 (user),  weights&rates: (0.25,0.0187849) (0.25,0.192135) (0.25,0.745996) (0.25,3.04308) 
        Base frequencies (user): 0.303 0.162 0.152 0.383 
        Substitution rates (user): 1.39877 8.02903 5.63036 1.5515 25.474 1
INFO Output file: train_nt_4/test/epa_result.jplace
INFO 5000 Sequences done!
INFO 10000 Sequences done!
INFO 15000 Sequences done!
INFO 20000 Sequences done!
INFO 25000 Sequences done!
INFO 26901 Sequences done!
INFO Time spent placing: 735s
INFO Elapsed Time: 748s
	Command being timed: "epa-ng --tree train_nt_4/train_nt.treefile --ref-msa ../../data/train_nt_aln.fasta --query ../../data/test_nt_aln.fasta --out-dir train_nt_4/test --model GTR{1.39877/8.02903/5.63036/1.55150/25.47399/1.00000}+FU{0.303/0.162/0.152/0.383}+G4{0.414} --threads 4 --redo"
	User time (seconds): 2795.64
	System time (seconds): 15.34
	Percent of CPU this job got: 371%
	Elapsed (wall clock) time (h:mm:ss or m:ss): 12:37.31
	Average shared text size (kbytes): 0
	Average unshared data size (kbytes): 0
	Average stack size (kbytes): 0
	Average total size (kbytes): 0
	Maximum resident set size (kbytes): 36639132
	Average resident set size (kbytes): 0
	Major (requiring I/O) page faults: 534
	Minor (reclaiming a frame) page faults: 8005518
	Voluntary context switches: 2188
	Involuntary context switches: 3317
	Swaps: 0
	File system inputs: 93560
	File system outputs: 18232
	Socket messages sent: 0
	Socket messages received: 0
	Signals delivered: 0
	Page size (bytes): 4096
	Exit status: 0
+ /appl/opt/time/1.9/bin/time --verbose gappa examine assign --jplace-path train_nt_4/test/epa_result.jplace --taxon-file ../../data/train_gappa.tax --root-outgroup outgroup.txt --ranks-string 'class|order|family|subfamily|tribe|genus|species' --out-dir train_nt_4/test --file-suffix _test_nt_4 --per-query-results --threads 4 --allow-file-overwriting
                                              ....      ....  
                                             '' '||.   .||'   
                                                  ||  ||      
                                                  '|.|'       
     ...'   ....   ... ...  ... ...   ....        .|'|.       
    |  ||  '' .||   ||'  ||  ||'  || '' .||      .|'  ||      
     |''   .|' ||   ||    |  ||    | .|' ||     .|'|.  ||     
    '....  '|..'|'. ||...'   ||...'  '|..'|.    '||'    ||:.  
    '....'          ||       ||                               
                   ''''     ''''   v0.8.5 (c) 2017-2024
                                   by Lucas Czech and Pierre Barbera

Invocation:                        gappa examine assign --jplace-path train_nt_4/test/epa_result.jplace --taxon-file ../../data/train_gappa.tax --root-outgroup outgroup.txt --ranks-string class|order|family|subfamily|tribe|genus|species --out-dir train_nt_4/test --file-suffix _test_nt_4 --per-query-results --threads 4 --allow-file-overwriting
Command:                           gappa examine assign

Input:
  --jplace-path                    train_nt_4/test/epa_result.jplace
  --taxon-file                     ../../data/train_gappa.tax
  --root-outgroup                  outgroup.txt
  --taxonomy                       
  --ranks-string                   class|order|family|subfamily|tribe|genus|species

Settings:
  --sub-taxopath                   
  --max-level                      0
  --distribution-ratio             -1
  --consensus-thresh               1
  --resolve-missing-paths          false
  --distant-label                  false

Output:
  --out-dir                        train_nt_4/test
  --file-prefix                    
  --file-suffix                    _test_nt_4
  --cami                           false
  --sample-id                      
  --krona                          false
  --sativa                         false
  --per-query-results              true
  --best-hit                       false

Global Options:
  --allow-file-overwriting         true
  --verbose                        false
  --threads                        4
  --log-file

Run the following command to get the references that need to be cited:
`gappa tools citation Czech2020-genesis-and-gappa`

Started 2025-10-02 12:21:11

Found 1 jplace file
Running the assignment

Finished 2025-10-02 12:21:58
	Command being timed: "gappa examine assign --jplace-path train_nt_4/test/epa_result.jplace --taxon-file ../../data/train_gappa.tax --root-outgroup outgroup.txt --ranks-string class|order|family|subfamily|tribe|genus|species --out-dir train_nt_4/test --file-suffix _test_nt_4 --per-query-results --threads 4 --allow-file-overwriting"
	User time (seconds): 46.79
	System time (seconds): 0.20
	Percent of CPU this job got: 76%
	Elapsed (wall clock) time (h:mm:ss or m:ss): 1:01.81
	Average shared text size (kbytes): 0
	Average unshared data size (kbytes): 0
	Average stack size (kbytes): 0
	Average total size (kbytes): 0
	Maximum resident set size (kbytes): 366512
	Average resident set size (kbytes): 0
	Major (requiring I/O) page faults: 3
	Minor (reclaiming a frame) page faults: 92643
	Voluntary context switches: 59
	Involuntary context switches: 26
	Swaps: 0
	File system inputs: 18288
	File system outputs: 47720
	Socket messages sent: 0
	Socket messages received: 0
	Signals delivered: 0
	Page size (bytes): 4096
	Exit status: 0
+ RESULT_FILE=../../results/epang-phyltree/epang-phyltree_test_nt_4.tsv
+ echo 'ID	class	Prob_class	order	Prob_order	family	Prob_family	subfamily	Prob_subfamily	tribe	Prob_tribe	genus	Prob_genus	species	Prob_species'
+ awk '-F ' '
      function write_record(best_prob, best_taxon, new_prob, is_new, new_rank, rank) {
        printf "%s", prev_id
          is_new=0
          new_rank=8
          for (rank = 1; rank <= 7; rank++) {
            if (is_new) {
              printf "\tunk\t%.6f", new_prob[new_rank]
            } else if (new_prob[rank] > best_prob[rank]) {
              is_new = 1
              new_rank = rank
              printf "\tunk\t%.6f", new_prob[rank]
            } else {
              printf "\t%s\t%.6f", best_taxon[rank], best_prob[rank]
            }
          }
          printf "\n"
      }
      BEGIN { prev_id="NA" }
      $1 == "name" { next }
      $1 != prev_id {
        if (prev_id != "NA") {
          write_record(best_prob, best_taxon, new_prob)
        }
        for (rank = 1; rank <= 7; rank++) {
          best_prob[rank] = 0
          new_prob[rank] = 1
          best_taxon[rank] = "NA"
        }
        prev_id = $1
      }
      {
        rank = split($6, a, ";")
        if (rank > 1 && a[rank-1] !~ best_taxon[rank - 1]) next
        new_prob[rank] -= $5
        if ($5 > best_prob[rank]) {
          best_prob[rank] = $5
          best_taxon[rank] = a[rank]
          if (rank < 7) new_prob[rank + 1] = $5
          for (rank2 = rank + 1; rank2 <= 7; rank2++) {
            best_prob[rank2] = 0
            best_taxon[rank2] = "NA"
            new_prob[rank2] = $5
          }
        }
      }
      END{
        write_record(best_prob, best_taxon, new_prob)
      }' train_nt_4/test/per_query_test_nt_4.tsv
+ for TESTSET in test testshort
+ TEST_FILE=../../data/testshort_nt_aln.fasta
+ RAW_DIR=train_nt_4/testshort
+ SUFFIX=testshort_nt_4
+ mkdir -p train_nt_4/testshort
+ /appl/opt/time/1.9/bin/time --verbose epa-ng --tree train_nt_4/train_nt.treefile --ref-msa ../../data/train_nt_aln.fasta --query ../../data/testshort_nt_aln.fasta --out-dir train_nt_4/testshort --model 'GTR{1.39877/8.02903/5.63036/1.55150/25.47399/1.00000}+FU{0.303/0.162/0.152/0.383}+G4{0.414}' --threads 4 --redo
INFO Selected: Output dir: train_nt_4/testshort/
INFO Selected: Query file: ../../data/testshort_nt_aln.fasta
INFO Selected: Tree file: train_nt_4/train_nt.treefile
INFO Selected: Reference MSA: ../../data/train_nt_aln.fasta
INFO Selected: Automatic switching of use of per rate scalers
INFO Selected: Preserving the root of the input tree
INFO Selected: Specified model: GTR{1.39877/8.02903/5.63036/1.55150/25.47399/1.00000}+FU{0.303/0.162/0.152/0.383}+G4{0.414}
INFO Selected: Using threads: 4
INFO     ______ ____   ___           _   __ ______
        / ____// __ \ /   |         / | / // ____/
       / __/  / /_/ // /| | ______ /  |/ // / __  
      / /___ / ____// ___ |/_____// /|  // /_/ /  
     /_____//_/    /_/  |_|      /_/ |_/ \____/ (v0.3.8)
INFO Using model parameters:
INFO    Rate heterogeneity: GAMMA (4 cats, mean),  alpha: 0.414 (user),  weights&rates: (0.25,0.0187849) (0.25,0.192135) (0.25,0.745996) (0.25,3.04308) 
        Base frequencies (user): 0.303 0.162 0.152 0.383 
        Substitution rates (user): 1.39877 8.02903 5.63036 1.5515 25.474 1
INFO Output file: train_nt_4/testshort/epa_result.jplace
INFO 5000 Sequences done!
INFO 10000 Sequences done!
INFO 15000 Sequences done!
INFO 20000 Sequences done!
INFO 25000 Sequences done!
INFO 26901 Sequences done!
INFO Time spent placing: 608s
INFO Elapsed Time: 616s
	Command being timed: "epa-ng --tree train_nt_4/train_nt.treefile --ref-msa ../../data/train_nt_aln.fasta --query ../../data/testshort_nt_aln.fasta --out-dir train_nt_4/testshort --model GTR{1.39877/8.02903/5.63036/1.55150/25.47399/1.00000}+FU{0.303/0.162/0.152/0.383}+G4{0.414} --threads 4 --redo"
	User time (seconds): 1979.54
	System time (seconds): 12.15
	Percent of CPU this job got: 322%
	Elapsed (wall clock) time (h:mm:ss or m:ss): 10:17.95
	Average shared text size (kbytes): 0
	Average unshared data size (kbytes): 0
	Average stack size (kbytes): 0
	Average total size (kbytes): 0
	Maximum resident set size (kbytes): 30701452
	Average resident set size (kbytes): 0
	Major (requiring I/O) page faults: 101
	Minor (reclaiming a frame) page faults: 6524241
	Voluntary context switches: 1420
	Involuntary context switches: 2291
	Swaps: 0
	File system inputs: 44008
	File system outputs: 21120
	Socket messages sent: 0
	Socket messages received: 0
	Signals delivered: 0
	Page size (bytes): 4096
	Exit status: 0
+ /appl/opt/time/1.9/bin/time --verbose gappa examine assign --jplace-path train_nt_4/testshort/epa_result.jplace --taxon-file ../../data/train_gappa.tax --root-outgroup outgroup.txt --ranks-string 'class|order|family|subfamily|tribe|genus|species' --out-dir train_nt_4/testshort --file-suffix _testshort_nt_4 --per-query-results --threads 4 --allow-file-overwriting
                                              ....      ....  
                                             '' '||.   .||'   
                                                  ||  ||      
                                                  '|.|'       
     ...'   ....   ... ...  ... ...   ....        .|'|.       
    |  ||  '' .||   ||'  ||  ||'  || '' .||      .|'  ||      
     |''   .|' ||   ||    |  ||    | .|' ||     .|'|.  ||     
    '....  '|..'|'. ||...'   ||...'  '|..'|.    '||'    ||:.  
    '....'          ||       ||                               
                   ''''     ''''   v0.8.5 (c) 2017-2024
                                   by Lucas Czech and Pierre Barbera

Invocation:                        gappa examine assign --jplace-path train_nt_4/testshort/epa_result.jplace --taxon-file ../../data/train_gappa.tax --root-outgroup outgroup.txt --ranks-string class|order|family|subfamily|tribe|genus|species --out-dir train_nt_4/testshort --file-suffix _testshort_nt_4 --per-query-results --threads 4 --allow-file-overwriting
Command:                           gappa examine assign

Input:
  --jplace-path                    train_nt_4/testshort/epa_result.jplace
  --taxon-file                     ../../data/train_gappa.tax
  --root-outgroup                  outgroup.txt
  --taxonomy                       
  --ranks-string                   class|order|family|subfamily|tribe|genus|species

Settings:
  --sub-taxopath                   
  --max-level                      0
  --distribution-ratio             -1
  --consensus-thresh               1
  --resolve-missing-paths          false
  --distant-label                  false

Output:
  --out-dir                        train_nt_4/testshort
  --file-prefix                    
  --file-suffix                    _testshort_nt_4
  --cami                           false
  --sample-id                      
  --krona                          false
  --sativa                         false
  --per-query-results              true
  --best-hit                       false

Global Options:
  --allow-file-overwriting         true
  --verbose                        false
  --threads                        4
  --log-file

Run the following command to get the references that need to be cited:
`gappa tools citation Czech2020-genesis-and-gappa`

Started 2025-10-02 12:32:21

Found 1 jplace file
Running the assignment

Finished 2025-10-02 12:33:27
	Command being timed: "gappa examine assign --jplace-path train_nt_4/testshort/epa_result.jplace --taxon-file ../../data/train_gappa.tax --root-outgroup outgroup.txt --ranks-string class|order|family|subfamily|tribe|genus|species --out-dir train_nt_4/testshort --file-suffix _testshort_nt_4 --per-query-results --threads 4 --allow-file-overwriting"
	User time (seconds): 35.06
	System time (seconds): 0.18
	Percent of CPU this job got: 52%
	Elapsed (wall clock) time (h:mm:ss or m:ss): 1:07.55
	Average shared text size (kbytes): 0
	Average unshared data size (kbytes): 0
	Average stack size (kbytes): 0
	Average total size (kbytes): 0
	Maximum resident set size (kbytes): 369612
	Average resident set size (kbytes): 0
	Major (requiring I/O) page faults: 153
	Minor (reclaiming a frame) page faults: 92229
	Voluntary context switches: 203
	Involuntary context switches: 21
	Swaps: 0
	File system inputs: 1256
	File system outputs: 51392
	Socket messages sent: 0
	Socket messages received: 0
	Signals delivered: 0
	Page size (bytes): 4096
	Exit status: 0
+ RESULT_FILE=../../results/epang-phyltree/epang-phyltree_testshort_nt_4.tsv
+ echo 'ID	class	Prob_class	order	Prob_order	family	Prob_family	subfamily	Prob_subfamily	tribe	Prob_tribe	genus	Prob_genus	species	Prob_species'
+ awk '-F ' '
      function write_record(best_prob, best_taxon, new_prob, is_new, new_rank, rank) {
        printf "%s", prev_id
          is_new=0
          new_rank=8
          for (rank = 1; rank <= 7; rank++) {
            if (is_new) {
              printf "\tunk\t%.6f", new_prob[new_rank]
            } else if (new_prob[rank] > best_prob[rank]) {
              is_new = 1
              new_rank = rank
              printf "\tunk\t%.6f", new_prob[rank]
            } else {
              printf "\t%s\t%.6f", best_taxon[rank], best_prob[rank]
            }
          }
          printf "\n"
      }
      BEGIN { prev_id="NA" }
      $1 == "name" { next }
      $1 != prev_id {
        if (prev_id != "NA") {
          write_record(best_prob, best_taxon, new_prob)
        }
        for (rank = 1; rank <= 7; rank++) {
          best_prob[rank] = 0
          new_prob[rank] = 1
          best_taxon[rank] = "NA"
        }
        prev_id = $1
      }
      {
        rank = split($6, a, ";")
        if (rank > 1 && a[rank-1] !~ best_taxon[rank - 1]) next
        new_prob[rank] -= $5
        if ($5 > best_prob[rank]) {
          best_prob[rank] = $5
          best_taxon[rank] = a[rank]
          if (rank < 7) new_prob[rank + 1] = $5
          for (rank2 = rank + 1; rank2 <= 7; rank2++) {
            best_prob[rank2] = 0
            best_taxon[rank2] = "NA"
            new_prob[rank2] = $5
          }
        }
      }
      END{
        write_record(best_prob, best_taxon, new_prob)
      }' train_nt_4/testshort/per_query_testshort_nt_4.tsv
