vsearch v2.28.1_linux_x86_64, 376.1GB RAM, 40 cores
https://github.com/torognes/vsearch

Reading file ../../data/train_nt_sintax.fasta 100%
5482418 nt in 10776 seqs, min 260, max 1129, avg 509
Masking 100%
Counting k-mers 100%
Creating k-mer index 100%
Writing UDB file 100%
	Command being timed: "vsearch --makeudb_usearch ../../data/train_nt_sintax.fasta --output train_nt_40.udb"
	User time (seconds): 1.14
	System time (seconds): 0.10
	Percent of CPU this job got: 69%
	Elapsed (wall clock) time (h:mm:ss or m:ss): 0:01.80
	Average shared text size (kbytes): 0
	Average unshared data size (kbytes): 0
	Average stack size (kbytes): 0
	Average total size (kbytes): 0
	Maximum resident set size (kbytes): 26672
	Average resident set size (kbytes): 0
	Major (requiring I/O) page faults: 158
	Minor (reclaiming a frame) page faults: 6108
	Voluntary context switches: 202
	Involuntary context switches: 3
	Swaps: 0
	File system inputs: 16544
	File system outputs: 55560
	Socket messages sent: 0
	Socket messages received: 0
	Signals delivered: 0
	Page size (bytes): 4096
	Exit status: 0
vsearch v2.28.1_linux_x86_64, 376.1GB RAM, 40 cores
https://github.com/torognes/vsearch

Reading UDB file train_nt_40.udb 100%
Reorganizing data in memory 100%
Creating bitmaps 100%
Parsing abundances 100%
5482418 nt in 10776 seqs, min 260, max 1129, avg 509
Classifying sequences 100%
Classified 17226 of 17226 sequences (100.00%)
	Command being timed: "vsearch --sintax ../../data/test_nt.fasta --sintax_random --db train_nt_40.udb --tabbedout sintax_test_nt_40.raw --threads 40"
	User time (seconds): 109.24
	System time (seconds): 1730.20
	Percent of CPU this job got: 3865%
	Elapsed (wall clock) time (h:mm:ss or m:ss): 0:47.58
	Average shared text size (kbytes): 0
	Average unshared data size (kbytes): 0
	Average stack size (kbytes): 0
	Average total size (kbytes): 0
	Maximum resident set size (kbytes): 35824
	Average resident set size (kbytes): 0
	Major (requiring I/O) page faults: 0
	Minor (reclaiming a frame) page faults: 8561
	Voluntary context switches: 17367465
	Involuntary context switches: 410
	Swaps: 0
	File system inputs: 18328
	File system outputs: 5520
	Socket messages sent: 0
	Socket messages received: 0
	Signals delivered: 0
	Page size (bytes): 4096
	Exit status: 0
vsearch v2.28.1_linux_x86_64, 376.1GB RAM, 40 cores
https://github.com/torognes/vsearch

Reading UDB file train_nt_40.udb 100%
Reorganizing data in memory 100%
Creating bitmaps 100%
Parsing abundances 100%
5482418 nt in 10776 seqs, min 260, max 1129, avg 509
Classifying sequences 100%
Classified 17221 of 17226 sequences (99.97%)
	Command being timed: "vsearch --sintax ../../data/testshort_nt.fasta --sintax_random --db train_nt_40.udb --tabbedout sintax_testshort_nt_40.raw --threads 40"
	User time (seconds): 96.92
	System time (seconds): 1754.72
	Percent of CPU this job got: 3860%
	Elapsed (wall clock) time (h:mm:ss or m:ss): 0:47.96
	Average shared text size (kbytes): 0
	Average unshared data size (kbytes): 0
	Average stack size (kbytes): 0
	Average total size (kbytes): 0
	Maximum resident set size (kbytes): 35788
	Average resident set size (kbytes): 0
	Major (requiring I/O) page faults: 0
	Minor (reclaiming a frame) page faults: 8521
	Voluntary context switches: 18154232
	Involuntary context switches: 402
	Swaps: 0
	File system inputs: 6640
	File system outputs: 5536
	Socket messages sent: 0
	Socket messages received: 0
	Signals delivered: 0
	Page size (bytes): 4096
	Exit status: 0
