vsearch v2.28.1_linux_x86_64, 187.1GB RAM, 40 cores
https://github.com/torognes/vsearch

Reading file ../../data/train_nt_sintax.fasta 100%
5482418 nt in 10776 seqs, min 260, max 1129, avg 509
Masking 100%
Counting k-mers 100%
Creating k-mer index 100%
Writing UDB file 100%
	Command being timed: "vsearch --makeudb_usearch ../../data/train_nt_sintax.fasta --output train_nt_4.udb"
	User time (seconds): 1.36
	System time (seconds): 0.10
	Percent of CPU this job got: 99%
	Elapsed (wall clock) time (h:mm:ss or m:ss): 0:01.48
	Average shared text size (kbytes): 0
	Average unshared data size (kbytes): 0
	Average stack size (kbytes): 0
	Average total size (kbytes): 0
	Maximum resident set size (kbytes): 26840
	Average resident set size (kbytes): 0
	Major (requiring I/O) page faults: 1
	Minor (reclaiming a frame) page faults: 6268
	Voluntary context switches: 19
	Involuntary context switches: 4
	Swaps: 0
	File system inputs: 14408
	File system outputs: 55560
	Socket messages sent: 0
	Socket messages received: 0
	Signals delivered: 0
	Page size (bytes): 4096
	Exit status: 0
vsearch v2.28.1_linux_x86_64, 187.1GB RAM, 40 cores
https://github.com/torognes/vsearch

Reading UDB file train_nt_4.udb 100%
Reorganizing data in memory 100%
Creating bitmaps 100%
Parsing abundances 100%
5482418 nt in 10776 seqs, min 260, max 1129, avg 509
Classifying sequences 100%
Classified 17226 of 17226 sequences (100.00%)
	Command being timed: "vsearch --sintax ../../data/test_nt.fasta --sintax_random --db train_nt_4.udb --tabbedout sintax_test_nt_4.raw --threads 4"
	User time (seconds): 71.76
	System time (seconds): 9.86
	Percent of CPU this job got: 378%
	Elapsed (wall clock) time (h:mm:ss or m:ss): 0:21.55
	Average shared text size (kbytes): 0
	Average unshared data size (kbytes): 0
	Average stack size (kbytes): 0
	Average total size (kbytes): 0
	Maximum resident set size (kbytes): 33360
	Average resident set size (kbytes): 0
	Major (requiring I/O) page faults: 0
	Minor (reclaiming a frame) page faults: 7884
	Voluntary context switches: 1941984
	Involuntary context switches: 19
	Swaps: 0
	File system inputs: 18328
	File system outputs: 5520
	Socket messages sent: 0
	Socket messages received: 0
	Signals delivered: 0
	Page size (bytes): 4096
	Exit status: 0
vsearch v2.28.1_linux_x86_64, 187.1GB RAM, 40 cores
https://github.com/torognes/vsearch

Reading UDB file train_nt_4.udb 100%
Reorganizing data in memory 100%
Creating bitmaps 100%
Parsing abundances 100%
5482418 nt in 10776 seqs, min 260, max 1129, avg 509
Classifying sequences 100%
Classified 17221 of 17226 sequences (99.97%)
	Command being timed: "vsearch --sintax ../../data/testshort_nt.fasta --sintax_random --db train_nt_4.udb --tabbedout sintax_testshort_nt_4.raw --threads 4"
	User time (seconds): 58.73
	System time (seconds): 11.89
	Percent of CPU this job got: 367%
	Elapsed (wall clock) time (h:mm:ss or m:ss): 0:19.19
	Average shared text size (kbytes): 0
	Average unshared data size (kbytes): 0
	Average stack size (kbytes): 0
	Average total size (kbytes): 0
	Maximum resident set size (kbytes): 33220
	Average resident set size (kbytes): 0
	Major (requiring I/O) page faults: 0
	Minor (reclaiming a frame) page faults: 7877
	Voluntary context switches: 2698758
	Involuntary context switches: 18
	Swaps: 0
	File system inputs: 6640
	File system outputs: 5536
	Socket messages sent: 0
	Socket messages received: 0
	Signals delivered: 0
	Page size (bytes): 4096
	Exit status: 0
