vsearch v2.28.1_linux_x86_64, 187.1GB RAM, 40 cores
https://github.com/torognes/vsearch

Reading file ../../data/train_nt_sintax.fasta 100%
5482418 nt in 10776 seqs, min 260, max 1129, avg 509
Masking 100%
Counting k-mers 100%
Creating k-mer index 100%
Writing UDB file 100%
	Command being timed: "vsearch --makeudb_usearch ../../data/train_nt_sintax.fasta --output train_nt_1.udb"
	User time (seconds): 1.61
	System time (seconds): 0.12
	Percent of CPU this job got: 77%
	Elapsed (wall clock) time (h:mm:ss or m:ss): 0:02.24
	Average shared text size (kbytes): 0
	Average unshared data size (kbytes): 0
	Average stack size (kbytes): 0
	Average total size (kbytes): 0
	Maximum resident set size (kbytes): 26644
	Average resident set size (kbytes): 0
	Major (requiring I/O) page faults: 145
	Minor (reclaiming a frame) page faults: 6119
	Voluntary context switches: 164
	Involuntary context switches: 11
	Swaps: 0
	File system inputs: 2168
	File system outputs: 55568
	Socket messages sent: 0
	Socket messages received: 0
	Signals delivered: 0
	Page size (bytes): 4096
	Exit status: 0
vsearch v2.28.1_linux_x86_64, 187.1GB RAM, 40 cores
https://github.com/torognes/vsearch

Reading UDB file train_nt_1.udb 100%
Reorganizing data in memory 100%
Creating bitmaps 100%
Parsing abundances 100%
5482418 nt in 10776 seqs, min 260, max 1129, avg 509
Classifying sequences 100%
Classified 17226 of 17226 sequences (100.00%)
	Command being timed: "vsearch --sintax ../../data/test_nt.fasta --sintax_random --db train_nt_1.udb --tabbedout sintax_test_nt_1.raw --threads 1"
	User time (seconds): 69.01
	System time (seconds): 0.05
	Percent of CPU this job got: 99%
	Elapsed (wall clock) time (h:mm:ss or m:ss): 1:09.27
	Average shared text size (kbytes): 0
	Average unshared data size (kbytes): 0
	Average stack size (kbytes): 0
	Average total size (kbytes): 0
	Maximum resident set size (kbytes): 33036
	Average resident set size (kbytes): 0
	Major (requiring I/O) page faults: 0
	Minor (reclaiming a frame) page faults: 7822
	Voluntary context switches: 20
	Involuntary context switches: 233
	Swaps: 0
	File system inputs: 0
	File system outputs: 5520
	Socket messages sent: 0
	Socket messages received: 0
	Signals delivered: 0
	Page size (bytes): 4096
	Exit status: 0
vsearch v2.28.1_linux_x86_64, 187.1GB RAM, 40 cores
https://github.com/torognes/vsearch

Reading UDB file train_nt_1.udb 100%
Reorganizing data in memory 100%
Creating bitmaps 100%
Parsing abundances 100%
5482418 nt in 10776 seqs, min 260, max 1129, avg 509
Classifying sequences 100%
Classified 17221 of 17226 sequences (99.97%)
	Command being timed: "vsearch --sintax ../../data/testshort_nt.fasta --sintax_random --db train_nt_1.udb --tabbedout sintax_testshort_nt_1.raw --threads 1"
	User time (seconds): 55.88
	System time (seconds): 0.05
	Percent of CPU this job got: 99%
	Elapsed (wall clock) time (h:mm:ss or m:ss): 0:56.15
	Average shared text size (kbytes): 0
	Average unshared data size (kbytes): 0
	Average stack size (kbytes): 0
	Average total size (kbytes): 0
	Maximum resident set size (kbytes): 32996
	Average resident set size (kbytes): 0
	Major (requiring I/O) page faults: 0
	Minor (reclaiming a frame) page faults: 7823
	Voluntary context switches: 33
	Involuntary context switches: 185
	Swaps: 0
	File system inputs: 6640
	File system outputs: 5536
	Socket messages sent: 0
	Socket messages received: 0
	Signals delivered: 0
	Page size (bytes): 4096
	Exit status: 0
