EMBOSS  6.5.7  environment loaded 
BLAST  2.15.0  environment loaded 


Building a new DB, current time: 09/25/2024 19:10:44
New DB name:   /scratch/project_2003104/brendan/taxclass/coi/models/blast/train_nt_16
New DB title:  ../../data/train_nt_sintax.fasta
Sequence type: Nucleotide
Keep MBits: T
Maximum file size: 3000000000B
Adding sequences from FASTA; added 35623 sequences in 0.635625 seconds.


	Command being timed: "makeblastdb -in ../../data/train_nt_sintax.fasta -dbtype nucl -out train_nt_16"
	User time (seconds): 0.53
	System time (seconds): 0.04
	Percent of CPU this job got: 36%
	Elapsed (wall clock) time (h:mm:ss or m:ss): 0:01.62
	Average shared text size (kbytes): 0
	Average unshared data size (kbytes): 0
	Average stack size (kbytes): 0
	Average total size (kbytes): 0
	Maximum resident set size (kbytes): 12336
	Average resident set size (kbytes): 0
	Major (requiring I/O) page faults: 10
	Minor (reclaiming a frame) page faults: 2864
	Voluntary context switches: 303
	Involuntary context switches: 1
	Swaps: 0
	File system inputs: 98688
	File system outputs: 26192
	Socket messages sent: 0
	Socket messages received: 0
	Signals delivered: 0
	Page size (bytes): 4096
	Exit status: 0
Warning: [blastn] Examining 5 or more matches is recommended
Warning: [Query 1-7663] Examining 5 or more matches is recommended
Warning: [Query 7664-15323] Examining 5 or more matches is recommended
Warning: [Query 15324-22985] Examining 5 or more matches is recommended
Warning: [Query 22986-27071] Examining 5 or more matches is recommended
	Command being timed: "blastn -query ../../data/test_nt.fasta -db train_nt_16 -out blast_test_nt_16.raw -strand plus -num_threads 16 -outfmt 6 delim=; qseqid sseqid pident -max_target_seqs 1 -qcov_hsp_perc 80"
	User time (seconds): 8832.65
	System time (seconds): 0.51
	Percent of CPU this job got: 448%
	Elapsed (wall clock) time (h:mm:ss or m:ss): 32:47.94
	Average shared text size (kbytes): 0
	Average unshared data size (kbytes): 0
	Average stack size (kbytes): 0
	Average total size (kbytes): 0
	Maximum resident set size (kbytes): 143416
	Average resident set size (kbytes): 0
	Major (requiring I/O) page faults: 1153
	Minor (reclaiming a frame) page faults: 178421
	Voluntary context switches: 1733
	Involuntary context switches: 4843
	Swaps: 0
	File system inputs: 122368
	File system outputs: 7272
	Socket messages sent: 0
	Socket messages received: 0
	Signals delivered: 0
	Page size (bytes): 4096
	Exit status: 0
Warning: [blastn] Examining 5 or more matches is recommended
Warning: [Query 1-12049] Examining 5 or more matches is recommended
Warning: [Query 12050-24104] Examining 5 or more matches is recommended
Warning: [Query 24105-27071] Examining 5 or more matches is recommended
	Command being timed: "blastn -query ../../data/testshort_nt.fasta -db train_nt_16 -out blast_testshort_nt_16.raw -strand plus -num_threads 16 -outfmt 6 delim=; qseqid sseqid pident -max_target_seqs 1 -qcov_hsp_perc 80"
	User time (seconds): 3371.30
	System time (seconds): 0.74
	Percent of CPU this job got: 322%
	Elapsed (wall clock) time (h:mm:ss or m:ss): 17:25.61
	Average shared text size (kbytes): 0
	Average unshared data size (kbytes): 0
	Average stack size (kbytes): 0
	Average total size (kbytes): 0
	Maximum resident set size (kbytes): 117684
	Average resident set size (kbytes): 0
	Major (requiring I/O) page faults: 45
	Minor (reclaiming a frame) page faults: 402340
	Voluntary context switches: 483
	Involuntary context switches: 2215
	Swaps: 0
	File system inputs: 23232
	File system outputs: 7240
	Socket messages sent: 0
	Socket messages received: 0
	Signals delivered: 0
	Page size (bytes): 4096
	Exit status: 0


Building a new DB, current time: 09/25/2024 20:00:59
New DB name:   /scratch/project_2003104/brendan/taxclass/coi/models/blast/train_aa_16
New DB title:  ../../data/train_aa_sintax.fasta
Sequence type: Protein
Keep MBits: T
Maximum file size: 3000000000B
Adding sequences from FASTA; added 35623 sequences in 0.580459 seconds.


	Command being timed: "makeblastdb -in ../../data/train_aa_sintax.fasta -dbtype prot -out train_aa_16"
	User time (seconds): 0.51
	System time (seconds): 0.04
	Percent of CPU this job got: 40%
	Elapsed (wall clock) time (h:mm:ss or m:ss): 0:01.38
	Average shared text size (kbytes): 0
	Average unshared data size (kbytes): 0
	Average stack size (kbytes): 0
	Average total size (kbytes): 0
	Maximum resident set size (kbytes): 12132
	Average resident set size (kbytes): 0
	Major (requiring I/O) page faults: 2
	Minor (reclaiming a frame) page faults: 2769
	Voluntary context switches: 282
	Involuntary context switches: 1
	Swaps: 0
	File system inputs: 23584
	File system outputs: 29672
	Socket messages sent: 0
	Socket messages received: 0
	Signals delivered: 0
	Page size (bytes): 4096
	Exit status: 0
Warning: [blastp] Examining 5 or more matches is recommended
Warning: [Query 1-46] Examining 5 or more matches is recommended
Warning: [Query 47-92] Examining 5 or more matches is recommended
Warning: [Query 93-138] Examining 5 or more matches is recommended
Warning: [Query 139-185] Examining 5 or more matches is recommended
Warning: [Query 186-231] Examining 5 or more matches is recommended
Warning: [Query 232-278] Examining 5 or more matches is recommended
Warning: [Query 279-324] Examining 5 or more matches is recommended
Warning: [Query 325-370] Examining 5 or more matches is recommended
Warning: [Query 371-417] Examining 5 or more matches is recommended
Warning: [Query 418-464] Examining 5 or more matches is recommended
Warning: [Query 465-511] Examining 5 or more matches is recommended
Warning: [Query 512-558] Examining 5 or more matches is recommended
Warning: [Query 559-605] Examining 5 or more matches is recommended
Warning: [Query 606-651] Examining 5 or more matches is recommended
Warning: [Query 652-698] Examining 5 or more matches is recommended
Warning: [Query 699-744] Examining 5 or more matches is recommended
Warning: [Query 745-791] Examining 5 or more matches is recommended
Warning: [Query 792-838] Examining 5 or more matches is recommended
Warning: [Query 839-884] Examining 5 or more matches is recommended
Warning: [Query 885-931] Examining 5 or more matches is recommended
Warning: [Query 932-977] Examining 5 or more matches is recommended
Warning: [Query 978-1024] Examining 5 or more matches is recommended
Warning: [Query 1025-1071] Examining 5 or more matches is recommended
Warning: [Query 1072-1118] Examining 5 or more matches is recommended
Warning: [Query 1119-1165] Examining 5 or more matches is recommended
Warning: [Query 1166-1212] Examining 5 or more matches is recommended
Warning: [Query 1213-1259] Examining 5 or more matches is recommended
Warning: [Query 1260-1305] Examining 5 or more matches is recommended
Warning: [Query 1306-1352] Examining 5 or more matches is recommended
Warning: [Query 1353-1399] Examining 5 or more matches is recommended
Warning: [Query 1400-1445] Examining 5 or more matches is recommended
Warning: [Query 1446-1492] Examining 5 or more matches is recommended
Warning: [Query 1493-1539] Examining 5 or more matches is recommended
Warning: [Query 1540-1586] Examining 5 or more matches is recommended
Warning: [Query 1587-1633] Examining 5 or more matches is recommended
Warning: [Query 1634-1680] Examining 5 or more matches is recommended
Warning: [Query 1681-1727] Examining 5 or more matches is recommended
Warning: [Query 1728-1774] Examining 5 or more matches is recommended
Warning: [Query 1775-1820] Examining 5 or more matches is recommended
Warning: [Query 1821-1867] Examining 5 or more matches is recommended
Warning: [Query 1868-1914] Examining 5 or more matches is recommended
FASTA-Reader: Ignoring invalid residues at position(s): On line 78: 201
Warning: [Query 1915-1961] Examining 5 or more matches is recommended
Warning: [Query 1962-2008] Examining 5 or more matches is recommended
Warning: [Query 2009-2055] Examining 5 or more matches is recommended
Warning: [Query 2056-2101] Examining 5 or more matches is recommended
Warning: [Query 2102-2148] Examining 5 or more matches is recommended
Warning: [Query 2149-2195] Examining 5 or more matches is recommended
Warning: [Query 2196-2242] Examining 5 or more matches is recommended
Warning: [Query 2243-2289] Examining 5 or more matches is recommended
Warning: [Query 2290-2336] Examining 5 or more matches is recommended
Warning: [Query 2337-2382] Examining 5 or more matches is recommended
Warning: [Query 2383-2428] Examining 5 or more matches is recommended
Warning: [Query 2429-2474] Examining 5 or more matches is recommended
Warning: [Query 2475-2521] Examining 5 or more matches is recommended
Warning: [Query 2522-2568] Examining 5 or more matches is recommended
Warning: [Query 2569-2614] Examining 5 or more matches is recommended
Warning: [Query 2615-2660] Examining 5 or more matches is recommended
Warning: [Query 2661-2707] Examining 5 or more matches is recommended
Warning: [Query 2708-2754] Examining 5 or more matches is recommended
Warning: [Query 2755-2801] Examining 5 or more matches is recommended
Warning: [Query 2802-2848] Examining 5 or more matches is recommended
Warning: [Query 2849-2895] Examining 5 or more matches is recommended
Warning: [Query 2896-2942] Examining 5 or more matches is recommended
Warning: [Query 2943-2989] Examining 5 or more matches is recommended
Warning: [Query 2990-3035] Examining 5 or more matches is recommended
Warning: [Query 3036-3081] Examining 5 or more matches is recommended
Warning: [Query 3082-3127] Examining 5 or more matches is recommended
Warning: [Query 3128-3173] Examining 5 or more matches is recommended
Warning: [Query 3174-3220] Examining 5 or more matches is recommended
Warning: [Query 3221-3267] Examining 5 or more matches is recommended
Warning: [Query 3268-3314] Examining 5 or more matches is recommended
Warning: [Query 3315-3360] Examining 5 or more matches is recommended
Warning: [Query 3361-3407] Examining 5 or more matches is recommended
Warning: [Query 3408-3453] Examining 5 or more matches is recommended
Warning: [Query 3454-3500] Examining 5 or more matches is recommended
Warning: [Query 3501-3547] Examining 5 or more matches is recommended
Warning: [Query 3548-3594] Examining 5 or more matches is recommended
Warning: [Query 3595-3641] Examining 5 or more matches is recommended
Warning: [Query 3642-3688] Examining 5 or more matches is recommended
Warning: [Query 3689-3735] Examining 5 or more matches is recommended
Warning: [Query 3736-3782] Examining 5 or more matches is recommended
Warning: [Query 3783-3828] Examining 5 or more matches is recommended
Warning: [Query 3829-3874] Examining 5 or more matches is recommended
Warning: [Query 3875-3921] Examining 5 or more matches is recommended
Warning: [Query 3922-3968] Examining 5 or more matches is recommended
Warning: [Query 3969-4014] Examining 5 or more matches is recommended
FASTA-Reader: Ignoring invalid residues at position(s): On line 92: 201
Warning: [Query 4015-4060] Examining 5 or more matches is recommended
Warning: [Query 4061-4106] Examining 5 or more matches is recommended
Warning: [Query 4107-4152] Examining 5 or more matches is recommended
Warning: [Query 4153-4199] Examining 5 or more matches is recommended
Warning: [Query 4200-4245] Examining 5 or more matches is recommended
Warning: [Query 4246-4291] Examining 5 or more matches is recommended
Warning: [Query 4292-4337] Examining 5 or more matches is recommended
Warning: [Query 4338-4384] Examining 5 or more matches is recommended
Warning: [Query 4385-4431] Examining 5 or more matches is recommended
Warning: [Query 4432-4477] Examining 5 or more matches is recommended
Warning: [Query 4478-4524] Examining 5 or more matches is recommended
Warning: [Query 4525-4571] Examining 5 or more matches is recommended
Warning: [Query 4572-4618] Examining 5 or more matches is recommended
Warning: [Query 4619-4665] Examining 5 or more matches is recommended
Warning: [Query 4666-4712] Examining 5 or more matches is recommended
Warning: [Query 4713-4759] Examining 5 or more matches is recommended
Warning: [Query 4760-4805] Examining 5 or more matches is recommended
Warning: [Query 4806-4852] Examining 5 or more matches is recommended
Warning: [Query 4853-4899] Examining 5 or more matches is recommended
Warning: [Query 4900-4946] Examining 5 or more matches is recommended
Warning: [Query 4947-4992] Examining 5 or more matches is recommended
Warning: [Query 4993-5039] Examining 5 or more matches is recommended
Warning: [Query 5040-5086] Examining 5 or more matches is recommended
Warning: [Query 5087-5133] Examining 5 or more matches is recommended
FASTA-Reader: Ignoring invalid residues at position(s): On line 28: 205
Warning: [Query 5134-5179] Examining 5 or more matches is recommended
Warning: [Query 5180-5226] Examining 5 or more matches is recommended
Warning: [Query 5227-5273] Examining 5 or more matches is recommended
Warning: [Query 5274-5320] Examining 5 or more matches is recommended
Warning: [Query 5321-5367] Examining 5 or more matches is recommended
Warning: [Query 5368-5414] Examining 5 or more matches is recommended
Warning: [Query 5415-5460] Examining 5 or more matches is recommended
Warning: [Query 5461-5506] Examining 5 or more matches is recommended
Warning: [Query 5507-5553] Examining 5 or more matches is recommended
Warning: [Query 5554-5600] Examining 5 or more matches is recommended
Warning: [Query 5601-5646] Examining 5 or more matches is recommended
Warning: [Query 5647-5692] Examining 5 or more matches is recommended
Warning: [Query 5693-5738] Examining 5 or more matches is recommended
Warning: [Query 5739-5784] Examining 5 or more matches is recommended
Warning: [Query 5785-5831] Examining 5 or more matches is recommended
Warning: [Query 5832-5878] Examining 5 or more matches is recommended
Warning: [Query 5879-5924] Examining 5 or more matches is recommended
Warning: [Query 5925-5971] Examining 5 or more matches is recommended
Warning: [Query 5972-6017] Examining 5 or more matches is recommended
Warning: [Query 6018-6064] Examining 5 or more matches is recommended
Warning: [Query 6065-6110] Examining 5 or more matches is recommended
Warning: [Query 6111-6156] Examining 5 or more matches is recommended
Warning: [Query 6157-6202] Examining 5 or more matches is recommended
Warning: [Query 6203-6248] Examining 5 or more matches is recommended
Warning: [Query 6249-6295] Examining 5 or more matches is recommended
Warning: [Query 6296-6342] Examining 5 or more matches is recommended
FASTA-Reader: Ignoring invalid residues at position(s): On line 10: 27
Warning: [Query 6343-6388] Examining 5 or more matches is recommended
Warning: [Query 6389-6435] Examining 5 or more matches is recommended
Warning: [Query 6436-6482] Examining 5 or more matches is recommended
Warning: [Query 6483-6529] Examining 5 or more matches is recommended
Warning: [Query 6530-6576] Examining 5 or more matches is recommended
Warning: [Query 6577-6623] Examining 5 or more matches is recommended
Warning: [Query 6624-6670] Examining 5 or more matches is recommended
Warning: [Query 6671-6717] Examining 5 or more matches is recommended
Warning: [Query 6718-6764] Examining 5 or more matches is recommended
Warning: [Query 6765-6810] Examining 5 or more matches is recommended
Warning: [Query 6811-6857] Examining 5 or more matches is recommended
Warning: [Query 6858-6904] Examining 5 or more matches is recommended
Warning: [Query 6905-6951] Examining 5 or more matches is recommended
Warning: [Query 6952-6998] Examining 5 or more matches is recommended
Warning: [Query 6999-7045] Examining 5 or more matches is recommended
Warning: [Query 7046-7092] Examining 5 or more matches is recommended
Warning: [Query 7093-7139] Examining 5 or more matches is recommended
Warning: [Query 7140-7185] Examining 5 or more matches is recommended
Warning: [Query 7186-7232] Examining 5 or more matches is recommended
Warning: [Query 7233-7279] Examining 5 or more matches is recommended
Warning: [Query 7280-7326] Examining 5 or more matches is recommended
Warning: [Query 7327-7372] Examining 5 or more matches is recommended
Warning: [Query 7373-7418] Examining 5 or more matches is recommended
Warning: [Query 7419-7465] Examining 5 or more matches is recommended
Warning: [Query 7466-7512] Examining 5 or more matches is recommended
Warning: [Query 7513-7559] Examining 5 or more matches is recommended
Warning: [Query 7560-7606] Examining 5 or more matches is recommended
Warning: [Query 7607-7653] Examining 5 or more matches is recommended
Warning: [Query 7654-7699] Examining 5 or more matches is recommended
Warning: [Query 7700-7745] Examining 5 or more matches is recommended
Warning: [Query 7746-7792] Examining 5 or more matches is recommended
Warning: [Query 7793-7838] Examining 5 or more matches is recommended
Warning: [Query 7839-7885] Examining 5 or more matches is recommended
Warning: [Query 7886-7931] Examining 5 or more matches is recommended
Warning: [Query 7932-7977] Examining 5 or more matches is recommended
Warning: [Query 7978-8024] Examining 5 or more matches is recommended
Warning: [Query 8025-8071] Examining 5 or more matches is recommended
Warning: [Query 8072-8118] Examining 5 or more matches is recommended
Warning: [Query 8119-8164] Examining 5 or more matches is recommended
Warning: [Query 8165-8210] Examining 5 or more matches is recommended
Warning: [Query 8211-8257] Examining 5 or more matches is recommended
Warning: [Query 8258-8304] Examining 5 or more matches is recommended
Warning: [Query 8305-8350] Examining 5 or more matches is recommended
Warning: [Query 8351-8396] Examining 5 or more matches is recommended
Warning: [Query 8397-8443] Examining 5 or more matches is recommended
Warning: [Query 8444-8489] Examining 5 or more matches is recommended
Warning: [Query 8490-8535] Examining 5 or more matches is recommended
Warning: [Query 8536-8582] Examining 5 or more matches is recommended
Warning: [Query 8583-8628] Examining 5 or more matches is recommended
Warning: [Query 8629-8674] Examining 5 or more matches is recommended
Warning: [Query 8675-8720] Examining 5 or more matches is recommended
Warning: [Query 8721-8767] Examining 5 or more matches is recommended
Warning: [Query 8768-8813] Examining 5 or more matches is recommended
Warning: [Query 8814-8860] Examining 5 or more matches is recommended
Warning: [Query 8861-8907] Examining 5 or more matches is recommended
Warning: [Query 8908-8953] Examining 5 or more matches is recommended
Warning: [Query 8954-9000] Examining 5 or more matches is recommended
Warning: [Query 9001-9046] Examining 5 or more matches is recommended
Warning: [Query 9047-9093] Examining 5 or more matches is recommended
Warning: [Query 9094-9140] Examining 5 or more matches is recommended
Warning: [Query 9141-9187] Examining 5 or more matches is recommended
Warning: [Query 9188-9233] Examining 5 or more matches is recommended
Warning: [Query 9234-9279] Examining 5 or more matches is recommended
Warning: [Query 9280-9326] Examining 5 or more matches is recommended
Warning: [Query 9327-9372] Examining 5 or more matches is recommended
Warning: [Query 9373-9419] Examining 5 or more matches is recommended
Warning: [Query 9420-9466] Examining 5 or more matches is recommended
Warning: [Query 9467-9512] Examining 5 or more matches is recommended
Warning: [Query 9513-9558] Examining 5 or more matches is recommended
Warning: [Query 9559-9604] Examining 5 or more matches is recommended
Warning: [Query 9605-9651] Examining 5 or more matches is recommended
Warning: [Query 9652-9698] Examining 5 or more matches is recommended
Warning: [Query 9699-9744] Examining 5 or more matches is recommended
Warning: [Query 9745-9790] Examining 5 or more matches is recommended
Warning: [Query 9791-9836] Examining 5 or more matches is recommended
Warning: [Query 9837-9882] Examining 5 or more matches is recommended
Warning: [Query 9883-9929] Examining 5 or more matches is recommended
Warning: [Query 9930-9976] Examining 5 or more matches is recommended
Warning: [Query 9977-10023] Examining 5 or more matches is recommended
Warning: [Query 10024-10069] Examining 5 or more matches is recommended
Warning: [Query 10070-10115] Examining 5 or more matches is recommended
Warning: [Query 10116-10161] Examining 5 or more matches is recommended
Warning: [Query 10162-10207] Examining 5 or more matches is recommended
Warning: [Query 10208-10253] Examining 5 or more matches is recommended
Warning: [Query 10254-10299] Examining 5 or more matches is recommended
Warning: [Query 10300-10345] Examining 5 or more matches is recommended
Warning: [Query 10346-10392] Examining 5 or more matches is recommended
Warning: [Query 10393-10438] Examining 5 or more matches is recommended
Warning: [Query 10439-10484] Examining 5 or more matches is recommended
Warning: [Query 10485-10531] Examining 5 or more matches is recommended
Warning: [Query 10532-10578] Examining 5 or more matches is recommended
Warning: [Query 10579-10625] Examining 5 or more matches is recommended
Warning: [Query 10626-10671] Examining 5 or more matches is recommended
Warning: [Query 10672-10718] Examining 5 or more matches is recommended
Warning: [Query 10719-10765] Examining 5 or more matches is recommended
Warning: [Query 10766-10812] Examining 5 or more matches is recommended
Warning: [Query 10813-10859] Examining 5 or more matches is recommended
Warning: [Query 10860-10906] Examining 5 or more matches is recommended
Warning: [Query 10907-10953] Examining 5 or more matches is recommended
Warning: [Query 10954-11000] Examining 5 or more matches is recommended
Warning: [Query 11001-11046] Examining 5 or more matches is recommended
Warning: [Query 11047-11092] Examining 5 or more matches is recommended
Warning: [Query 11093-11139] Examining 5 or more matches is recommended
Warning: [Query 11140-11185] Examining 5 or more matches is recommended
Warning: [Query 11186-11232] Examining 5 or more matches is recommended
Warning: [Query 11233-11278] Examining 5 or more matches is recommended
Warning: [Query 11279-11325] Examining 5 or more matches is recommended
Warning: [Query 11326-11371] Examining 5 or more matches is recommended
Warning: [Query 11372-11418] Examining 5 or more matches is recommended
Warning: [Query 11419-11464] Examining 5 or more matches is recommended
Warning: [Query 11465-11510] Examining 5 or more matches is recommended
Warning: [Query 11511-11556] Examining 5 or more matches is recommended
Warning: [Query 11557-11602] Examining 5 or more matches is recommended
Warning: [Query 11603-11649] Examining 5 or more matches is recommended
Warning: [Query 11650-11696] Examining 5 or more matches is recommended
Warning: [Query 11697-11743] Examining 5 or more matches is recommended
Warning: [Query 11744-11789] Examining 5 or more matches is recommended
Warning: [Query 11790-11835] Examining 5 or more matches is recommended
Warning: [Query 11836-11882] Examining 5 or more matches is recommended
Warning: [Query 11883-11928] Examining 5 or more matches is recommended
Warning: [Query 11929-11974] Examining 5 or more matches is recommended
Warning: [Query 11975-12020] Examining 5 or more matches is recommended
Warning: [Query 12021-12067] Examining 5 or more matches is recommended
Warning: [Query 12068-12113] Examining 5 or more matches is recommended
Warning: [Query 12114-12159] Examining 5 or more matches is recommended
Warning: [Query 12160-12206] Examining 5 or more matches is recommended
Warning: [Query 12207-12253] Examining 5 or more matches is recommended
Warning: [Query 12254-12300] Examining 5 or more matches is recommended
Warning: [Query 12301-12347] Examining 5 or more matches is recommended
Warning: [Query 12348-12394] Examining 5 or more matches is recommended
Warning: [Query 12395-12441] Examining 5 or more matches is recommended
Warning: [Query 12442-12488] Examining 5 or more matches is recommended
Warning: [Query 12489-12534] Examining 5 or more matches is recommended
Warning: [Query 12535-12581] Examining 5 or more matches is recommended
Warning: [Query 12582-12627] Examining 5 or more matches is recommended
Warning: [Query 12628-12674] Examining 5 or more matches is recommended
Warning: [Query 12675-12720] Examining 5 or more matches is recommended
Warning: [Query 12721-12767] Examining 5 or more matches is recommended
Warning: [Query 12768-12814] Examining 5 or more matches is recommended
Warning: [Query 12815-12860] Examining 5 or more matches is recommended
Warning: [Query 12861-12907] Examining 5 or more matches is recommended
Warning: [Query 12908-12954] Examining 5 or more matches is recommended
Warning: [Query 12955-13001] Examining 5 or more matches is recommended
Warning: [Query 13002-13048] Examining 5 or more matches is recommended
Warning: [Query 13049-13094] Examining 5 or more matches is recommended
Warning: [Query 13095-13141] Examining 5 or more matches is recommended
Warning: [Query 13142-13188] Examining 5 or more matches is recommended
Warning: [Query 13189-13235] Examining 5 or more matches is recommended
Warning: [Query 13236-13282] Examining 5 or more matches is recommended
Warning: [Query 13283-13329] Examining 5 or more matches is recommended
Warning: [Query 13330-13376] Examining 5 or more matches is recommended
Warning: [Query 13377-13423] Examining 5 or more matches is recommended
Warning: [Query 13424-13470] Examining 5 or more matches is recommended
Warning: [Query 13471-13516] Examining 5 or more matches is recommended
Warning: [Query 13517-13562] Examining 5 or more matches is recommended
Warning: [Query 13563-13609] Examining 5 or more matches is recommended
Warning: [Query 13610-13655] Examining 5 or more matches is recommended
Warning: [Query 13656-13702] Examining 5 or more matches is recommended
Warning: [Query 13703-13749] Examining 5 or more matches is recommended
Warning: [Query 13750-13795] Examining 5 or more matches is recommended
Warning: [Query 13796-13841] Examining 5 or more matches is recommended
Warning: [Query 13842-13887] Examining 5 or more matches is recommended
Warning: [Query 13888-13933] Examining 5 or more matches is recommended
Warning: [Query 13934-13980] Examining 5 or more matches is recommended
Warning: [Query 13981-14027] Examining 5 or more matches is recommended
Warning: [Query 14028-14074] Examining 5 or more matches is recommended
Warning: [Query 14075-14121] Examining 5 or more matches is recommended
Warning: [Query 14122-14168] Examining 5 or more matches is recommended
Warning: [Query 14169-14214] Examining 5 or more matches is recommended
Warning: [Query 14215-14260] Examining 5 or more matches is recommended
Warning: [Query 14261-14307] Examining 5 or more matches is recommended
Warning: [Query 14308-14354] Examining 5 or more matches is recommended
Warning: [Query 14355-14401] Examining 5 or more matches is recommended
Warning: [Query 14402-14448] Examining 5 or more matches is recommended
Warning: [Query 14449-14495] Examining 5 or more matches is recommended
Warning: [Query 14496-14541] Examining 5 or more matches is recommended
Warning: [Query 14542-14587] Examining 5 or more matches is recommended
Warning: [Query 14588-14634] Examining 5 or more matches is recommended
Warning: [Query 14635-14681] Examining 5 or more matches is recommended
Warning: [Query 14682-14728] Examining 5 or more matches is recommended
Warning: [Query 14729-14775] Examining 5 or more matches is recommended
Warning: [Query 14776-14821] Examining 5 or more matches is recommended
Warning: [Query 14822-14868] Examining 5 or more matches is recommended
Warning: [Query 14869-14914] Examining 5 or more matches is recommended
Warning: [Query 14915-14960] Examining 5 or more matches is recommended
Warning: [Query 14961-15007] Examining 5 or more matches is recommended
Warning: [Query 15008-15054] Examining 5 or more matches is recommended
Warning: [Query 15055-15100] Examining 5 or more matches is recommended
Warning: [Query 15101-15146] Examining 5 or more matches is recommended
Warning: [Query 15147-15193] Examining 5 or more matches is recommended
Warning: [Query 15194-15240] Examining 5 or more matches is recommended
Warning: [Query 15241-15286] Examining 5 or more matches is recommended
Warning: [Query 15287-15333] Examining 5 or more matches is recommended
Warning: [Query 15334-15379] Examining 5 or more matches is recommended
Warning: [Query 15380-15425] Examining 5 or more matches is recommended
Warning: [Query 15426-15471] Examining 5 or more matches is recommended
Warning: [Query 15472-15517] Examining 5 or more matches is recommended
Warning: [Query 15518-15564] Examining 5 or more matches is recommended
Warning: [Query 15565-15610] Examining 5 or more matches is recommended
Warning: [Query 15611-15656] Examining 5 or more matches is recommended
Warning: [Query 15657-15702] Examining 5 or more matches is recommended
Warning: [Query 15703-15749] Examining 5 or more matches is recommended
Warning: [Query 15750-15796] Examining 5 or more matches is recommended
Warning: [Query 15797-15842] Examining 5 or more matches is recommended
Warning: [Query 15843-15889] Examining 5 or more matches is recommended
Warning: [Query 15890-15936] Examining 5 or more matches is recommended
Warning: [Query 15937-15983] Examining 5 or more matches is recommended
Warning: [Query 15984-16029] Examining 5 or more matches is recommended
Warning: [Query 16030-16076] Examining 5 or more matches is recommended
Warning: [Query 16077-16123] Examining 5 or more matches is recommended
Warning: [Query 16124-16170] Examining 5 or more matches is recommended
Warning: [Query 16171-16217] Examining 5 or more matches is recommended
Warning: [Query 16218-16264] Examining 5 or more matches is recommended
Warning: [Query 16265-16311] Examining 5 or more matches is recommended
Warning: [Query 16312-16357] Examining 5 or more matches is recommended
Warning: [Query 16358-16404] Examining 5 or more matches is recommended
Warning: [Query 16405-16451] Examining 5 or more matches is recommended
Warning: [Query 16452-16498] Examining 5 or more matches is recommended
Warning: [Query 16499-16544] Examining 5 or more matches is recommended
Warning: [Query 16545-16591] Examining 5 or more matches is recommended
Warning: [Query 16592-16637] Examining 5 or more matches is recommended
Warning: [Query 16638-16684] Examining 5 or more matches is recommended
Warning: [Query 16685-16731] Examining 5 or more matches is recommended
Warning: [Query 16732-16778] Examining 5 or more matches is recommended
Warning: [Query 16779-16825] Examining 5 or more matches is recommended
Warning: [Query 16826-16872] Examining 5 or more matches is recommended
Warning: [Query 16873-16918] Examining 5 or more matches is recommended
Warning: [Query 16919-16965] Examining 5 or more matches is recommended
Warning: [Query 16966-17012] Examining 5 or more matches is recommended
Warning: [Query 17013-17059] Examining 5 or more matches is recommended
Warning: [Query 17060-17105] Examining 5 or more matches is recommended
Warning: [Query 17106-17151] Examining 5 or more matches is recommended
Warning: [Query 17152-17197] Examining 5 or more matches is recommended
Warning: [Query 17198-17243] Examining 5 or more matches is recommended
Warning: [Query 17244-17290] Examining 5 or more matches is recommended
Warning: [Query 17291-17337] Examining 5 or more matches is recommended
Warning: [Query 17338-17384] Examining 5 or more matches is recommended
Warning: [Query 17385-17431] Examining 5 or more matches is recommended
Warning: [Query 17432-17477] Examining 5 or more matches is recommended
Warning: [Query 17478-17523] Examining 5 or more matches is recommended
Warning: [Query 17524-17570] Examining 5 or more matches is recommended
Warning: [Query 17571-17616] Examining 5 or more matches is recommended
Warning: [Query 17617-17663] Examining 5 or more matches is recommended
Warning: [Query 17664-17710] Examining 5 or more matches is recommended
Warning: [Query 17711-17757] Examining 5 or more matches is recommended
Warning: [Query 17758-17804] Examining 5 or more matches is recommended
Warning: [Query 17805-17850] Examining 5 or more matches is recommended
Warning: [Query 17851-17897] Examining 5 or more matches is recommended
Warning: [Query 17898-17944] Examining 5 or more matches is recommended
Warning: [Query 17945-17991] Examining 5 or more matches is recommended
Warning: [Query 17992-18037] Examining 5 or more matches is recommended
Warning: [Query 18038-18084] Examining 5 or more matches is recommended
Warning: [Query 18085-18131] Examining 5 or more matches is recommended
Warning: [Query 18132-18178] Examining 5 or more matches is recommended
Warning: [Query 18179-18225] Examining 5 or more matches is recommended
Warning: [Query 18226-18272] Examining 5 or more matches is recommended
Warning: [Query 18273-18318] Examining 5 or more matches is recommended
Warning: [Query 18319-18365] Examining 5 or more matches is recommended
Warning: [Query 18366-18411] Examining 5 or more matches is recommended
Warning: [Query 18412-18457] Examining 5 or more matches is recommended
Warning: [Query 18458-18503] Examining 5 or more matches is recommended
Warning: [Query 18504-18550] Examining 5 or more matches is recommended
Warning: [Query 18551-18596] Examining 5 or more matches is recommended
Warning: [Query 18597-18642] Examining 5 or more matches is recommended
Warning: [Query 18643-18688] Examining 5 or more matches is recommended
Warning: [Query 18689-18734] Examining 5 or more matches is recommended
Warning: [Query 18735-18781] Examining 5 or more matches is recommended
Warning: [Query 18782-18827] Examining 5 or more matches is recommended
Warning: [Query 18828-18874] Examining 5 or more matches is recommended
Warning: [Query 18875-18921] Examining 5 or more matches is recommended
Warning: [Query 18922-18968] Examining 5 or more matches is recommended
Warning: [Query 18969-19014] Examining 5 or more matches is recommended
Warning: [Query 19015-19060] Examining 5 or more matches is recommended
Warning: [Query 19061-19106] Examining 5 or more matches is recommended
Warning: [Query 19107-19153] Examining 5 or more matches is recommended
Warning: [Query 19154-19199] Examining 5 or more matches is recommended
Warning: [Query 19200-19246] Examining 5 or more matches is recommended
Warning: [Query 19247-19292] Examining 5 or more matches is recommended
Warning: [Query 19293-19339] Examining 5 or more matches is recommended
Warning: [Query 19340-19386] Examining 5 or more matches is recommended
Warning: [Query 19387-19433] Examining 5 or more matches is recommended
Warning: [Query 19434-19479] Examining 5 or more matches is recommended
Warning: [Query 19480-19525] Examining 5 or more matches is recommended
Warning: [Query 19526-19572] Examining 5 or more matches is recommended
Warning: [Query 19573-19619] Examining 5 or more matches is recommended
Warning: [Query 19620-19665] Examining 5 or more matches is recommended
Warning: [Query 19666-19712] Examining 5 or more matches is recommended
Warning: [Query 19713-19759] Examining 5 or more matches is recommended
Warning: [Query 19760-19805] Examining 5 or more matches is recommended
Warning: [Query 19806-19851] Examining 5 or more matches is recommended
Warning: [Query 19852-19897] Examining 5 or more matches is recommended
Warning: [Query 19898-19943] Examining 5 or more matches is recommended
Warning: [Query 19944-19989] Examining 5 or more matches is recommended
Warning: [Query 19990-20036] Examining 5 or more matches is recommended
Warning: [Query 20037-20082] Examining 5 or more matches is recommended
Warning: [Query 20083-20129] Examining 5 or more matches is recommended
FASTA-Reader: Ignoring invalid residues at position(s): On line 44: 205
Warning: [Query 20130-20176] Examining 5 or more matches is recommended
Warning: [Query 20177-20223] Examining 5 or more matches is recommended
Warning: [Query 20224-20270] Examining 5 or more matches is recommended
Warning: [Query 20271-20317] Examining 5 or more matches is recommended
Warning: [Query 20318-20363] Examining 5 or more matches is recommended
Warning: [Query 20364-20410] Examining 5 or more matches is recommended
Warning: [Query 20411-20456] Examining 5 or more matches is recommended
Warning: [Query 20457-20503] Examining 5 or more matches is recommended
Warning: [Query 20504-20550] Examining 5 or more matches is recommended
Warning: [Query 20551-20597] Examining 5 or more matches is recommended
Warning: [Query 20598-20644] Examining 5 or more matches is recommended
FASTA-Reader: Ignoring invalid residues at position(s): On line 92: 205
Warning: [Query 20645-20690] Examining 5 or more matches is recommended
Warning: [Query 20691-20737] Examining 5 or more matches is recommended
Warning: [Query 20738-20784] Examining 5 or more matches is recommended
Warning: [Query 20785-20831] Examining 5 or more matches is recommended
Warning: [Query 20832-20878] Examining 5 or more matches is recommended
Warning: [Query 20879-20924] Examining 5 or more matches is recommended
Warning: [Query 20925-20970] Examining 5 or more matches is recommended
Warning: [Query 20971-21017] Examining 5 or more matches is recommended
Warning: [Query 21018-21064] Examining 5 or more matches is recommended
Warning: [Query 21065-21110] Examining 5 or more matches is recommended
Warning: [Query 21111-21157] Examining 5 or more matches is recommended
Warning: [Query 21158-21203] Examining 5 or more matches is recommended
Warning: [Query 21204-21250] Examining 5 or more matches is recommended
Warning: [Query 21251-21297] Examining 5 or more matches is recommended
Warning: [Query 21298-21344] Examining 5 or more matches is recommended
Warning: [Query 21345-21390] Examining 5 or more matches is recommended
Warning: [Query 21391-21437] Examining 5 or more matches is recommended
Warning: [Query 21438-21483] Examining 5 or more matches is recommended
Warning: [Query 21484-21530] Examining 5 or more matches is recommended
Warning: [Query 21531-21577] Examining 5 or more matches is recommended
Warning: [Query 21578-21623] Examining 5 or more matches is recommended
Warning: [Query 21624-21670] Examining 5 or more matches is recommended
Warning: [Query 21671-21717] Examining 5 or more matches is recommended
Warning: [Query 21718-21764] Examining 5 or more matches is recommended
Warning: [Query 21765-21810] Examining 5 or more matches is recommended
Warning: [Query 21811-21857] Examining 5 or more matches is recommended
Warning: [Query 21858-21903] Examining 5 or more matches is recommended
Warning: [Query 21904-21950] Examining 5 or more matches is recommended
Warning: [Query 21951-21997] Examining 5 or more matches is recommended
Warning: [Query 21998-22044] Examining 5 or more matches is recommended
Warning: [Query 22045-22091] Examining 5 or more matches is recommended
Warning: [Query 22092-22138] Examining 5 or more matches is recommended
Warning: [Query 22139-22184] Examining 5 or more matches is recommended
Warning: [Query 22185-22231] Examining 5 or more matches is recommended
Warning: [Query 22232-22277] Examining 5 or more matches is recommended
Warning: [Query 22278-22323] Examining 5 or more matches is recommended
Warning: [Query 22324-22370] Examining 5 or more matches is recommended
Warning: [Query 22371-22417] Examining 5 or more matches is recommended
FASTA-Reader: Ignoring invalid residues at position(s): On line 84: 168
Warning: [Query 22418-22463] Examining 5 or more matches is recommended
Warning: [Query 22464-22509] Examining 5 or more matches is recommended
Warning: [Query 22510-22556] Examining 5 or more matches is recommended
Warning: [Query 22557-22602] Examining 5 or more matches is recommended
Warning: [Query 22603-22649] Examining 5 or more matches is recommended
Warning: [Query 22650-22695] Examining 5 or more matches is recommended
Warning: [Query 22696-22741] Examining 5 or more matches is recommended
Warning: [Query 22742-22788] Examining 5 or more matches is recommended
Warning: [Query 22789-22835] Examining 5 or more matches is recommended
Warning: [Query 22836-22881] Examining 5 or more matches is recommended
Warning: [Query 22882-22928] Examining 5 or more matches is recommended
Warning: [Query 22929-22975] Examining 5 or more matches is recommended
Warning: [Query 22976-23022] Examining 5 or more matches is recommended
Warning: [Query 23023-23068] Examining 5 or more matches is recommended
Warning: [Query 23069-23114] Examining 5 or more matches is recommended
Warning: [Query 23115-23160] Examining 5 or more matches is recommended
Warning: [Query 23161-23206] Examining 5 or more matches is recommended
Warning: [Query 23207-23253] Examining 5 or more matches is recommended
Warning: [Query 23254-23300] Examining 5 or more matches is recommended
Warning: [Query 23301-23346] Examining 5 or more matches is recommended
Warning: [Query 23347-23392] Examining 5 or more matches is recommended
Warning: [Query 23393-23438] Examining 5 or more matches is recommended
Warning: [Query 23439-23484] Examining 5 or more matches is recommended
Warning: [Query 23485-23530] Examining 5 or more matches is recommended
Warning: [Query 23531-23577] Examining 5 or more matches is recommended
Warning: [Query 23578-23624] Examining 5 or more matches is recommended
Warning: [Query 23625-23670] Examining 5 or more matches is recommended
Warning: [Query 23671-23716] Examining 5 or more matches is recommended
Warning: [Query 23717-23763] Examining 5 or more matches is recommended
Warning: [Query 23764-23810] Examining 5 or more matches is recommended
Warning: [Query 23811-23856] Examining 5 or more matches is recommended
Warning: [Query 23857-23902] Examining 5 or more matches is recommended
Warning: [Query 23903-23949] Examining 5 or more matches is recommended
Warning: [Query 23950-23995] Examining 5 or more matches is recommended
Warning: [Query 23996-24042] Examining 5 or more matches is recommended
Warning: [Query 24043-24088] Examining 5 or more matches is recommended
Warning: [Query 24089-24135] Examining 5 or more matches is recommended
Warning: [Query 24136-24182] Examining 5 or more matches is recommended
Warning: [Query 24183-24229] Examining 5 or more matches is recommended
Warning: [Query 24230-24276] Examining 5 or more matches is recommended
Warning: [Query 24277-24323] Examining 5 or more matches is recommended
Warning: [Query 24324-24369] Examining 5 or more matches is recommended
Warning: [Query 24370-24415] Examining 5 or more matches is recommended
Warning: [Query 24416-24462] Examining 5 or more matches is recommended
Warning: [Query 24463-24508] Examining 5 or more matches is recommended
Warning: [Query 24509-24554] Examining 5 or more matches is recommended
Warning: [Query 24555-24600] Examining 5 or more matches is recommended
FASTA-Reader: Ignoring invalid residues at position(s): On line 56: 205
Warning: [Query 24601-24646] Examining 5 or more matches is recommended
Warning: [Query 24647-24693] Examining 5 or more matches is recommended
Warning: [Query 24694-24740] Examining 5 or more matches is recommended
Warning: [Query 24741-24786] Examining 5 or more matches is recommended
Warning: [Query 24787-24833] Examining 5 or more matches is recommended
Warning: [Query 24834-24879] Examining 5 or more matches is recommended
Warning: [Query 24880-24926] Examining 5 or more matches is recommended
Warning: [Query 24927-24973] Examining 5 or more matches is recommended
Warning: [Query 24974-25020] Examining 5 or more matches is recommended
Warning: [Query 25021-25067] Examining 5 or more matches is recommended
Warning: [Query 25068-25114] Examining 5 or more matches is recommended
Warning: [Query 25115-25161] Examining 5 or more matches is recommended
Warning: [Query 25162-25208] Examining 5 or more matches is recommended
Warning: [Query 25209-25255] Examining 5 or more matches is recommended
Warning: [Query 25256-25301] Examining 5 or more matches is recommended
Warning: [Query 25302-25348] Examining 5 or more matches is recommended
Warning: [Query 25349-25394] Examining 5 or more matches is recommended
Warning: [Query 25395-25441] Examining 5 or more matches is recommended
Warning: [Query 25442-25487] Examining 5 or more matches is recommended
Warning: [Query 25488-25534] Examining 5 or more matches is recommended
Warning: [Query 25535-25580] Examining 5 or more matches is recommended
Warning: [Query 25581-25626] Examining 5 or more matches is recommended
Warning: [Query 25627-25672] Examining 5 or more matches is recommended
Warning: [Query 25673-25718] Examining 5 or more matches is recommended
Warning: [Query 25719-25765] Examining 5 or more matches is recommended
Warning: [Query 25766-25811] Examining 5 or more matches is recommended
Warning: [Query 25812-25858] Examining 5 or more matches is recommended
Warning: [Query 25859-25904] Examining 5 or more matches is recommended
Warning: [Query 25905-25950] Examining 5 or more matches is recommended
FASTA-Reader: Ignoring invalid residues at position(s): On line 72: 15
Warning: [Query 25951-25997] Examining 5 or more matches is recommended
Warning: [Query 25998-26044] Examining 5 or more matches is recommended
Warning: [Query 26045-26090] Examining 5 or more matches is recommended
Warning: [Query 26091-26137] Examining 5 or more matches is recommended
Warning: [Query 26138-26184] Examining 5 or more matches is recommended
Warning: [Query 26185-26230] Examining 5 or more matches is recommended
Warning: [Query 26231-26277] Examining 5 or more matches is recommended
FASTA-Reader: Ignoring invalid residues at position(s): On line 36: 203
Warning: [Query 26278-26324] Examining 5 or more matches is recommended
Warning: [Query 26325-26371] Examining 5 or more matches is recommended
Warning: [Query 26372-26418] Examining 5 or more matches is recommended
Warning: [Query 26419-26465] Examining 5 or more matches is recommended
Warning: [Query 26466-26512] Examining 5 or more matches is recommended
Warning: [Query 26513-26559] Examining 5 or more matches is recommended
Warning: [Query 26560-26605] Examining 5 or more matches is recommended
FASTA-Reader: Ignoring invalid residues at position(s): On line 36: 205
Warning: [Query 26606-26651] Examining 5 or more matches is recommended
Warning: [Query 26652-26698] Examining 5 or more matches is recommended
Warning: [Query 26699-26744] Examining 5 or more matches is recommended
Warning: [Query 26745-26790] Examining 5 or more matches is recommended
Warning: [Query 26791-26837] Examining 5 or more matches is recommended
Warning: [Query 26838-26883] Examining 5 or more matches is recommended
Warning: [Query 26884-26930] Examining 5 or more matches is recommended
Warning: [Query 26931-26976] Examining 5 or more matches is recommended
Warning: [Query 26977-27022] Examining 5 or more matches is recommended
Warning: [Query 27023-27069] Examining 5 or more matches is recommended
Warning: [Query 27070-27071] Examining 5 or more matches is recommended
	Command being timed: "blastp -query ../../data/test_aa.fasta -db train_aa_16 -out blast_test_aa_16.raw -num_threads 16 -outfmt 6 delim=; qseqid sseqid -max_target_seqs 1 -qcov_hsp_perc 80"
	User time (seconds): 45747.17
	System time (seconds): 17.32
	Percent of CPU this job got: 1566%
	Elapsed (wall clock) time (h:mm:ss or m:ss): 48:41.04
	Average shared text size (kbytes): 0
	Average unshared data size (kbytes): 0
	Average stack size (kbytes): 0
	Average total size (kbytes): 0
	Maximum resident set size (kbytes): 893184
	Average resident set size (kbytes): 0
	Major (requiring I/O) page faults: 982
	Minor (reclaiming a frame) page faults: 7828355
	Voluntary context switches: 44967
	Involuntary context switches: 136031
	Swaps: 0
	File system inputs: 100224
	File system outputs: 7568
	Socket messages sent: 0
	Socket messages received: 0
	Signals delivered: 0
	Page size (bytes): 4096
	Exit status: 0
Warning: [blastp] Examining 5 or more matches is recommended
Warning: [Query 1-73] Examining 5 or more matches is recommended
Warning: [Query 74-146] Examining 5 or more matches is recommended
Warning: [Query 147-219] Examining 5 or more matches is recommended
Warning: [Query 220-292] Examining 5 or more matches is recommended
Warning: [Query 293-365] Examining 5 or more matches is recommended
Warning: [Query 366-438] Examining 5 or more matches is recommended
Warning: [Query 439-511] Examining 5 or more matches is recommended
Warning: [Query 512-584] Examining 5 or more matches is recommended
Warning: [Query 585-657] Examining 5 or more matches is recommended
Warning: [Query 658-730] Examining 5 or more matches is recommended
Warning: [Query 731-803] Examining 5 or more matches is recommended
Warning: [Query 804-876] Examining 5 or more matches is recommended
Warning: [Query 877-949] Examining 5 or more matches is recommended
Warning: [Query 950-1022] Examining 5 or more matches is recommended
Warning: [Query 1023-1095] Examining 5 or more matches is recommended
Warning: [Query 1096-1168] Examining 5 or more matches is recommended
Warning: [Query 1169-1241] Examining 5 or more matches is recommended
Warning: [Query 1242-1314] Examining 5 or more matches is recommended
Warning: [Query 1315-1387] Examining 5 or more matches is recommended
Warning: [Query 1388-1460] Examining 5 or more matches is recommended
Warning: [Query 1461-1533] Examining 5 or more matches is recommended
Warning: [Query 1534-1606] Examining 5 or more matches is recommended
Warning: [Query 1607-1679] Examining 5 or more matches is recommended
Warning: [Query 1680-1752] Examining 5 or more matches is recommended
Warning: [Query 1753-1825] Examining 5 or more matches is recommended
Warning: [Query 1826-1898] Examining 5 or more matches is recommended
Warning: [Query 1899-1971] Examining 5 or more matches is recommended
Warning: [Query 1972-2044] Examining 5 or more matches is recommended
Warning: [Query 2045-2117] Examining 5 or more matches is recommended
Warning: [Query 2118-2190] Examining 5 or more matches is recommended
Warning: [Query 2191-2263] Examining 5 or more matches is recommended
FASTA-Reader: Ignoring invalid residues at position(s): On line 122: 122
Warning: [Query 2264-2336] Examining 5 or more matches is recommended
Warning: [Query 2337-2409] Examining 5 or more matches is recommended
Warning: [Query 2410-2482] Examining 5 or more matches is recommended
Warning: [Query 2483-2555] Examining 5 or more matches is recommended
Warning: [Query 2556-2628] Examining 5 or more matches is recommended
Warning: [Query 2629-2701] Examining 5 or more matches is recommended
Warning: [Query 2702-2774] Examining 5 or more matches is recommended
Warning: [Query 2775-2847] Examining 5 or more matches is recommended
Warning: [Query 2848-2920] Examining 5 or more matches is recommended
Warning: [Query 2921-2993] Examining 5 or more matches is recommended
Warning: [Query 2994-3066] Examining 5 or more matches is recommended
Warning: [Query 3067-3139] Examining 5 or more matches is recommended
Warning: [Query 3140-3212] Examining 5 or more matches is recommended
Warning: [Query 3213-3285] Examining 5 or more matches is recommended
Warning: [Query 3286-3358] Examining 5 or more matches is recommended
Warning: [Query 3359-3431] Examining 5 or more matches is recommended
Warning: [Query 3432-3504] Examining 5 or more matches is recommended
Warning: [Query 3505-3577] Examining 5 or more matches is recommended
Warning: [Query 3578-3650] Examining 5 or more matches is recommended
Warning: [Query 3651-3723] Examining 5 or more matches is recommended
Warning: [Query 3724-3796] Examining 5 or more matches is recommended
Warning: [Query 3797-3869] Examining 5 or more matches is recommended
Warning: [Query 3870-3942] Examining 5 or more matches is recommended
Warning: [Query 3943-4015] Examining 5 or more matches is recommended
Warning: [Query 4016-4088] Examining 5 or more matches is recommended
FASTA-Reader: Ignoring invalid residues at position(s): On line 144: 122
Warning: [Query 4089-4161] Examining 5 or more matches is recommended
Warning: [Query 4162-4234] Examining 5 or more matches is recommended
Warning: [Query 4235-4307] Examining 5 or more matches is recommended
Warning: [Query 4308-4380] Examining 5 or more matches is recommended
Warning: [Query 4381-4453] Examining 5 or more matches is recommended
Warning: [Query 4454-4526] Examining 5 or more matches is recommended
Warning: [Query 4527-4599] Examining 5 or more matches is recommended
Warning: [Query 4600-4672] Examining 5 or more matches is recommended
Warning: [Query 4673-4745] Examining 5 or more matches is recommended
Warning: [Query 4746-4818] Examining 5 or more matches is recommended
Warning: [Query 4819-4891] Examining 5 or more matches is recommended
Warning: [Query 4892-4964] Examining 5 or more matches is recommended
Warning: [Query 4965-5037] Examining 5 or more matches is recommended
Warning: [Query 5038-5110] Examining 5 or more matches is recommended
Warning: [Query 5111-5183] Examining 5 or more matches is recommended
Warning: [Query 5184-5256] Examining 5 or more matches is recommended
FASTA-Reader: Ignoring invalid residues at position(s): On line 126: 125
Warning: [Query 5257-5329] Examining 5 or more matches is recommended
Warning: [Query 5330-5402] Examining 5 or more matches is recommended
Warning: [Query 5403-5475] Examining 5 or more matches is recommended
Warning: [Query 5476-5548] Examining 5 or more matches is recommended
Warning: [Query 5549-5621] Examining 5 or more matches is recommended
Warning: [Query 5622-5694] Examining 5 or more matches is recommended
Warning: [Query 5695-5767] Examining 5 or more matches is recommended
Warning: [Query 5768-5840] Examining 5 or more matches is recommended
Warning: [Query 5841-5913] Examining 5 or more matches is recommended
Warning: [Query 5914-5986] Examining 5 or more matches is recommended
Warning: [Query 5987-6059] Examining 5 or more matches is recommended
Warning: [Query 6060-6132] Examining 5 or more matches is recommended
Warning: [Query 6133-6205] Examining 5 or more matches is recommended
Warning: [Query 6206-6278] Examining 5 or more matches is recommended
Warning: [Query 6279-6351] Examining 5 or more matches is recommended
Warning: [Query 6352-6424] Examining 5 or more matches is recommended
Warning: [Query 6425-6497] Examining 5 or more matches is recommended
Warning: [Query 6498-6570] Examining 5 or more matches is recommended
Warning: [Query 6571-6643] Examining 5 or more matches is recommended
Warning: [Query 6644-6716] Examining 5 or more matches is recommended
Warning: [Query 6717-6789] Examining 5 or more matches is recommended
Warning: [Query 6790-6862] Examining 5 or more matches is recommended
Warning: [Query 6863-6935] Examining 5 or more matches is recommended
Warning: [Query 6936-7008] Examining 5 or more matches is recommended
Warning: [Query 7009-7081] Examining 5 or more matches is recommended
Warning: [Query 7082-7154] Examining 5 or more matches is recommended
Warning: [Query 7155-7227] Examining 5 or more matches is recommended
Warning: [Query 7228-7300] Examining 5 or more matches is recommended
Warning: [Query 7301-7373] Examining 5 or more matches is recommended
Warning: [Query 7374-7446] Examining 5 or more matches is recommended
Warning: [Query 7447-7519] Examining 5 or more matches is recommended
Warning: [Query 7520-7592] Examining 5 or more matches is recommended
Warning: [Query 7593-7665] Examining 5 or more matches is recommended
Warning: [Query 7666-7738] Examining 5 or more matches is recommended
Warning: [Query 7739-7811] Examining 5 or more matches is recommended
Warning: [Query 7812-7884] Examining 5 or more matches is recommended
Warning: [Query 7885-7957] Examining 5 or more matches is recommended
Warning: [Query 7958-8030] Examining 5 or more matches is recommended
Warning: [Query 8031-8103] Examining 5 or more matches is recommended
Warning: [Query 8104-8176] Examining 5 or more matches is recommended
Warning: [Query 8177-8249] Examining 5 or more matches is recommended
Warning: [Query 8250-8322] Examining 5 or more matches is recommended
Warning: [Query 8323-8395] Examining 5 or more matches is recommended
Warning: [Query 8396-8468] Examining 5 or more matches is recommended
Warning: [Query 8469-8541] Examining 5 or more matches is recommended
Warning: [Query 8542-8614] Examining 5 or more matches is recommended
Warning: [Query 8615-8687] Examining 5 or more matches is recommended
Warning: [Query 8688-8760] Examining 5 or more matches is recommended
Warning: [Query 8761-8833] Examining 5 or more matches is recommended
Warning: [Query 8834-8906] Examining 5 or more matches is recommended
Warning: [Query 8907-8979] Examining 5 or more matches is recommended
Warning: [Query 8980-9052] Examining 5 or more matches is recommended
Warning: [Query 9053-9125] Examining 5 or more matches is recommended
Warning: [Query 9126-9198] Examining 5 or more matches is recommended
Warning: [Query 9199-9271] Examining 5 or more matches is recommended
Warning: [Query 9272-9344] Examining 5 or more matches is recommended
Warning: [Query 9345-9417] Examining 5 or more matches is recommended
Warning: [Query 9418-9490] Examining 5 or more matches is recommended
Warning: [Query 9564-9636] Examining 5 or more matches is recommended
Warning: [Query 9491-9563] Examining 5 or more matches is recommended
Warning: [Query 9637-9709] Examining 5 or more matches is recommended
Warning: [Query 9710-9782] Examining 5 or more matches is recommended
Warning: [Query 9783-9855] Examining 5 or more matches is recommended
Warning: [Query 9856-9928] Examining 5 or more matches is recommended
Warning: [Query 9929-10001] Examining 5 or more matches is recommended
Warning: [Query 10002-10074] Examining 5 or more matches is recommended
Warning: [Query 10075-10147] Examining 5 or more matches is recommended
Warning: [Query 10148-10220] Examining 5 or more matches is recommended
Warning: [Query 10221-10293] Examining 5 or more matches is recommended
Warning: [Query 10294-10366] Examining 5 or more matches is recommended
Warning: [Query 10367-10439] Examining 5 or more matches is recommended
Warning: [Query 10440-10512] Examining 5 or more matches is recommended
Warning: [Query 10513-10585] Examining 5 or more matches is recommended
Warning: [Query 10586-10658] Examining 5 or more matches is recommended
Warning: [Query 10659-10731] Examining 5 or more matches is recommended
Warning: [Query 10732-10804] Examining 5 or more matches is recommended
Warning: [Query 10805-10877] Examining 5 or more matches is recommended
Warning: [Query 10878-10950] Examining 5 or more matches is recommended
Warning: [Query 10951-11023] Examining 5 or more matches is recommended
Warning: [Query 11024-11096] Examining 5 or more matches is recommended
Warning: [Query 11097-11169] Examining 5 or more matches is recommended
Warning: [Query 11170-11242] Examining 5 or more matches is recommended
Warning: [Query 11243-11315] Examining 5 or more matches is recommended
Warning: [Query 11316-11388] Examining 5 or more matches is recommended
Warning: [Query 11389-11461] Examining 5 or more matches is recommended
Warning: [Query 11462-11534] Examining 5 or more matches is recommended
Warning: [Query 11535-11607] Examining 5 or more matches is recommended
Warning: [Query 11608-11680] Examining 5 or more matches is recommended
Warning: [Query 11681-11753] Examining 5 or more matches is recommended
Warning: [Query 11754-11826] Examining 5 or more matches is recommended
Warning: [Query 11827-11899] Examining 5 or more matches is recommended
Warning: [Query 11900-11972] Examining 5 or more matches is recommended
Warning: [Query 11973-12045] Examining 5 or more matches is recommended
Warning: [Query 12046-12118] Examining 5 or more matches is recommended
Warning: [Query 12119-12191] Examining 5 or more matches is recommended
Warning: [Query 12192-12264] Examining 5 or more matches is recommended
Warning: [Query 12265-12338] Examining 5 or more matches is recommended
Warning: [Query 12339-12411] Examining 5 or more matches is recommended
Warning: [Query 12412-12484] Examining 5 or more matches is recommended
Warning: [Query 12485-12557] Examining 5 or more matches is recommended
Warning: [Query 12558-12630] Examining 5 or more matches is recommended
Warning: [Query 12631-12703] Examining 5 or more matches is recommended
Warning: [Query 12704-12776] Examining 5 or more matches is recommended
Warning: [Query 12777-12849] Examining 5 or more matches is recommended
Warning: [Query 12850-12922] Examining 5 or more matches is recommended
Warning: [Query 12923-12995] Examining 5 or more matches is recommended
Warning: [Query 12996-13068] Examining 5 or more matches is recommended
Warning: [Query 13069-13141] Examining 5 or more matches is recommended
Warning: [Query 13142-13214] Examining 5 or more matches is recommended
Warning: [Query 13215-13287] Examining 5 or more matches is recommended
Warning: [Query 13288-13361] Examining 5 or more matches is recommended
Warning: [Query 13362-13434] Examining 5 or more matches is recommended
Warning: [Query 13435-13507] Examining 5 or more matches is recommended
Warning: [Query 13508-13580] Examining 5 or more matches is recommended
Warning: [Query 13581-13653] Examining 5 or more matches is recommended
Warning: [Query 13654-13726] Examining 5 or more matches is recommended
Warning: [Query 13727-13799] Examining 5 or more matches is recommended
Warning: [Query 13800-13872] Examining 5 or more matches is recommended
Warning: [Query 13873-13945] Examining 5 or more matches is recommended
Warning: [Query 13946-14018] Examining 5 or more matches is recommended
Warning: [Query 14019-14091] Examining 5 or more matches is recommended
Warning: [Query 14092-14164] Examining 5 or more matches is recommended
Warning: [Query 14165-14237] Examining 5 or more matches is recommended
Warning: [Query 14238-14310] Examining 5 or more matches is recommended
Warning: [Query 14311-14383] Examining 5 or more matches is recommended
Warning: [Query 14384-14456] Examining 5 or more matches is recommended
Warning: [Query 14457-14529] Examining 5 or more matches is recommended
Warning: [Query 14530-14602] Examining 5 or more matches is recommended
Warning: [Query 14603-14675] Examining 5 or more matches is recommended
Warning: [Query 14676-14748] Examining 5 or more matches is recommended
Warning: [Query 14749-14821] Examining 5 or more matches is recommended
Warning: [Query 14822-14894] Examining 5 or more matches is recommended
Warning: [Query 14895-14967] Examining 5 or more matches is recommended
Warning: [Query 14968-15040] Examining 5 or more matches is recommended
Warning: [Query 15041-15113] Examining 5 or more matches is recommended
Warning: [Query 15114-15186] Examining 5 or more matches is recommended
Warning: [Query 15187-15259] Examining 5 or more matches is recommended
Warning: [Query 15260-15332] Examining 5 or more matches is recommended
Warning: [Query 15333-15405] Examining 5 or more matches is recommended
Warning: [Query 15406-15478] Examining 5 or more matches is recommended
Warning: [Query 15479-15551] Examining 5 or more matches is recommended
Warning: [Query 15552-15624] Examining 5 or more matches is recommended
Warning: [Query 15625-15697] Examining 5 or more matches is recommended
Warning: [Query 15698-15770] Examining 5 or more matches is recommended
Warning: [Query 15771-15843] Examining 5 or more matches is recommended
Warning: [Query 15844-15916] Examining 5 or more matches is recommended
Warning: [Query 15917-15989] Examining 5 or more matches is recommended
Warning: [Query 15990-16062] Examining 5 or more matches is recommended
Warning: [Query 16063-16135] Examining 5 or more matches is recommended
Warning: [Query 16136-16208] Examining 5 or more matches is recommended
Warning: [Query 16209-16281] Examining 5 or more matches is recommended
Warning: [Query 16282-16354] Examining 5 or more matches is recommended
Warning: [Query 16355-16427] Examining 5 or more matches is recommended
Warning: [Query 16428-16500] Examining 5 or more matches is recommended
Warning: [Query 16501-16573] Examining 5 or more matches is recommended
Warning: [Query 16574-16646] Examining 5 or more matches is recommended
Warning: [Query 16647-16720] Examining 5 or more matches is recommended
Warning: [Query 16721-16793] Examining 5 or more matches is recommended
Warning: [Query 16794-16866] Examining 5 or more matches is recommended
Warning: [Query 16867-16939] Examining 5 or more matches is recommended
Warning: [Query 16940-17012] Examining 5 or more matches is recommended
Warning: [Query 17013-17085] Examining 5 or more matches is recommended
Warning: [Query 17086-17158] Examining 5 or more matches is recommended
Warning: [Query 17159-17231] Examining 5 or more matches is recommended
Warning: [Query 17232-17304] Examining 5 or more matches is recommended
Warning: [Query 17305-17377] Examining 5 or more matches is recommended
Warning: [Query 17378-17450] Examining 5 or more matches is recommended
Warning: [Query 17451-17523] Examining 5 or more matches is recommended
Warning: [Query 17524-17596] Examining 5 or more matches is recommended
Warning: [Query 17597-17669] Examining 5 or more matches is recommended
Warning: [Query 17670-17742] Examining 5 or more matches is recommended
Warning: [Query 17743-17815] Examining 5 or more matches is recommended
Warning: [Query 17816-17888] Examining 5 or more matches is recommended
Warning: [Query 17889-17961] Examining 5 or more matches is recommended
Warning: [Query 17962-18034] Examining 5 or more matches is recommended
Warning: [Query 18035-18107] Examining 5 or more matches is recommended
Warning: [Query 18108-18180] Examining 5 or more matches is recommended
Warning: [Query 18181-18253] Examining 5 or more matches is recommended
Warning: [Query 18254-18326] Examining 5 or more matches is recommended
Warning: [Query 18327-18399] Examining 5 or more matches is recommended
Warning: [Query 18400-18472] Examining 5 or more matches is recommended
Warning: [Query 18473-18545] Examining 5 or more matches is recommended
Warning: [Query 18546-18618] Examining 5 or more matches is recommended
Warning: [Query 18619-18691] Examining 5 or more matches is recommended
Warning: [Query 18692-18764] Examining 5 or more matches is recommended
Warning: [Query 18765-18837] Examining 5 or more matches is recommended
Warning: [Query 18838-18910] Examining 5 or more matches is recommended
Warning: [Query 18911-18983] Examining 5 or more matches is recommended
Warning: [Query 18984-19056] Examining 5 or more matches is recommended
Warning: [Query 19057-19129] Examining 5 or more matches is recommended
Warning: [Query 19130-19202] Examining 5 or more matches is recommended
Warning: [Query 19203-19275] Examining 5 or more matches is recommended
Warning: [Query 19276-19348] Examining 5 or more matches is recommended
Warning: [Query 19349-19421] Examining 5 or more matches is recommended
Warning: [Query 19422-19494] Examining 5 or more matches is recommended
Warning: [Query 19495-19567] Examining 5 or more matches is recommended
Warning: [Query 19568-19640] Examining 5 or more matches is recommended
Warning: [Query 19641-19714] Examining 5 or more matches is recommended
Warning: [Query 19715-19787] Examining 5 or more matches is recommended
Warning: [Query 19788-19860] Examining 5 or more matches is recommended
Warning: [Query 19861-19933] Examining 5 or more matches is recommended
Warning: [Query 19934-20006] Examining 5 or more matches is recommended
Warning: [Query 20007-20079] Examining 5 or more matches is recommended
Warning: [Query 20080-20152] Examining 5 or more matches is recommended
FASTA-Reader: Ignoring invalid residues at position(s): On line 50: 125
Warning: [Query 20153-20225] Examining 5 or more matches is recommended
Warning: [Query 20226-20298] Examining 5 or more matches is recommended
Warning: [Query 20299-20371] Examining 5 or more matches is recommended
Warning: [Query 20372-20444] Examining 5 or more matches is recommended
Warning: [Query 20445-20517] Examining 5 or more matches is recommended
Warning: [Query 20518-20590] Examining 5 or more matches is recommended
Warning: [Query 20591-20663] Examining 5 or more matches is recommended
FASTA-Reader: Ignoring invalid residues at position(s): On line 12: 125
Warning: [Query 20664-20736] Examining 5 or more matches is recommended
Warning: [Query 20737-20809] Examining 5 or more matches is recommended
Warning: [Query 20810-20882] Examining 5 or more matches is recommended
Warning: [Query 20883-20955] Examining 5 or more matches is recommended
Warning: [Query 20956-21028] Examining 5 or more matches is recommended
Warning: [Query 21029-21101] Examining 5 or more matches is recommended
Warning: [Query 21102-21174] Examining 5 or more matches is recommended
Warning: [Query 21175-21247] Examining 5 or more matches is recommended
Warning: [Query 21248-21320] Examining 5 or more matches is recommended
Warning: [Query 21321-21393] Examining 5 or more matches is recommended
Warning: [Query 21394-21466] Examining 5 or more matches is recommended
Warning: [Query 21467-21539] Examining 5 or more matches is recommended
Warning: [Query 21540-21612] Examining 5 or more matches is recommended
Warning: [Query 21613-21685] Examining 5 or more matches is recommended
Warning: [Query 21686-21758] Examining 5 or more matches is recommended
Warning: [Query 21759-21831] Examining 5 or more matches is recommended
Warning: [Query 21832-21904] Examining 5 or more matches is recommended
Warning: [Query 21905-21977] Examining 5 or more matches is recommended
Warning: [Query 21978-22050] Examining 5 or more matches is recommended
Warning: [Query 22051-22123] Examining 5 or more matches is recommended
Warning: [Query 22124-22196] Examining 5 or more matches is recommended
Warning: [Query 22197-22269] Examining 5 or more matches is recommended
Warning: [Query 22270-22342] Examining 5 or more matches is recommended
Warning: [Query 22343-22415] Examining 5 or more matches is recommended
FASTA-Reader: Ignoring invalid residues at position(s): On line 140: 89
Warning: [Query 22416-22488] Examining 5 or more matches is recommended
Warning: [Query 22489-22561] Examining 5 or more matches is recommended
Warning: [Query 22562-22634] Examining 5 or more matches is recommended
Warning: [Query 22635-22707] Examining 5 or more matches is recommended
Warning: [Query 22708-22780] Examining 5 or more matches is recommended
Warning: [Query 22781-22853] Examining 5 or more matches is recommended
Warning: [Query 22854-22926] Examining 5 or more matches is recommended
Warning: [Query 22927-22999] Examining 5 or more matches is recommended
Warning: [Query 23000-23072] Examining 5 or more matches is recommended
Warning: [Query 23073-23145] Examining 5 or more matches is recommended
Warning: [Query 23146-23218] Examining 5 or more matches is recommended
Warning: [Query 23219-23291] Examining 5 or more matches is recommended
Warning: [Query 23292-23364] Examining 5 or more matches is recommended
Warning: [Query 23365-23437] Examining 5 or more matches is recommended
Warning: [Query 23438-23510] Examining 5 or more matches is recommended
Warning: [Query 23511-23583] Examining 5 or more matches is recommended
Warning: [Query 23584-23656] Examining 5 or more matches is recommended
Warning: [Query 23657-23729] Examining 5 or more matches is recommended
Warning: [Query 23730-23802] Examining 5 or more matches is recommended
Warning: [Query 23803-23875] Examining 5 or more matches is recommended
Warning: [Query 23876-23948] Examining 5 or more matches is recommended
Warning: [Query 23949-24021] Examining 5 or more matches is recommended
Warning: [Query 24022-24094] Examining 5 or more matches is recommended
Warning: [Query 24095-24167] Examining 5 or more matches is recommended
Warning: [Query 24168-24240] Examining 5 or more matches is recommended
Warning: [Query 24241-24313] Examining 5 or more matches is recommended
Warning: [Query 24314-24386] Examining 5 or more matches is recommended
Warning: [Query 24387-24459] Examining 5 or more matches is recommended
Warning: [Query 24460-24532] Examining 5 or more matches is recommended
Warning: [Query 24533-24605] Examining 5 or more matches is recommended
Warning: [Query 24606-24678] Examining 5 or more matches is recommended
FASTA-Reader: Ignoring invalid residues at position(s): On line 100: 125
Warning: [Query 24679-24751] Examining 5 or more matches is recommended
Warning: [Query 24752-24824] Examining 5 or more matches is recommended
Warning: [Query 24825-24897] Examining 5 or more matches is recommended
Warning: [Query 24898-24970] Examining 5 or more matches is recommended
Warning: [Query 24971-25043] Examining 5 or more matches is recommended
Warning: [Query 25044-25116] Examining 5 or more matches is recommended
Warning: [Query 25117-25189] Examining 5 or more matches is recommended
Warning: [Query 25190-25262] Examining 5 or more matches is recommended
Warning: [Query 25263-25335] Examining 5 or more matches is recommended
Warning: [Query 25336-25408] Examining 5 or more matches is recommended
Warning: [Query 25409-25481] Examining 5 or more matches is recommended
Warning: [Query 25482-25554] Examining 5 or more matches is recommended
Warning: [Query 25555-25627] Examining 5 or more matches is recommended
Warning: [Query 25628-25700] Examining 5 or more matches is recommended
Warning: [Query 25701-25773] Examining 5 or more matches is recommended
Warning: [Query 25774-25846] Examining 5 or more matches is recommended
Warning: [Query 25847-25919] Examining 5 or more matches is recommended
Warning: [Query 25920-25992] Examining 5 or more matches is recommended
Warning: [Query 25993-26065] Examining 5 or more matches is recommended
Warning: [Query 26066-26138] Examining 5 or more matches is recommended
Warning: [Query 26139-26211] Examining 5 or more matches is recommended
Warning: [Query 26212-26284] Examining 5 or more matches is recommended
FASTA-Reader: Ignoring invalid residues at position(s): On line 74: 127
Warning: [Query 26285-26357] Examining 5 or more matches is recommended
Warning: [Query 26358-26430] Examining 5 or more matches is recommended
Warning: [Query 26431-26503] Examining 5 or more matches is recommended
Warning: [Query 26504-26576] Examining 5 or more matches is recommended
Warning: [Query 26577-26649] Examining 5 or more matches is recommended
FASTA-Reader: Ignoring invalid residues at position(s): On line 2: 125
Warning: [Query 26650-26722] Examining 5 or more matches is recommended
Warning: [Query 26723-26795] Examining 5 or more matches is recommended
Warning: [Query 26796-26868] Examining 5 or more matches is recommended
Warning: [Query 26869-26941] Examining 5 or more matches is recommended
Warning: [Query 26942-27014] Examining 5 or more matches is recommended
Warning: [Query 27015-27071] Examining 5 or more matches is recommended
	Command being timed: "blastp -query ../../data/testshort_aa.fasta -db train_aa_16 -out blast_testshort_aa_16.raw -num_threads 16 -outfmt 6 delim=; qseqid sseqid -max_target_seqs 1 -qcov_hsp_perc 80"
	User time (seconds): 33681.33
	System time (seconds): 17.55
	Percent of CPU this job got: 1552%
	Elapsed (wall clock) time (h:mm:ss or m:ss): 36:10.75
	Average shared text size (kbytes): 0
	Average unshared data size (kbytes): 0
	Average stack size (kbytes): 0
	Average total size (kbytes): 0
	Maximum resident set size (kbytes): 1384756
	Average resident set size (kbytes): 0
	Major (requiring I/O) page faults: 24
	Minor (reclaiming a frame) page faults: 7853299
	Voluntary context switches: 50587
	Involuntary context switches: 100684
	Swaps: 0
	File system inputs: 18288
	File system outputs: 7328
	Socket messages sent: 0
	Socket messages received: 0
	Signals delivered: 0
	Page size (bytes): 4096
	Exit status: 0
