EMBOSS  6.5.7  environment loaded 
BLAST  2.15.0  environment loaded 


Building a new DB, current time: 11/28/2024 18:19:16
New DB name:   /scratch/project_2003104/brendan/taxclass/coi/models/blast/train_nt_1
New DB title:  ../../data/train_nt_sintax.fasta
Sequence type: Nucleotide
Deleted existing Nucleotide BLAST database named /scratch/project_2003104/brendan/taxclass/coi/models/blast/train_nt_1
Keep MBits: T
Maximum file size: 3000000000B
Adding sequences from FASTA; added 35603 sequences in 1.2193 seconds.


	Command being timed: "makeblastdb -in ../../data/train_nt_sintax.fasta -dbtype nucl -out train_nt_1"
	User time (seconds): 0.93
	System time (seconds): 0.07
	Percent of CPU this job got: 27%
	Elapsed (wall clock) time (h:mm:ss or m:ss): 0:03.64
	Average shared text size (kbytes): 0
	Average unshared data size (kbytes): 0
	Average stack size (kbytes): 0
	Average total size (kbytes): 0
	Maximum resident set size (kbytes): 12316
	Average resident set size (kbytes): 0
	Major (requiring I/O) page faults: 33
	Minor (reclaiming a frame) page faults: 2811
	Voluntary context switches: 378
	Involuntary context switches: 22
	Swaps: 0
	File system inputs: 98872
	File system outputs: 26200
	Socket messages sent: 0
	Socket messages received: 0
	Signals delivered: 0
	Page size (bytes): 4096
	Exit status: 0
Warning: [blastn] Examining 5 or more matches is recommended
