EMBOSS  6.5.7  environment loaded 
BLAST  2.15.0  environment loaded 
('train_nt_40.tre', 'train_nt_40.map', 'train_nt_40.names')
Success.
	Command being timed: "python3 ../crest4_utils/make_new_crest_db.py train_nt_40.tsv"
	User time (seconds): 5.31
	System time (seconds): 0.12
	Percent of CPU this job got: 52%
	Elapsed (wall clock) time (h:mm:ss or m:ss): 0:10.29
	Average shared text size (kbytes): 0
	Average unshared data size (kbytes): 0
	Average stack size (kbytes): 0
	Average total size (kbytes): 0
	Maximum resident set size (kbytes): 41288
	Average resident set size (kbytes): 0
	Major (requiring I/O) page faults: 820
	Minor (reclaiming a frame) page faults: 7029
	Voluntary context switches: 2101
	Involuntary context switches: 54
	Swaps: 0
	File system inputs: 17496
	File system outputs: 744
	Socket messages sent: 0
	Socket messages received: 0
	Signals delivered: 0
	Page size (bytes): 4096
	Exit status: 0


Building a new DB, current time: 10/06/2025 19:52:32
New DB name:   /scratch/project_2003104/brendan/taxclass/its/models/crest4/train_nt_40/train_nt_40
New DB title:  train_nt_40.fasta
Sequence type: Nucleotide
Keep MBits: T
Maximum file size: 3000000000B
Adding sequences from FASTA; added 10776 sequences in 0.150061 seconds.


	Command being timed: "makeblastdb -in train_nt_40.fasta -out train_nt_40 -dbtype nucl"
	User time (seconds): 0.13
	System time (seconds): 0.02
	Percent of CPU this job got: 5%
	Elapsed (wall clock) time (h:mm:ss or m:ss): 0:03.13
	Average shared text size (kbytes): 0
	Average unshared data size (kbytes): 0
	Average stack size (kbytes): 0
	Average total size (kbytes): 0
	Maximum resident set size (kbytes): 12100
	Average resident set size (kbytes): 0
	Major (requiring I/O) page faults: 33
	Minor (reclaiming a frame) page faults: 2558
	Voluntary context switches: 348
	Involuntary context switches: 1
	Swaps: 0
	File system inputs: 45048
	File system outputs: 4936
	Socket messages sent: 0
	Socket messages received: 0
	Signals delivered: 0
	Page size (bytes): 4096
	Exit status: 0
	Command being timed: "blastn -query ../../data/test_nt.fasta -db train_nt_40/train_nt_40 -num_alignments 100 -outfmt 7 qseqid sseqid bitscore length nident -out crest4_test_nt_40/search.hits -strand plus -num_threads 40"
	User time (seconds): 2110.99
	System time (seconds): 20.33
	Percent of CPU this job got: 937%
	Elapsed (wall clock) time (h:mm:ss or m:ss): 3:47.42
	Average shared text size (kbytes): 0
	Average unshared data size (kbytes): 0
	Average stack size (kbytes): 0
	Average total size (kbytes): 0
	Maximum resident set size (kbytes): 225204
	Average resident set size (kbytes): 0
	Major (requiring I/O) page faults: 175
	Minor (reclaiming a frame) page faults: 2571839
	Voluntary context switches: 1673599
	Involuntary context switches: 2073
	Swaps: 0
	File system inputs: 82352
	File system outputs: 107424
	Socket messages sent: 0
	Socket messages received: 0
	Signals delivered: 0
	Page size (bytes): 4096
	Exit status: 0
Running crest4 v.4.3.7
Calling `makeblastdb` on '/scratch/project_2003104/brendan/taxclass/its/models/crest4/train_nt_40/train_nt_40.fasta'...
Classification ran successfully. Results are placed in 'crest4_test_nt_40/assignments.txt'.
crest4_test_nt_40/assignments.txt
Command exited with non-zero status 1
	Command being timed: "crest4 --fasta ../../data/test_nt.fasta --search_db train_nt_40/ --search_hits crest4_test_nt_40/search.hits --num_threads 40 --output_dir crest4_test_nt_40"
	User time (seconds): 183.72
	System time (seconds): 1.12
	Percent of CPU this job got: 99%
	Elapsed (wall clock) time (h:mm:ss or m:ss): 3:06.69
	Average shared text size (kbytes): 0
	Average unshared data size (kbytes): 0
	Average stack size (kbytes): 0
	Average total size (kbytes): 0
	Maximum resident set size (kbytes): 2612200
	Average resident set size (kbytes): 0
	Major (requiring I/O) page faults: 28
	Minor (reclaiming a frame) page faults: 658423
	Voluntary context switches: 2388
	Involuntary context switches: 298
	Swaps: 0
	File system inputs: 7392
	File system outputs: 7128
	Socket messages sent: 0
	Socket messages received: 0
	Signals delivered: 0
	Page size (bytes): 4096
	Exit status: 1
	Command being timed: "blastn -query ../../data/testshort_nt.fasta -db train_nt_40/train_nt_40 -num_alignments 100 -outfmt 7 qseqid sseqid bitscore length nident -out crest4_testshort_nt_40/search.hits -strand plus -num_threads 40"
	User time (seconds): 42.22
	System time (seconds): 1.76
	Percent of CPU this job got: 249%
	Elapsed (wall clock) time (h:mm:ss or m:ss): 0:17.64
	Average shared text size (kbytes): 0
	Average unshared data size (kbytes): 0
	Average stack size (kbytes): 0
	Average total size (kbytes): 0
	Maximum resident set size (kbytes): 2913932
	Average resident set size (kbytes): 0
	Major (requiring I/O) page faults: 9
	Minor (reclaiming a frame) page faults: 655233
	Voluntary context switches: 27376
	Involuntary context switches: 32
	Swaps: 0
	File system inputs: 6640
	File system outputs: 30784
	Socket messages sent: 0
	Socket messages received: 0
	Signals delivered: 0
	Page size (bytes): 4096
	Exit status: 0
Running crest4 v.4.3.7
Classification ran successfully. Results are placed in 'crest4_testshort_nt_40/assignments.txt'.
crest4_testshort_nt_40/assignments.txt
Command exited with non-zero status 1
	Command being timed: "crest4 --fasta ../../data/testshort_nt.fasta --search_db train_nt_40/ --search_hits crest4_testshort_nt_40/search.hits --num_threads 40 --output_dir crest4_testshort_nt_40"
	User time (seconds): 72.34
	System time (seconds): 0.35
	Percent of CPU this job got: 106%
	Elapsed (wall clock) time (h:mm:ss or m:ss): 1:08.02
	Average shared text size (kbytes): 0
	Average unshared data size (kbytes): 0
	Average stack size (kbytes): 0
	Average total size (kbytes): 0
	Maximum resident set size (kbytes): 729344
	Average resident set size (kbytes): 0
	Major (requiring I/O) page faults: 0
	Minor (reclaiming a frame) page faults: 177631
	Voluntary context switches: 998
	Involuntary context switches: 476
	Swaps: 0
	File system inputs: 0
	File system outputs: 1832
	Socket messages sent: 0
	Socket messages received: 0
	Signals delivered: 0
	Page size (bytes): 4096
	Exit status: 1
