EMBOSS  6.5.7  environment loaded 
BLAST  2.15.0  environment loaded 
('train_nt_1.tre', 'train_nt_1.map', 'train_nt_1.names')
Success.
	Command being timed: "python3 ../crest4_utils/dev_scripts/make_new_crest_db.py train_nt_1.tsv"
	User time (seconds): 0.44
	System time (seconds): 0.09
	Percent of CPU this job got: 3%
	Elapsed (wall clock) time (h:mm:ss or m:ss): 0:13.87
	Average shared text size (kbytes): 0
	Average unshared data size (kbytes): 0
	Average stack size (kbytes): 0
	Average total size (kbytes): 0
	Maximum resident set size (kbytes): 39932
	Average resident set size (kbytes): 0
	Major (requiring I/O) page faults: 620
	Minor (reclaiming a frame) page faults: 8340
	Voluntary context switches: 1716
	Involuntary context switches: 2
	Swaps: 0
	File system inputs: 15312
	File system outputs: 752
	Socket messages sent: 0
	Socket messages received: 0
	Signals delivered: 0
	Page size (bytes): 4096
	Exit status: 0


Building a new DB, current time: 01/16/2025 16:28:03
New DB name:   /scratch/project_2003104/brendan/taxclass/its/models/crest4/train_nt_1/train_nt_1
New DB title:  train_nt_1.fasta
Sequence type: Nucleotide
Keep MBits: T
Maximum file size: 3000000000B
Adding sequences from FASTA; added 10776 sequences in 0.209686 seconds.


	Command being timed: "makeblastdb -in train_nt_1.fasta -out train_nt_1 -dbtype nucl"
	User time (seconds): 0.24
	System time (seconds): 0.02
	Percent of CPU this job got: 24%
	Elapsed (wall clock) time (h:mm:ss or m:ss): 0:01.06
	Average shared text size (kbytes): 0
	Average unshared data size (kbytes): 0
	Average stack size (kbytes): 0
	Average total size (kbytes): 0
	Maximum resident set size (kbytes): 12128
	Average resident set size (kbytes): 0
	Major (requiring I/O) page faults: 4
	Minor (reclaiming a frame) page faults: 2586
	Voluntary context switches: 302
	Involuntary context switches: 5
	Swaps: 0
	File system inputs: 44784
	File system outputs: 4936
	Socket messages sent: 0
	Socket messages received: 0
	Signals delivered: 0
	Page size (bytes): 4096
	Exit status: 0
	Command being timed: "blastn -query ../../data/test_nt.fasta -db train_nt_1/train_nt_1 -num_alignments 100 -outfmt 7 qseqid sseqid bitscore length nident -out crest4_test_nt_1/search.hits -strand plus -num_threads 1"
	User time (seconds): 1990.84
	System time (seconds): 5.08
	Percent of CPU this job got: 99%
	Elapsed (wall clock) time (h:mm:ss or m:ss): 33:21.92
	Average shared text size (kbytes): 0
	Average unshared data size (kbytes): 0
	Average stack size (kbytes): 0
	Average total size (kbytes): 0
	Maximum resident set size (kbytes): 84140
	Average resident set size (kbytes): 0
	Major (requiring I/O) page faults: 18
	Minor (reclaiming a frame) page faults: 2889889
	Voluntary context switches: 130
	Involuntary context switches: 6526
	Swaps: 0
	File system inputs: 64104
	File system outputs: 108056
	Socket messages sent: 0
	Socket messages received: 0
	Signals delivered: 0
	Page size (bytes): 4096
	Exit status: 0
Running crest4 v.4.3.7
Calling `makeblastdb` on '/scratch/project_2003104/brendan/taxclass/its/models/crest4/train_nt_1/train_nt_1.fasta'...
Classification ran successfully. Results are placed in 'crest4_test_nt_1/assignments.txt'.
crest4_test_nt_1/assignments.txt
Command exited with non-zero status 1
	Command being timed: "crest4 --fasta ../../data/test_nt.fasta --search_db train_nt_1/ --search_hits crest4_test_nt_1/search.hits --num_threads 1 --output_dir crest4_test_nt_1"
	User time (seconds): 228.42
	System time (seconds): 1.49
	Percent of CPU this job got: 96%
	Elapsed (wall clock) time (h:mm:ss or m:ss): 3:59.19
	Average shared text size (kbytes): 0
	Average unshared data size (kbytes): 0
	Average stack size (kbytes): 0
	Average total size (kbytes): 0
	Maximum resident set size (kbytes): 2609812
	Average resident set size (kbytes): 0
	Major (requiring I/O) page faults: 38
	Minor (reclaiming a frame) page faults: 661112
	Voluntary context switches: 2263
	Involuntary context switches: 753
	Swaps: 0
	File system inputs: 7488
	File system outputs: 6928
	Socket messages sent: 0
	Socket messages received: 0
	Signals delivered: 0
	Page size (bytes): 4096
	Exit status: 1
	Command being timed: "blastn -query ../../data/testshort_nt.fasta -db train_nt_1/train_nt_1 -num_alignments 100 -outfmt 7 qseqid sseqid bitscore length nident -out crest4_testshort_nt_1/search.hits -strand plus -num_threads 1"
	User time (seconds): 49.94
	System time (seconds): 1.09
	Percent of CPU this job got: 98%
	Elapsed (wall clock) time (h:mm:ss or m:ss): 0:51.98
	Average shared text size (kbytes): 0
	Average unshared data size (kbytes): 0
	Average stack size (kbytes): 0
	Average total size (kbytes): 0
	Maximum resident set size (kbytes): 2154852
	Average resident set size (kbytes): 0
	Major (requiring I/O) page faults: 0
	Minor (reclaiming a frame) page faults: 595928
	Voluntary context switches: 110
	Involuntary context switches: 175
	Swaps: 0
	File system inputs: 6640
	File system outputs: 30704
	Socket messages sent: 0
	Socket messages received: 0
	Signals delivered: 0
	Page size (bytes): 4096
	Exit status: 0
Running crest4 v.4.3.7
Classification ran successfully. Results are placed in 'crest4_testshort_nt_1/assignments.txt'.
crest4_testshort_nt_1/assignments.txt
Command exited with non-zero status 1
	Command being timed: "crest4 --fasta ../../data/testshort_nt.fasta --search_db train_nt_1/ --search_hits crest4_testshort_nt_1/search.hits --num_threads 1 --output_dir crest4_testshort_nt_1"
	User time (seconds): 79.96
	System time (seconds): 0.47
	Percent of CPU this job got: 99%
	Elapsed (wall clock) time (h:mm:ss or m:ss): 1:20.70
	Average shared text size (kbytes): 0
	Average unshared data size (kbytes): 0
	Average stack size (kbytes): 0
	Average total size (kbytes): 0
	Maximum resident set size (kbytes): 721780
	Average resident set size (kbytes): 0
	Major (requiring I/O) page faults: 0
	Minor (reclaiming a frame) page faults: 179253
	Voluntary context switches: 859
	Involuntary context switches: 285
	Swaps: 0
	File system inputs: 0
	File system outputs: 1720
	Socket messages sent: 0
	Socket messages received: 0
	Signals delivered: 0
	Page size (bytes): 4096
	Exit status: 1
