java  21  environment loaded 
	Command being timed: "java -Xmx4g -jar dist/classifier.jar train -t train.tax -s ../../data/train_nt_rdp.fasta -o train_nt_1"
	User time (seconds): 24.90
	System time (seconds): 1.20
	Percent of CPU this job got: 88%
	Elapsed (wall clock) time (h:mm:ss or m:ss): 0:29.59
	Average shared text size (kbytes): 0
	Average unshared data size (kbytes): 0
	Average stack size (kbytes): 0
	Average total size (kbytes): 0
	Maximum resident set size (kbytes): 3859068
	Average resident set size (kbytes): 0
	Major (requiring I/O) page faults: 625
	Minor (reclaiming a frame) page faults: 128678
	Voluntary context switches: 1534
	Involuntary context switches: 938
	Swaps: 0
	File system inputs: 142040
	File system outputs: 245632
	Socket messages sent: 0
	Socket messages received: 0
	Signals delivered: 0
	Page size (bytes): 4096
	Exit status: 0
	Command being timed: "java -Xmx4g -jar dist/classifier.jar classify --conf 0 -t train_nt_1/rdp_nbc.properties -o rdp_nbc_test_1.raw ../../data/test_nt.fasta"
	User time (seconds): 1120.54
	System time (seconds): 0.61
	Percent of CPU this job got: 99%
	Elapsed (wall clock) time (h:mm:ss or m:ss): 18:49.11
	Average shared text size (kbytes): 0
	Average unshared data size (kbytes): 0
	Average stack size (kbytes): 0
	Average total size (kbytes): 0
	Maximum resident set size (kbytes): 1122064
	Average resident set size (kbytes): 0
	Major (requiring I/O) page faults: 7
	Minor (reclaiming a frame) page faults: 21309
	Voluntary context switches: 29326
	Involuntary context switches: 31922
	Swaps: 0
	File system inputs: 77424
	File system outputs: 10416
	Socket messages sent: 0
	Socket messages received: 0
	Signals delivered: 0
	Page size (bytes): 4096
	Exit status: 0
	Command being timed: "java -Xmx4g -jar dist/classifier.jar classify --conf 0 -t train_nt_1/rdp_nbc.properties -o rdp_nbc_testshort_1.raw ../../data/testshort_nt.fasta"
	User time (seconds): 609.72
	System time (seconds): 0.47
	Percent of CPU this job got: 99%
	Elapsed (wall clock) time (h:mm:ss or m:ss): 10:13.46
	Average shared text size (kbytes): 0
	Average unshared data size (kbytes): 0
	Average stack size (kbytes): 0
	Average total size (kbytes): 0
	Maximum resident set size (kbytes): 1125116
	Average resident set size (kbytes): 0
	Major (requiring I/O) page faults: 0
	Minor (reclaiming a frame) page faults: 20907
	Voluntary context switches: 16394
	Involuntary context switches: 17794
	Swaps: 0
	File system inputs: 0
	File system outputs: 10448
	Socket messages sent: 0
	Socket messages received: 0
	Signals delivered: 0
	Page size (bytes): 4096
	Exit status: 0
