- The project is out-of-sync -- use `renv::status()` for details.
================================================================================

Time difference of 850.27 secs

	Command being timed: "Rscript learn_taxa.R"
	User time (seconds): 859.09
	System time (seconds): 7.55
	Percent of CPU this job got: 97%
	Elapsed (wall clock) time (h:mm:ss or m:ss): 14:52.61
	Average shared text size (kbytes): 0
	Average unshared data size (kbytes): 0
	Average stack size (kbytes): 0
	Average total size (kbytes): 0
	Maximum resident set size (kbytes): 2570152
	Average resident set size (kbytes): 0
	Major (requiring I/O) page faults: 242
	Minor (reclaiming a frame) page faults: 711065
	Voluntary context switches: 4997
	Involuntary context switches: 733
	Swaps: 0
	File system inputs: 158120
	File system outputs: 101904
	Socket messages sent: 0
	Socket messages received: 0
	Signals delivered: 0
	Page size (bytes): 4096
	Exit status: 0
- The project is out-of-sync -- use `renv::status()` for details.
================================================================================

Time difference of 2524.6 secs

	Command being timed: "Rscript id_taxa.R"
	User time (seconds): 8641.05
	System time (seconds): 27.96
	Percent of CPU this job got: 342%
	Elapsed (wall clock) time (h:mm:ss or m:ss): 42:12.77
	Average shared text size (kbytes): 0
	Average unshared data size (kbytes): 0
	Average stack size (kbytes): 0
	Average total size (kbytes): 0
	Maximum resident set size (kbytes): 1028316
	Average resident set size (kbytes): 0
	Major (requiring I/O) page faults: 5
	Minor (reclaiming a frame) page faults: 2736660
	Voluntary context switches: 64056
	Involuntary context switches: 15893
	Swaps: 0
	File system inputs: 35304
	File system outputs: 8120
	Socket messages sent: 0
	Socket messages received: 0
	Signals delivered: 0
	Page size (bytes): 4096
	Exit status: 0
- The project is out-of-sync -- use `renv::status()` for details.
================================================================================

Time difference of 2067.14 secs

	Command being timed: "Rscript id_taxa.R"
	User time (seconds): 6936.89
	System time (seconds): 35.05
	Percent of CPU this job got: 335%
	Elapsed (wall clock) time (h:mm:ss or m:ss): 34:35.69
	Average shared text size (kbytes): 0
	Average unshared data size (kbytes): 0
	Average stack size (kbytes): 0
	Average total size (kbytes): 0
	Maximum resident set size (kbytes): 992756
	Average resident set size (kbytes): 0
	Major (requiring I/O) page faults: 26
	Minor (reclaiming a frame) page faults: 3584975
	Voluntary context switches: 55211
	Involuntary context switches: 9738
	Swaps: 0
	File system inputs: 124312
	File system outputs: 8160
	Socket messages sent: 0
	Socket messages received: 0
	Signals delivered: 0
	Page size (bytes): 4096
	Exit status: 0
- The project is out-of-sync -- use `renv::status()` for details.
================================================================================

Time difference of 3244.31 secs

	Command being timed: "Rscript learn_taxa.R"
	User time (seconds): 3193.21
	System time (seconds): 47.37
	Percent of CPU this job got: 99%
	Elapsed (wall clock) time (h:mm:ss or m:ss): 54:16.13
	Average shared text size (kbytes): 0
	Average unshared data size (kbytes): 0
	Average stack size (kbytes): 0
	Average total size (kbytes): 0
	Maximum resident set size (kbytes): 12808980
	Average resident set size (kbytes): 0
	Major (requiring I/O) page faults: 89
	Minor (reclaiming a frame) page faults: 1216517
	Voluntary context switches: 3916
	Involuntary context switches: 1925
	Swaps: 0
	File system inputs: 34824
	File system outputs: 9648
	Socket messages sent: 0
	Socket messages received: 0
	Signals delivered: 0
	Page size (bytes): 4096
	Exit status: 0
- The project is out-of-sync -- use `renv::status()` for details.
================================================================================

Time difference of 931.56 secs

	Command being timed: "Rscript id_taxa.R"
	User time (seconds): 2876.64
	System time (seconds): 2.95
	Percent of CPU this job got: 305%
	Elapsed (wall clock) time (h:mm:ss or m:ss): 15:41.59
	Average shared text size (kbytes): 0
	Average unshared data size (kbytes): 0
	Average stack size (kbytes): 0
	Average total size (kbytes): 0
	Maximum resident set size (kbytes): 813140
	Average resident set size (kbytes): 0
	Major (requiring I/O) page faults: 53
	Minor (reclaiming a frame) page faults: 359992
	Voluntary context switches: 39867
	Involuntary context switches: 4055
	Swaps: 0
	File system inputs: 40944
	File system outputs: 8264
	Socket messages sent: 0
	Socket messages received: 0
	Signals delivered: 0
	Page size (bytes): 4096
	Exit status: 0
- The project is out-of-sync -- use `renv::status()` for details.
================================================================================

Time difference of 537.05 secs

	Command being timed: "Rscript id_taxa.R"
	User time (seconds): 1559.08
	System time (seconds): 2.98
	Percent of CPU this job got: 286%
	Elapsed (wall clock) time (h:mm:ss or m:ss): 9:04.66
	Average shared text size (kbytes): 0
	Average unshared data size (kbytes): 0
	Average stack size (kbytes): 0
	Average total size (kbytes): 0
	Maximum resident set size (kbytes): 839864
	Average resident set size (kbytes): 0
	Major (requiring I/O) page faults: 5
	Minor (reclaiming a frame) page faults: 426641
	Voluntary context switches: 32181
	Involuntary context switches: 3359
	Swaps: 0
	File system inputs: 20920
	File system outputs: 8216
	Socket messages sent: 0
	Socket messages received: 0
	Signals delivered: 0
	Page size (bytes): 4096
	Exit status: 0
Job 30367127 completed
