- The project is out-of-sync -- use `renv::status()` for details.
================================================================================

Time difference of 688.93 secs

	Command being timed: "Rscript learn_taxa.R"
	User time (seconds): 689.41
	System time (seconds): 12.47
	Percent of CPU this job got: 99%
	Elapsed (wall clock) time (h:mm:ss or m:ss): 11:48.68
	Average shared text size (kbytes): 0
	Average unshared data size (kbytes): 0
	Average stack size (kbytes): 0
	Average total size (kbytes): 0
	Maximum resident set size (kbytes): 2617692
	Average resident set size (kbytes): 0
	Major (requiring I/O) page faults: 475
	Minor (reclaiming a frame) page faults: 8917062
	Voluntary context switches: 4633
	Involuntary context switches: 1812
	Swaps: 0
	File system inputs: 160216
	File system outputs: 101608
	Socket messages sent: 0
	Socket messages received: 0
	Signals delivered: 0
	Page size (bytes): 4096
	Exit status: 0
- The project is out-of-sync -- use `renv::status()` for details.
================================================================================

Time difference of 674.07 secs

	Command being timed: "Rscript id_taxa.R"
	User time (seconds): 12371.00
	System time (seconds): 30.94
	Percent of CPU this job got: 1823%
	Elapsed (wall clock) time (h:mm:ss or m:ss): 11:20.04
	Average shared text size (kbytes): 0
	Average unshared data size (kbytes): 0
	Average stack size (kbytes): 0
	Average total size (kbytes): 0
	Maximum resident set size (kbytes): 1016308
	Average resident set size (kbytes): 0
	Major (requiring I/O) page faults: 164
	Minor (reclaiming a frame) page faults: 8649816
	Voluntary context switches: 770417
	Involuntary context switches: 21076
	Swaps: 0
	File system inputs: 35512
	File system outputs: 7496
	Socket messages sent: 0
	Socket messages received: 0
	Signals delivered: 0
	Page size (bytes): 4096
	Exit status: 0
- The project is out-of-sync -- use `renv::status()` for details.
================================================================================

Time difference of 583.2 secs

	Command being timed: "Rscript id_taxa.R"
	User time (seconds): 10161.34
	System time (seconds): 18.68
	Percent of CPU this job got: 1727%
	Elapsed (wall clock) time (h:mm:ss or m:ss): 9:49.21
	Average shared text size (kbytes): 0
	Average unshared data size (kbytes): 0
	Average stack size (kbytes): 0
	Average total size (kbytes): 0
	Maximum resident set size (kbytes): 1012720
	Average resident set size (kbytes): 0
	Major (requiring I/O) page faults: 12
	Minor (reclaiming a frame) page faults: 2690775
	Voluntary context switches: 677370
	Involuntary context switches: 17115
	Swaps: 0
	File system inputs: 124224
	File system outputs: 7488
	Socket messages sent: 0
	Socket messages received: 0
	Signals delivered: 0
	Page size (bytes): 4096
	Exit status: 0
- The project is out-of-sync -- use `renv::status()` for details.
================================================================================

Time difference of 2660.83 secs

	Command being timed: "Rscript learn_taxa.R"
	User time (seconds): 2588.93
	System time (seconds): 71.00
	Percent of CPU this job got: 99%
	Elapsed (wall clock) time (h:mm:ss or m:ss): 44:27.26
	Average shared text size (kbytes): 0
	Average unshared data size (kbytes): 0
	Average stack size (kbytes): 0
	Average total size (kbytes): 0
	Maximum resident set size (kbytes): 13491736
	Average resident set size (kbytes): 0
	Major (requiring I/O) page faults: 7
	Minor (reclaiming a frame) page faults: 52005036
	Voluntary context switches: 2829
	Involuntary context switches: 5633
	Swaps: 0
	File system inputs: 16176
	File system outputs: 9584
	Socket messages sent: 0
	Socket messages received: 0
	Signals delivered: 0
	Page size (bytes): 4096
	Exit status: 0
- The project is out-of-sync -- use `renv::status()` for details.
================================================================================

Time difference of 397.82 secs

	Command being timed: "Rscript id_taxa.R"
	User time (seconds): 5271.07
	System time (seconds): 33.25
	Percent of CPU this job got: 1307%
	Elapsed (wall clock) time (h:mm:ss or m:ss): 6:45.80
	Average shared text size (kbytes): 0
	Average unshared data size (kbytes): 0
	Average stack size (kbytes): 0
	Average total size (kbytes): 0
	Maximum resident set size (kbytes): 830440
	Average resident set size (kbytes): 0
	Major (requiring I/O) page faults: 26
	Minor (reclaiming a frame) page faults: 13698386
	Voluntary context switches: 489040
	Involuntary context switches: 4785
	Swaps: 0
	File system inputs: 38768
	File system outputs: 7552
	Socket messages sent: 0
	Socket messages received: 0
	Signals delivered: 0
	Page size (bytes): 4096
	Exit status: 0
- The project is out-of-sync -- use `renv::status()` for details.
================================================================================

Time difference of 256.29 secs

	Command being timed: "Rscript id_taxa.R"
	User time (seconds): 3436.74
	System time (seconds): 13.02
	Percent of CPU this job got: 1319%
	Elapsed (wall clock) time (h:mm:ss or m:ss): 4:21.51
	Average shared text size (kbytes): 0
	Average unshared data size (kbytes): 0
	Average stack size (kbytes): 0
	Average total size (kbytes): 0
	Maximum resident set size (kbytes): 832568
	Average resident set size (kbytes): 0
	Major (requiring I/O) page faults: 28
	Minor (reclaiming a frame) page faults: 1930646
	Voluntary context switches: 389175
	Involuntary context switches: 1164
	Swaps: 0
	File system inputs: 17672
	File system outputs: 7504
	Socket messages sent: 0
	Socket messages received: 0
	Signals delivered: 0
	Page size (bytes): 4096
	Exit status: 0
Job 23536198 completed
