- The project is out-of-sync -- use `renv::status()` for details.
================================================================================

Time difference of 1110.65 secs

	Command being timed: "Rscript learn_taxa.R"
	User time (seconds): 1108.29
	System time (seconds): 16.06
	Percent of CPU this job got: 97%
	Elapsed (wall clock) time (h:mm:ss or m:ss): 19:07.94
	Average shared text size (kbytes): 0
	Average unshared data size (kbytes): 0
	Average stack size (kbytes): 0
	Average total size (kbytes): 0
	Maximum resident set size (kbytes): 2619328
	Average resident set size (kbytes): 0
	Major (requiring I/O) page faults: 564
	Minor (reclaiming a frame) page faults: 7155930
	Voluntary context switches: 4601
	Involuntary context switches: 6095
	Swaps: 0
	File system inputs: 173064
	File system outputs: 101640
	Socket messages sent: 0
	Socket messages received: 0
	Signals delivered: 0
	Page size (bytes): 4096
	Exit status: 0
- The project is out-of-sync -- use `renv::status()` for details.
================================================================================

Time difference of 9513.65 secs

	Command being timed: "Rscript id_taxa.R"
	User time (seconds): 9433.36
	System time (seconds): 24.30
	Percent of CPU this job got: 99%
	Elapsed (wall clock) time (h:mm:ss or m:ss): 2:38:54
	Average shared text size (kbytes): 0
	Average unshared data size (kbytes): 0
	Average stack size (kbytes): 0
	Average total size (kbytes): 0
	Maximum resident set size (kbytes): 1053880
	Average resident set size (kbytes): 0
	Major (requiring I/O) page faults: 1033
	Minor (reclaiming a frame) page faults: 10818744
	Voluntary context switches: 6587
	Involuntary context switches: 42594
	Swaps: 0
	File system inputs: 200672
	File system outputs: 7976
	Socket messages sent: 0
	Socket messages received: 0
	Signals delivered: 0
	Page size (bytes): 4096
	Exit status: 0
- The project is out-of-sync -- use `renv::status()` for details.
================================================================================

Time difference of 6890.53 secs

	Command being timed: "Rscript id_taxa.R"
	User time (seconds): 6849.35
	System time (seconds): 14.75
	Percent of CPU this job got: 99%
	Elapsed (wall clock) time (h:mm:ss or m:ss): 1:55:10
	Average shared text size (kbytes): 0
	Average unshared data size (kbytes): 0
	Average stack size (kbytes): 0
	Average total size (kbytes): 0
	Maximum resident set size (kbytes): 1016376
	Average resident set size (kbytes): 0
	Major (requiring I/O) page faults: 475
	Minor (reclaiming a frame) page faults: 6913758
	Voluntary context switches: 6390
	Involuntary context switches: 27625
	Swaps: 0
	File system inputs: 245048
	File system outputs: 8016
	Socket messages sent: 0
	Socket messages received: 0
	Signals delivered: 0
	Page size (bytes): 4096
	Exit status: 0
- The project is out-of-sync -- use `renv::status()` for details.
================================================================================

Time difference of 3581.56 secs

	Command being timed: "Rscript learn_taxa.R"
	User time (seconds): 3478.90
	System time (seconds): 79.71
	Percent of CPU this job got: 98%
	Elapsed (wall clock) time (h:mm:ss or m:ss): 1:00:02
	Average shared text size (kbytes): 0
	Average unshared data size (kbytes): 0
	Average stack size (kbytes): 0
	Average total size (kbytes): 0
	Maximum resident set size (kbytes): 12637204
	Average resident set size (kbytes): 0
	Major (requiring I/O) page faults: 201
	Minor (reclaiming a frame) page faults: 42084947
	Voluntary context switches: 4989
	Involuntary context switches: 15121
	Swaps: 0
	File system inputs: 124392
	File system outputs: 9584
	Socket messages sent: 0
	Socket messages received: 0
	Signals delivered: 0
	Page size (bytes): 4096
	Exit status: 0
- The project is out-of-sync -- use `renv::status()` for details.
================================================================================

Time difference of 2899.9 secs

	Command being timed: "Rscript id_taxa.R"
	User time (seconds): 2854.74
	System time (seconds): 36.57
	Percent of CPU this job got: 99%
	Elapsed (wall clock) time (h:mm:ss or m:ss): 48:32.95
	Average shared text size (kbytes): 0
	Average unshared data size (kbytes): 0
	Average stack size (kbytes): 0
	Average total size (kbytes): 0
	Maximum resident set size (kbytes): 796164
	Average resident set size (kbytes): 0
	Major (requiring I/O) page faults: 245
	Minor (reclaiming a frame) page faults: 18820564
	Voluntary context switches: 3492
	Involuntary context switches: 13282
	Swaps: 0
	File system inputs: 60752
	File system outputs: 8080
	Socket messages sent: 0
	Socket messages received: 0
	Signals delivered: 0
	Page size (bytes): 4096
	Exit status: 0
- The project is out-of-sync -- use `renv::status()` for details.
================================================================================

Time difference of 1483.67 secs

	Command being timed: "Rscript id_taxa.R"
	User time (seconds): 1475.82
	System time (seconds): 4.87
	Percent of CPU this job got: 99%
	Elapsed (wall clock) time (h:mm:ss or m:ss): 24:54.91
	Average shared text size (kbytes): 0
	Average unshared data size (kbytes): 0
	Average stack size (kbytes): 0
	Average total size (kbytes): 0
	Maximum resident set size (kbytes): 766692
	Average resident set size (kbytes): 0
	Major (requiring I/O) page faults: 187
	Minor (reclaiming a frame) page faults: 2298531
	Voluntary context switches: 3037
	Involuntary context switches: 5945
	Swaps: 0
	File system inputs: 58968
	File system outputs: 7808
	Socket messages sent: 0
	Socket messages received: 0
	Signals delivered: 0
	Page size (bytes): 4096
	Exit status: 0
Job 23536194 completed
