Welcome to BayesANT 🐜 🐜 🐜 🐜  
No missing annotations detected. 
Estimating the Pitman-Yor parameters: Now. 
Estimating the Pitman-Yor parameters: Done. 
Computing prior probabilities: Now 
Computing prior probabilities: Done. 
Extracting nucleotide location counts from sequences: Now. 
Extracting nucleotide location counts from sequences: Done. 
Tuning hyperparameters: Now. 
Tuning hyperparameters: Done. 
Aggregating parameters: Now 
Aggregating parameters: Done 
	Command being timed: "Rscript fit_BayesANT.R"
	User time (seconds): 213.43
	System time (seconds): 2.01
	Percent of CPU this job got: 79%
	Elapsed (wall clock) time (h:mm:ss or m:ss): 4:32.00
	Average shared text size (kbytes): 0
	Average unshared data size (kbytes): 0
	Average stack size (kbytes): 0
	Average total size (kbytes): 0
	Maximum resident set size (kbytes): 1538680
	Average resident set size (kbytes): 0
	Major (requiring I/O) page faults: 544
	Minor (reclaiming a frame) page faults: 558477
	Voluntary context switches: 4294
	Involuntary context switches: 571
	Swaps: 0
	File system inputs: 133656
	File system outputs: 310544
	Socket messages sent: 0
	Socket messages received: 0
	Signals delivered: 0
	Page size (bytes): 4096
	Exit status: 0
Number of sequences predicted =  2690 / 26901  
Number of sequences predicted =  5380 / 26901  
Number of sequences predicted =  8070 / 26901  
Number of sequences predicted =  10760 / 26901  
Number of sequences predicted =  13450 / 26901  
Number of sequences predicted =  16140 / 26901  
Number of sequences predicted =  18830 / 26901  
Number of sequences predicted =  21520 / 26901  
Number of sequences predicted =  24210 / 26901  
Number of sequences predicted =  26900 / 26901  
	Command being timed: "Rscript predict_BayesANT.R"
	User time (seconds): 5012.49
	System time (seconds): 1251.02
	Percent of CPU this job got: 396%
	Elapsed (wall clock) time (h:mm:ss or m:ss): 26:21.69
	Average shared text size (kbytes): 0
	Average unshared data size (kbytes): 0
	Average stack size (kbytes): 0
	Average total size (kbytes): 0
	Maximum resident set size (kbytes): 917380
	Average resident set size (kbytes): 0
	Major (requiring I/O) page faults: 3
	Minor (reclaiming a frame) page faults: 604309119
	Voluntary context switches: 3727
	Involuntary context switches: 20594
	Swaps: 0
	File system inputs: 35776
	File system outputs: 14000
	Socket messages sent: 0
	Socket messages received: 0
	Signals delivered: 0
	Page size (bytes): 4096
	Exit status: 0
Number of sequences predicted =  2690 / 26901  
Number of sequences predicted =  5380 / 26901  
Number of sequences predicted =  8070 / 26901  
Number of sequences predicted =  10760 / 26901  
Number of sequences predicted =  13450 / 26901  
Number of sequences predicted =  16140 / 26901  
Number of sequences predicted =  18830 / 26901  
Number of sequences predicted =  21520 / 26901  
Number of sequences predicted =  24210 / 26901  
Number of sequences predicted =  26900 / 26901  
	Command being timed: "Rscript predict_BayesANT.R"
	User time (seconds): 3328.94
	System time (seconds): 783.66
	Percent of CPU this job got: 395%
	Elapsed (wall clock) time (h:mm:ss or m:ss): 17:20.12
	Average shared text size (kbytes): 0
	Average unshared data size (kbytes): 0
	Average stack size (kbytes): 0
	Average total size (kbytes): 0
	Maximum resident set size (kbytes): 884392
	Average resident set size (kbytes): 0
	Major (requiring I/O) page faults: 0
	Minor (reclaiming a frame) page faults: 384395996
	Voluntary context switches: 2952
	Involuntary context switches: 13634
	Swaps: 0
	File system inputs: 35328
	File system outputs: 14024
	Socket messages sent: 0
	Socket messages received: 0
	Signals delivered: 0
	Page size (bytes): 4096
	Exit status: 0
Welcome to BayesANT 🐜 🐜 🐜 🐜  
No missing annotations detected. 
Estimating the Pitman-Yor parameters: Now. 
Estimating the Pitman-Yor parameters: Done. 
Computing prior probabilities: Now 
Computing prior probabilities: Done. 
Extracting nucleotide location counts from sequences: Now. 
Extracting nucleotide location counts from sequences: Done. 
Tuning hyperparameters: Now. 
Tuning hyperparameters: Done. 
Aggregating parameters: Now 
Aggregating parameters: Done 
	Command being timed: "Rscript fit_BayesANT.R"
	User time (seconds): 117.38
	System time (seconds): 2.31
	Percent of CPU this job got: 97%
	Elapsed (wall clock) time (h:mm:ss or m:ss): 2:02.38
	Average shared text size (kbytes): 0
	Average unshared data size (kbytes): 0
	Average stack size (kbytes): 0
	Average total size (kbytes): 0
	Maximum resident set size (kbytes): 2235624
	Average resident set size (kbytes): 0
	Major (requiring I/O) page faults: 0
	Minor (reclaiming a frame) page faults: 981952
	Voluntary context switches: 1968
	Involuntary context switches: 172
	Swaps: 0
	File system inputs: 24160
	File system outputs: 475832
	Socket messages sent: 0
	Socket messages received: 0
	Signals delivered: 0
	Page size (bytes): 4096
	Exit status: 0
Number of sequences predicted =  2690 / 26901  
Number of sequences predicted =  5380 / 26901  
Number of sequences predicted =  8070 / 26901  
Number of sequences predicted =  10760 / 26901  
Number of sequences predicted =  13450 / 26901  
Number of sequences predicted =  16140 / 26901  
Number of sequences predicted =  18830 / 26901  
Number of sequences predicted =  21520 / 26901  
Number of sequences predicted =  24210 / 26901  
Number of sequences predicted =  26900 / 26901  
	Command being timed: "Rscript predict_BayesANT.R"
	User time (seconds): 2311.44
	System time (seconds): 2.56
	Percent of CPU this job got: 393%
	Elapsed (wall clock) time (h:mm:ss or m:ss): 9:48.77
	Average shared text size (kbytes): 0
	Average unshared data size (kbytes): 0
	Average stack size (kbytes): 0
	Average total size (kbytes): 0
	Maximum resident set size (kbytes): 1247964
	Average resident set size (kbytes): 0
	Major (requiring I/O) page faults: 0
	Minor (reclaiming a frame) page faults: 873854
	Voluntary context switches: 2300
	Involuntary context switches: 6427
	Swaps: 0
	File system inputs: 12264
	File system outputs: 13296
	Socket messages sent: 0
	Socket messages received: 0
	Signals delivered: 0
	Page size (bytes): 4096
	Exit status: 0
Number of sequences predicted =  2690 / 26901  
Number of sequences predicted =  5380 / 26901  
Number of sequences predicted =  8070 / 26901  
Number of sequences predicted =  10760 / 26901  
Number of sequences predicted =  13450 / 26901  
Number of sequences predicted =  16140 / 26901  
Number of sequences predicted =  18830 / 26901  
Number of sequences predicted =  21520 / 26901  
Number of sequences predicted =  24210 / 26901  
Number of sequences predicted =  26900 / 26901  
	Command being timed: "Rscript predict_BayesANT.R"
	User time (seconds): 1595.35
	System time (seconds): 2.51
	Percent of CPU this job got: 390%
	Elapsed (wall clock) time (h:mm:ss or m:ss): 6:49.03
	Average shared text size (kbytes): 0
	Average unshared data size (kbytes): 0
	Average stack size (kbytes): 0
	Average total size (kbytes): 0
	Maximum resident set size (kbytes): 1236804
	Average resident set size (kbytes): 0
	Major (requiring I/O) page faults: 0
	Minor (reclaiming a frame) page faults: 851860
	Voluntary context switches: 2070
	Involuntary context switches: 4457
	Swaps: 0
	File system inputs: 12272
	File system outputs: 13472
	Socket messages sent: 0
	Socket messages received: 0
	Signals delivered: 0
	Page size (bytes): 4096
	Exit status: 0
Job 29789555 completed
