Welcome to BayesANT 🐜 🐜 🐜 🐜  
No missing annotations detected. 
Estimating the Pitman-Yor parameters: Now. 
Estimating the Pitman-Yor parameters: Done. 
Computing prior probabilities: Now 
Computing prior probabilities: Done. 
Extracting nucleotide location counts from sequences: Now. 
Extracting nucleotide location counts from sequences: Done. 
Tuning hyperparameters: Now. 
Tuning hyperparameters: Done. 
Aggregating parameters: Now 
Aggregating parameters: Done 
	Command being timed: "Rscript fit_BayesANT.R"
	User time (seconds): 188.78
	System time (seconds): 1.64
	Percent of CPU this job got: 91%
	Elapsed (wall clock) time (h:mm:ss or m:ss): 3:27.37
	Average shared text size (kbytes): 0
	Average unshared data size (kbytes): 0
	Average stack size (kbytes): 0
	Average total size (kbytes): 0
	Maximum resident set size (kbytes): 1533648
	Average resident set size (kbytes): 0
	Major (requiring I/O) page faults: 525
	Minor (reclaiming a frame) page faults: 378307
	Voluntary context switches: 4294
	Involuntary context switches: 240
	Swaps: 0
	File system inputs: 133000
	File system outputs: 310512
	Socket messages sent: 0
	Socket messages received: 0
	Signals delivered: 0
	Page size (bytes): 4096
	Exit status: 0
Number of sequences predicted =  2690 / 26901  
Number of sequences predicted =  5380 / 26901  
Number of sequences predicted =  8070 / 26901  
Number of sequences predicted =  10760 / 26901  
Number of sequences predicted =  13450 / 26901  
Number of sequences predicted =  18830 / 26901  
Number of sequences predicted =  16140 / 26901  
Number of sequences predicted =  21520 / 26901  
Number of sequences predicted =  24210 / 26901  
Number of sequences predicted =  26900 / 26901  
	Command being timed: "Rscript predict_BayesANT.R"
	User time (seconds): 4917.74
	System time (seconds): 465.58
	Percent of CPU this job got: 1472%
	Elapsed (wall clock) time (h:mm:ss or m:ss): 6:05.65
	Average shared text size (kbytes): 0
	Average unshared data size (kbytes): 0
	Average stack size (kbytes): 0
	Average total size (kbytes): 0
	Maximum resident set size (kbytes): 917452
	Average resident set size (kbytes): 0
	Major (requiring I/O) page faults: 4
	Minor (reclaiming a frame) page faults: 19039123
	Voluntary context switches: 2089
	Involuntary context switches: 8389
	Swaps: 0
	File system inputs: 35760
	File system outputs: 13688
	Socket messages sent: 0
	Socket messages received: 0
	Signals delivered: 0
	Page size (bytes): 4096
	Exit status: 0
Number of sequences predicted =  2690 / 26901  
Number of sequences predicted =  5380 / 26901  
Number of sequences predicted =  8070 / 26901  
Number of sequences predicted =  10760 / 26901  
Number of sequences predicted =  13450 / 26901  
Number of sequences predicted =  16140 / 26901  
Number of sequences predicted =  21520 / 26901  
Number of sequences predicted =  18830 / 26901  
Number of sequences predicted =  24210 / 26901  
Number of sequences predicted =  26900 / 26901  
	Command being timed: "Rscript predict_BayesANT.R"
	User time (seconds): 3317.42
	System time (seconds): 303.11
	Percent of CPU this job got: 1458%
	Elapsed (wall clock) time (h:mm:ss or m:ss): 4:08.24
	Average shared text size (kbytes): 0
	Average unshared data size (kbytes): 0
	Average stack size (kbytes): 0
	Average total size (kbytes): 0
	Maximum resident set size (kbytes): 884624
	Average resident set size (kbytes): 0
	Major (requiring I/O) page faults: 4
	Minor (reclaiming a frame) page faults: 17160954
	Voluntary context switches: 1883
	Involuntary context switches: 5554
	Swaps: 0
	File system inputs: 35328
	File system outputs: 13696
	Socket messages sent: 0
	Socket messages received: 0
	Signals delivered: 0
	Page size (bytes): 4096
	Exit status: 0
Welcome to BayesANT 🐜 🐜 🐜 🐜  
No missing annotations detected. 
Estimating the Pitman-Yor parameters: Now. 
Estimating the Pitman-Yor parameters: Done. 
Computing prior probabilities: Now 
Computing prior probabilities: Done. 
Extracting nucleotide location counts from sequences: Now. 
Extracting nucleotide location counts from sequences: Done. 
Tuning hyperparameters: Now. 
Tuning hyperparameters: Done. 
Aggregating parameters: Now 
Aggregating parameters: Done 
	Command being timed: "Rscript fit_BayesANT.R"
	User time (seconds): 105.18
	System time (seconds): 2.11
	Percent of CPU this job got: 98%
	Elapsed (wall clock) time (h:mm:ss or m:ss): 1:48.65
	Average shared text size (kbytes): 0
	Average unshared data size (kbytes): 0
	Average stack size (kbytes): 0
	Average total size (kbytes): 0
	Maximum resident set size (kbytes): 2236932
	Average resident set size (kbytes): 0
	Major (requiring I/O) page faults: 0
	Minor (reclaiming a frame) page faults: 882255
	Voluntary context switches: 1840
	Involuntary context switches: 143
	Swaps: 0
	File system inputs: 22680
	File system outputs: 475816
	Socket messages sent: 0
	Socket messages received: 0
	Signals delivered: 0
	Page size (bytes): 4096
	Exit status: 0
Number of sequences predicted =  2690 / 26901  
Number of sequences predicted =  5380 / 26901  
Number of sequences predicted =  8070 / 26901  
Number of sequences predicted =  10760 / 26901  
Number of sequences predicted =  13450 / 26901  
Number of sequences predicted =  16140 / 26901  
Number of sequences predicted =  18830 / 26901  
Number of sequences predicted =  24210 / 26901  
Number of sequences predicted =  21520 / 26901  
Number of sequences predicted =  26900 / 26901  
	Command being timed: "Rscript predict_BayesANT.R"
	User time (seconds): 2397.78
	System time (seconds): 4.47
	Percent of CPU this job got: 1469%
	Elapsed (wall clock) time (h:mm:ss or m:ss): 2:43.43
	Average shared text size (kbytes): 0
	Average unshared data size (kbytes): 0
	Average stack size (kbytes): 0
	Average total size (kbytes): 0
	Maximum resident set size (kbytes): 1248212
	Average resident set size (kbytes): 0
	Major (requiring I/O) page faults: 15
	Minor (reclaiming a frame) page faults: 990014
	Voluntary context switches: 1754
	Involuntary context switches: 3504
	Swaps: 0
	File system inputs: 12264
	File system outputs: 13024
	Socket messages sent: 0
	Socket messages received: 0
	Signals delivered: 0
	Page size (bytes): 4096
	Exit status: 0
Number of sequences predicted =  2690 / 26901  
Number of sequences predicted =  5380 / 26901  
Number of sequences predicted =  8070 / 26901  
Number of sequences predicted =  10760 / 26901  
Number of sequences predicted =  13450 / 26901  
Number of sequences predicted =  16140 / 26901  
Number of sequences predicted =  18830 / 26901  
Number of sequences predicted =  21520 / 26901  
Number of sequences predicted =  24210 / 26901  
Number of sequences predicted =  26900 / 26901  
	Command being timed: "Rscript predict_BayesANT.R"
	User time (seconds): 1701.49
	System time (seconds): 4.40
	Percent of CPU this job got: 1435%
	Elapsed (wall clock) time (h:mm:ss or m:ss): 1:58.82
	Average shared text size (kbytes): 0
	Average unshared data size (kbytes): 0
	Average stack size (kbytes): 0
	Average total size (kbytes): 0
	Maximum resident set size (kbytes): 1237068
	Average resident set size (kbytes): 0
	Major (requiring I/O) page faults: 0
	Minor (reclaiming a frame) page faults: 985914
	Voluntary context switches: 1676
	Involuntary context switches: 2309
	Swaps: 0
	File system inputs: 12264
	File system outputs: 13208
	Socket messages sent: 0
	Socket messages received: 0
	Signals delivered: 0
	Page size (bytes): 4096
	Exit status: 0
Job 30367096 completed
