Welcome to BayesANT 🐜 🐜 🐜 🐜  
No missing annotations detected. 
Estimating the Pitman-Yor parameters: Now. 
Estimating the Pitman-Yor parameters: Done. 
Computing prior probabilities: Now 
Computing prior probabilities: Done. 
Extracting nucleotide location counts from sequences: Now. 
Extracting nucleotide location counts from sequences: Done. 
Tuning hyperparameters: Now. 
Tuning hyperparameters: Done. 
Aggregating parameters: Now 
Aggregating parameters: Done 
	Command being timed: "Rscript fit_BayesANT.R"
	User time (seconds): 249.20
	System time (seconds): 2.12
	Percent of CPU this job got: 89%
	Elapsed (wall clock) time (h:mm:ss or m:ss): 4:39.90
	Average shared text size (kbytes): 0
	Average unshared data size (kbytes): 0
	Average stack size (kbytes): 0
	Average total size (kbytes): 0
	Maximum resident set size (kbytes): 1539720
	Average resident set size (kbytes): 0
	Major (requiring I/O) page faults: 443
	Minor (reclaiming a frame) page faults: 377342
	Voluntary context switches: 4268
	Involuntary context switches: 2489
	Swaps: 0
	File system inputs: 132376
	File system outputs: 310504
	Socket messages sent: 0
	Socket messages received: 0
	Signals delivered: 0
	Page size (bytes): 4096
	Exit status: 0
Number of sequences predicted =  2690 / 26901  
Number of sequences predicted =  5380 / 26901  
Number of sequences predicted =  8070 / 26901  
Number of sequences predicted =  10760 / 26901  
Number of sequences predicted =  13450 / 26901  
Number of sequences predicted =  16140 / 26901  
Number of sequences predicted =  18830 / 26901  
Number of sequences predicted =  21520 / 26901  
Number of sequences predicted =  24210 / 26901  
Number of sequences predicted =  26900 / 26901  
	Command being timed: "Rscript predict_BayesANT.R"
	User time (seconds): 5156.57
	System time (seconds): 478.44
	Percent of CPU this job got: 98%
	Elapsed (wall clock) time (h:mm:ss or m:ss): 1:35:31
	Average shared text size (kbytes): 0
	Average unshared data size (kbytes): 0
	Average stack size (kbytes): 0
	Average total size (kbytes): 0
	Maximum resident set size (kbytes): 933968
	Average resident set size (kbytes): 0
	Major (requiring I/O) page faults: 206
	Minor (reclaiming a frame) page faults: 16245720
	Voluntary context switches: 3503
	Involuntary context switches: 32158
	Swaps: 0
	File system inputs: 55648
	File system outputs: 13688
	Socket messages sent: 0
	Socket messages received: 0
	Signals delivered: 0
	Page size (bytes): 4096
	Exit status: 0
Number of sequences predicted =  2690 / 26901  
Number of sequences predicted =  5380 / 26901  
Number of sequences predicted =  8070 / 26901  
Number of sequences predicted =  10760 / 26901  
Number of sequences predicted =  13450 / 26901  
Number of sequences predicted =  16140 / 26901  
Number of sequences predicted =  18830 / 26901  
Number of sequences predicted =  21520 / 26901  
Number of sequences predicted =  24210 / 26901  
Number of sequences predicted =  26900 / 26901  
	Command being timed: "Rscript predict_BayesANT.R"
	User time (seconds): 3490.22
	System time (seconds): 312.63
	Percent of CPU this job got: 99%
	Elapsed (wall clock) time (h:mm:ss or m:ss): 1:03:53
	Average shared text size (kbytes): 0
	Average unshared data size (kbytes): 0
	Average stack size (kbytes): 0
	Average total size (kbytes): 0
	Maximum resident set size (kbytes): 904316
	Average resident set size (kbytes): 0
	Major (requiring I/O) page faults: 281
	Minor (reclaiming a frame) page faults: 15717173
	Voluntary context switches: 4061
	Involuntary context switches: 20696
	Swaps: 0
	File system inputs: 194968
	File system outputs: 13696
	Socket messages sent: 0
	Socket messages received: 0
	Signals delivered: 0
	Page size (bytes): 4096
	Exit status: 0
Welcome to BayesANT 🐜 🐜 🐜 🐜  
No missing annotations detected. 
Estimating the Pitman-Yor parameters: Now. 
Estimating the Pitman-Yor parameters: Done. 
Computing prior probabilities: Now 
Computing prior probabilities: Done. 
Extracting nucleotide location counts from sequences: Now. 
Extracting nucleotide location counts from sequences: Done. 
Tuning hyperparameters: Now. 
Tuning hyperparameters: Done. 
Aggregating parameters: Now 
Aggregating parameters: Done 
	Command being timed: "Rscript fit_BayesANT.R"
	User time (seconds): 146.65
	System time (seconds): 2.91
	Percent of CPU this job got: 95%
	Elapsed (wall clock) time (h:mm:ss or m:ss): 2:36.95
	Average shared text size (kbytes): 0
	Average unshared data size (kbytes): 0
	Average stack size (kbytes): 0
	Average total size (kbytes): 0
	Maximum resident set size (kbytes): 2238540
	Average resident set size (kbytes): 0
	Major (requiring I/O) page faults: 52
	Minor (reclaiming a frame) page faults: 883854
	Voluntary context switches: 2796
	Involuntary context switches: 631
	Swaps: 0
	File system inputs: 50920
	File system outputs: 475808
	Socket messages sent: 0
	Socket messages received: 0
	Signals delivered: 0
	Page size (bytes): 4096
	Exit status: 0
Number of sequences predicted =  2690 / 26901  
Number of sequences predicted =  5380 / 26901  
Number of sequences predicted =  8070 / 26901  
Number of sequences predicted =  10760 / 26901  
Number of sequences predicted =  13450 / 26901  
Number of sequences predicted =  16140 / 26901  
Number of sequences predicted =  18830 / 26901  
Number of sequences predicted =  21520 / 26901  
Number of sequences predicted =  24210 / 26901  
Number of sequences predicted =  26900 / 26901  
	Command being timed: "Rscript predict_BayesANT.R"
	User time (seconds): 2463.97
	System time (seconds): 1.14
	Percent of CPU this job got: 99%
	Elapsed (wall clock) time (h:mm:ss or m:ss): 41:17.52
	Average shared text size (kbytes): 0
	Average unshared data size (kbytes): 0
	Average stack size (kbytes): 0
	Average total size (kbytes): 0
	Maximum resident set size (kbytes): 1261320
	Average resident set size (kbytes): 0
	Major (requiring I/O) page faults: 3
	Minor (reclaiming a frame) page faults: 70550
	Voluntary context switches: 2221
	Involuntary context switches: 6990
	Swaps: 0
	File system inputs: 12696
	File system outputs: 13040
	Socket messages sent: 0
	Socket messages received: 0
	Signals delivered: 0
	Page size (bytes): 4096
	Exit status: 0
Number of sequences predicted =  2690 / 26901  
Number of sequences predicted =  5380 / 26901  
Number of sequences predicted =  8070 / 26901  
Number of sequences predicted =  10760 / 26901  
Number of sequences predicted =  13450 / 26901  
Number of sequences predicted =  16140 / 26901  
Number of sequences predicted =  18830 / 26901  
Number of sequences predicted =  21520 / 26901  
Number of sequences predicted =  24210 / 26901  
Number of sequences predicted =  26900 / 26901  
	Command being timed: "Rscript predict_BayesANT.R"
	User time (seconds): 1684.93
	System time (seconds): 1.21
	Percent of CPU this job got: 99%
	Elapsed (wall clock) time (h:mm:ss or m:ss): 28:16.89
	Average shared text size (kbytes): 0
	Average unshared data size (kbytes): 0
	Average stack size (kbytes): 0
	Average total size (kbytes): 0
	Maximum resident set size (kbytes): 1248048
	Average resident set size (kbytes): 0
	Major (requiring I/O) page faults: 123
	Minor (reclaiming a frame) page faults: 68833
	Voluntary context switches: 1976
	Involuntary context switches: 4802
	Swaps: 0
	File system inputs: 24000
	File system outputs: 13208
	Socket messages sent: 0
	Socket messages received: 0
	Signals delivered: 0
	Page size (bytes): 4096
	Exit status: 0
Job 30367094 completed
