vsearch v2.28.1_linux_x86_64, 187.1GB RAM, 40 cores
https://github.com/torognes/vsearch

Reading file ../../data/train_nt_sintax.fasta 100%
23254716 nt in 35623 seqs, min 600, max 658, avg 653
Masking 100%
Counting k-mers 100%
Creating k-mer index 100%
Writing UDB file 100%
	Command being timed: "vsearch --makeudb_usearch ../../data/train_nt_sintax.fasta --output train_nt_1.udb"
	User time (seconds): 7.64
	System time (seconds): 0.37
	Percent of CPU this job got: 99%
	Elapsed (wall clock) time (h:mm:ss or m:ss): 0:08.06
	Average shared text size (kbytes): 0
	Average unshared data size (kbytes): 0
	Average stack size (kbytes): 0
	Average total size (kbytes): 0
	Maximum resident set size (kbytes): 78440
	Average resident set size (kbytes): 0
	Major (requiring I/O) page faults: 0
	Minor (reclaiming a frame) page faults: 19192
	Voluntary context switches: 15
	Involuntary context switches: 28
	Swaps: 0
	File system inputs: 0
	File system outputs: 224840
	Socket messages sent: 0
	Socket messages received: 0
	Signals delivered: 0
	Page size (bytes): 4096
	Exit status: 0
vsearch v2.28.1_linux_x86_64, 187.1GB RAM, 40 cores
https://github.com/torognes/vsearch

Reading UDB file train_nt_1.udb 100%
Reorganizing data in memory 100%
Creating bitmaps 100%
Parsing abundances 100%
23254716 nt in 35623 seqs, min 600, max 658, avg 653
Classifying sequences 100%
Classified 27071 of 27071 sequences (100.00%)
	Command being timed: "vsearch --sintax ../../data/test_nt.fasta --db train_nt_1.udb --tabbedout sintax_test_nt_1.raw --threads 1"
	User time (seconds): 439.20
	System time (seconds): 0.19
	Percent of CPU this job got: 99%
	Elapsed (wall clock) time (h:mm:ss or m:ss): 7:21.31
	Average shared text size (kbytes): 0
	Average unshared data size (kbytes): 0
	Average stack size (kbytes): 0
	Average total size (kbytes): 0
	Maximum resident set size (kbytes): 123208
	Average resident set size (kbytes): 0
	Major (requiring I/O) page faults: 0
	Minor (reclaiming a frame) page faults: 30406
	Voluntary context switches: 28
	Involuntary context switches: 1582
	Swaps: 0
	File system inputs: 35272
	File system outputs: 8376
	Socket messages sent: 0
	Socket messages received: 0
	Signals delivered: 0
	Page size (bytes): 4096
	Exit status: 0
vsearch v2.28.1_linux_x86_64, 187.1GB RAM, 40 cores
https://github.com/torognes/vsearch

Reading UDB file train_nt_1.udb 100%
Reorganizing data in memory 100%
Creating bitmaps 100%
Parsing abundances 100%
23254716 nt in 35623 seqs, min 600, max 658, avg 653
Classifying sequences 100%
Classified 27071 of 27071 sequences (100.00%)
	Command being timed: "vsearch --sintax ../../data/testshort_nt.fasta --db train_nt_1.udb --tabbedout sintax_testshort_nt_1.raw --threads 1"
	User time (seconds): 426.93
	System time (seconds): 0.17
	Percent of CPU this job got: 99%
	Elapsed (wall clock) time (h:mm:ss or m:ss): 7:08.98
	Average shared text size (kbytes): 0
	Average unshared data size (kbytes): 0
	Average stack size (kbytes): 0
	Average total size (kbytes): 0
	Maximum resident set size (kbytes): 123160
	Average resident set size (kbytes): 0
	Major (requiring I/O) page faults: 0
	Minor (reclaiming a frame) page faults: 30406
	Voluntary context switches: 21
	Involuntary context switches: 1458
	Swaps: 0
	File system inputs: 22696
	File system outputs: 8376
	Socket messages sent: 0
	Socket messages received: 0
	Signals delivered: 0
	Page size (bytes): 4096
	Exit status: 0
