vsearch v2.28.1_linux_x86_64, 187.1GB RAM, 40 cores
https://github.com/torognes/vsearch

Reading file ../../data/train_nt_sintax.fasta 100%
23211262 nt in 35556 seqs, min 600, max 658, avg 653
Masking 100%
Counting k-mers 100%
Creating k-mer index 100%
Writing UDB file 100%
	Command being timed: "vsearch --makeudb_usearch ../../data/train_nt_sintax.fasta --output train_nt_4.udb"
	User time (seconds): 7.22
	System time (seconds): 0.35
	Percent of CPU this job got: 94%
	Elapsed (wall clock) time (h:mm:ss or m:ss): 0:08.04
	Average shared text size (kbytes): 0
	Average unshared data size (kbytes): 0
	Average stack size (kbytes): 0
	Average total size (kbytes): 0
	Maximum resident set size (kbytes): 80888
	Average resident set size (kbytes): 0
	Major (requiring I/O) page faults: 1
	Minor (reclaiming a frame) page faults: 3495
	Voluntary context switches: 23
	Involuntary context switches: 8
	Swaps: 0
	File system inputs: 55056
	File system outputs: 224728
	Socket messages sent: 0
	Socket messages received: 0
	Signals delivered: 0
	Page size (bytes): 4096
	Exit status: 0
vsearch v2.28.1_linux_x86_64, 187.1GB RAM, 40 cores
https://github.com/torognes/vsearch

Reading UDB file train_nt_4.udb 100%
Reorganizing data in memory 100%
Creating bitmaps 100%
Parsing abundances 100%
23211262 nt in 35556 seqs, min 600, max 658, avg 653
Classifying sequences 100%
Classified 26901 of 26901 sequences (100.00%)
	Command being timed: "vsearch --sintax ../../data/test_nt.fasta --sintax_random --db train_nt_4.udb --tabbedout sintax_test_nt_4.raw --threads 4"
	User time (seconds): 430.32
	System time (seconds): 4.92
	Percent of CPU this job got: 384%
	Elapsed (wall clock) time (h:mm:ss or m:ss): 1:53.25
	Average shared text size (kbytes): 0
	Average unshared data size (kbytes): 0
	Average stack size (kbytes): 0
	Average total size (kbytes): 0
	Maximum resident set size (kbytes): 123484
	Average resident set size (kbytes): 0
	Major (requiring I/O) page faults: 0
	Minor (reclaiming a frame) page faults: 2892
	Voluntary context switches: 194150
	Involuntary context switches: 1013
	Swaps: 0
	File system inputs: 35048
	File system outputs: 8520
	Socket messages sent: 0
	Socket messages received: 0
	Signals delivered: 0
	Page size (bytes): 4096
	Exit status: 0
vsearch v2.28.1_linux_x86_64, 187.1GB RAM, 40 cores
https://github.com/torognes/vsearch

Reading UDB file train_nt_4.udb 100%
Reorganizing data in memory 100%
Creating bitmaps 100%
Parsing abundances 100%
23211262 nt in 35556 seqs, min 600, max 658, avg 653
Classifying sequences 100%
Classified 26901 of 26901 sequences (100.00%)
	Command being timed: "vsearch --sintax ../../data/testshort_nt.fasta --sintax_random --db train_nt_4.udb --tabbedout sintax_testshort_nt_4.raw --threads 4"
	User time (seconds): 423.26
	System time (seconds): 5.14
	Percent of CPU this job got: 390%
	Elapsed (wall clock) time (h:mm:ss or m:ss): 1:49.84
	Average shared text size (kbytes): 0
	Average unshared data size (kbytes): 0
	Average stack size (kbytes): 0
	Average total size (kbytes): 0
	Maximum resident set size (kbytes): 125372
	Average resident set size (kbytes): 0
	Major (requiring I/O) page faults: 0
	Minor (reclaiming a frame) page faults: 2886
	Voluntary context switches: 212337
	Involuntary context switches: 442
	Swaps: 0
	File system inputs: 22560
	File system outputs: 8528
	Socket messages sent: 0
	Socket messages received: 0
	Signals delivered: 0
	Page size (bytes): 4096
	Exit status: 0
