vsearch v2.28.1_linux_x86_64, 187.1GB RAM, 40 cores
https://github.com/torognes/vsearch

Reading file ../../data/train_nt_sintax.fasta 100%
23211262 nt in 35556 seqs, min 600, max 658, avg 653
Masking 100%
Counting k-mers 100%
Creating k-mer index 100%
Writing UDB file 100%
	Command being timed: "vsearch --makeudb_usearch ../../data/train_nt_sintax.fasta --output train_nt_16.udb"
	User time (seconds): 5.79
	System time (seconds): 0.30
	Percent of CPU this job got: 75%
	Elapsed (wall clock) time (h:mm:ss or m:ss): 0:08.09
	Average shared text size (kbytes): 0
	Average unshared data size (kbytes): 0
	Average stack size (kbytes): 0
	Average total size (kbytes): 0
	Maximum resident set size (kbytes): 78452
	Average resident set size (kbytes): 0
	Major (requiring I/O) page faults: 158
	Minor (reclaiming a frame) page faults: 19099
	Voluntary context switches: 190
	Involuntary context switches: 4
	Swaps: 0
	File system inputs: 57600
	File system outputs: 225136
	Socket messages sent: 0
	Socket messages received: 0
	Signals delivered: 0
	Page size (bytes): 4096
	Exit status: 0
vsearch v2.28.1_linux_x86_64, 187.1GB RAM, 40 cores
https://github.com/torognes/vsearch

Reading UDB file train_nt_16.udb 100%
Reorganizing data in memory 100%
Creating bitmaps 100%
Parsing abundances 100%
23211262 nt in 35556 seqs, min 600, max 658, avg 653
Classifying sequences 100%
Classified 26901 of 26901 sequences (100.00%)
	Command being timed: "vsearch --sintax ../../data/test_nt.fasta --sintax_random --db train_nt_16.udb --tabbedout sintax_test_nt_16.raw --threads 16"
	User time (seconds): 457.83
	System time (seconds): 306.37
	Percent of CPU this job got: 1458%
	Elapsed (wall clock) time (h:mm:ss or m:ss): 0:52.38
	Average shared text size (kbytes): 0
	Average unshared data size (kbytes): 0
	Average stack size (kbytes): 0
	Average total size (kbytes): 0
	Maximum resident set size (kbytes): 125320
	Average resident set size (kbytes): 0
	Major (requiring I/O) page faults: 0
	Minor (reclaiming a frame) page faults: 30906
	Voluntary context switches: 26226308
	Involuntary context switches: 198
	Swaps: 0
	File system inputs: 35056
	File system outputs: 8800
	Socket messages sent: 0
	Socket messages received: 0
	Signals delivered: 0
	Page size (bytes): 4096
	Exit status: 0
vsearch v2.28.1_linux_x86_64, 187.1GB RAM, 40 cores
https://github.com/torognes/vsearch

Reading UDB file train_nt_16.udb 100%
Reorganizing data in memory 100%
Creating bitmaps 100%
Parsing abundances 100%
23211262 nt in 35556 seqs, min 600, max 658, avg 653
Classifying sequences 100%
Classified 26901 of 26901 sequences (100.00%)
	Command being timed: "vsearch --sintax ../../data/testshort_nt.fasta --sintax_random --db train_nt_16.udb --tabbedout sintax_testshort_nt_16.raw --threads 16"
	User time (seconds): 459.27
	System time (seconds): 334.63
	Percent of CPU this job got: 1469%
	Elapsed (wall clock) time (h:mm:ss or m:ss): 0:54.01
	Average shared text size (kbytes): 0
	Average unshared data size (kbytes): 0
	Average stack size (kbytes): 0
	Average total size (kbytes): 0
	Maximum resident set size (kbytes): 125016
	Average resident set size (kbytes): 0
	Major (requiring I/O) page faults: 0
	Minor (reclaiming a frame) page faults: 30897
	Voluntary context switches: 25460128
	Involuntary context switches: 204
	Swaps: 0
	File system inputs: 22560
	File system outputs: 8808
	Socket messages sent: 0
	Socket messages received: 0
	Signals delivered: 0
	Page size (bytes): 4096
	Exit status: 0
