- The project is out-of-sync -- use `renv::status()` for details.
Welcome to BayesANT 🐜 🐜 🐜 🐜  
No missing annotations detected. 
Estimating the Pitman-Yor parameters: Now. 
Estimating the Pitman-Yor parameters: Done. 
Computing prior probabilities: Now 
Computing prior probabilities: Done. 
Extracting kmers from sequences: Now. 
Extracting kmers from sequences: Done. 
Tuning hyperparameters: Now. 
Tuning hyperparameters: Done. 
Aggregating parameters: Now 
Aggregating parameters: Done 
	Command being timed: "Rscript fit_BayesANT.R"
	User time (seconds): 17.86
	System time (seconds): 1.16
	Percent of CPU this job got: 33%
	Elapsed (wall clock) time (h:mm:ss or m:ss): 0:56.44
	Average shared text size (kbytes): 0
	Average unshared data size (kbytes): 0
	Average stack size (kbytes): 0
	Average total size (kbytes): 0
	Maximum resident set size (kbytes): 887288
	Average resident set size (kbytes): 0
	Major (requiring I/O) page faults: 617
	Minor (reclaiming a frame) page faults: 554345
	Voluntary context switches: 6459
	Involuntary context switches: 25
	Swaps: 0
	File system inputs: 100784
	File system outputs: 60136
	Socket messages sent: 0
	Socket messages received: 0
	Signals delivered: 0
	Page size (bytes): 4096
	Exit status: 0
- The project is out-of-sync -- use `renv::status()` for details.
Number of sequences predicted =  1723 / 17226  
Number of sequences predicted =  3446 / 17226  
Number of sequences predicted =  5169 / 17226  
Number of sequences predicted =  6892 / 17226  
Number of sequences predicted =  8615 / 17226  
Number of sequences predicted =  10338 / 17226  
Number of sequences predicted =  12061 / 17226  
Number of sequences predicted =  13784 / 17226  
Number of sequences predicted =  15507 / 17226  
	Command being timed: "Rscript predict_BayesANT.R"
	User time (seconds): 8002.44
	System time (seconds): 8.20
	Percent of CPU this job got: 1538%
	Elapsed (wall clock) time (h:mm:ss or m:ss): 8:40.71
	Average shared text size (kbytes): 0
	Average unshared data size (kbytes): 0
	Average stack size (kbytes): 0
	Average total size (kbytes): 0
	Maximum resident set size (kbytes): 1372324
	Average resident set size (kbytes): 0
	Major (requiring I/O) page faults: 2
	Minor (reclaiming a frame) page faults: 3305158
	Voluntary context switches: 3559
	Involuntary context switches: 13535
	Swaps: 0
	File system inputs: 18448
	File system outputs: 8368
	Socket messages sent: 0
	Socket messages received: 0
	Signals delivered: 0
	Page size (bytes): 4096
	Exit status: 0
- The project is out-of-sync -- use `renv::status()` for details.
Number of sequences predicted =  1723 / 17226  
Number of sequences predicted =  3446 / 17226  
Number of sequences predicted =  5169 / 17226  
Number of sequences predicted =  6892 / 17226  
Number of sequences predicted =  8615 / 17226  
Number of sequences predicted =  10338 / 17226  
Number of sequences predicted =  12061 / 17226  
Number of sequences predicted =  13784 / 17226  
Number of sequences predicted =  15507 / 17226  
	Command being timed: "Rscript predict_BayesANT.R"
	User time (seconds): 8334.51
	System time (seconds): 7.00
	Percent of CPU this job got: 1552%
	Elapsed (wall clock) time (h:mm:ss or m:ss): 8:57.31
	Average shared text size (kbytes): 0
	Average unshared data size (kbytes): 0
	Average stack size (kbytes): 0
	Average total size (kbytes): 0
	Maximum resident set size (kbytes): 1087620
	Average resident set size (kbytes): 0
	Major (requiring I/O) page faults: 0
	Minor (reclaiming a frame) page faults: 2673929
	Voluntary context switches: 3540
	Involuntary context switches: 21287
	Swaps: 0
	File system inputs: 6640
	File system outputs: 8472
	Socket messages sent: 0
	Socket messages received: 0
	Signals delivered: 0
	Page size (bytes): 4096
	Exit status: 0
Job 25859321 completed
