- The project is out-of-sync -- use `renv::status()` for details.
Welcome to BayesANT 🐜 🐜 🐜 🐜  
No missing annotations detected. 
Estimating the Pitman-Yor parameters: Now. 
Estimating the Pitman-Yor parameters: Done. 
Computing prior probabilities: Now 
Computing prior probabilities: Done. 
Extracting kmers from sequences: Now. 
Extracting kmers from sequences: Done. 
Tuning hyperparameters: Now. 
Tuning hyperparameters: Done. 
Aggregating parameters: Now 
Aggregating parameters: Done 
	Command being timed: "Rscript fit_BayesANT.R"
	User time (seconds): 23.44
	System time (seconds): 1.51
	Percent of CPU this job got: 68%
	Elapsed (wall clock) time (h:mm:ss or m:ss): 0:36.27
	Average shared text size (kbytes): 0
	Average unshared data size (kbytes): 0
	Average stack size (kbytes): 0
	Average total size (kbytes): 0
	Maximum resident set size (kbytes): 884044
	Average resident set size (kbytes): 0
	Major (requiring I/O) page faults: 393
	Minor (reclaiming a frame) page faults: 560927
	Voluntary context switches: 6233
	Involuntary context switches: 207
	Swaps: 0
	File system inputs: 98072
	File system outputs: 60168
	Socket messages sent: 0
	Socket messages received: 0
	Signals delivered: 0
	Page size (bytes): 4096
	Exit status: 0
- The project is out-of-sync -- use `renv::status()` for details.
Number of sequences predicted =  1723 / 17226  
Number of sequences predicted =  3446 / 17226  
Number of sequences predicted =  5169 / 17226  
Number of sequences predicted =  6892 / 17226  
Number of sequences predicted =  8615 / 17226  
Number of sequences predicted =  10338 / 17226  
Number of sequences predicted =  12061 / 17226  
Number of sequences predicted =  13784 / 17226  
Number of sequences predicted =  15507 / 17226  
	Command being timed: "Rscript predict_BayesANT.R"
	User time (seconds): 7184.70
	System time (seconds): 1.21
	Percent of CPU this job got: 99%
	Elapsed (wall clock) time (h:mm:ss or m:ss): 2:00:18
	Average shared text size (kbytes): 0
	Average unshared data size (kbytes): 0
	Average stack size (kbytes): 0
	Average total size (kbytes): 0
	Maximum resident set size (kbytes): 1181204
	Average resident set size (kbytes): 0
	Major (requiring I/O) page faults: 146
	Minor (reclaiming a frame) page faults: 564710
	Voluntary context switches: 5330
	Involuntary context switches: 54863
	Swaps: 0
	File system inputs: 29648
	File system outputs: 8384
	Socket messages sent: 0
	Socket messages received: 0
	Signals delivered: 0
	Page size (bytes): 4096
	Exit status: 0
- The project is out-of-sync -- use `renv::status()` for details.
Number of sequences predicted =  1723 / 17226  
Number of sequences predicted =  3446 / 17226  
Number of sequences predicted =  5169 / 17226  
Number of sequences predicted =  6892 / 17226  
Number of sequences predicted =  8615 / 17226  
Number of sequences predicted =  10338 / 17226  
Number of sequences predicted =  12061 / 17226  
Number of sequences predicted =  13784 / 17226  
Number of sequences predicted =  15507 / 17226  
	Command being timed: "Rscript predict_BayesANT.R"
	User time (seconds): 7334.31
	System time (seconds): 1.24
	Percent of CPU this job got: 99%
	Elapsed (wall clock) time (h:mm:ss or m:ss): 2:03:09
	Average shared text size (kbytes): 0
	Average unshared data size (kbytes): 0
	Average stack size (kbytes): 0
	Average total size (kbytes): 0
	Maximum resident set size (kbytes): 1092664
	Average resident set size (kbytes): 0
	Major (requiring I/O) page faults: 432
	Minor (reclaiming a frame) page faults: 502126
	Voluntary context switches: 8161
	Involuntary context switches: 56533
	Swaps: 0
	File system inputs: 156016
	File system outputs: 8496
	Socket messages sent: 0
	Socket messages received: 0
	Signals delivered: 0
	Page size (bytes): 4096
	Exit status: 0
Job 25861007 completed
