- The project is out-of-sync -- use `renv::status()` for details.
Welcome to BayesANT 🐜 🐜 🐜 🐜  
No missing annotations detected. 
Estimating the Pitman-Yor parameters: Now. 
Estimating the Pitman-Yor parameters: Done. 
Computing prior probabilities: Now 
Computing prior probabilities: Done. 
Extracting kmers from sequences: Now. 
Extracting kmers from sequences: Done. 
Tuning hyperparameters: Now. 
Tuning hyperparameters: Done. 
Aggregating parameters: Now 
Aggregating parameters: Done 
	Command being timed: "Rscript fit_BayesANT.R"
	User time (seconds): 21.72
	System time (seconds): 1.53
	Percent of CPU this job got: 63%
	Elapsed (wall clock) time (h:mm:ss or m:ss): 0:36.73
	Average shared text size (kbytes): 0
	Average unshared data size (kbytes): 0
	Average stack size (kbytes): 0
	Average total size (kbytes): 0
	Maximum resident set size (kbytes): 885392
	Average resident set size (kbytes): 0
	Major (requiring I/O) page faults: 386
	Minor (reclaiming a frame) page faults: 557762
	Voluntary context switches: 6091
	Involuntary context switches: 26
	Swaps: 0
	File system inputs: 98024
	File system outputs: 60168
	Socket messages sent: 0
	Socket messages received: 0
	Signals delivered: 0
	Page size (bytes): 4096
	Exit status: 0
- The project is out-of-sync -- use `renv::status()` for details.
Number of sequences predicted =  1723 / 17226  
Number of sequences predicted =  3446 / 17226  
Number of sequences predicted =  5169 / 17226  
Number of sequences predicted =  6892 / 17226  
Number of sequences predicted =  8615 / 17226  
Number of sequences predicted =  10338 / 17226  
Number of sequences predicted =  12061 / 17226  
Number of sequences predicted =  13784 / 17226  
Number of sequences predicted =  15507 / 17226  
	Command being timed: "Rscript predict_BayesANT.R"
	User time (seconds): 6652.56
	System time (seconds): 2.20
	Percent of CPU this job got: 395%
	Elapsed (wall clock) time (h:mm:ss or m:ss): 28:04.12
	Average shared text size (kbytes): 0
	Average unshared data size (kbytes): 0
	Average stack size (kbytes): 0
	Average total size (kbytes): 0
	Maximum resident set size (kbytes): 1181484
	Average resident set size (kbytes): 0
	Major (requiring I/O) page faults: 0
	Minor (reclaiming a frame) page faults: 1089013
	Voluntary context switches: 5113
	Involuntary context switches: 13410
	Swaps: 0
	File system inputs: 128
	File system outputs: 8384
	Socket messages sent: 0
	Socket messages received: 0
	Signals delivered: 0
	Page size (bytes): 4096
	Exit status: 0
- The project is out-of-sync -- use `renv::status()` for details.
Number of sequences predicted =  1723 / 17226  
Number of sequences predicted =  3446 / 17226  
Number of sequences predicted =  5169 / 17226  
Number of sequences predicted =  6892 / 17226  
Number of sequences predicted =  8615 / 17226  
Number of sequences predicted =  10338 / 17226  
Number of sequences predicted =  12061 / 17226  
Number of sequences predicted =  13784 / 17226  
Number of sequences predicted =  15507 / 17226  
	Command being timed: "Rscript predict_BayesANT.R"
	User time (seconds): 6648.54
	System time (seconds): 2.07
	Percent of CPU this job got: 395%
	Elapsed (wall clock) time (h:mm:ss or m:ss): 28:00.51
	Average shared text size (kbytes): 0
	Average unshared data size (kbytes): 0
	Average stack size (kbytes): 0
	Average total size (kbytes): 0
	Maximum resident set size (kbytes): 1088116
	Average resident set size (kbytes): 0
	Major (requiring I/O) page faults: 12
	Minor (reclaiming a frame) page faults: 1029675
	Voluntary context switches: 5060
	Involuntary context switches: 10846
	Swaps: 0
	File system inputs: 66864
	File system outputs: 8488
	Socket messages sent: 0
	Socket messages received: 0
	Signals delivered: 0
	Page size (bytes): 4096
	Exit status: 0
Job 25861008 completed
