- The project is out-of-sync -- use `renv::status()` for details.
Welcome to BayesANT 🐜 🐜 🐜 🐜  
No missing annotations detected. 
Estimating the Pitman-Yor parameters: Now. 
Estimating the Pitman-Yor parameters: Done. 
Computing prior probabilities: Now 
Computing prior probabilities: Done. 
Extracting kmers from sequences: Now. 
Extracting kmers from sequences: Done. 
Tuning hyperparameters: Now. 
Tuning hyperparameters: Done. 
Aggregating parameters: Now 
Aggregating parameters: Done 
	Command being timed: "Rscript fit_BayesANT.R"
	User time (seconds): 17.26
	System time (seconds): 1.19
	Percent of CPU this job got: 51%
	Elapsed (wall clock) time (h:mm:ss or m:ss): 0:36.02
	Average shared text size (kbytes): 0
	Average unshared data size (kbytes): 0
	Average stack size (kbytes): 0
	Average total size (kbytes): 0
	Maximum resident set size (kbytes): 894472
	Average resident set size (kbytes): 0
	Major (requiring I/O) page faults: 617
	Minor (reclaiming a frame) page faults: 558344
	Voluntary context switches: 6752
	Involuntary context switches: 209
	Swaps: 0
	File system inputs: 100784
	File system outputs: 60152
	Socket messages sent: 0
	Socket messages received: 0
	Signals delivered: 0
	Page size (bytes): 4096
	Exit status: 0
- The project is out-of-sync -- use `renv::status()` for details.
Number of sequences predicted =  1723 / 17226  
Number of sequences predicted =  3446 / 17226  
Number of sequences predicted =  5169 / 17226  
Number of sequences predicted =  6892 / 17226  
Number of sequences predicted =  8615 / 17226  
Number of sequences predicted =  10338 / 17226  
Number of sequences predicted =  12061 / 17226  
Number of sequences predicted =  13784 / 17226  
Number of sequences predicted =  15507 / 17226  
	Command being timed: "Rscript predict_BayesANT.R"
	User time (seconds): 8534.62
	System time (seconds): 13.75
	Percent of CPU this job got: 3691%
	Elapsed (wall clock) time (h:mm:ss or m:ss): 3:51.59
	Average shared text size (kbytes): 0
	Average unshared data size (kbytes): 0
	Average stack size (kbytes): 0
	Average total size (kbytes): 0
	Maximum resident set size (kbytes): 1372000
	Average resident set size (kbytes): 0
	Major (requiring I/O) page faults: 4
	Minor (reclaiming a frame) page faults: 5404069
	Voluntary context switches: 3300
	Involuntary context switches: 55730
	Swaps: 0
	File system inputs: 18448
	File system outputs: 8384
	Socket messages sent: 0
	Socket messages received: 0
	Signals delivered: 0
	Page size (bytes): 4096
	Exit status: 0
- The project is out-of-sync -- use `renv::status()` for details.
Number of sequences predicted =  1723 / 17226  
Number of sequences predicted =  3446 / 17226  
Number of sequences predicted =  5169 / 17226  
Number of sequences predicted =  6892 / 17226  
Number of sequences predicted =  8615 / 17226  
Number of sequences predicted =  10338 / 17226  
Number of sequences predicted =  12061 / 17226  
Number of sequences predicted =  13784 / 17226  
Number of sequences predicted =  15507 / 17226  
	Command being timed: "Rscript predict_BayesANT.R"
	User time (seconds): 8441.47
	System time (seconds): 13.27
	Percent of CPU this job got: 3745%
	Elapsed (wall clock) time (h:mm:ss or m:ss): 3:45.74
	Average shared text size (kbytes): 0
	Average unshared data size (kbytes): 0
	Average stack size (kbytes): 0
	Average total size (kbytes): 0
	Maximum resident set size (kbytes): 1084720
	Average resident set size (kbytes): 0
	Major (requiring I/O) page faults: 4
	Minor (reclaiming a frame) page faults: 5230375
	Voluntary context switches: 3219
	Involuntary context switches: 59369
	Swaps: 0
	File system inputs: 6640
	File system outputs: 8488
	Socket messages sent: 0
	Socket messages received: 0
	Signals delivered: 0
	Page size (bytes): 4096
	Exit status: 0
Job 25861009 completed
