+ export OMP_NUM_THREADS=4
+ OMP_NUM_THREADS=4
+ export OPENBLAS_NUM_THREADS=4
+ OPENBLAS_NUM_THREADS=4
+ export MKL_NUM_THREADS=4
+ MKL_NUM_THREADS=4
+ export VECLIB_MAXIMUM_THREADS=4
+ VECLIB_MAXIMUM_THREADS=4
+ export NUMEXPR_NUM_THREADS=4
+ NUMEXPR_NUM_THREADS=4
+ export PATH=/appl/opt/time/1.9/bin:/appl/spack/v018/install-tree/gcc-8.5.0/git-lfs-3.1.2-u4tplj/bin:/appl/opt/csc-cli-utils/bin:/appl/spack/v018/install-tree/gcc-11.3.0/openmpi-4.1.4-w2aekq/bin:/appl/spack/v018/install-tree/gcc-11.3.0/intel-oneapi-mkl-2022.1.0-p2wpb4/mkl/2022.1.0/bin/intel64:/appl/spack/v018/install-tree/gcc-8.5.0/gcc-11.3.0-i44hho/bin:/usr/local/bin:/usr/bin:/usr/local/sbin:/usr/sbin:/appl/bin:/users/brfurnea/.local/bin:/users/brfurnea/bin
+ PATH=/appl/opt/time/1.9/bin:/appl/spack/v018/install-tree/gcc-8.5.0/git-lfs-3.1.2-u4tplj/bin:/appl/opt/csc-cli-utils/bin:/appl/spack/v018/install-tree/gcc-11.3.0/openmpi-4.1.4-w2aekq/bin:/appl/spack/v018/install-tree/gcc-11.3.0/intel-oneapi-mkl-2022.1.0-p2wpb4/mkl/2022.1.0/bin/intel64:/appl/spack/v018/install-tree/gcc-8.5.0/gcc-11.3.0-i44hho/bin:/usr/local/bin:/usr/bin:/usr/local/sbin:/usr/sbin:/appl/bin:/users/brfurnea/.local/bin:/users/brfurnea/bin
++ which time
++ alias
++ eval declare -f
++ /usr/bin/which --tty-only --read-alias --read-functions --show-tilde --show-dot time
+++ declare -f
+ TIME='/appl/opt/time/1.9/bin/time --verbose'
+ export PATH=/projappl/project_2005718/bin:/appl/opt/time/1.9/bin:/appl/spack/v018/install-tree/gcc-8.5.0/git-lfs-3.1.2-u4tplj/bin:/appl/opt/csc-cli-utils/bin:/appl/spack/v018/install-tree/gcc-11.3.0/openmpi-4.1.4-w2aekq/bin:/appl/spack/v018/install-tree/gcc-11.3.0/intel-oneapi-mkl-2022.1.0-p2wpb4/mkl/2022.1.0/bin/intel64:/appl/spack/v018/install-tree/gcc-8.5.0/gcc-11.3.0-i44hho/bin:/usr/local/bin:/usr/bin:/usr/local/sbin:/usr/sbin:/appl/bin:/users/brfurnea/.local/bin:/users/brfurnea/bin
+ PATH=/projappl/project_2005718/bin:/appl/opt/time/1.9/bin:/appl/spack/v018/install-tree/gcc-8.5.0/git-lfs-3.1.2-u4tplj/bin:/appl/opt/csc-cli-utils/bin:/appl/spack/v018/install-tree/gcc-11.3.0/openmpi-4.1.4-w2aekq/bin:/appl/spack/v018/install-tree/gcc-11.3.0/intel-oneapi-mkl-2022.1.0-p2wpb4/mkl/2022.1.0/bin/intel64:/appl/spack/v018/install-tree/gcc-8.5.0/gcc-11.3.0-i44hho/bin:/usr/local/bin:/usr/bin:/usr/local/sbin:/usr/sbin:/appl/bin:/users/brfurnea/.local/bin:/users/brfurnea/bin
+ MODEL=epang-freetree
+ DATA=../../data
+ RESULTS=../../results/epang-freetree
+ mkdir -p ../../results/epang-freetree
+ TRAIN_TAXONOMY_FILE=../../data/train_gappa.tax
+ cp ../../data/train_gappa.tax taxonomy.txt
+ echo 'outgroup	Chromadorea;Rhabditida;Rhabditidae;Rhabditidae_subfamily_Incertae_sedis;Rhabditidae_tribe_Incertae_sedis;Caenorhabditis;Caenorhabditis_elegans'
+ echo outgroup
+ for ALPHABET in aa nt
+ INSTANCE=train_aa
+ MODEL_DIR=train_aa_4
+ TRAIN_FILE=../../data/train_aa_aln.fasta
+ OUTGROUP_FILE=../../data/outgroup_aa_aln.fasta
+ ALIGN_FILE=train_aa_4/train_outgroup_aa_aln.fasta
+ rm -fr train_aa_4
+ mkdir -p train_aa_4
+ cat ../../data/train_aa_aln.fasta ../../data/outgroup_aa_aln.fasta
+ '[' aa = nt ']'
+ SUBSTITUTION_MODEL=mtART+G4
+ /appl/opt/time/1.9/bin/time --verbose iqtree2 -s train_aa_4/train_outgroup_aa_aln.fasta -T 4 -fast -keep-ident --redo -m mtART+G4 -pre train_aa_4/train_aa
IQ-TREE multicore version 2.4.0 for Linux x86 64-bit built Mar  4 2025
Developed by Bui Quang Minh, Nguyen Lam Tung, Olga Chernomor, Heiko Schmidt,
Dominik Schrempf, Michael Woodhams, Ly Trong Nhan, Thomas Wong

Host:    r07c43.bullx (AVX512, FMA3, 187 GB RAM)
Command: iqtree2 -s train_aa_4/train_outgroup_aa_aln.fasta -T 4 -fast -keep-ident --redo -m mtART+G4 -pre train_aa_4/train_aa
Seed:    732658 (Using SPRNG - Scalable Parallel Random Number Generator)
Time:    Tue Oct  7 15:43:42 2025
Kernel:  AVX+FMA - 4 threads (4 CPU cores detected)

Reading alignment file train_aa_4/train_outgroup_aa_aln.fasta ... Fasta format detected
Reading fasta file: done in 0.13996 secs using 66.59% CPU
Alignment most likely contains protein sequences
Alignment has 35557 sequences with 219 columns, 219 distinct patterns
213 parsimony-informative, 6 singleton sites, 0 constant sites
Analyzing sequences: done in 0.00532127 secs using 388.2% CPU

Create initial parsimony tree by phylogenetic likelihood library (PLL)... 555.23 seconds

NOTE: 5273 MB RAM (5 GB) is required!
Estimate model parameters (epsilon = 0.50)
1. Initial log-likelihood: -234320.26
2. Current log-likelihood: -229681.34
3. Current log-likelihood: -229469.71
4. Current log-likelihood: -229468.72
Optimal log-likelihood: -229468.27
Gamma shape alpha: 0.60
Parameters optimization took 4 rounds (779.83 sec)
Wrote distance file to... 
Computing ML distances based on estimated model parameters...
Calculating distance matrix: done in 31302.9 secs using 398.9% CPU
Computing ML distances took 31305.666765 sec (of wall-clock time) 124867.187535 sec (of CPU time)
Setting up auxiliary I and S matrices: done in 17.2924 secs using 377% CPU
Computing RapidNJ tree took 1099.625321 sec (of wall-clock time) 3071.611944 sec (of CPU time)
Log-likelihood of RapidNJ tree: -234604.901
--------------------------------------------------------------------
|             INITIALIZING CANDIDATE TREE SET                      |
--------------------------------------------------------------------

Do NNI search on 2 best initial trees
Estimate model parameters (epsilon = 0.500)
BETTER TREE FOUND at iteration 1: -227639.469
Estimate model parameters (epsilon = 0.500)
BETTER TREE FOUND at iteration 2: -227144.836
Finish initializing candidate tree set (4)
Current best tree score: -227144.836 / CPU time: 5582.093
Number of iterations: 2
TREE SEARCH COMPLETED AFTER 2 ITERATIONS / Time: 11h:35m:58s

--------------------------------------------------------------------
|                    FINALIZING TREE SEARCH                        |
--------------------------------------------------------------------
Performs final model parameters optimization
Estimate model parameters (epsilon = 0.050)
1. Initial log-likelihood: -227144.836
Optimal log-likelihood: -227144.834
Gamma shape alpha: 0.594
Parameters optimization took 1 rounds (40.428 sec)
BEST SCORE FOUND : -227144.834
Total tree length: 360.228

Total number of iterations: 2
CPU time used for tree search: 20145.208 sec (5h:35m:45s)
Wall-clock time used for tree search: 5582.389 sec (1h:33m:2s)
Total CPU time used: 158103.313 sec (43h:55m:3s)
Total wall-clock time used: 41799.629 sec (11h:36m:39s)

Analysis results written to: 
  IQ-TREE report:                train_aa_4/train_aa.iqtree
  Maximum-likelihood tree:       train_aa_4/train_aa.treefile
  Likelihood distances:          train_aa_4/train_aa.mldist
  Screen log file:               train_aa_4/train_aa.log

Date and Time: Wed Oct  8 03:20:24 2025
	Command being timed: "iqtree2 -s train_aa_4/train_outgroup_aa_aln.fasta -T 4 -fast -keep-ident --redo -m mtART+G4 -pre train_aa_4/train_aa"
	User time (seconds): 158104.72
	System time (seconds): 114.95
	Percent of CPU this job got: 378%
	Elapsed (wall clock) time (h:mm:ss or m:ss): 11:36:42
	Average shared text size (kbytes): 0
	Average unshared data size (kbytes): 0
	Average stack size (kbytes): 0
	Average total size (kbytes): 0
	Maximum resident set size (kbytes): 41793632
	Average resident set size (kbytes): 0
	Major (requiring I/O) page faults: 1623
	Minor (reclaiming a frame) page faults: 849440
	Voluntary context switches: 3227062
	Involuntary context switches: 191037
	Swaps: 0
	File system inputs: 30032
	File system outputs: 49442144
	Socket messages sent: 0
	Socket messages received: 0
	Signals delivered: 0
	Page size (bytes): 4096
	Exit status: 0
+ '[' aa = nt ']'
++ sed -nr '/FINALIZING TREE SEARCH/,$ s|Gamma shape alpha: +([0-9.]+)|\1|p' train_aa_4/train_aa.log
+ alpha=0.594
+ echo 'Detected alpha: 0.594'
Detected alpha: 0.594
+ SUBSTITUTION_PARAMS='mtART+G4{0.594}'
+ for TESTSET in test testshort
+ TEST_FILE=../../data/test_aa_aln.fasta
+ RAW_DIR=train_aa_4/test
+ SUFFIX=test_aa_4
+ mkdir -p train_aa_4/test
+ /appl/opt/time/1.9/bin/time --verbose epa-ng --tree train_aa_4/train_aa.treefile --ref-msa train_aa_4/train_outgroup_aa_aln.fasta --query ../../data/test_aa_aln.fasta --out-dir train_aa_4/test --model 'mtART+G4{0.594}' --threads 4 --redo
INFO Selected: Output dir: train_aa_4/test/
INFO Selected: Query file: ../../data/test_aa_aln.fasta
INFO Selected: Tree file: train_aa_4/train_aa.treefile
INFO Selected: Reference MSA: train_aa_4/train_outgroup_aa_aln.fasta
INFO Selected: Automatic switching of use of per rate scalers
INFO Selected: Preserving the root of the input tree
INFO Selected: Specified model: mtART+G4{0.594}
INFO Selected: Using threads: 4
INFO     ______ ____   ___           _   __ ______
        / ____// __ \ /   |         / | / // ____/
       / __/  / /_/ // /| | ______ /  |/ // / __  
      / /___ / ____// ___ |/_____// /|  // /_/ /  
     /_____//_/    /_/  |_|      /_/ |_/ \____/ (v0.3.8)
INFO Using model parameters:
INFO    Rate heterogeneity: GAMMA (4 cats, mean),  alpha: 0.594 (user),  weights&rates: (0.25,0.051873) (0.25,0.308921) (0.25,0.878227) (0.25,2.76098) 
        Base frequencies (model): 0.054116 0.018227 0.039903 0.02016 0.009709 0.018781 0.024289 0.068183 0.024518 0.092638 0.148658 0.021718 0.061453 0.088668 0.041826 0.09103 0.049194 0.029786 0.039443 0.057701 
        Substitution rates (model): 0.2 0.2 1 254 0.2 0.2 200 0.2 26 4 0.2 121 13 49 673 244 0.2 1 340 0.2 4 36 154 0.2 0.2 41 2 2 209 5 5 0.2 3 0.2 0.2 4 0.2 500 98 262 183 121 180 21 13 467 79 20 17 398 166 8 251 23 11 0.2 862 12 0.2 7 1 2 0.2 0.2 0.2 44 0.2 0.2 0.2 0.2 0.2 0.2 81 12 63 79 0.2 312 184 0.2 664 183 22 72 350 262 3 314 11 16 349 67 0.2 39 52 44 7 87 0.2 44 15 7 2 106 0.2 0.2 8 31 43 11 8 14 0.2 3 1 0.2 56 1 0.2 226 0.2 2 9 3 0.2 6 0.2 0.2 14 1 11 19 0.2 191 0.2 515 3 515 118 0.2 7 204 0.2 12 1855 4 885 263 12 8 48 21 20 85 106 11 17 144 70 16 117 26 322 5 112 289 71 71 281 15 36 14 54 792 52 87 47 0.2 18 32 660 2 30 61 0.2 46 544 38 0.2 2
INFO Output file: train_aa_4/test/epa_result.jplace
INFO 5000 Sequences done!
INFO 10000 Sequences done!
INFO 15000 Sequences done!
INFO 20000 Sequences done!
INFO 25000 Sequences done!
INFO 26901 Sequences done!
INFO Time spent placing: 36988s
INFO Elapsed Time: 37049s
	Command being timed: "epa-ng --tree train_aa_4/train_aa.treefile --ref-msa train_aa_4/train_outgroup_aa_aln.fasta --query ../../data/test_aa_aln.fasta --out-dir train_aa_4/test --model mtART+G4{0.594} --threads 4 --redo"
	User time (seconds): 147366.58
	System time (seconds): 15.11
	Percent of CPU this job got: 397%
	Elapsed (wall clock) time (h:mm:ss or m:ss): 10:17:31
	Average shared text size (kbytes): 0
	Average unshared data size (kbytes): 0
	Average stack size (kbytes): 0
	Average total size (kbytes): 0
	Maximum resident set size (kbytes): 39502768
	Average resident set size (kbytes): 0
	Major (requiring I/O) page faults: 1989
	Minor (reclaiming a frame) page faults: 8603096
	Voluntary context switches: 3188
	Involuntary context switches: 144749
	Swaps: 0
	File system inputs: 47800
	File system outputs: 24752
	Socket messages sent: 0
	Socket messages received: 0
	Signals delivered: 0
	Page size (bytes): 4096
	Exit status: 0
+ /appl/opt/time/1.9/bin/time --verbose gappa examine assign --jplace-path train_aa_4/test/epa_result.jplace --taxon-file taxonomy.txt --root-outgroup outgroup.txt --ranks-string 'class|order|family|subfamily|tribe|genus|species' --out-dir train_aa_4/test --file-suffix _test_aa_4 --per-query-results --threads 4 --allow-file-overwriting
                                              ....      ....  
                                             '' '||.   .||'   
                                                  ||  ||      
                                                  '|.|'       
     ...'   ....   ... ...  ... ...   ....        .|'|.       
    |  ||  '' .||   ||'  ||  ||'  || '' .||      .|'  ||      
     |''   .|' ||   ||    |  ||    | .|' ||     .|'|.  ||     
    '....  '|..'|'. ||...'   ||...'  '|..'|.    '||'    ||:.  
    '....'          ||       ||                               
                   ''''     ''''   v0.8.5 (c) 2017-2024
                                   by Lucas Czech and Pierre Barbera

Invocation:                        gappa examine assign --jplace-path train_aa_4/test/epa_result.jplace --taxon-file taxonomy.txt --root-outgroup outgroup.txt --ranks-string class|order|family|subfamily|tribe|genus|species --out-dir train_aa_4/test --file-suffix _test_aa_4 --per-query-results --threads 4 --allow-file-overwriting
Command:                           gappa examine assign

Input:
  --jplace-path                    train_aa_4/test/epa_result.jplace
  --taxon-file                     taxonomy.txt
  --root-outgroup                  outgroup.txt
  --taxonomy                       
  --ranks-string                   class|order|family|subfamily|tribe|genus|species

Settings:
  --sub-taxopath                   
  --max-level                      0
  --distribution-ratio             -1
  --consensus-thresh               1
  --resolve-missing-paths          false
  --distant-label                  false

Output:
  --out-dir                        train_aa_4/test
  --file-prefix                    
  --file-suffix                    _test_aa_4
  --cami                           false
  --sample-id                      
  --krona                          false
  --sativa                         false
  --per-query-results              true
  --best-hit                       false

Global Options:
  --allow-file-overwriting         true
  --verbose                        false
  --threads                        4
  --log-file

Run the following command to get the references that need to be cited:
`gappa tools citation Czech2020-genesis-and-gappa`

Started 2025-10-08 13:37:57

Found 1 jplace file
Running the assignment

Finished 2025-10-08 13:38:44
	Command being timed: "gappa examine assign --jplace-path train_aa_4/test/epa_result.jplace --taxon-file taxonomy.txt --root-outgroup outgroup.txt --ranks-string class|order|family|subfamily|tribe|genus|species --out-dir train_aa_4/test --file-suffix _test_aa_4 --per-query-results --threads 4 --allow-file-overwriting"
	User time (seconds): 46.65
	System time (seconds): 0.11
	Percent of CPU this job got: 96%
	Elapsed (wall clock) time (h:mm:ss or m:ss): 0:48.21
	Average shared text size (kbytes): 0
	Average unshared data size (kbytes): 0
	Average stack size (kbytes): 0
	Average total size (kbytes): 0
	Maximum resident set size (kbytes): 83892
	Average resident set size (kbytes): 0
	Major (requiring I/O) page faults: 163
	Minor (reclaiming a frame) page faults: 17143
	Voluntary context switches: 259
	Involuntary context switches: 21
	Swaps: 0
	File system inputs: 39648
	File system outputs: 51576
	Socket messages sent: 0
	Socket messages received: 0
	Signals delivered: 0
	Page size (bytes): 4096
	Exit status: 0
+ RESULT_FILE=../../results/epang-freetree/epang-freetree_test_aa_4.tsv
+ echo 'ID	class	Prob_class	order	Prob_order	family	Prob_family	subfamily	Prob_subfamily	tribe	Prob_tribe	genus	Prob_genus	species	Prob_species'
+ awk '-F ' '
      function write_record(best_prob, best_taxon, new_prob, is_new, new_rank, rank) {
        printf "%s", prev_id
          is_new=0
          new_rank=8
          for (rank = 1; rank <= 7; rank++) {
            if (is_new) {
              printf "\tunk\t%.6f", new_prob[new_rank]
            } else if (new_prob[rank] > best_prob[rank]) {
              is_new = 1
              new_rank = rank
              printf "\tunk\t%.6f", new_prob[rank]
            } else {
              printf "\t%s\t%.6f", best_taxon[rank], best_prob[rank]
            }
          }
          printf "\n"
      }
      BEGIN { prev_id="NA" }
      $1 == "name" { next }
      $1 != prev_id {
        if (prev_id != "NA") {
          write_record(best_prob, best_taxon, new_prob)
        }
        for (rank = 1; rank <= 7; rank++) {
          best_prob[rank] = 0
          new_prob[rank] = 1
          best_taxon[rank] = "NA"
        }
        prev_id = $1
      }
      {
        rank = split($6, a, ";")
        if (rank > 1 && a[rank-1] !~ best_taxon[rank - 1]) next
        new_prob[rank] -= $5
        if ($5 > best_prob[rank]) {
          best_prob[rank] = $5
          best_taxon[rank] = a[rank]
          if (rank < 7) new_prob[rank + 1] = $5
          for (rank2 = rank + 1; rank2 <= 7; rank2++) {
            best_prob[rank2] = 0
            best_taxon[rank2] = "NA"
            new_prob[rank2] = $5
          }
        }
      }
      END{
        write_record(best_prob, best_taxon, new_prob)
      }' train_aa_4/test/per_query_test_aa_4.tsv
+ for TESTSET in test testshort
+ TEST_FILE=../../data/testshort_aa_aln.fasta
+ RAW_DIR=train_aa_4/testshort
+ SUFFIX=testshort_aa_4
+ mkdir -p train_aa_4/testshort
+ /appl/opt/time/1.9/bin/time --verbose epa-ng --tree train_aa_4/train_aa.treefile --ref-msa train_aa_4/train_outgroup_aa_aln.fasta --query ../../data/testshort_aa_aln.fasta --out-dir train_aa_4/testshort --model 'mtART+G4{0.594}' --threads 4 --redo
INFO Selected: Output dir: train_aa_4/testshort/
INFO Selected: Query file: ../../data/testshort_aa_aln.fasta
INFO Selected: Tree file: train_aa_4/train_aa.treefile
INFO Selected: Reference MSA: train_aa_4/train_outgroup_aa_aln.fasta
INFO Selected: Automatic switching of use of per rate scalers
INFO Selected: Preserving the root of the input tree
INFO Selected: Specified model: mtART+G4{0.594}
INFO Selected: Using threads: 4
INFO     ______ ____   ___           _   __ ______
        / ____// __ \ /   |         / | / // ____/
       / __/  / /_/ // /| | ______ /  |/ // / __  
      / /___ / ____// ___ |/_____// /|  // /_/ /  
     /_____//_/    /_/  |_|      /_/ |_/ \____/ (v0.3.8)
INFO Using model parameters:
INFO    Rate heterogeneity: GAMMA (4 cats, mean),  alpha: 0.594 (user),  weights&rates: (0.25,0.051873) (0.25,0.308921) (0.25,0.878227) (0.25,2.76098) 
        Base frequencies (model): 0.054116 0.018227 0.039903 0.02016 0.009709 0.018781 0.024289 0.068183 0.024518 0.092638 0.148658 0.021718 0.061453 0.088668 0.041826 0.09103 0.049194 0.029786 0.039443 0.057701 
        Substitution rates (model): 0.2 0.2 1 254 0.2 0.2 200 0.2 26 4 0.2 121 13 49 673 244 0.2 1 340 0.2 4 36 154 0.2 0.2 41 2 2 209 5 5 0.2 3 0.2 0.2 4 0.2 500 98 262 183 121 180 21 13 467 79 20 17 398 166 8 251 23 11 0.2 862 12 0.2 7 1 2 0.2 0.2 0.2 44 0.2 0.2 0.2 0.2 0.2 0.2 81 12 63 79 0.2 312 184 0.2 664 183 22 72 350 262 3 314 11 16 349 67 0.2 39 52 44 7 87 0.2 44 15 7 2 106 0.2 0.2 8 31 43 11 8 14 0.2 3 1 0.2 56 1 0.2 226 0.2 2 9 3 0.2 6 0.2 0.2 14 1 11 19 0.2 191 0.2 515 3 515 118 0.2 7 204 0.2 12 1855 4 885 263 12 8 48 21 20 85 106 11 17 144 70 16 117 26 322 5 112 289 71 71 281 15 36 14 54 792 52 87 47 0.2 18 32 660 2 30 61 0.2 46 544 38 0.2 2
INFO Output file: train_aa_4/testshort/epa_result.jplace
INFO 5000 Sequences done!
INFO 10000 Sequences done!
INFO 15000 Sequences done!
INFO 20000 Sequences done!
INFO 25000 Sequences done!
INFO 26901 Sequences done!
INFO Time spent placing: 39268s
INFO Elapsed Time: 39313s
	Command being timed: "epa-ng --tree train_aa_4/train_aa.treefile --ref-msa train_aa_4/train_outgroup_aa_aln.fasta --query ../../data/testshort_aa_aln.fasta --out-dir train_aa_4/testshort --model mtART+G4{0.594} --threads 4 --redo"
	User time (seconds): 156516.99
	System time (seconds): 10.81
	Percent of CPU this job got: 398%
	Elapsed (wall clock) time (h:mm:ss or m:ss): 10:55:14
	Average shared text size (kbytes): 0
	Average unshared data size (kbytes): 0
	Average stack size (kbytes): 0
	Average total size (kbytes): 0
	Maximum resident set size (kbytes): 33060140
	Average resident set size (kbytes): 0
	Major (requiring I/O) page faults: 1705
	Minor (reclaiming a frame) page faults: 6559103
	Voluntary context switches: 2545
	Involuntary context switches: 145110
	Swaps: 0
	File system inputs: 46312
	File system outputs: 26312
	Socket messages sent: 0
	Socket messages received: 0
	Signals delivered: 0
	Page size (bytes): 4096
	Exit status: 0
+ /appl/opt/time/1.9/bin/time --verbose gappa examine assign --jplace-path train_aa_4/testshort/epa_result.jplace --taxon-file taxonomy.txt --root-outgroup outgroup.txt --ranks-string 'class|order|family|subfamily|tribe|genus|species' --out-dir train_aa_4/testshort --file-suffix _testshort_aa_4 --per-query-results --threads 4 --allow-file-overwriting
                                              ....      ....  
                                             '' '||.   .||'   
                                                  ||  ||      
                                                  '|.|'       
     ...'   ....   ... ...  ... ...   ....        .|'|.       
    |  ||  '' .||   ||'  ||  ||'  || '' .||      .|'  ||      
     |''   .|' ||   ||    |  ||    | .|' ||     .|'|.  ||     
    '....  '|..'|'. ||...'   ||...'  '|..'|.    '||'    ||:.  
    '....'          ||       ||                               
                   ''''     ''''   v0.8.5 (c) 2017-2024
                                   by Lucas Czech and Pierre Barbera

Invocation:                        gappa examine assign --jplace-path train_aa_4/testshort/epa_result.jplace --taxon-file taxonomy.txt --root-outgroup outgroup.txt --ranks-string class|order|family|subfamily|tribe|genus|species --out-dir train_aa_4/testshort --file-suffix _testshort_aa_4 --per-query-results --threads 4 --allow-file-overwriting
Command:                           gappa examine assign

Input:
  --jplace-path                    train_aa_4/testshort/epa_result.jplace
  --taxon-file                     taxonomy.txt
  --root-outgroup                  outgroup.txt
  --taxonomy                       
  --ranks-string                   class|order|family|subfamily|tribe|genus|species

Settings:
  --sub-taxopath                   
  --max-level                      0
  --distribution-ratio             -1
  --consensus-thresh               1
  --resolve-missing-paths          false
  --distant-label                  false

Output:
  --out-dir                        train_aa_4/testshort
  --file-prefix                    
  --file-suffix                    _testshort_aa_4
  --cami                           false
  --sample-id                      
  --krona                          false
  --sativa                         false
  --per-query-results              true
  --best-hit                       false

Global Options:
  --allow-file-overwriting         true
  --verbose                        false
  --threads                        4
  --log-file

Run the following command to get the references that need to be cited:
`gappa tools citation Czech2020-genesis-and-gappa`

Started 2025-10-09 00:34:03

Found 1 jplace file
Running the assignment

Finished 2025-10-09 00:35:20
	Command being timed: "gappa examine assign --jplace-path train_aa_4/testshort/epa_result.jplace --taxon-file taxonomy.txt --root-outgroup outgroup.txt --ranks-string class|order|family|subfamily|tribe|genus|species --out-dir train_aa_4/testshort --file-suffix _testshort_aa_4 --per-query-results --threads 4 --allow-file-overwriting"
	User time (seconds): 76.68
	System time (seconds): 0.12
	Percent of CPU this job got: 98%
	Elapsed (wall clock) time (h:mm:ss or m:ss): 1:17.88
	Average shared text size (kbytes): 0
	Average unshared data size (kbytes): 0
	Average stack size (kbytes): 0
	Average total size (kbytes): 0
	Maximum resident set size (kbytes): 84728
	Average resident set size (kbytes): 0
	Major (requiring I/O) page faults: 164
	Minor (reclaiming a frame) page faults: 17376
	Voluntary context switches: 256
	Involuntary context switches: 28
	Swaps: 0
	File system inputs: 45000
	File system outputs: 55904
	Socket messages sent: 0
	Socket messages received: 0
	Signals delivered: 0
	Page size (bytes): 4096
	Exit status: 0
+ RESULT_FILE=../../results/epang-freetree/epang-freetree_testshort_aa_4.tsv
+ echo 'ID	class	Prob_class	order	Prob_order	family	Prob_family	subfamily	Prob_subfamily	tribe	Prob_tribe	genus	Prob_genus	species	Prob_species'
+ awk '-F ' '
      function write_record(best_prob, best_taxon, new_prob, is_new, new_rank, rank) {
        printf "%s", prev_id
          is_new=0
          new_rank=8
          for (rank = 1; rank <= 7; rank++) {
            if (is_new) {
              printf "\tunk\t%.6f", new_prob[new_rank]
            } else if (new_prob[rank] > best_prob[rank]) {
              is_new = 1
              new_rank = rank
              printf "\tunk\t%.6f", new_prob[rank]
            } else {
              printf "\t%s\t%.6f", best_taxon[rank], best_prob[rank]
            }
          }
          printf "\n"
      }
      BEGIN { prev_id="NA" }
      $1 == "name" { next }
      $1 != prev_id {
        if (prev_id != "NA") {
          write_record(best_prob, best_taxon, new_prob)
        }
        for (rank = 1; rank <= 7; rank++) {
          best_prob[rank] = 0
          new_prob[rank] = 1
          best_taxon[rank] = "NA"
        }
        prev_id = $1
      }
      {
        rank = split($6, a, ";")
        if (rank > 1 && a[rank-1] !~ best_taxon[rank - 1]) next
        new_prob[rank] -= $5
        if ($5 > best_prob[rank]) {
          best_prob[rank] = $5
          best_taxon[rank] = a[rank]
          if (rank < 7) new_prob[rank + 1] = $5
          for (rank2 = rank + 1; rank2 <= 7; rank2++) {
            best_prob[rank2] = 0
            best_taxon[rank2] = "NA"
            new_prob[rank2] = $5
          }
        }
      }
      END{
        write_record(best_prob, best_taxon, new_prob)
      }' train_aa_4/testshort/per_query_testshort_aa_4.tsv
+ for ALPHABET in aa nt
+ INSTANCE=train_nt
+ MODEL_DIR=train_nt_4
+ TRAIN_FILE=../../data/train_nt_aln.fasta
+ OUTGROUP_FILE=../../data/outgroup_nt_aln.fasta
+ ALIGN_FILE=train_nt_4/train_outgroup_nt_aln.fasta
+ rm -fr train_nt_4
+ mkdir -p train_nt_4
+ cat ../../data/train_nt_aln.fasta ../../data/outgroup_nt_aln.fasta
+ '[' nt = nt ']'
+ SUBSTITUTION_MODEL=GTR+G4
+ /appl/opt/time/1.9/bin/time --verbose iqtree2 -s train_nt_4/train_outgroup_nt_aln.fasta -T 4 -fast -keep-ident --redo -m GTR+G4 -pre train_nt_4/train_nt
IQ-TREE multicore version 2.4.0 for Linux x86 64-bit built Mar  4 2025
Developed by Bui Quang Minh, Nguyen Lam Tung, Olga Chernomor, Heiko Schmidt,
Dominik Schrempf, Michael Woodhams, Ly Trong Nhan, Thomas Wong

Host:    r07c43.bullx (AVX512, FMA3, 187 GB RAM)
Command: iqtree2 -s train_nt_4/train_outgroup_nt_aln.fasta -T 4 -fast -keep-ident --redo -m GTR+G4 -pre train_nt_4/train_nt
Seed:    31984 (Using SPRNG - Scalable Parallel Random Number Generator)
Time:    Thu Oct  9 00:35:27 2025
Kernel:  AVX+FMA - 4 threads (4 CPU cores detected)

Reading alignment file train_nt_4/train_outgroup_nt_aln.fasta ... Fasta format detected
Reading fasta file: done in 0.419767 secs using 82.92% CPU
Alignment most likely contains DNA/RNA sequences
Alignment has 35557 sequences with 658 columns, 655 distinct patterns
624 parsimony-informative, 21 singleton sites, 13 constant sites
Analyzing sequences: done in 0.0227622 secs using 395.2% CPU

Create initial parsimony tree by phylogenetic likelihood library (PLL)... 657.03 seconds

NOTE: 3043 MB RAM (2 GB) is required!
Estimate model parameters (epsilon = 0.50)
1. Initial log-likelihood: -2227768.76
2. Current log-likelihood: -2057142.80
3. Current log-likelihood: -2048247.89
4. Current log-likelihood: -2047477.40
5. Current log-likelihood: -2047394.97
6. Current log-likelihood: -2047385.81
7. Current log-likelihood: -2047384.77
Optimal log-likelihood: -2047384.38
Rate parameters:  A-C: 1.33414  A-G: 7.11821  A-T: 4.83599  C-G: 1.47632  C-T: 19.99259  G-T: 1.00000
Base frequencies:  A: 0.303  C: 0.162  G: 0.152  T: 0.383
Gamma shape alpha: 0.423
Parameters optimization took 7 rounds (3847.240 sec)
Wrote distance file to... 
Computing ML distances based on estimated model parameters...
Calculating distance matrix: done in 1514.05 secs using 397.3% CPU
Computing ML distances took 1516.708259 sec (of wall-clock time) 6016.381777 sec (of CPU time)
Setting up auxiliary I and S matrices: done in 13.681 secs using 378.2% CPU
Computing RapidNJ tree took 640.074013 sec (of wall-clock time) 1749.309592 sec (of CPU time)
Log-likelihood of RapidNJ tree: -2044811.468
--------------------------------------------------------------------
|             INITIALIZING CANDIDATE TREE SET                      |
--------------------------------------------------------------------

Do NNI search on 2 best initial trees
Estimate model parameters (epsilon = 0.500)
BETTER TREE FOUND at iteration 1: -2024262.631
Finish initializing candidate tree set (4)
Current best tree score: -2024262.631 / CPU time: 4989.391
Number of iterations: 2
TREE SEARCH COMPLETED AFTER 2 ITERATIONS / Time: 3h:47m:43s

--------------------------------------------------------------------
|                    FINALIZING TREE SEARCH                        |
--------------------------------------------------------------------
Performs final model parameters optimization
Estimate model parameters (epsilon = 0.050)
1. Initial log-likelihood: -2024262.631
2. Current log-likelihood: -2024262.563
Optimal log-likelihood: -2024262.531
Rate parameters:  A-C: 1.37769  A-G: 8.32083  A-T: 5.70404  C-G: 1.54023  C-T: 24.28974  G-T: 1.00000
Base frequencies:  A: 0.303  C: 0.162  G: 0.152  T: 0.383
Gamma shape alpha: 0.415
Parameters optimization took 2 rounds (246.455 sec)
BEST SCORE FOUND : -2024262.531
Total tree length: 1595.551

Total number of iterations: 2
CPU time used for tree search: 17157.534 sec (4h:45m:57s)
Wall-clock time used for tree search: 4989.574 sec (1h:23m:9s)
Total CPU time used: 44532.082 sec (12h:22m:12s)
Total wall-clock time used: 13910.685 sec (3h:51m:50s)

Analysis results written to: 
  IQ-TREE report:                train_nt_4/train_nt.iqtree
  Maximum-likelihood tree:       train_nt_4/train_nt.treefile
  Likelihood distances:          train_nt_4/train_nt.mldist
  Screen log file:               train_nt_4/train_nt.log

Date and Time: Thu Oct  9 04:27:21 2025
	Command being timed: "iqtree2 -s train_nt_4/train_outgroup_nt_aln.fasta -T 4 -fast -keep-ident --redo -m GTR+G4 -pre train_nt_4/train_nt"
	User time (seconds): 44534.77
	System time (seconds): 108.53
	Percent of CPU this job got: 320%
	Elapsed (wall clock) time (h:mm:ss or m:ss): 3:51:57
	Average shared text size (kbytes): 0
	Average unshared data size (kbytes): 0
	Average stack size (kbytes): 0
	Average total size (kbytes): 0
	Maximum resident set size (kbytes): 38357476
	Average resident set size (kbytes): 0
	Major (requiring I/O) page faults: 868
	Minor (reclaiming a frame) page faults: 936924
	Voluntary context switches: 4628321
	Involuntary context switches: 69174
	Swaps: 0
	File system inputs: 27016
	File system outputs: 49435136
	Socket messages sent: 0
	Socket messages received: 0
	Signals delivered: 0
	Page size (bytes): 4096
	Exit status: 0
+ '[' nt = nt ']'
++ sed -nr '/FINALIZING TREE SEARCH/,$ s|Rate parameters:  A-C: ([0-9.]+) +A-G: ([0-9.]+)  A-T: ([0-9.]+)  C-G: ([0-9.]+)  C-T: ([0-9.]+)  G-T: ([0-9.]+)|\1/\2/\3/\4/\5/\6|p' train_nt_4/train_nt.log
+ rates=1.37769/8.32083/5.70404/1.54023/24.28974/1.00000
+ echo 'Detected rates: 1.37769/8.32083/5.70404/1.54023/24.28974/1.00000'
Detected rates: 1.37769/8.32083/5.70404/1.54023/24.28974/1.00000
++ sed -nr '/FINALIZING TREE SEARCH/,$ s|Base frequencies:  A: ([0-9.]+) +C: ([0-9.]+) +G: ([0-9.]+) +T: ([0-9.]+)|\1/\2/\3/\4|p' train_nt_4/train_nt.log
+ frequencies=0.303/0.162/0.152/0.383
+ echo 'Detected base frequencies: 0.303/0.162/0.152/0.383'
Detected base frequencies: 0.303/0.162/0.152/0.383
++ sed -nr '/FINALIZING TREE SEARCH/,$ s|Gamma shape alpha: +([0-9.]+)|\1|p' train_nt_4/train_nt.log
+ alpha=0.415
+ echo 'Detected alpha: 0.415'
Detected alpha: 0.415
+ SUBSTITUTION_PARAMS='GTR{1.37769/8.32083/5.70404/1.54023/24.28974/1.00000}+FU{0.303/0.162/0.152/0.383}+G4{0.415}'
+ for TESTSET in test testshort
+ TEST_FILE=../../data/test_nt_aln.fasta
+ RAW_DIR=train_nt_4/test
+ SUFFIX=test_nt_4
+ mkdir -p train_nt_4/test
+ /appl/opt/time/1.9/bin/time --verbose epa-ng --tree train_nt_4/train_nt.treefile --ref-msa train_nt_4/train_outgroup_nt_aln.fasta --query ../../data/test_nt_aln.fasta --out-dir train_nt_4/test --model 'GTR{1.37769/8.32083/5.70404/1.54023/24.28974/1.00000}+FU{0.303/0.162/0.152/0.383}+G4{0.415}' --threads 4 --redo
INFO Selected: Output dir: train_nt_4/test/
INFO Selected: Query file: ../../data/test_nt_aln.fasta
INFO Selected: Tree file: train_nt_4/train_nt.treefile
INFO Selected: Reference MSA: train_nt_4/train_outgroup_nt_aln.fasta
INFO Selected: Automatic switching of use of per rate scalers
INFO Selected: Preserving the root of the input tree
INFO Selected: Specified model: GTR{1.37769/8.32083/5.70404/1.54023/24.28974/1.00000}+FU{0.303/0.162/0.152/0.383}+G4{0.415}
INFO Selected: Using threads: 4
INFO     ______ ____   ___           _   __ ______
        / ____// __ \ /   |         / | / // ____/
       / __/  / /_/ // /| | ______ /  |/ // / __  
      / /___ / ____// ___ |/_____// /|  // /_/ /  
     /_____//_/    /_/  |_|      /_/ |_/ \____/ (v0.3.8)
INFO Using model parameters:
INFO    Rate heterogeneity: GAMMA (4 cats, mean),  alpha: 0.415 (user),  weights&rates: (0.25,0.0189366) (0.25,0.19287) (0.25,0.747015) (0.25,3.04118) 
        Base frequencies (user): 0.303 0.162 0.152 0.383 
        Substitution rates (user): 1.37769 8.32083 5.70404 1.54023 24.2897 1
INFO Output file: train_nt_4/test/epa_result.jplace
INFO 5000 Sequences done!
INFO 10000 Sequences done!
INFO 15000 Sequences done!
INFO 20000 Sequences done!
INFO 25000 Sequences done!
INFO 26901 Sequences done!
INFO Time spent placing: 646s
INFO Elapsed Time: 656s
	Command being timed: "epa-ng --tree train_nt_4/train_nt.treefile --ref-msa train_nt_4/train_outgroup_nt_aln.fasta --query ../../data/test_nt_aln.fasta --out-dir train_nt_4/test --model GTR{1.37769/8.32083/5.70404/1.54023/24.28974/1.00000}+FU{0.303/0.162/0.152/0.383}+G4{0.415} --threads 4 --redo"
	User time (seconds): 2481.35
	System time (seconds): 13.19
	Percent of CPU this job got: 379%
	Elapsed (wall clock) time (h:mm:ss or m:ss): 10:58.11
	Average shared text size (kbytes): 0
	Average unshared data size (kbytes): 0
	Average stack size (kbytes): 0
	Average total size (kbytes): 0
	Maximum resident set size (kbytes): 36609120
	Average resident set size (kbytes): 0
	Major (requiring I/O) page faults: 295
	Minor (reclaiming a frame) page faults: 7999982
	Voluntary context switches: 2788
	Involuntary context switches: 2778
	Swaps: 0
	File system inputs: 93392
	File system outputs: 18136
	Socket messages sent: 0
	Socket messages received: 0
	Signals delivered: 0
	Page size (bytes): 4096
	Exit status: 0
+ /appl/opt/time/1.9/bin/time --verbose gappa examine assign --jplace-path train_nt_4/test/epa_result.jplace --taxon-file taxonomy.txt --root-outgroup outgroup.txt --ranks-string 'class|order|family|subfamily|tribe|genus|species' --out-dir train_nt_4/test --file-suffix _test_nt_4 --per-query-results --threads 4 --allow-file-overwriting
                                              ....      ....  
                                             '' '||.   .||'   
                                                  ||  ||      
                                                  '|.|'       
     ...'   ....   ... ...  ... ...   ....        .|'|.       
    |  ||  '' .||   ||'  ||  ||'  || '' .||      .|'  ||      
     |''   .|' ||   ||    |  ||    | .|' ||     .|'|.  ||     
    '....  '|..'|'. ||...'   ||...'  '|..'|.    '||'    ||:.  
    '....'          ||       ||                               
                   ''''     ''''   v0.8.5 (c) 2017-2024
                                   by Lucas Czech and Pierre Barbera

Invocation:                        gappa examine assign --jplace-path train_nt_4/test/epa_result.jplace --taxon-file taxonomy.txt --root-outgroup outgroup.txt --ranks-string class|order|family|subfamily|tribe|genus|species --out-dir train_nt_4/test --file-suffix _test_nt_4 --per-query-results --threads 4 --allow-file-overwriting
Command:                           gappa examine assign

Input:
  --jplace-path                    train_nt_4/test/epa_result.jplace
  --taxon-file                     taxonomy.txt
  --root-outgroup                  outgroup.txt
  --taxonomy                       
  --ranks-string                   class|order|family|subfamily|tribe|genus|species

Settings:
  --sub-taxopath                   
  --max-level                      0
  --distribution-ratio             -1
  --consensus-thresh               1
  --resolve-missing-paths          false
  --distant-label                  false

Output:
  --out-dir                        train_nt_4/test
  --file-prefix                    
  --file-suffix                    _test_nt_4
  --cami                           false
  --sample-id                      
  --krona                          false
  --sativa                         false
  --per-query-results              true
  --best-hit                       false

Global Options:
  --allow-file-overwriting         true
  --verbose                        false
  --threads                        4
  --log-file

Run the following command to get the references that need to be cited:
`gappa tools citation Czech2020-genesis-and-gappa`

Started 2025-10-09 04:38:19

Found 1 jplace file
Running the assignment

Finished 2025-10-09 04:38:59
	Command being timed: "gappa examine assign --jplace-path train_nt_4/test/epa_result.jplace --taxon-file taxonomy.txt --root-outgroup outgroup.txt --ranks-string class|order|family|subfamily|tribe|genus|species --out-dir train_nt_4/test --file-suffix _test_nt_4 --per-query-results --threads 4 --allow-file-overwriting"
	User time (seconds): 39.05
	System time (seconds): 0.08
	Percent of CPU this job got: 99%
	Elapsed (wall clock) time (h:mm:ss or m:ss): 0:39.44
	Average shared text size (kbytes): 0
	Average unshared data size (kbytes): 0
	Average stack size (kbytes): 0
	Average total size (kbytes): 0
	Maximum resident set size (kbytes): 80204
	Average resident set size (kbytes): 0
	Major (requiring I/O) page faults: 4
	Minor (reclaiming a frame) page faults: 16361
	Voluntary context switches: 56
	Involuntary context switches: 17
	Swaps: 0
	File system inputs: 18248
	File system outputs: 46864
	Socket messages sent: 0
	Socket messages received: 0
	Signals delivered: 0
	Page size (bytes): 4096
	Exit status: 0
+ RESULT_FILE=../../results/epang-freetree/epang-freetree_test_nt_4.tsv
+ echo 'ID	class	Prob_class	order	Prob_order	family	Prob_family	subfamily	Prob_subfamily	tribe	Prob_tribe	genus	Prob_genus	species	Prob_species'
+ awk '-F ' '
      function write_record(best_prob, best_taxon, new_prob, is_new, new_rank, rank) {
        printf "%s", prev_id
          is_new=0
          new_rank=8
          for (rank = 1; rank <= 7; rank++) {
            if (is_new) {
              printf "\tunk\t%.6f", new_prob[new_rank]
            } else if (new_prob[rank] > best_prob[rank]) {
              is_new = 1
              new_rank = rank
              printf "\tunk\t%.6f", new_prob[rank]
            } else {
              printf "\t%s\t%.6f", best_taxon[rank], best_prob[rank]
            }
          }
          printf "\n"
      }
      BEGIN { prev_id="NA" }
      $1 == "name" { next }
      $1 != prev_id {
        if (prev_id != "NA") {
          write_record(best_prob, best_taxon, new_prob)
        }
        for (rank = 1; rank <= 7; rank++) {
          best_prob[rank] = 0
          new_prob[rank] = 1
          best_taxon[rank] = "NA"
        }
        prev_id = $1
      }
      {
        rank = split($6, a, ";")
        if (rank > 1 && a[rank-1] !~ best_taxon[rank - 1]) next
        new_prob[rank] -= $5
        if ($5 > best_prob[rank]) {
          best_prob[rank] = $5
          best_taxon[rank] = a[rank]
          if (rank < 7) new_prob[rank + 1] = $5
          for (rank2 = rank + 1; rank2 <= 7; rank2++) {
            best_prob[rank2] = 0
            best_taxon[rank2] = "NA"
            new_prob[rank2] = $5
          }
        }
      }
      END{
        write_record(best_prob, best_taxon, new_prob)
      }' train_nt_4/test/per_query_test_nt_4.tsv
+ for TESTSET in test testshort
+ TEST_FILE=../../data/testshort_nt_aln.fasta
+ RAW_DIR=train_nt_4/testshort
+ SUFFIX=testshort_nt_4
+ mkdir -p train_nt_4/testshort
+ /appl/opt/time/1.9/bin/time --verbose epa-ng --tree train_nt_4/train_nt.treefile --ref-msa train_nt_4/train_outgroup_nt_aln.fasta --query ../../data/testshort_nt_aln.fasta --out-dir train_nt_4/testshort --model 'GTR{1.37769/8.32083/5.70404/1.54023/24.28974/1.00000}+FU{0.303/0.162/0.152/0.383}+G4{0.415}' --threads 4 --redo
INFO Selected: Output dir: train_nt_4/testshort/
INFO Selected: Query file: ../../data/testshort_nt_aln.fasta
INFO Selected: Tree file: train_nt_4/train_nt.treefile
INFO Selected: Reference MSA: train_nt_4/train_outgroup_nt_aln.fasta
INFO Selected: Automatic switching of use of per rate scalers
INFO Selected: Preserving the root of the input tree
INFO Selected: Specified model: GTR{1.37769/8.32083/5.70404/1.54023/24.28974/1.00000}+FU{0.303/0.162/0.152/0.383}+G4{0.415}
INFO Selected: Using threads: 4
INFO     ______ ____   ___           _   __ ______
        / ____// __ \ /   |         / | / // ____/
       / __/  / /_/ // /| | ______ /  |/ // / __  
      / /___ / ____// ___ |/_____// /|  // /_/ /  
     /_____//_/    /_/  |_|      /_/ |_/ \____/ (v0.3.8)
INFO Using model parameters:
INFO    Rate heterogeneity: GAMMA (4 cats, mean),  alpha: 0.415 (user),  weights&rates: (0.25,0.0189366) (0.25,0.19287) (0.25,0.747015) (0.25,3.04118) 
        Base frequencies (user): 0.303 0.162 0.152 0.383 
        Substitution rates (user): 1.37769 8.32083 5.70404 1.54023 24.2897 1
INFO Output file: train_nt_4/testshort/epa_result.jplace
INFO 5000 Sequences done!
INFO 10000 Sequences done!
INFO 15000 Sequences done!
INFO 20000 Sequences done!
INFO 25000 Sequences done!
INFO 26901 Sequences done!
INFO Time spent placing: 525s
INFO Elapsed Time: 532s
	Command being timed: "epa-ng --tree train_nt_4/train_nt.treefile --ref-msa train_nt_4/train_outgroup_nt_aln.fasta --query ../../data/testshort_nt_aln.fasta --out-dir train_nt_4/testshort --model GTR{1.37769/8.32083/5.70404/1.54023/24.28974/1.00000}+FU{0.303/0.162/0.152/0.383}+G4{0.415} --threads 4 --redo"
	User time (seconds): 1992.57
	System time (seconds): 10.98
	Percent of CPU this job got: 375%
	Elapsed (wall clock) time (h:mm:ss or m:ss): 8:52.91
	Average shared text size (kbytes): 0
	Average unshared data size (kbytes): 0
	Average stack size (kbytes): 0
	Average total size (kbytes): 0
	Maximum resident set size (kbytes): 30708328
	Average resident set size (kbytes): 0
	Major (requiring I/O) page faults: 0
	Minor (reclaiming a frame) page faults: 6523229
	Voluntary context switches: 1301
	Involuntary context switches: 2186
	Swaps: 0
	File system inputs: 35328
	File system outputs: 21192
	Socket messages sent: 0
	Socket messages received: 0
	Signals delivered: 0
	Page size (bytes): 4096
	Exit status: 0
+ /appl/opt/time/1.9/bin/time --verbose gappa examine assign --jplace-path train_nt_4/testshort/epa_result.jplace --taxon-file taxonomy.txt --root-outgroup outgroup.txt --ranks-string 'class|order|family|subfamily|tribe|genus|species' --out-dir train_nt_4/testshort --file-suffix _testshort_nt_4 --per-query-results --threads 4 --allow-file-overwriting
                                              ....      ....  
                                             '' '||.   .||'   
                                                  ||  ||      
                                                  '|.|'       
     ...'   ....   ... ...  ... ...   ....        .|'|.       
    |  ||  '' .||   ||'  ||  ||'  || '' .||      .|'  ||      
     |''   .|' ||   ||    |  ||    | .|' ||     .|'|.  ||     
    '....  '|..'|'. ||...'   ||...'  '|..'|.    '||'    ||:.  
    '....'          ||       ||                               
                   ''''     ''''   v0.8.5 (c) 2017-2024
                                   by Lucas Czech and Pierre Barbera

Invocation:                        gappa examine assign --jplace-path train_nt_4/testshort/epa_result.jplace --taxon-file taxonomy.txt --root-outgroup outgroup.txt --ranks-string class|order|family|subfamily|tribe|genus|species --out-dir train_nt_4/testshort --file-suffix _testshort_nt_4 --per-query-results --threads 4 --allow-file-overwriting
Command:                           gappa examine assign

Input:
  --jplace-path                    train_nt_4/testshort/epa_result.jplace
  --taxon-file                     taxonomy.txt
  --root-outgroup                  outgroup.txt
  --taxonomy                       
  --ranks-string                   class|order|family|subfamily|tribe|genus|species

Settings:
  --sub-taxopath                   
  --max-level                      0
  --distribution-ratio             -1
  --consensus-thresh               1
  --resolve-missing-paths          false
  --distant-label                  false

Output:
  --out-dir                        train_nt_4/testshort
  --file-prefix                    
  --file-suffix                    _testshort_nt_4
  --cami                           false
  --sample-id                      
  --krona                          false
  --sativa                         false
  --per-query-results              true
  --best-hit                       false

Global Options:
  --allow-file-overwriting         true
  --verbose                        false
  --threads                        4
  --log-file

Run the following command to get the references that need to be cited:
`gappa tools citation Czech2020-genesis-and-gappa`

Started 2025-10-09 04:47:55

Found 1 jplace file
Running the assignment

Finished 2025-10-09 04:48:35
	Command being timed: "gappa examine assign --jplace-path train_nt_4/testshort/epa_result.jplace --taxon-file taxonomy.txt --root-outgroup outgroup.txt --ranks-string class|order|family|subfamily|tribe|genus|species --out-dir train_nt_4/testshort --file-suffix _testshort_nt_4 --per-query-results --threads 4 --allow-file-overwriting"
	User time (seconds): 40.07
	System time (seconds): 0.07
	Percent of CPU this job got: 99%
	Elapsed (wall clock) time (h:mm:ss or m:ss): 0:40.27
	Average shared text size (kbytes): 0
	Average unshared data size (kbytes): 0
	Average stack size (kbytes): 0
	Average total size (kbytes): 0
	Maximum resident set size (kbytes): 80776
	Average resident set size (kbytes): 0
	Major (requiring I/O) page faults: 0
	Minor (reclaiming a frame) page faults: 16568
	Voluntary context switches: 47
	Involuntary context switches: 20
	Swaps: 0
	File system inputs: 0
	File system outputs: 51016
	Socket messages sent: 0
	Socket messages received: 0
	Signals delivered: 0
	Page size (bytes): 4096
	Exit status: 0
+ RESULT_FILE=../../results/epang-freetree/epang-freetree_testshort_nt_4.tsv
+ echo 'ID	class	Prob_class	order	Prob_order	family	Prob_family	subfamily	Prob_subfamily	tribe	Prob_tribe	genus	Prob_genus	species	Prob_species'
+ awk '-F ' '
      function write_record(best_prob, best_taxon, new_prob, is_new, new_rank, rank) {
        printf "%s", prev_id
          is_new=0
          new_rank=8
          for (rank = 1; rank <= 7; rank++) {
            if (is_new) {
              printf "\tunk\t%.6f", new_prob[new_rank]
            } else if (new_prob[rank] > best_prob[rank]) {
              is_new = 1
              new_rank = rank
              printf "\tunk\t%.6f", new_prob[rank]
            } else {
              printf "\t%s\t%.6f", best_taxon[rank], best_prob[rank]
            }
          }
          printf "\n"
      }
      BEGIN { prev_id="NA" }
      $1 == "name" { next }
      $1 != prev_id {
        if (prev_id != "NA") {
          write_record(best_prob, best_taxon, new_prob)
        }
        for (rank = 1; rank <= 7; rank++) {
          best_prob[rank] = 0
          new_prob[rank] = 1
          best_taxon[rank] = "NA"
        }
        prev_id = $1
      }
      {
        rank = split($6, a, ";")
        if (rank > 1 && a[rank-1] !~ best_taxon[rank - 1]) next
        new_prob[rank] -= $5
        if ($5 > best_prob[rank]) {
          best_prob[rank] = $5
          best_taxon[rank] = a[rank]
          if (rank < 7) new_prob[rank + 1] = $5
          for (rank2 = rank + 1; rank2 <= 7; rank2++) {
            best_prob[rank2] = 0
            best_taxon[rank2] = "NA"
            new_prob[rank2] = $5
          }
        }
      }
      END{
        write_record(best_prob, best_taxon, new_prob)
      }' train_nt_4/testshort/per_query_testshort_nt_4.tsv
