================================================================================

Time difference of 327.45 secs

	Command being timed: "Rscript learn_taxa.R"
	User time (seconds): 324.77
	System time (seconds): 7.27
	Percent of CPU this job got: 95%
	Elapsed (wall clock) time (h:mm:ss or m:ss): 5:48.50
	Average shared text size (kbytes): 0
	Average unshared data size (kbytes): 0
	Average stack size (kbytes): 0
	Average total size (kbytes): 0
	Maximum resident set size (kbytes): 1543308
	Average resident set size (kbytes): 0
	Major (requiring I/O) page faults: 304
	Minor (reclaiming a frame) page faults: 4956747
	Voluntary context switches: 2668
	Involuntary context switches: 266
	Swaps: 0
	File system inputs: 120264
	File system outputs: 24640
	Socket messages sent: 0
	Socket messages received: 0
	Signals delivered: 0
	Page size (bytes): 4096
	Exit status: 0
================================================================================

Time difference of 367.1 secs

	Command being timed: "Rscript id_taxa.R"
	User time (seconds): 3087.66
	System time (seconds): 3.85
	Percent of CPU this job got: 831%
	Elapsed (wall clock) time (h:mm:ss or m:ss): 6:11.61
	Average shared text size (kbytes): 0
	Average unshared data size (kbytes): 0
	Average stack size (kbytes): 0
	Average total size (kbytes): 0
	Maximum resident set size (kbytes): 770132
	Average resident set size (kbytes): 0
	Major (requiring I/O) page faults: 57
	Minor (reclaiming a frame) page faults: 1012414
	Voluntary context switches: 259923
	Involuntary context switches: 3624
	Swaps: 0
	File system inputs: 18568
	File system outputs: 4984
	Socket messages sent: 0
	Socket messages received: 0
	Signals delivered: 0
	Page size (bytes): 4096
	Exit status: 0
================================================================================

Time difference of 236.48 secs

	Command being timed: "Rscript id_taxa.R"
	User time (seconds): 2025.66
	System time (seconds): 4.25
	Percent of CPU this job got: 844%
	Elapsed (wall clock) time (h:mm:ss or m:ss): 4:00.31
	Average shared text size (kbytes): 0
	Average unshared data size (kbytes): 0
	Average stack size (kbytes): 0
	Average total size (kbytes): 0
	Maximum resident set size (kbytes): 708648
	Average resident set size (kbytes): 0
	Major (requiring I/O) page faults: 0
	Minor (reclaiming a frame) page faults: 1392031
	Voluntary context switches: 258348
	Involuntary context switches: 1341
	Swaps: 0
	File system inputs: 6640
	File system outputs: 4968
	Socket messages sent: 0
	Socket messages received: 0
	Signals delivered: 0
	Page size (bytes): 4096
	Exit status: 0
Job 26792521 completed
