================================================================================

Time difference of 311.43 secs

	Command being timed: "Rscript learn_taxa.R"
	User time (seconds): 309.72
	System time (seconds): 6.61
	Percent of CPU this job got: 95%
	Elapsed (wall clock) time (h:mm:ss or m:ss): 5:29.63
	Average shared text size (kbytes): 0
	Average unshared data size (kbytes): 0
	Average stack size (kbytes): 0
	Average total size (kbytes): 0
	Maximum resident set size (kbytes): 1543304
	Average resident set size (kbytes): 0
	Major (requiring I/O) page faults: 506
	Minor (reclaiming a frame) page faults: 4956536
	Voluntary context switches: 3044
	Involuntary context switches: 289
	Swaps: 0
	File system inputs: 122768
	File system outputs: 24792
	Socket messages sent: 0
	Socket messages received: 0
	Signals delivered: 0
	Page size (bytes): 4096
	Exit status: 0
================================================================================

Time difference of 306.55 secs

	Command being timed: "Rscript id_taxa.R"
	User time (seconds): 5239.77
	System time (seconds): 17.41
	Percent of CPU this job got: 1692%
	Elapsed (wall clock) time (h:mm:ss or m:ss): 5:10.67
	Average shared text size (kbytes): 0
	Average unshared data size (kbytes): 0
	Average stack size (kbytes): 0
	Average total size (kbytes): 0
	Maximum resident set size (kbytes): 777632
	Average resident set size (kbytes): 0
	Major (requiring I/O) page faults: 164
	Minor (reclaiming a frame) page faults: 1313633
	Voluntary context switches: 673994
	Involuntary context switches: 1697
	Swaps: 0
	File system inputs: 18568
	File system outputs: 5200
	Socket messages sent: 0
	Socket messages received: 0
	Signals delivered: 0
	Page size (bytes): 4096
	Exit status: 0
================================================================================

Time difference of 213.73 secs

	Command being timed: "Rscript id_taxa.R"
	User time (seconds): 4145.01
	System time (seconds): 17.63
	Percent of CPU this job got: 1915%
	Elapsed (wall clock) time (h:mm:ss or m:ss): 3:37.33
	Average shared text size (kbytes): 0
	Average unshared data size (kbytes): 0
	Average stack size (kbytes): 0
	Average total size (kbytes): 0
	Maximum resident set size (kbytes): 709640
	Average resident set size (kbytes): 0
	Major (requiring I/O) page faults: 26
	Minor (reclaiming a frame) page faults: 1432708
	Voluntary context switches: 670204
	Involuntary context switches: 1439
	Swaps: 0
	File system inputs: 6648
	File system outputs: 5176
	Socket messages sent: 0
	Socket messages received: 0
	Signals delivered: 0
	Page size (bytes): 4096
	Exit status: 0
Job 25856224 completed
