================================================================================

Time difference of 367.88 secs

	Command being timed: "Rscript learn_taxa.R"
	User time (seconds): 364.50
	System time (seconds): 8.42
	Percent of CPU this job got: 96%
	Elapsed (wall clock) time (h:mm:ss or m:ss): 6:26.98
	Average shared text size (kbytes): 0
	Average unshared data size (kbytes): 0
	Average stack size (kbytes): 0
	Average total size (kbytes): 0
	Maximum resident set size (kbytes): 1543324
	Average resident set size (kbytes): 0
	Major (requiring I/O) page faults: 100
	Minor (reclaiming a frame) page faults: 4956943
	Voluntary context switches: 1976
	Involuntary context switches: 276
	Swaps: 0
	File system inputs: 95512
	File system outputs: 24640
	Socket messages sent: 0
	Socket messages received: 0
	Signals delivered: 0
	Page size (bytes): 4096
	Exit status: 0
================================================================================

Time difference of 621.87 secs

	Command being timed: "Rscript id_taxa.R"
	User time (seconds): 1837.81
	System time (seconds): 2.14
	Percent of CPU this job got: 292%
	Elapsed (wall clock) time (h:mm:ss or m:ss): 10:29.27
	Average shared text size (kbytes): 0
	Average unshared data size (kbytes): 0
	Average stack size (kbytes): 0
	Average total size (kbytes): 0
	Maximum resident set size (kbytes): 769112
	Average resident set size (kbytes): 0
	Major (requiring I/O) page faults: 133
	Minor (reclaiming a frame) page faults: 767799
	Voluntary context switches: 53277
	Involuntary context switches: 1921
	Swaps: 0
	File system inputs: 21000
	File system outputs: 5104
	Socket messages sent: 0
	Socket messages received: 0
	Signals delivered: 0
	Page size (bytes): 4096
	Exit status: 0
================================================================================

Time difference of 315 secs

	Command being timed: "Rscript id_taxa.R"
	User time (seconds): 853.28
	System time (seconds): 1.75
	Percent of CPU this job got: 260%
	Elapsed (wall clock) time (h:mm:ss or m:ss): 5:28.22
	Average shared text size (kbytes): 0
	Average unshared data size (kbytes): 0
	Average stack size (kbytes): 0
	Average total size (kbytes): 0
	Maximum resident set size (kbytes): 705376
	Average resident set size (kbytes): 0
	Major (requiring I/O) page faults: 221
	Minor (reclaiming a frame) page faults: 495472
	Voluntary context switches: 53010
	Involuntary context switches: 786
	Swaps: 0
	File system inputs: 50496
	File system outputs: 5112
	Socket messages sent: 0
	Socket messages received: 0
	Signals delivered: 0
	Page size (bytes): 4096
	Exit status: 0
Job 25856226 completed
