================================================================================

Time difference of 436.39 secs

	Command being timed: "Rscript learn_taxa.R"
	User time (seconds): 435.58
	System time (seconds): 6.85
	Percent of CPU this job got: 96%
	Elapsed (wall clock) time (h:mm:ss or m:ss): 7:38.23
	Average shared text size (kbytes): 0
	Average unshared data size (kbytes): 0
	Average stack size (kbytes): 0
	Average total size (kbytes): 0
	Maximum resident set size (kbytes): 1594708
	Average resident set size (kbytes): 0
	Major (requiring I/O) page faults: 490
	Minor (reclaiming a frame) page faults: 3590757
	Voluntary context switches: 2870
	Involuntary context switches: 1524
	Swaps: 0
	File system inputs: 121872
	File system outputs: 24936
	Socket messages sent: 0
	Socket messages received: 0
	Signals delivered: 0
	Page size (bytes): 4096
	Exit status: 0
================================================================================

Time difference of 1849.96 secs

	Command being timed: "Rscript id_taxa.R"
	User time (seconds): 1846.40
	System time (seconds): 1.63
	Percent of CPU this job got: 99%
	Elapsed (wall clock) time (h:mm:ss or m:ss): 30:56.59
	Average shared text size (kbytes): 0
	Average unshared data size (kbytes): 0
	Average stack size (kbytes): 0
	Average total size (kbytes): 0
	Maximum resident set size (kbytes): 780868
	Average resident set size (kbytes): 0
	Major (requiring I/O) page faults: 56
	Minor (reclaiming a frame) page faults: 777008
	Voluntary context switches: 1744
	Involuntary context switches: 5650
	Swaps: 0
	File system inputs: 19520
	File system outputs: 5416
	Socket messages sent: 0
	Socket messages received: 0
	Signals delivered: 0
	Page size (bytes): 4096
	Exit status: 0
================================================================================

Time difference of 777.1 secs

	Command being timed: "Rscript id_taxa.R"
	User time (seconds): 776.26
	System time (seconds): 1.76
	Percent of CPU this job got: 99%
	Elapsed (wall clock) time (h:mm:ss or m:ss): 13:05.55
	Average shared text size (kbytes): 0
	Average unshared data size (kbytes): 0
	Average stack size (kbytes): 0
	Average total size (kbytes): 0
	Maximum resident set size (kbytes): 707608
	Average resident set size (kbytes): 0
	Major (requiring I/O) page faults: 108
	Minor (reclaiming a frame) page faults: 795257
	Voluntary context switches: 1539
	Involuntary context switches: 2720
	Swaps: 0
	File system inputs: 59320
	File system outputs: 5536
	Socket messages sent: 0
	Socket messages received: 0
	Signals delivered: 0
	Page size (bytes): 4096
	Exit status: 0
Job 26792523 completed
