Traceback (most recent call last):
  File "/projappl/project_2005718/mycoai/bin/mycoai-train", line 5, in <module>
    from mycoai.scripts.train import main
  File "/projappl/project_2005718/mycoai/lib64/python3.9/site-packages/mycoai/__init__.py", line 11, in <module>
    wandb.login('allow')
  File "/projappl/project_2005718/mycoai/lib64/python3.9/site-packages/wandb/sdk/wandb_login.py", line 74, in login
    if wandb.setup()._settings._noop:
  File "/projappl/project_2005718/mycoai/lib64/python3.9/site-packages/wandb/sdk/wandb_setup.py", line 327, in setup
    ret = _setup(settings=settings)
  File "/projappl/project_2005718/mycoai/lib64/python3.9/site-packages/wandb/sdk/wandb_setup.py", line 320, in _setup
    wl = _WandbSetup(settings=settings)
  File "/projappl/project_2005718/mycoai/lib64/python3.9/site-packages/wandb/sdk/wandb_setup.py", line 303, in __init__
    _WandbSetup._instance = _WandbSetup__WandbSetup(settings=settings, pid=pid)
  File "/projappl/project_2005718/mycoai/lib64/python3.9/site-packages/wandb/sdk/wandb_setup.py", line 114, in __init__
    self._setup()
  File "/projappl/project_2005718/mycoai/lib64/python3.9/site-packages/wandb/sdk/wandb_setup.py", line 250, in _setup
    self._setup_manager()
  File "/projappl/project_2005718/mycoai/lib64/python3.9/site-packages/wandb/sdk/wandb_setup.py", line 277, in _setup_manager
    self._manager = wandb_manager._Manager(settings=self._settings)
  File "/projappl/project_2005718/mycoai/lib64/python3.9/site-packages/wandb/sdk/wandb_manager.py", line 138, in __init__
    self._service.start()
  File "/projappl/project_2005718/mycoai/lib64/python3.9/site-packages/wandb/sdk/service/service.py", line 258, in start
    self._launch_server()
  File "/projappl/project_2005718/mycoai/lib64/python3.9/site-packages/wandb/sdk/service/service.py", line 252, in _launch_server
    _sentry.reraise(e)
  File "/projappl/project_2005718/mycoai/lib64/python3.9/site-packages/wandb/analytics/sentry.py", line 154, in reraise
    raise exc.with_traceback(sys.exc_info()[2])
  File "/projappl/project_2005718/mycoai/lib64/python3.9/site-packages/wandb/sdk/service/service.py", line 250, in _launch_server
    self._wait_for_ports(fname, proc=internal_proc)
  File "/projappl/project_2005718/mycoai/lib64/python3.9/site-packages/wandb/sdk/service/service.py", line 142, in _wait_for_ports
    raise ServiceStartTimeoutError(
wandb.sdk.service.service.ServiceStartTimeoutError: Timed out waiting for wandb service to start after 30.0 seconds. Try increasing the timeout with the `_service_wait` setting.
Command exited with non-zero status 1
	Command being timed: "mycoai-train --out train_nt_bert_gpu.pt ../../data/train_nt_unite.fasta"
	User time (seconds): 2.49
	System time (seconds): 1.55
	Percent of CPU this job got: 0%
	Elapsed (wall clock) time (h:mm:ss or m:ss): 1:57:14
	Average shared text size (kbytes): 0
	Average unshared data size (kbytes): 0
	Average stack size (kbytes): 0
	Average total size (kbytes): 0
	Maximum resident set size (kbytes): 304688
	Average resident set size (kbytes): 0
	Major (requiring I/O) page faults: 13241
	Minor (reclaiming a frame) page faults: 138846
	Voluntary context switches: 30718
	Involuntary context switches: 16
	Swaps: 0
	File system inputs: 927696
	File system outputs: 8
	Socket messages sent: 0
	Socket messages received: 0
	Signals delivered: 0
	Page size (bytes): 4096
	Exit status: 1
Traceback (most recent call last):
  File "/usr/lib64/python3.9/runpy.py", line 197, in _run_module_as_main
    return _run_code(code, main_globals, None,
  File "/usr/lib64/python3.9/runpy.py", line 87, in _run_code
    exec(code, run_globals)
  File "/projappl/project_2005718/mycoai/lib64/python3.9/site-packages/wandb/__main__.py", line 3, in <module>
    cli.cli(prog_name="python -m wandb")
  File "/projappl/project_2005718/mycoai/lib64/python3.9/site-packages/click/core.py", line 1157, in __call__
    return self.main(*args, **kwargs)
  File "/projappl/project_2005718/mycoai/lib64/python3.9/site-packages/click/core.py", line 1078, in main
    rv = self.invoke(ctx)
  File "/projappl/project_2005718/mycoai/lib64/python3.9/site-packages/click/core.py", line 1688, in invoke
    return _process_result(sub_ctx.command.invoke(sub_ctx))
  File "/projappl/project_2005718/mycoai/lib64/python3.9/site-packages/click/core.py", line 1434, in invoke
    return ctx.invoke(self.callback, **ctx.params)
  File "/projappl/project_2005718/mycoai/lib64/python3.9/site-packages/click/core.py", line 783, in invoke
    return __callback(*args, **kwargs)
  File "/projappl/project_2005718/mycoai/lib64/python3.9/site-packages/wandb/cli/cli.py", line 102, in wrapper
    return func(*args, **kwargs)
  File "/projappl/project_2005718/mycoai/lib64/python3.9/site-packages/wandb/cli/cli.py", line 279, in service
    server.serve()
  File "/projappl/project_2005718/mycoai/lib64/python3.9/site-packages/wandb/sdk/service/server.py", line 114, in serve
    self._inform_used_ports(sock_port=sock_port)
  File "/projappl/project_2005718/mycoai/lib64/python3.9/site-packages/wandb/sdk/service/server.py", line 52, in _inform_used_ports
    pf.write(self._port_fname)
  File "/projappl/project_2005718/mycoai/lib64/python3.9/site-packages/wandb/sdk/service/port_file.py", line 21, in write
    f = tempfile.NamedTemporaryFile(prefix=bname, dir=dname, mode="w", delete=False)
  File "/usr/lib64/python3.9/tempfile.py", line 561, in NamedTemporaryFile
    (fd, name) = _mkstemp_inner(dir, prefix, suffix, flags, output_type)
  File "/usr/lib64/python3.9/tempfile.py", line 255, in _mkstemp_inner
    fd = _os.open(file, flags, 0o600)
FileNotFoundError: [Errno 2] No such file or directory: '/tmp/brfurnea/23906803/tmpfbbh9s0c/port-3432748.txtx48z6l3t'
slurmstepd: error: *** JOB 23906803 ON r13g03 CANCELLED AT 2024-10-22T03:40:54 DUE TO TIME LIMIT ***
