EMBOSS  6.5.7  environment loaded 
BLAST  2.15.0  environment loaded 


Building a new DB, current time: 01/16/2025 15:18:40
New DB name:   /scratch/project_2003104/brendan/taxclass/its/models/blast/train_nt_16
New DB title:  ../../data/train_nt_sintax.fasta
Sequence type: Nucleotide
Keep MBits: T
Maximum file size: 3000000000B
Adding sequences from FASTA; added 10776 sequences in 0.373972 seconds.


	Command being timed: "makeblastdb -in ../../data/train_nt_sintax.fasta -dbtype nucl -out train_nt_16"
	User time (seconds): 0.17
	System time (seconds): 0.03
	Percent of CPU this job got: 12%
	Elapsed (wall clock) time (h:mm:ss or m:ss): 0:01.75
	Average shared text size (kbytes): 0
	Average unshared data size (kbytes): 0
	Average stack size (kbytes): 0
	Average total size (kbytes): 0
	Maximum resident set size (kbytes): 12084
	Average resident set size (kbytes): 0
	Major (requiring I/O) page faults: 40
	Minor (reclaiming a frame) page faults: 2551
	Voluntary context switches: 362
	Involuntary context switches: 0
	Swaps: 0
	File system inputs: 59272
	File system outputs: 7400
	Socket messages sent: 0
	Socket messages received: 0
	Signals delivered: 0
	Page size (bytes): 4096
	Exit status: 0
Warning: [blastn] Examining 5 or more matches is recommended
	Command being timed: "blastn -query ../../data/test_nt.fasta -db train_nt_16 -out blast_test_nt_16.raw -strand plus -num_threads 16 -outfmt 6 delim=; qseqid sseqid pident -max_target_seqs 1 -qcov_hsp_perc 80"
	User time (seconds): 1857.93
	System time (seconds): 3.64
	Percent of CPU this job got: 1482%
	Elapsed (wall clock) time (h:mm:ss or m:ss): 2:05.59
	Average shared text size (kbytes): 0
	Average unshared data size (kbytes): 0
	Average stack size (kbytes): 0
	Average total size (kbytes): 0
	Maximum resident set size (kbytes): 46720
	Average resident set size (kbytes): 0
	Major (requiring I/O) page faults: 72
	Minor (reclaiming a frame) page faults: 895637
	Voluntary context switches: 671861
	Involuntary context switches: 1342
	Swaps: 0
	File system inputs: 82352
	File system outputs: 3528
	Socket messages sent: 0
	Socket messages received: 0
	Signals delivered: 0
	Page size (bytes): 4096
	Exit status: 0
Warning: [blastn] Examining 5 or more matches is recommended
	Command being timed: "blastn -query ../../data/testshort_nt.fasta -db train_nt_16 -out blast_testshort_nt_16.raw -strand plus -num_threads 16 -outfmt 6 delim=; qseqid sseqid pident -max_target_seqs 1 -qcov_hsp_perc 80"
	User time (seconds): 22.47
	System time (seconds): 0.75
	Percent of CPU this job got: 468%
	Elapsed (wall clock) time (h:mm:ss or m:ss): 0:04.96
	Average shared text size (kbytes): 0
	Average unshared data size (kbytes): 0
	Average stack size (kbytes): 0
	Average total size (kbytes): 0
	Maximum resident set size (kbytes): 1654348
	Average resident set size (kbytes): 0
	Major (requiring I/O) page faults: 1
	Minor (reclaiming a frame) page faults: 424252
	Voluntary context switches: 9841
	Involuntary context switches: 32
	Swaps: 0
	File system inputs: 6640
	File system outputs: 2704
	Socket messages sent: 0
	Socket messages received: 0
	Signals delivered: 0
	Page size (bytes): 4096
	Exit status: 0
