EMBOSS  6.5.7  environment loaded 
BLAST  2.15.0  environment loaded 


Building a new DB, current time: 01/16/2025 15:17:58
New DB name:   /scratch/project_2003104/brendan/taxclass/its/models/blast/train_nt_40
New DB title:  ../../data/train_nt_sintax.fasta
Sequence type: Nucleotide
Keep MBits: T
Maximum file size: 3000000000B
Adding sequences from FASTA; added 10776 sequences in 0.183553 seconds.


	Command being timed: "makeblastdb -in ../../data/train_nt_sintax.fasta -dbtype nucl -out train_nt_40"
	User time (seconds): 0.16
	System time (seconds): 0.02
	Percent of CPU this job got: 11%
	Elapsed (wall clock) time (h:mm:ss or m:ss): 0:01.57
	Average shared text size (kbytes): 0
	Average unshared data size (kbytes): 0
	Average stack size (kbytes): 0
	Average total size (kbytes): 0
	Maximum resident set size (kbytes): 12132
	Average resident set size (kbytes): 0
	Major (requiring I/O) page faults: 40
	Minor (reclaiming a frame) page faults: 2553
	Voluntary context switches: 366
	Involuntary context switches: 0
	Swaps: 0
	File system inputs: 59272
	File system outputs: 7400
	Socket messages sent: 0
	Socket messages received: 0
	Signals delivered: 0
	Page size (bytes): 4096
	Exit status: 0
Warning: [blastn] Examining 5 or more matches is recommended
	Command being timed: "blastn -query ../../data/test_nt.fasta -db train_nt_40 -out blast_test_nt_40.raw -strand plus -num_threads 40 -outfmt 6 delim=; qseqid sseqid pident -max_target_seqs 1 -qcov_hsp_perc 80"
	User time (seconds): 1894.18
	System time (seconds): 10.70
	Percent of CPU this job got: 1807%
	Elapsed (wall clock) time (h:mm:ss or m:ss): 1:45.37
	Average shared text size (kbytes): 0
	Average unshared data size (kbytes): 0
	Average stack size (kbytes): 0
	Average total size (kbytes): 0
	Maximum resident set size (kbytes): 53860
	Average resident set size (kbytes): 0
	Major (requiring I/O) page faults: 176
	Minor (reclaiming a frame) page faults: 1033579
	Voluntary context switches: 1672747
	Involuntary context switches: 618
	Swaps: 0
	File system inputs: 82352
	File system outputs: 3512
	Socket messages sent: 0
	Socket messages received: 0
	Signals delivered: 0
	Page size (bytes): 4096
	Exit status: 0
Warning: [blastn] Examining 5 or more matches is recommended
	Command being timed: "blastn -query ../../data/testshort_nt.fasta -db train_nt_40 -out blast_testshort_nt_40.raw -strand plus -num_threads 40 -outfmt 6 delim=; qseqid sseqid pident -max_target_seqs 1 -qcov_hsp_perc 80"
	User time (seconds): 20.62
	System time (seconds): 0.97
	Percent of CPU this job got: 471%
	Elapsed (wall clock) time (h:mm:ss or m:ss): 0:04.58
	Average shared text size (kbytes): 0
	Average unshared data size (kbytes): 0
	Average stack size (kbytes): 0
	Average total size (kbytes): 0
	Maximum resident set size (kbytes): 1773384
	Average resident set size (kbytes): 0
	Major (requiring I/O) page faults: 5
	Minor (reclaiming a frame) page faults: 453713
	Voluntary context switches: 20160
	Involuntary context switches: 4
	Swaps: 0
	File system inputs: 6640
	File system outputs: 2712
	Socket messages sent: 0
	Socket messages received: 0
	Signals delivered: 0
	Page size (bytes): 4096
	Exit status: 0
