EMBOSS  6.5.7  environment loaded 
BLAST  2.15.0  environment loaded 


Building a new DB, current time: 01/16/2025 15:18:30
New DB name:   /scratch/project_2003104/brendan/taxclass/its/models/blast/train_nt_1
New DB title:  ../../data/train_nt_sintax.fasta
Sequence type: Nucleotide
Keep MBits: T
Maximum file size: 3000000000B
Adding sequences from FASTA; added 10776 sequences in 0.232601 seconds.


	Command being timed: "makeblastdb -in ../../data/train_nt_sintax.fasta -dbtype nucl -out train_nt_1"
	User time (seconds): 0.26
	System time (seconds): 0.03
	Percent of CPU this job got: 18%
	Elapsed (wall clock) time (h:mm:ss or m:ss): 0:01.54
	Average shared text size (kbytes): 0
	Average unshared data size (kbytes): 0
	Average stack size (kbytes): 0
	Average total size (kbytes): 0
	Maximum resident set size (kbytes): 12164
	Average resident set size (kbytes): 0
	Major (requiring I/O) page faults: 40
	Minor (reclaiming a frame) page faults: 2551
	Voluntary context switches: 341
	Involuntary context switches: 8
	Swaps: 0
	File system inputs: 59272
	File system outputs: 7400
	Socket messages sent: 0
	Socket messages received: 0
	Signals delivered: 0
	Page size (bytes): 4096
	Exit status: 0
Warning: [blastn] Examining 5 or more matches is recommended
	Command being timed: "blastn -query ../../data/test_nt.fasta -db train_nt_1 -out blast_test_nt_1.raw -strand plus -num_threads 1 -outfmt 6 delim=; qseqid sseqid pident -max_target_seqs 1 -qcov_hsp_perc 80"
	User time (seconds): 1807.99
	System time (seconds): 1.96
	Percent of CPU this job got: 99%
	Elapsed (wall clock) time (h:mm:ss or m:ss): 30:17.88
	Average shared text size (kbytes): 0
	Average unshared data size (kbytes): 0
	Average stack size (kbytes): 0
	Average total size (kbytes): 0
	Maximum resident set size (kbytes): 39144
	Average resident set size (kbytes): 0
	Major (requiring I/O) page faults: 9
	Minor (reclaiming a frame) page faults: 1436269
	Voluntary context switches: 119
	Involuntary context switches: 5135
	Swaps: 0
	File system inputs: 82352
	File system outputs: 4552
	Socket messages sent: 0
	Socket messages received: 0
	Signals delivered: 0
	Page size (bytes): 4096
	Exit status: 0
Warning: [blastn] Examining 5 or more matches is recommended
	Command being timed: "blastn -query ../../data/testshort_nt.fasta -db train_nt_1 -out blast_testshort_nt_1.raw -strand plus -num_threads 1 -outfmt 6 delim=; qseqid sseqid pident -max_target_seqs 1 -qcov_hsp_perc 80"
	User time (seconds): 24.34
	System time (seconds): 0.78
	Percent of CPU this job got: 97%
	Elapsed (wall clock) time (h:mm:ss or m:ss): 0:25.86
	Average shared text size (kbytes): 0
	Average unshared data size (kbytes): 0
	Average stack size (kbytes): 0
	Average total size (kbytes): 0
	Maximum resident set size (kbytes): 1492316
	Average resident set size (kbytes): 0
	Major (requiring I/O) page faults: 0
	Minor (reclaiming a frame) page faults: 411163
	Voluntary context switches: 96
	Involuntary context switches: 87
	Swaps: 0
	File system inputs: 0
	File system outputs: 2664
	Socket messages sent: 0
	Socket messages received: 0
	Signals delivered: 0
	Page size (bytes): 4096
	Exit status: 0
